--------
Total Statistics
--------
Total Instructions: 4355791831
Total Cycles: 11553365406
IPC: 0.377015

--------
Single level Tlb hierarchy
--------
  Data Tlb:
    Entries:          64
    Page Size(B):   4096
    Associativity:      4

Latencies:    0  150
Tlb-Sets:   16 - LRU - assoc:   4

Tlb Stats:
Tlb-Load-Hits:         921886051   96.02%
Tlb-Load-Misses:        38204743    3.98%
Tlb-Load-Accesses:     960090794  100.00%

Tlb-Store-Hits:         320460439   99.87%
Tlb-Store-Misses:          416102    0.13%
Tlb-Store-Accesses:     320876541  100.00%

Tlb-Total-Hits:        1242346490   96.99%
Tlb-Total-Misses:        38620845    3.01%
Tlb-Total-Accesses:    1280967335  100.00%



--------
Two level Cache hierarchy
--------
  L1-Data Cache:
    Size(KB):          32
    Block Size(B):     64
    Associativity:      8

  L2-Data Cache:
    Size(KB):        1024
    Block Size(B):    128
    Associativity:      8

Latencies:    1   10  250
L1-Sets:   64 - LRU - assoc:   8
L2-Sets: 1024 - LRU - assoc:   8
Store_allocation: Yes
L2_inclusive: Yes
L2_prefetching: Yes (  4)

L1 Cache Stats:
L1-Load-Hits:         955373571   99.51%
L1-Load-Misses:         4717223    0.49%
L1-Load-Accesses:     960090794  100.00%

L1-Store-Hits:         320418540   99.86%
L1-Store-Misses:          458001    0.14%
L1-Store-Accesses:     320876541  100.00%

L1-Total-Hits:        1275792111   99.60%
L1-Total-Misses:         5175224    0.40%
L1-Total-Accesses:    1280967335  100.00%

L2 Cache Stats:
L2-Load-Hits:           4471321   94.79%
L2-Load-Misses:          245902    5.21%
L2-Load-Accesses:       4717223  100.00%

L2-Store-Hits:            416994   91.05%
L2-Store-Misses:           41007    8.95%
L2-Store-Accesses:        458001  100.00%

L2-Total-Hits:           4888315   94.46%
L2-Total-Misses:          286909    5.54%
L2-Total-Accesses:       5175224  100.00%

