--------
Total Statistics
--------
Total Instructions: 4355791831
Total Cycles: 11548081706
IPC: 0.377187

--------
Single level Tlb hierarchy
--------
  Data Tlb:
    Entries:          64
    Page Size(B):   4096
    Associativity:      4

Latencies:    0  150
Tlb-Sets:   16 - LRU - assoc:   4

Tlb Stats:
Tlb-Load-Hits:         921886051   96.02%
Tlb-Load-Misses:        38204743    3.98%
Tlb-Load-Accesses:     960090794  100.00%

Tlb-Store-Hits:         320050838   99.74%
Tlb-Store-Misses:          825703    0.26%
Tlb-Store-Accesses:     320876541  100.00%

Tlb-Total-Hits:        1241936889   96.95%
Tlb-Total-Misses:        39030446    3.05%
Tlb-Total-Accesses:    1280967335  100.00%



--------
Two level Cache hierarchy
--------
  L1-Data Cache:
    Size(KB):          32
    Block Size(B):     64
    Associativity:      8

  L2-Data Cache:
    Size(KB):        1024
    Block Size(B):    128
    Associativity:      8

Latencies:    1   10  250
L1-Sets:   64 - LRU - assoc:   8
L2-Sets: 1024 - LRU - assoc:   8
Store_allocation: Yes
L2_inclusive: Yes
L2_prefetching: Yes ( 64)

L1 Cache Stats:
L1-Load-Hits:         955398189   99.51%
L1-Load-Misses:         4692605    0.49%
L1-Load-Accesses:     960090794  100.00%

L1-Store-Hits:         320462432   99.87%
L1-Store-Misses:          414109    0.13%
L1-Store-Accesses:     320876541  100.00%

L1-Total-Hits:        1275860621   99.60%
L1-Total-Misses:         5106714    0.40%
L1-Total-Accesses:    1280967335  100.00%

L2 Cache Stats:
L2-Load-Hits:           4673156   99.59%
L2-Load-Misses:           19449    0.41%
L2-Load-Accesses:       4692605  100.00%

L2-Store-Hits:            410804   99.20%
L2-Store-Misses:            3305    0.80%
L2-Store-Accesses:        414109  100.00%

L2-Total-Hits:           5083960   99.55%
L2-Total-Misses:           22754    0.45%
L2-Total-Accesses:       5106714  100.00%

