--------
Total Statistics
--------
Total Instructions: 4355791831
Total Cycles: 11662839336
IPC: 0.373476

--------
Single level Tlb hierarchy
--------
  Data Tlb:
    Entries:          64
    Page Size(B):   4096
    Associativity:      4

Latencies:    0  150
Tlb-Sets:   16 - LRU - assoc:   4

Tlb Stats:
Tlb-Load-Hits:         921886051   96.02%
Tlb-Load-Misses:        38204743    3.98%
Tlb-Load-Accesses:     960090794  100.00%

Tlb-Store-Hits:         320460439   99.87%
Tlb-Store-Misses:          416102    0.13%
Tlb-Store-Accesses:     320876541  100.00%

Tlb-Total-Hits:        1242346490   96.99%
Tlb-Total-Misses:        38620845    3.01%
Tlb-Total-Accesses:    1280967335  100.00%



--------
Two level Cache hierarchy
--------
  L1-Data Cache:
    Size(KB):          32
    Block Size(B):     64
    Associativity:      8

  L2-Data Cache:
    Size(KB):        1024
    Block Size(B):    128
    Associativity:      8

Latencies:    1   10  250
L1-Sets:   64 - LRU - assoc:   8
L2-Sets: 1024 - LRU - assoc:   8
Store_allocation: Yes
L2_inclusive: Yes
L2_prefetching: Yes (  1)

L1 Cache Stats:
L1-Load-Hits:         955265413   99.50%
L1-Load-Misses:         4825381    0.50%
L1-Load-Accesses:     960090794  100.00%

L1-Store-Hits:         320332855   99.83%
L1-Store-Misses:          543686    0.17%
L1-Store-Accesses:     320876541  100.00%

L1-Total-Hits:        1275598268   99.58%
L1-Total-Misses:         5369067    0.42%
L1-Total-Accesses:    1280967335  100.00%

L2 Cache Stats:
L2-Load-Hits:           4210837   87.26%
L2-Load-Misses:          614544   12.74%
L2-Load-Accesses:       4825381  100.00%

L2-Store-Hits:            441179   81.15%
L2-Store-Misses:          102507   18.85%
L2-Store-Accesses:        543686  100.00%

L2-Total-Hits:           4652016   86.64%
L2-Total-Misses:          717051   13.36%
L2-Total-Accesses:       5369067  100.00%

