--------
Total Statistics
--------
Total Instructions: 4355791831
Total Cycles: 11665907466
IPC: 0.373378

--------
Single level Tlb hierarchy
--------
  Data Tlb:
    Entries:          64
    Page Size(B):   4096
    Associativity:      4

Latencies:    0  150
Tlb-Sets:   16 - LRU - assoc:   4

Tlb Stats:
Tlb-Load-Hits:         921886051   96.02%
Tlb-Load-Misses:        38204743    3.98%
Tlb-Load-Accesses:     960090794  100.00%

Tlb-Store-Hits:         320050838   99.74%
Tlb-Store-Misses:          825703    0.26%
Tlb-Store-Accesses:     320876541  100.00%

Tlb-Total-Hits:        1241936889   96.95%
Tlb-Total-Misses:        39030446    3.05%
Tlb-Total-Accesses:    1280967335  100.00%



--------
Two level Cache hierarchy
--------
  L1-Data Cache:
    Size(KB):          32
    Block Size(B):     64
    Associativity:      8

  L2-Data Cache:
    Size(KB):        1024
    Block Size(B):    128
    Associativity:      8

Latencies:    1   10  250
L1-Sets:   64 - LRU - assoc:   8
L2-Sets: 1024 - LRU - assoc:   8
Store_allocation: Yes
L2_inclusive: Yes
L2_prefetching: Yes (  2)

L1 Cache Stats:
L1-Load-Hits:         955076695   99.48%
L1-Load-Misses:         5014099    0.52%
L1-Load-Accesses:     960090794  100.00%

L1-Store-Hits:         320383475   99.85%
L1-Store-Misses:          493066    0.15%
L1-Store-Accesses:     320876541  100.00%

L1-Total-Hits:        1275460170   99.57%
L1-Total-Misses:         5507165    0.43%
L1-Total-Accesses:    1280967335  100.00%

L2 Cache Stats:
L2-Load-Hits:           4604368   91.83%
L2-Load-Misses:          409731    8.17%
L2-Load-Accesses:       5014099  100.00%

L2-Store-Hits:            424758   86.15%
L2-Store-Misses:           68308   13.85%
L2-Store-Accesses:        493066  100.00%

L2-Total-Hits:           5029126   91.32%
L2-Total-Misses:          478039    8.68%
L2-Total-Accesses:       5507165  100.00%

