--------
Total Statistics
--------
Total Instructions: 4355791831
Total Cycles: 11560935906
IPC: 0.376768

--------
Single level Tlb hierarchy
--------
  Data Tlb:
    Entries:          64
    Page Size(B):   4096
    Associativity:      4

Latencies:    0  150
Tlb-Sets:   16 - LRU - assoc:   4

Tlb Stats:
Tlb-Load-Hits:         921886051   96.02%
Tlb-Load-Misses:        38204743    3.98%
Tlb-Load-Accesses:     960090794  100.00%

Tlb-Store-Hits:         320050838   99.74%
Tlb-Store-Misses:          825703    0.26%
Tlb-Store-Accesses:     320876541  100.00%

Tlb-Total-Hits:        1241936889   96.95%
Tlb-Total-Misses:        39030446    3.05%
Tlb-Total-Accesses:    1280967335  100.00%



--------
Two level Cache hierarchy
--------
  L1-Data Cache:
    Size(KB):          32
    Block Size(B):     64
    Associativity:      8

  L2-Data Cache:
    Size(KB):        1024
    Block Size(B):    128
    Associativity:      8

Latencies:    1   10  250
L1-Sets:   64 - LRU - assoc:   8
L2-Sets: 1024 - LRU - assoc:   8
Store_allocation: Yes
L2_inclusive: Yes
L2_prefetching: Yes ( 16)

L1 Cache Stats:
L1-Load-Hits:         955669227   99.54%
L1-Load-Misses:         4421567    0.46%
L1-Load-Accesses:     960090794  100.00%

L1-Store-Hits:         320451699   99.87%
L1-Store-Misses:          424842    0.13%
L1-Store-Accesses:     320876541  100.00%

L1-Total-Hits:        1276120926   99.62%
L1-Total-Misses:         4846409    0.38%
L1-Total-Accesses:    1280967335  100.00%

L2 Cache Stats:
L2-Load-Hits:           4349093   98.36%
L2-Load-Misses:           72474    1.64%
L2-Load-Accesses:       4421567  100.00%

L2-Store-Hits:            412733   97.15%
L2-Store-Misses:           12109    2.85%
L2-Store-Accesses:        424842  100.00%

L2-Total-Hits:           4761826   98.25%
L2-Total-Misses:           84583    1.75%
L2-Total-Accesses:       4846409  100.00%

