--------
Total Statistics
--------
Total Instructions: 12275683896
Total Cycles: 18745770291
IPC: 0.654851

--------
Single level Tlb hierarchy
--------
  Data Tlb:
    Entries:          64
    Page Size(B):   4096
    Associativity:      4

Latencies:    0  150
Tlb-Sets:   16 - LRU - assoc:   4

Tlb Stats:
Tlb-Load-Hits:        2362948760   99.41%
Tlb-Load-Misses:        14019785    0.59%
Tlb-Load-Accesses:    2376968545  100.00%

Tlb-Store-Hits:         652830810   99.93%
Tlb-Store-Misses:          426610    0.07%
Tlb-Store-Accesses:     653257420  100.00%

Tlb-Total-Hits:        3015779570   99.52%
Tlb-Total-Misses:        14446395    0.48%
Tlb-Total-Accesses:    3030225965  100.00%



--------
Two level Cache hierarchy
--------
  L1-Data Cache:
    Size(KB):          32
    Block Size(B):     64
    Associativity:      8

  L2-Data Cache:
    Size(KB):        1024
    Block Size(B):    128
    Associativity:      8

Latencies:    1   10  250
L1-Sets:   64 - LRU - assoc:   8
L2-Sets: 1024 - LRU - assoc:   8
Store_allocation: Yes
L2_inclusive: Yes
L2_prefetching: Yes (  4)

L1 Cache Stats:
L1-Load-Hits:        2262867106   95.20%
L1-Load-Misses:       114101439    4.80%
L1-Load-Accesses:    2376968545  100.00%

L1-Store-Hits:         646781566   99.01%
L1-Store-Misses:         6475854    0.99%
L1-Store-Accesses:     653257420  100.00%

L1-Total-Hits:        2909648672   96.02%
L1-Total-Misses:       120577293    3.98%
L1-Total-Accesses:    3030225965  100.00%

L2 Cache Stats:
L2-Load-Hits:         113929616   99.85%
L2-Load-Misses:          171823    0.15%
L2-Load-Accesses:     114101439  100.00%

L2-Store-Hits:           6379164   98.51%
L2-Store-Misses:           96690    1.49%
L2-Store-Accesses:       6475854  100.00%

L2-Total-Hits:         120308780   99.78%
L2-Total-Misses:          268513    0.22%
L2-Total-Accesses:     120577293  100.00%

