--------
Total Statistics
--------
Total Instructions: 12275683896
Total Cycles: 18682573901
IPC: 0.657066

--------
Single level Tlb hierarchy
--------
  Data Tlb:
    Entries:          64
    Page Size(B):   4096
    Associativity:      4

Latencies:    0  150
Tlb-Sets:   16 - LRU - assoc:   4

Tlb Stats:
Tlb-Load-Hits:        2362960505   99.41%
Tlb-Load-Misses:        14008040    0.59%
Tlb-Load-Accesses:    2376968545  100.00%

Tlb-Store-Hits:         652866744   99.94%
Tlb-Store-Misses:          390676    0.06%
Tlb-Store-Accesses:     653257420  100.00%

Tlb-Total-Hits:        3015827249   99.52%
Tlb-Total-Misses:        14398716    0.48%
Tlb-Total-Accesses:    3030225965  100.00%



--------
Two level Cache hierarchy
--------
  L1-Data Cache:
    Size(KB):          32
    Block Size(B):     64
    Associativity:      8

  L2-Data Cache:
    Size(KB):        1024
    Block Size(B):    128
    Associativity:      8

Latencies:    1   10  250
L1-Sets:   64 - LRU - assoc:   8
L2-Sets: 1024 - LRU - assoc:   8
Store_allocation: Yes
L2_inclusive: Yes
L2_prefetching: Yes ( 32)

L1 Cache Stats:
L1-Load-Hits:        2263129458   95.21%
L1-Load-Misses:       113839087    4.79%
L1-Load-Accesses:    2376968545  100.00%

L1-Store-Hits:         646879043   99.02%
L1-Store-Misses:         6378377    0.98%
L1-Store-Accesses:     653257420  100.00%

L1-Total-Hits:        2910008501   96.03%
L1-Total-Misses:       120217464    3.97%
L1-Total-Accesses:    3030225965  100.00%

L2 Cache Stats:
L2-Load-Hits:         113803384   99.97%
L2-Load-Misses:           35703    0.03%
L2-Load-Accesses:     113839087  100.00%

L2-Store-Hits:           6355352   99.64%
L2-Store-Misses:           23025    0.36%
L2-Store-Accesses:       6378377  100.00%

L2-Total-Hits:         120158736   99.95%
L2-Total-Misses:           58728    0.05%
L2-Total-Accesses:     120217464  100.00%

