--------
Total Statistics
--------
Total Instructions: 1671551960
Total Cycles: 17114614621
IPC: 0.0976681

--------
Single level Tlb hierarchy
--------
  Data Tlb:
    Entries:          64
    Page Size(B):   4096
    Associativity:      4

Latencies:    0  150
Tlb-Sets:   16 - LRU - assoc:   4

Tlb Stats:
Tlb-Load-Hits:         264146424   86.16%
Tlb-Load-Misses:        42414006   13.84%
Tlb-Load-Accesses:     306560430  100.00%

Tlb-Store-Hits:         119936080   99.27%
Tlb-Store-Misses:          887391    0.73%
Tlb-Store-Accesses:     120823471  100.00%

Tlb-Total-Hits:         384082504   89.87%
Tlb-Total-Misses:        43301397   10.13%
Tlb-Total-Accesses:     427383901  100.00%



--------
Two level Cache hierarchy
--------
  L1-Data Cache:
    Size(KB):          32
    Block Size(B):     64
    Associativity:      8

  L2-Data Cache:
    Size(KB):        1024
    Block Size(B):    128
    Associativity:      8

Latencies:    1   10  250
L1-Sets:   64 - LRU - assoc:   8
L2-Sets: 1024 - LRU - assoc:   8
Store_allocation: Yes
L2_inclusive: Yes
L2_prefetching: Yes ( 16)

L1 Cache Stats:
L1-Load-Hits:         231352479   75.47%
L1-Load-Misses:        75207951   24.53%
L1-Load-Accesses:     306560430  100.00%

L1-Store-Hits:         120405301   99.65%
L1-Store-Misses:          418170    0.35%
L1-Store-Accesses:     120823471  100.00%

L1-Total-Hits:         351757780   82.30%
L1-Total-Misses:        75626121   17.70%
L1-Total-Accesses:     427383901  100.00%

L2 Cache Stats:
L2-Load-Hits:          44178701   58.74%
L2-Load-Misses:        31029250   41.26%
L2-Load-Accesses:      75207951  100.00%

L2-Store-Hits:            390588   93.40%
L2-Store-Misses:           27582    6.60%
L2-Store-Accesses:        418170  100.00%

L2-Total-Hits:          44569289   58.93%
L2-Total-Misses:        31056832   41.07%
L2-Total-Accesses:      75626121  100.00%

