--------
Total Statistics
--------
Total Instructions: 1671551960
Total Cycles: 16948300071
IPC: 0.0986265

--------
Single level Tlb hierarchy
--------
  Data Tlb:
    Entries:          64
    Page Size(B):   4096
    Associativity:      4

Latencies:    0  150
Tlb-Sets:   16 - LRU - assoc:   4

Tlb Stats:
Tlb-Load-Hits:         264775411   86.37%
Tlb-Load-Misses:        41785019   13.63%
Tlb-Load-Accesses:     306560430  100.00%

Tlb-Store-Hits:         120265698   99.54%
Tlb-Store-Misses:          557773    0.46%
Tlb-Store-Accesses:     120823471  100.00%

Tlb-Total-Hits:         385041109   90.09%
Tlb-Total-Misses:        42342792    9.91%
Tlb-Total-Accesses:     427383901  100.00%



--------
Two level Cache hierarchy
--------
  L1-Data Cache:
    Size(KB):          32
    Block Size(B):     64
    Associativity:      8

  L2-Data Cache:
    Size(KB):        1024
    Block Size(B):    128
    Associativity:      8

Latencies:    1   10  250
L1-Sets:   64 - LRU - assoc:   8
L2-Sets: 1024 - LRU - assoc:   8
Store_allocation: Yes
L2_inclusive: Yes
L2_prefetching: Yes (  4)

L1 Cache Stats:
L1-Load-Hits:         227423193   74.19%
L1-Load-Misses:        79137237   25.81%
L1-Load-Accesses:     306560430  100.00%

L1-Store-Hits:         119672142   99.05%
L1-Store-Misses:         1151329    0.95%
L1-Store-Accesses:     120823471  100.00%

L1-Total-Hits:         347095335   81.21%
L1-Total-Misses:        80288566   18.79%
L1-Total-Accesses:     427383901  100.00%

L2 Cache Stats:
L2-Load-Hits:          48357196   61.11%
L2-Load-Misses:        30780041   38.89%
L2-Load-Accesses:      79137237  100.00%

L2-Store-Hits:           1151131   99.98%
L2-Store-Misses:             198    0.02%
L2-Store-Accesses:       1151329  100.00%

L2-Total-Hits:          49508327   61.66%
L2-Total-Misses:        30780239   38.34%
L2-Total-Accesses:      80288566  100.00%

