--------
Total Statistics
--------
Total Instructions: 1671551979
Total Cycles: 16955158349
IPC: 0.0985866

--------
Single level Tlb hierarchy
--------
  Data Tlb:
    Entries:          64
    Page Size(B):   4096
    Associativity:      4

Latencies:    0  150
Tlb-Sets:   16 - LRU - assoc:   4

Tlb Stats:
Tlb-Load-Hits:         264765046   86.37%
Tlb-Load-Misses:        41795391   13.63%
Tlb-Load-Accesses:     306560437  100.00%

Tlb-Store-Hits:         120268564   99.54%
Tlb-Store-Misses:          554909    0.46%
Tlb-Store-Accesses:     120823473  100.00%

Tlb-Total-Hits:         385033610   90.09%
Tlb-Total-Misses:        42350300    9.91%
Tlb-Total-Accesses:     427383910  100.00%



--------
Two level Cache hierarchy
--------
  L1-Data Cache:
    Size(KB):          32
    Block Size(B):     64
    Associativity:      8

  L2-Data Cache:
    Size(KB):        1024
    Block Size(B):    128
    Associativity:      8

Latencies:    1   10  250
L1-Sets:   64 - LRU - assoc:   8
L2-Sets: 1024 - LRU - assoc:   8
Store_allocation: Yes
L2_inclusive: Yes
L2_prefetching: Yes (  1)

L1 Cache Stats:
L1-Load-Hits:         228627653   74.58%
L1-Load-Misses:        77932784   25.42%
L1-Load-Accesses:     306560437  100.00%

L1-Store-Hits:         120461836   99.70%
L1-Store-Misses:          361637    0.30%
L1-Store-Accesses:     120823473  100.00%

L1-Total-Hits:         349089489   81.68%
L1-Total-Misses:        78294421   18.32%
L1-Total-Accesses:     427383910  100.00%

L2 Cache Stats:
L2-Load-Hits:          47052988   60.38%
L2-Load-Misses:        30879796   39.62%
L2-Load-Accesses:      77932784  100.00%

L2-Store-Hits:            358500   99.13%
L2-Store-Misses:            3137    0.87%
L2-Store-Accesses:        361637  100.00%

L2-Total-Hits:          47411488   60.56%
L2-Total-Misses:        30882933   39.44%
L2-Total-Accesses:      78294421  100.00%

