--------
Total Statistics
--------
Total Instructions: 1671551960
Total Cycles: 17033840091
IPC: 0.0981312

--------
Single level Tlb hierarchy
--------
  Data Tlb:
    Entries:          64
    Page Size(B):   4096
    Associativity:      4

Latencies:    0  150
Tlb-Sets:   16 - LRU - assoc:   4

Tlb Stats:
Tlb-Load-Hits:         264675772   86.34%
Tlb-Load-Misses:        41884658   13.66%
Tlb-Load-Accesses:     306560430  100.00%

Tlb-Store-Hits:         120203181   99.49%
Tlb-Store-Misses:          620290    0.51%
Tlb-Store-Accesses:     120823471  100.00%

Tlb-Total-Hits:         384878953   90.05%
Tlb-Total-Misses:        42504948    9.95%
Tlb-Total-Accesses:     427383901  100.00%



--------
Two level Cache hierarchy
--------
  L1-Data Cache:
    Size(KB):          32
    Block Size(B):     64
    Associativity:      8

  L2-Data Cache:
    Size(KB):        1024
    Block Size(B):    128
    Associativity:      8

Latencies:    1   10  250
L1-Sets:   64 - LRU - assoc:   8
L2-Sets: 1024 - LRU - assoc:   8
Store_allocation: Yes
L2_inclusive: Yes
L2_prefetching: Yes ( 32)

L1 Cache Stats:
L1-Load-Hits:         233943040   76.31%
L1-Load-Misses:        72617390   23.69%
L1-Load-Accesses:     306560430  100.00%

L1-Store-Hits:         120720683   99.91%
L1-Store-Misses:          102788    0.09%
L1-Store-Accesses:     120823471  100.00%

L1-Total-Hits:         354663723   82.98%
L1-Total-Misses:        72720178   17.02%
L1-Total-Accesses:     427383901  100.00%

L2 Cache Stats:
L2-Load-Hits:          41331213   56.92%
L2-Load-Misses:        31286177   43.08%
L2-Load-Accesses:      72617390  100.00%

L2-Store-Hits:             61124   59.47%
L2-Store-Misses:           41664   40.53%
L2-Store-Accesses:        102788  100.00%

L2-Total-Hits:          41392337   56.92%
L2-Total-Misses:        31327841   43.08%
L2-Total-Accesses:      72720178  100.00%

