--------
Total Statistics
--------
Total Instructions: 8542774597
Total Cycles: 12345601449
IPC: 0.691969

--------
Single level Tlb hierarchy
--------
  Data Tlb:
    Entries:          64
    Page Size(B):   4096
    Associativity:      4

Latencies:    0  150
Tlb-Sets:   16 - LRU - assoc:   4

Tlb Stats:
Tlb-Load-Hits:        1862096139   99.97%
Tlb-Load-Misses:          629256    0.03%
Tlb-Load-Accesses:    1862725395  100.00%

Tlb-Store-Hits:         191921693   99.89%
Tlb-Store-Misses:          215974    0.11%
Tlb-Store-Accesses:     192137667  100.00%

Tlb-Total-Hits:        2054017832   99.96%
Tlb-Total-Misses:          845230    0.04%
Tlb-Total-Accesses:    2054863062  100.00%



--------
Two level Cache hierarchy
--------
  L1-Data Cache:
    Size(KB):          32
    Block Size(B):     64
    Associativity:      8

  L2-Data Cache:
    Size(KB):        1024
    Block Size(B):    128
    Associativity:      8

Latencies:    1   10  250
L1-Sets:   64 - LRU - assoc:   8
L2-Sets: 1024 - LRU - assoc:   8
Store_allocation: Yes
L2_inclusive: Yes
L2_prefetching: Yes (  2)

L1 Cache Stats:
L1-Load-Hits:        1843425654   98.96%
L1-Load-Misses:        19299741    1.04%
L1-Load-Accesses:    1862725395  100.00%

L1-Store-Hits:         187728629   97.71%
L1-Store-Misses:         4409038    2.29%
L1-Store-Accesses:     192137667  100.00%

L1-Total-Hits:        2031154283   98.85%
L1-Total-Misses:        23708779    1.15%
L1-Total-Accesses:    2054863062  100.00%

L2 Cache Stats:
L2-Load-Hits:          15348994   79.53%
L2-Load-Misses:         3950747   20.47%
L2-Load-Accesses:      19299741  100.00%

L2-Store-Hits:           2823419   64.04%
L2-Store-Misses:         1585619   35.96%
L2-Store-Accesses:       4409038  100.00%

L2-Total-Hits:          18172413   76.65%
L2-Total-Misses:         5536366   23.35%
L2-Total-Accesses:      23708779  100.00%

