--------
Total Statistics
--------
Total Instructions: 8542774597
Total Cycles: 12222916629
IPC: 0.698915

--------
Single level Tlb hierarchy
--------
  Data Tlb:
    Entries:          64
    Page Size(B):   4096
    Associativity:      4

Latencies:    0  150
Tlb-Sets:   16 - LRU - assoc:   4

Tlb Stats:
Tlb-Load-Hits:        1862096194   99.97%
Tlb-Load-Misses:          629201    0.03%
Tlb-Load-Accesses:    1862725395  100.00%

Tlb-Store-Hits:         191921685   99.89%
Tlb-Store-Misses:          215982    0.11%
Tlb-Store-Accesses:     192137667  100.00%

Tlb-Total-Hits:        2054017879   99.96%
Tlb-Total-Misses:          845183    0.04%
Tlb-Total-Accesses:    2054863062  100.00%



--------
Two level Cache hierarchy
--------
  L1-Data Cache:
    Size(KB):          32
    Block Size(B):     64
    Associativity:      8

  L2-Data Cache:
    Size(KB):        1024
    Block Size(B):    128
    Associativity:      8

Latencies:    1   10  250
L1-Sets:   64 - LRU - assoc:   8
L2-Sets: 1024 - LRU - assoc:   8
Store_allocation: Yes
L2_inclusive: Yes
L2_prefetching: Yes (  4)

L1 Cache Stats:
L1-Load-Hits:        1844658754   99.03%
L1-Load-Misses:        18066641    0.97%
L1-Load-Accesses:    1862725395  100.00%

L1-Store-Hits:         187470506   97.57%
L1-Store-Misses:         4667161    2.43%
L1-Store-Accesses:     192137667  100.00%

L1-Total-Hits:        2032129260   98.89%
L1-Total-Misses:        22733802    1.11%
L1-Total-Accesses:    2054863062  100.00%

L2 Cache Stats:
L2-Load-Hits:          14581103   80.71%
L2-Load-Misses:         3485538   19.29%
L2-Load-Accesses:      18066641  100.00%

L2-Store-Hits:           3068045   65.74%
L2-Store-Misses:         1599116   34.26%
L2-Store-Accesses:       4667161  100.00%

L2-Total-Hits:          17649148   77.63%
L2-Total-Misses:         5084654   22.37%
L2-Total-Accesses:      22733802  100.00%

