--------
Total Statistics
--------
Total Instructions: 8542774597
Total Cycles: 11383065509
IPC: 0.750481

--------
Single level Tlb hierarchy
--------
  Data Tlb:
    Entries:          64
    Page Size(B):   4096
    Associativity:      4

Latencies:    0  150
Tlb-Sets:   16 - LRU - assoc:   4

Tlb Stats:
Tlb-Load-Hits:        1862083336   99.97%
Tlb-Load-Misses:          642059    0.03%
Tlb-Load-Accesses:    1862725395  100.00%

Tlb-Store-Hits:         191921659   99.89%
Tlb-Store-Misses:          216008    0.11%
Tlb-Store-Accesses:     192137667  100.00%

Tlb-Total-Hits:        2054004995   99.96%
Tlb-Total-Misses:          858067    0.04%
Tlb-Total-Accesses:    2054863062  100.00%



--------
Two level Cache hierarchy
--------
  L1-Data Cache:
    Size(KB):          32
    Block Size(B):     64
    Associativity:      8

  L2-Data Cache:
    Size(KB):        1024
    Block Size(B):    128
    Associativity:      8

Latencies:    1   10  250
L1-Sets:   64 - LRU - assoc:   8
L2-Sets: 1024 - LRU - assoc:   8
Store_allocation: Yes
L2_inclusive: Yes
L2_prefetching: Yes ( 16)

L1 Cache Stats:
L1-Load-Hits:        1847048131   99.16%
L1-Load-Misses:        15677264    0.84%
L1-Load-Accesses:    1862725395  100.00%

L1-Store-Hits:         188767901   98.25%
L1-Store-Misses:         3369766    1.75%
L1-Store-Accesses:     192137667  100.00%

L1-Total-Hits:        2035816032   99.07%
L1-Total-Misses:        19047030    0.93%
L1-Total-Accesses:    2054863062  100.00%

L2 Cache Stats:
L2-Load-Hits:          14261794   90.97%
L2-Load-Misses:         1415470    9.03%
L2-Load-Accesses:      15677264  100.00%

L2-Store-Hits:           2920246   86.66%
L2-Store-Misses:          449520   13.34%
L2-Store-Accesses:       3369766  100.00%

L2-Total-Hits:          17182040   90.21%
L2-Total-Misses:         1864990    9.79%
L2-Total-Accesses:      19047030  100.00%

