--------
Total Statistics
--------
Total Instructions: 8542774597
Total Cycles: 12547182479
IPC: 0.680852

--------
Single level Tlb hierarchy
--------
  Data Tlb:
    Entries:          64
    Page Size(B):   4096
    Associativity:      4

Latencies:    0  150
Tlb-Sets:   16 - LRU - assoc:   4

Tlb Stats:
Tlb-Load-Hits:        1862090577   99.97%
Tlb-Load-Misses:          634818    0.03%
Tlb-Load-Accesses:    1862725395  100.00%

Tlb-Store-Hits:         191921306   99.89%
Tlb-Store-Misses:          216361    0.11%
Tlb-Store-Accesses:     192137667  100.00%

Tlb-Total-Hits:        2054011883   99.96%
Tlb-Total-Misses:          851179    0.04%
Tlb-Total-Accesses:    2054863062  100.00%



--------
Two level Cache hierarchy
--------
  L1-Data Cache:
    Size(KB):          32
    Block Size(B):     64
    Associativity:      8

  L2-Data Cache:
    Size(KB):        1024
    Block Size(B):    128
    Associativity:      8

Latencies:    1   10  250
L1-Sets:   64 - LRU - assoc:   8
L2-Sets: 1024 - LRU - assoc:   8
Store_allocation: Yes
L2_inclusive: Yes
L2_prefetching: Yes (  1)

L1 Cache Stats:
L1-Load-Hits:        1843387453   98.96%
L1-Load-Misses:        19337942    1.04%
L1-Load-Accesses:    1862725395  100.00%

L1-Store-Hits:         187202137   97.43%
L1-Store-Misses:         4935530    2.57%
L1-Store-Accesses:     192137667  100.00%

L1-Total-Hits:        2030589590   98.82%
L1-Total-Misses:        24273472    1.18%
L1-Total-Accesses:    2054863062  100.00%

L2 Cache Stats:
L2-Load-Hits:          15037849   77.76%
L2-Load-Misses:         4300093   22.24%
L2-Load-Accesses:      19337942  100.00%

L2-Store-Hits:           2919090   59.14%
L2-Store-Misses:         2016440   40.86%
L2-Store-Accesses:       4935530  100.00%

L2-Total-Hits:          17956939   73.98%
L2-Total-Misses:         6316533   26.02%
L2-Total-Accesses:      24273472  100.00%

