--------
Total Statistics
--------
Total Instructions: 8542774616
Total Cycles: 11647607377
IPC: 0.733436

--------
Single level Tlb hierarchy
--------
  Data Tlb:
    Entries:          64
    Page Size(B):   4096
    Associativity:      4

Latencies:    0  150
Tlb-Sets:   16 - LRU - assoc:   4

Tlb Stats:
Tlb-Load-Hits:        1862082957   99.97%
Tlb-Load-Misses:          642445    0.03%
Tlb-Load-Accesses:    1862725402  100.00%

Tlb-Store-Hits:         191921682   99.89%
Tlb-Store-Misses:          215987    0.11%
Tlb-Store-Accesses:     192137669  100.00%

Tlb-Total-Hits:        2054004639   99.96%
Tlb-Total-Misses:          858432    0.04%
Tlb-Total-Accesses:    2054863071  100.00%



--------
Two level Cache hierarchy
--------
  L1-Data Cache:
    Size(KB):          32
    Block Size(B):     64
    Associativity:      8

  L2-Data Cache:
    Size(KB):        1024
    Block Size(B):    128
    Associativity:      8

Latencies:    1   10  250
L1-Sets:   64 - LRU - assoc:   8
L2-Sets: 1024 - LRU - assoc:   8
Store_allocation: Yes
L2_inclusive: Yes
L2_prefetching: Yes (  8)

L1 Cache Stats:
L1-Load-Hits:        1846178320   99.11%
L1-Load-Misses:        16547082    0.89%
L1-Load-Accesses:    1862725402  100.00%

L1-Store-Hits:         188445537   98.08%
L1-Store-Misses:         3692132    1.92%
L1-Store-Accesses:     192137669  100.00%

L1-Total-Hits:        2034623857   99.02%
L1-Total-Misses:        20239214    0.98%
L1-Total-Accesses:    2054863071  100.00%

L2 Cache Stats:
L2-Load-Hits:          14405311   87.06%
L2-Load-Misses:         2141771   12.94%
L2-Load-Accesses:      16547082  100.00%

L2-Store-Hits:           2958652   80.13%
L2-Store-Misses:          733480   19.87%
L2-Store-Accesses:       3692132  100.00%

L2-Total-Hits:          17363963   85.79%
L2-Total-Misses:         2875251   14.21%
L2-Total-Accesses:      20239214  100.00%

