--------
Total Statistics
--------
Total Instructions: 8542774597
Total Cycles: 11169810359
IPC: 0.764809

--------
Single level Tlb hierarchy
--------
  Data Tlb:
    Entries:          64
    Page Size(B):   4096
    Associativity:      4

Latencies:    0  150
Tlb-Sets:   16 - LRU - assoc:   4

Tlb Stats:
Tlb-Load-Hits:        1862096194   99.97%
Tlb-Load-Misses:          629201    0.03%
Tlb-Load-Accesses:    1862725395  100.00%

Tlb-Store-Hits:         191921685   99.89%
Tlb-Store-Misses:          215982    0.11%
Tlb-Store-Accesses:     192137667  100.00%

Tlb-Total-Hits:        2054017879   99.96%
Tlb-Total-Misses:          845183    0.04%
Tlb-Total-Accesses:    2054863062  100.00%



--------
Two level Cache hierarchy
--------
  L1-Data Cache:
    Size(KB):          32
    Block Size(B):     64
    Associativity:      8

  L2-Data Cache:
    Size(KB):        1024
    Block Size(B):    128
    Associativity:      8

Latencies:    1   10  250
L1-Sets:   64 - LRU - assoc:   8
L2-Sets: 1024 - LRU - assoc:   8
Store_allocation: Yes
L2_inclusive: Yes
L2_prefetching: Yes ( 32)

L1 Cache Stats:
L1-Load-Hits:        1847804699   99.20%
L1-Load-Misses:        14920696    0.80%
L1-Load-Accesses:    1862725395  100.00%

L1-Store-Hits:         188898588   98.31%
L1-Store-Misses:         3239079    1.69%
L1-Store-Accesses:     192137667  100.00%

L1-Total-Hits:        2036703287   99.12%
L1-Total-Misses:        18159775    0.88%
L1-Total-Accesses:    2054863062  100.00%

L2 Cache Stats:
L2-Load-Hits:          14182842   95.05%
L2-Load-Misses:          737854    4.95%
L2-Load-Accesses:      14920696  100.00%

L2-Store-Hits:           2921743   90.20%
L2-Store-Misses:          317336    9.80%
L2-Store-Accesses:       3239079  100.00%

L2-Total-Hits:          17104585   94.19%
L2-Total-Misses:         1055190    5.81%
L2-Total-Accesses:      18159775  100.00%

