--------
Total Statistics
--------
Total Instructions: 32396750860
Total Cycles: 53624206991
IPC: 0.604144

--------
Single level Tlb hierarchy
--------
  Data Tlb:
    Entries:          64
    Page Size(B):   4096
    Associativity:      4

Latencies:    0  150
Tlb-Sets:   16 - LRU - assoc:   4

Tlb Stats:
Tlb-Load-Hits:       10050530189   99.81%
Tlb-Load-Misses:        18677848    0.19%
Tlb-Load-Accesses:   10069208037  100.00%

Tlb-Store-Hits:        5073559934   99.89%
Tlb-Store-Misses:         5602640    0.11%
Tlb-Store-Accesses:    5079162574  100.00%

Tlb-Total-Hits:       15124090123   99.84%
Tlb-Total-Misses:        24280488    0.16%
Tlb-Total-Accesses:   15148370611  100.00%



--------
Two level Cache hierarchy
--------
  L1-Data Cache:
    Size(KB):          32
    Block Size(B):     64
    Associativity:      8

  L2-Data Cache:
    Size(KB):        1024
    Block Size(B):    128
    Associativity:      8

Latencies:    1   10  250
L1-Sets:   64 - LRU - assoc:   8
L2-Sets: 1024 - LRU - assoc:   8
Store_allocation: Yes
L2_inclusive: Yes
L2_prefetching: Yes (  8)

L1 Cache Stats:
L1-Load-Hits:       10017491218   99.49%
L1-Load-Misses:        51716819    0.51%
L1-Load-Accesses:   10069208037  100.00%

L1-Store-Hits:        5070361486   99.83%
L1-Store-Misses:         8801088    0.17%
L1-Store-Accesses:    5079162574  100.00%

L1-Total-Hits:       15087852704   99.60%
L1-Total-Misses:        60517907    0.40%
L1-Total-Accesses:   15148370611  100.00%

L2 Cache Stats:
L2-Load-Hits:          45245802   87.49%
L2-Load-Misses:         6471017   12.51%
L2-Load-Accesses:      51716819  100.00%

L2-Store-Hits:           7944772   90.27%
L2-Store-Misses:          856316    9.73%
L2-Store-Accesses:       8801088  100.00%

L2-Total-Hits:          53190574   87.89%
L2-Total-Misses:         7327333   12.11%
L2-Total-Accesses:      60517907  100.00%

