--------
Total Statistics
--------
Total Instructions: 32396750860
Total Cycles: 54136592271
IPC: 0.598426

--------
Single level Tlb hierarchy
--------
  Data Tlb:
    Entries:          64
    Page Size(B):   4096
    Associativity:      4

Latencies:    0  150
Tlb-Sets:   16 - LRU - assoc:   4

Tlb Stats:
Tlb-Load-Hits:       10049565950   99.80%
Tlb-Load-Misses:        19642087    0.20%
Tlb-Load-Accesses:   10069208037  100.00%

Tlb-Store-Hits:        5069043888   99.80%
Tlb-Store-Misses:        10118686    0.20%
Tlb-Store-Accesses:    5079162574  100.00%

Tlb-Total-Hits:       15118609838   99.80%
Tlb-Total-Misses:        29760773    0.20%
Tlb-Total-Accesses:   15148370611  100.00%



--------
Two level Cache hierarchy
--------
  L1-Data Cache:
    Size(KB):          32
    Block Size(B):     64
    Associativity:      8

  L2-Data Cache:
    Size(KB):        1024
    Block Size(B):    128
    Associativity:      8

Latencies:    1   10  250
L1-Sets:   64 - LRU - assoc:   8
L2-Sets: 1024 - LRU - assoc:   8
Store_allocation: Yes
L2_inclusive: Yes
L2_prefetching: Yes (  2)

L1 Cache Stats:
L1-Load-Hits:       10019546807   99.51%
L1-Load-Misses:        49661230    0.49%
L1-Load-Accesses:   10069208037  100.00%

L1-Store-Hits:        5070244244   99.82%
L1-Store-Misses:         8918330    0.18%
L1-Store-Accesses:    5079162574  100.00%

L1-Total-Hits:       15089791051   99.61%
L1-Total-Misses:        58579560    0.39%
L1-Total-Accesses:   15148370611  100.00%

L2 Cache Stats:
L2-Load-Hits:          44509527   89.63%
L2-Load-Misses:         5151703   10.37%
L2-Load-Accesses:      49661230  100.00%

L2-Store-Hits:           7903796   88.62%
L2-Store-Misses:         1014534   11.38%
L2-Store-Accesses:       8918330  100.00%

L2-Total-Hits:          52413323   89.47%
L2-Total-Misses:         6166237   10.53%
L2-Total-Accesses:      58579560  100.00%

