--------
Total Statistics
--------
Total Instructions: 32396750860
Total Cycles: 53071437541
IPC: 0.610437

--------
Single level Tlb hierarchy
--------
  Data Tlb:
    Entries:          64
    Page Size(B):   4096
    Associativity:      4

Latencies:    0  150
Tlb-Sets:   16 - LRU - assoc:   4

Tlb Stats:
Tlb-Load-Hits:       10055682998   99.87%
Tlb-Load-Misses:        13525039    0.13%
Tlb-Load-Accesses:   10069208037  100.00%

Tlb-Store-Hits:        5074441359   99.91%
Tlb-Store-Misses:         4721215    0.09%
Tlb-Store-Accesses:    5079162574  100.00%

Tlb-Total-Hits:       15130124357   99.88%
Tlb-Total-Misses:        18246254    0.12%
Tlb-Total-Accesses:   15148370611  100.00%



--------
Two level Cache hierarchy
--------
  L1-Data Cache:
    Size(KB):          32
    Block Size(B):     64
    Associativity:      8

  L2-Data Cache:
    Size(KB):        1024
    Block Size(B):    128
    Associativity:      8

Latencies:    1   10  250
L1-Sets:   64 - LRU - assoc:   8
L2-Sets: 1024 - LRU - assoc:   8
Store_allocation: Yes
L2_inclusive: Yes
L2_prefetching: Yes ( 16)

L1 Cache Stats:
L1-Load-Hits:       10017204632   99.48%
L1-Load-Misses:        52003405    0.52%
L1-Load-Accesses:   10069208037  100.00%

L1-Store-Hits:        5069444632   99.81%
L1-Store-Misses:         9717942    0.19%
L1-Store-Accesses:    5079162574  100.00%

L1-Total-Hits:       15086649264   99.59%
L1-Total-Misses:        61721347    0.41%
L1-Total-Accesses:   15148370611  100.00%

L2 Cache Stats:
L2-Load-Hits:          44917451   86.37%
L2-Load-Misses:         7085954   13.63%
L2-Load-Accesses:      52003405  100.00%

L2-Store-Hits:           8115238   83.51%
L2-Store-Misses:         1602704   16.49%
L2-Store-Accesses:       9717942  100.00%

L2-Total-Hits:          53032689   85.92%
L2-Total-Misses:         8688658   14.08%
L2-Total-Accesses:      61721347  100.00%

