--------
Total Statistics
--------
Total Instructions: 32396750860
Total Cycles: 56691306871
IPC: 0.571459

--------
Single level Tlb hierarchy
--------
  Data Tlb:
    Entries:          64
    Page Size(B):   4096
    Associativity:      4

Latencies:    0  150
Tlb-Sets:   16 - LRU - assoc:   4

Tlb Stats:
Tlb-Load-Hits:       10039887123   99.71%
Tlb-Load-Misses:        29320914    0.29%
Tlb-Load-Accesses:   10069208037  100.00%

Tlb-Store-Hits:        5062003899   99.66%
Tlb-Store-Misses:        17158675    0.34%
Tlb-Store-Accesses:    5079162574  100.00%

Tlb-Total-Hits:       15101891022   99.69%
Tlb-Total-Misses:        46479589    0.31%
Tlb-Total-Accesses:   15148370611  100.00%



--------
Two level Cache hierarchy
--------
  L1-Data Cache:
    Size(KB):          32
    Block Size(B):     64
    Associativity:      8

  L2-Data Cache:
    Size(KB):        1024
    Block Size(B):    128
    Associativity:      8

Latencies:    1   10  250
L1-Sets:   64 - LRU - assoc:   8
L2-Sets: 1024 - LRU - assoc:   8
Store_allocation: Yes
L2_inclusive: Yes
L2_prefetching: Yes (  1)

L1 Cache Stats:
L1-Load-Hits:       10019857370   99.51%
L1-Load-Misses:        49350667    0.49%
L1-Load-Accesses:   10069208037  100.00%

L1-Store-Hits:        5069905436   99.82%
L1-Store-Misses:         9257138    0.18%
L1-Store-Accesses:    5079162574  100.00%

L1-Total-Hits:       15089762806   99.61%
L1-Total-Misses:        58607805    0.39%
L1-Total-Accesses:   15148370611  100.00%

L2 Cache Stats:
L2-Load-Hits:          44316031   89.80%
L2-Load-Misses:         5034636   10.20%
L2-Load-Accesses:      49350667  100.00%

L2-Store-Hits:           7939098   85.76%
L2-Store-Misses:         1318040   14.24%
L2-Store-Accesses:       9257138  100.00%

L2-Total-Hits:          52255129   89.16%
L2-Total-Misses:         6352676   10.84%
L2-Total-Accesses:      58607805  100.00%

