--------
Total Statistics
--------
Total Instructions: 32396750879
Total Cycles: 53452842999
IPC: 0.606081

--------
Single level Tlb hierarchy
--------
  Data Tlb:
    Entries:          64
    Page Size(B):   4096
    Associativity:      4

Latencies:    0  150
Tlb-Sets:   16 - LRU - assoc:   4

Tlb Stats:
Tlb-Load-Hits:       10055852170   99.87%
Tlb-Load-Misses:        13355874    0.13%
Tlb-Load-Accesses:   10069208044  100.00%

Tlb-Store-Hits:        5074984223   99.92%
Tlb-Store-Misses:         4178353    0.08%
Tlb-Store-Accesses:    5079162576  100.00%

Tlb-Total-Hits:       15130836393   99.88%
Tlb-Total-Misses:        17534227    0.12%
Tlb-Total-Accesses:   15148370620  100.00%



--------
Two level Cache hierarchy
--------
  L1-Data Cache:
    Size(KB):          32
    Block Size(B):     64
    Associativity:      8

  L2-Data Cache:
    Size(KB):        1024
    Block Size(B):    128
    Associativity:      8

Latencies:    1   10  250
L1-Sets:   64 - LRU - assoc:   8
L2-Sets: 1024 - LRU - assoc:   8
Store_allocation: Yes
L2_inclusive: Yes
L2_prefetching: Yes ( 64)

L1 Cache Stats:
L1-Load-Hits:       10016747721   99.48%
L1-Load-Misses:        52460323    0.52%
L1-Load-Accesses:   10069208044  100.00%

L1-Store-Hits:        5068343504   99.79%
L1-Store-Misses:        10819072    0.21%
L1-Store-Accesses:    5079162576  100.00%

L1-Total-Hits:       15085091225   99.58%
L1-Total-Misses:        63279395    0.42%
L1-Total-Accesses:   15148370620  100.00%

L2 Cache Stats:
L2-Load-Hits:          44645610   85.10%
L2-Load-Misses:         7814713   14.90%
L2-Load-Accesses:      52460323  100.00%

L2-Store-Hits:           8054611   74.45%
L2-Store-Misses:         2764461   25.55%
L2-Store-Accesses:      10819072  100.00%

L2-Total-Hits:          52700221   83.28%
L2-Total-Misses:        10579174   16.72%
L2-Total-Accesses:      63279395  100.00%

