--------
Total Statistics
--------
Total Instructions: 32396750860
Total Cycles: 52600916081
IPC: 0.615897

--------
Single level Tlb hierarchy
--------
  Data Tlb:
    Entries:          64
    Page Size(B):   4096
    Associativity:      4

Latencies:    0  150
Tlb-Sets:   16 - LRU - assoc:   4

Tlb Stats:
Tlb-Load-Hits:       10055142581   99.86%
Tlb-Load-Misses:        14065456    0.14%
Tlb-Load-Accesses:   10069208037  100.00%

Tlb-Store-Hits:        5074351782   99.91%
Tlb-Store-Misses:         4810792    0.09%
Tlb-Store-Accesses:    5079162574  100.00%

Tlb-Total-Hits:       15129494363   99.88%
Tlb-Total-Misses:        18876248    0.12%
Tlb-Total-Accesses:   15148370611  100.00%



--------
Two level Cache hierarchy
--------
  L1-Data Cache:
    Size(KB):          32
    Block Size(B):     64
    Associativity:      8

  L2-Data Cache:
    Size(KB):        1024
    Block Size(B):    128
    Associativity:      8

Latencies:    1   10  250
L1-Sets:   64 - LRU - assoc:   8
L2-Sets: 1024 - LRU - assoc:   8
Store_allocation: Yes
L2_inclusive: Yes
L2_prefetching: Yes (  4)

L1 Cache Stats:
L1-Load-Hits:       10018501800   99.50%
L1-Load-Misses:        50706237    0.50%
L1-Load-Accesses:   10069208037  100.00%

L1-Store-Hits:        5070463620   99.83%
L1-Store-Misses:         8698954    0.17%
L1-Store-Accesses:    5079162574  100.00%

L1-Total-Hits:       15088965420   99.61%
L1-Total-Misses:        59405191    0.39%
L1-Total-Accesses:   15148370611  100.00%

L2 Cache Stats:
L2-Load-Hits:          44997968   88.74%
L2-Load-Misses:         5708269   11.26%
L2-Load-Accesses:      50706237  100.00%

L2-Store-Hits:           7886001   90.65%
L2-Store-Misses:          812953    9.35%
L2-Store-Accesses:       8698954  100.00%

L2-Total-Hits:          52883969   89.02%
L2-Total-Misses:         6521222   10.98%
L2-Total-Accesses:      59405191  100.00%

