--------
Total Statistics
--------
Total Instructions: 7601190113
Total Cycles: 10864994479
IPC: 0.699604

--------
Single level Tlb hierarchy
--------
  Data Tlb:
    Entries:          64
    Page Size(B):   4096
    Associativity:      4

Latencies:    0  150
Tlb-Sets:   16 - LRU - assoc:   4

Tlb Stats:
Tlb-Load-Hits:        2027579276   99.97%
Tlb-Load-Misses:          568016    0.03%
Tlb-Load-Accesses:    2028147292  100.00%

Tlb-Store-Hits:        1026537596   99.99%
Tlb-Store-Misses:           53518    0.01%
Tlb-Store-Accesses:    1026591114  100.00%

Tlb-Total-Hits:        3054116872   99.98%
Tlb-Total-Misses:          621534    0.02%
Tlb-Total-Accesses:    3054738406  100.00%



--------
Two level Cache hierarchy
--------
  L1-Data Cache:
    Size(KB):          32
    Block Size(B):     64
    Associativity:      8

  L2-Data Cache:
    Size(KB):        1024
    Block Size(B):    128
    Associativity:      8

Latencies:    1   10  250
L1-Sets:   64 - LRU - assoc:   8
L2-Sets: 1024 - LRU - assoc:   8
Store_allocation: Yes
L2_inclusive: Yes
L2_prefetching: Yes ( 16)

L1 Cache Stats:
L1-Load-Hits:        2025027731   99.85%
L1-Load-Misses:         3119561    0.15%
L1-Load-Accesses:    2028147292  100.00%

L1-Store-Hits:        1026143814   99.96%
L1-Store-Misses:          447300    0.04%
L1-Store-Accesses:    1026591114  100.00%

L1-Total-Hits:        3051171545   99.88%
L1-Total-Misses:         3566861    0.12%
L1-Total-Accesses:    3054738406  100.00%

L2 Cache Stats:
L2-Load-Hits:           2812520   90.16%
L2-Load-Misses:          307041    9.84%
L2-Load-Accesses:       3119561  100.00%

L2-Store-Hits:            433672   96.95%
L2-Store-Misses:           13628    3.05%
L2-Store-Accesses:        447300  100.00%

L2-Total-Hits:           3246192   91.01%
L2-Total-Misses:          320669    8.99%
L2-Total-Accesses:       3566861  100.00%

