--------
Total Statistics
--------
Total Instructions: 7601190113
Total Cycles: 10887278109
IPC: 0.698172

--------
Single level Tlb hierarchy
--------
  Data Tlb:
    Entries:          64
    Page Size(B):   4096
    Associativity:      4

Latencies:    0  150
Tlb-Sets:   16 - LRU - assoc:   4

Tlb Stats:
Tlb-Load-Hits:        2027559009   99.97%
Tlb-Load-Misses:          588283    0.03%
Tlb-Load-Accesses:    2028147292  100.00%

Tlb-Store-Hits:        1026534793   99.99%
Tlb-Store-Misses:           56321    0.01%
Tlb-Store-Accesses:    1026591114  100.00%

Tlb-Total-Hits:        3054093802   99.98%
Tlb-Total-Misses:          644604    0.02%
Tlb-Total-Accesses:    3054738406  100.00%



--------
Two level Cache hierarchy
--------
  L1-Data Cache:
    Size(KB):          32
    Block Size(B):     64
    Associativity:      8

  L2-Data Cache:
    Size(KB):        1024
    Block Size(B):    128
    Associativity:      8

Latencies:    1   10  250
L1-Sets:   64 - LRU - assoc:   8
L2-Sets: 1024 - LRU - assoc:   8
Store_allocation: Yes
L2_inclusive: Yes
L2_prefetching: Yes (  4)

L1 Cache Stats:
L1-Load-Hits:        2024943171   99.84%
L1-Load-Misses:         3204121    0.16%
L1-Load-Accesses:    2028147292  100.00%

L1-Store-Hits:        1026091086   99.95%
L1-Store-Misses:          500028    0.05%
L1-Store-Accesses:    1026591114  100.00%

L1-Total-Hits:        3051034257   99.88%
L1-Total-Misses:         3704149    0.12%
L1-Total-Accesses:    3054738406  100.00%

L2 Cache Stats:
L2-Load-Hits:           2852933   89.04%
L2-Load-Misses:          351188   10.96%
L2-Load-Accesses:       3204121  100.00%

L2-Store-Hits:            460746   92.14%
L2-Store-Misses:           39282    7.86%
L2-Store-Accesses:        500028  100.00%

L2-Total-Hits:           3313679   89.46%
L2-Total-Misses:          390470   10.54%
L2-Total-Accesses:       3704149  100.00%

