--------
Total Statistics
--------
Total Instructions: 7601190132
Total Cycles: 10942376877
IPC: 0.694656

--------
Single level Tlb hierarchy
--------
  Data Tlb:
    Entries:          64
    Page Size(B):   4096
    Associativity:      4

Latencies:    0  150
Tlb-Sets:   16 - LRU - assoc:   4

Tlb Stats:
Tlb-Load-Hits:        2027583943   99.97%
Tlb-Load-Misses:          563356    0.03%
Tlb-Load-Accesses:    2028147299  100.00%

Tlb-Store-Hits:        1026537725   99.99%
Tlb-Store-Misses:           53391    0.01%
Tlb-Store-Accesses:    1026591116  100.00%

Tlb-Total-Hits:        3054121668   99.98%
Tlb-Total-Misses:          616747    0.02%
Tlb-Total-Accesses:    3054738415  100.00%



--------
Two level Cache hierarchy
--------
  L1-Data Cache:
    Size(KB):          32
    Block Size(B):     64
    Associativity:      8

  L2-Data Cache:
    Size(KB):        1024
    Block Size(B):    128
    Associativity:      8

Latencies:    1   10  250
L1-Sets:   64 - LRU - assoc:   8
L2-Sets: 1024 - LRU - assoc:   8
Store_allocation: Yes
L2_inclusive: Yes
L2_prefetching: Yes (  1)

L1 Cache Stats:
L1-Load-Hits:        2024779502   99.83%
L1-Load-Misses:         3367797    0.17%
L1-Load-Accesses:    2028147299  100.00%

L1-Store-Hits:        1026042835   99.95%
L1-Store-Misses:          548281    0.05%
L1-Store-Accesses:    1026591116  100.00%

L1-Total-Hits:        3050822337   99.87%
L1-Total-Misses:         3916078    0.13%
L1-Total-Accesses:    3054738415  100.00%

L2 Cache Stats:
L2-Load-Hits:           2846327   84.52%
L2-Load-Misses:          521470   15.48%
L2-Load-Accesses:       3367797  100.00%

L2-Store-Hits:            450649   82.19%
L2-Store-Misses:           97632   17.81%
L2-Store-Accesses:        548281  100.00%

L2-Total-Hits:           3296976   84.19%
L2-Total-Misses:          619102   15.81%
L2-Total-Accesses:       3916078  100.00%

