--------
Total Statistics
--------
Total Instructions: 7601190113
Total Cycles: 10910593529
IPC: 0.69668

--------
Single level Tlb hierarchy
--------
  Data Tlb:
    Entries:          64
    Page Size(B):   4096
    Associativity:      4

Latencies:    0  150
Tlb-Sets:   16 - LRU - assoc:   4

Tlb Stats:
Tlb-Load-Hits:        2027579407   99.97%
Tlb-Load-Misses:          567885    0.03%
Tlb-Load-Accesses:    2028147292  100.00%

Tlb-Store-Hits:        1026537597   99.99%
Tlb-Store-Misses:           53517    0.01%
Tlb-Store-Accesses:    1026591114  100.00%

Tlb-Total-Hits:        3054117004   99.98%
Tlb-Total-Misses:          621402    0.02%
Tlb-Total-Accesses:    3054738406  100.00%



--------
Two level Cache hierarchy
--------
  L1-Data Cache:
    Size(KB):          32
    Block Size(B):     64
    Associativity:      8

  L2-Data Cache:
    Size(KB):        1024
    Block Size(B):    128
    Associativity:      8

Latencies:    1   10  250
L1-Sets:   64 - LRU - assoc:   8
L2-Sets: 1024 - LRU - assoc:   8
Store_allocation: Yes
L2_inclusive: Yes
L2_prefetching: Yes (  2)

L1 Cache Stats:
L1-Load-Hits:        2024868529   99.84%
L1-Load-Misses:         3278763    0.16%
L1-Load-Accesses:    2028147292  100.00%

L1-Store-Hits:        1026080206   99.95%
L1-Store-Misses:          510908    0.05%
L1-Store-Accesses:    1026591114  100.00%

L1-Total-Hits:        3050948735   99.88%
L1-Total-Misses:         3789671    0.12%
L1-Total-Accesses:    3054738406  100.00%

L2 Cache Stats:
L2-Load-Hits:           2849683   86.91%
L2-Load-Misses:          429080   13.09%
L2-Load-Accesses:       3278763  100.00%

L2-Store-Hits:            445756   87.25%
L2-Store-Misses:           65152   12.75%
L2-Store-Accesses:        510908  100.00%

L2-Total-Hits:           3295439   86.96%
L2-Total-Misses:          494232   13.04%
L2-Total-Accesses:       3789671  100.00%

