--------
Total Statistics
--------
Total Instructions: 7601190113
Total Cycles: 10868125139
IPC: 0.699402

--------
Single level Tlb hierarchy
--------
  Data Tlb:
    Entries:          64
    Page Size(B):   4096
    Associativity:      4

Latencies:    0  150
Tlb-Sets:   16 - LRU - assoc:   4

Tlb Stats:
Tlb-Load-Hits:        2027569475   99.97%
Tlb-Load-Misses:          577817    0.03%
Tlb-Load-Accesses:    2028147292  100.00%

Tlb-Store-Hits:        1026537398   99.99%
Tlb-Store-Misses:           53716    0.01%
Tlb-Store-Accesses:    1026591114  100.00%

Tlb-Total-Hits:        3054106873   99.98%
Tlb-Total-Misses:          631533    0.02%
Tlb-Total-Accesses:    3054738406  100.00%



--------
Two level Cache hierarchy
--------
  L1-Data Cache:
    Size(KB):          32
    Block Size(B):     64
    Associativity:      8

  L2-Data Cache:
    Size(KB):        1024
    Block Size(B):    128
    Associativity:      8

Latencies:    1   10  250
L1-Sets:   64 - LRU - assoc:   8
L2-Sets: 1024 - LRU - assoc:   8
Store_allocation: Yes
L2_inclusive: Yes
L2_prefetching: Yes ( 32)

L1 Cache Stats:
L1-Load-Hits:        2025115736   99.85%
L1-Load-Misses:         3031556    0.15%
L1-Load-Accesses:    2028147292  100.00%

L1-Store-Hits:        1026148978   99.96%
L1-Store-Misses:          442136    0.04%
L1-Store-Accesses:    1026591114  100.00%

L1-Total-Hits:        3051264714   99.89%
L1-Total-Misses:         3473692    0.11%
L1-Total-Accesses:    3054738406  100.00%

L2 Cache Stats:
L2-Load-Hits:           2710055   89.39%
L2-Load-Misses:          321501   10.61%
L2-Load-Accesses:       3031556  100.00%

L2-Store-Hits:            432718   97.87%
L2-Store-Misses:            9418    2.13%
L2-Store-Accesses:        442136  100.00%

L2-Total-Hits:           3142773   90.47%
L2-Total-Misses:          330919    9.53%
L2-Total-Accesses:       3473692  100.00%

