--------
Total Statistics
--------
Total Instructions: 7601190113
Total Cycles: 10875107699
IPC: 0.698953

--------
Single level Tlb hierarchy
--------
  Data Tlb:
    Entries:          64
    Page Size(B):   4096
    Associativity:      4

Latencies:    0  150
Tlb-Sets:   16 - LRU - assoc:   4

Tlb Stats:
Tlb-Load-Hits:        2027536605   99.97%
Tlb-Load-Misses:          610687    0.03%
Tlb-Load-Accesses:    2028147292  100.00%

Tlb-Store-Hits:        1026533452   99.99%
Tlb-Store-Misses:           57662    0.01%
Tlb-Store-Accesses:    1026591114  100.00%

Tlb-Total-Hits:        3054070057   99.98%
Tlb-Total-Misses:          668349    0.02%
Tlb-Total-Accesses:    3054738406  100.00%



--------
Two level Cache hierarchy
--------
  L1-Data Cache:
    Size(KB):          32
    Block Size(B):     64
    Associativity:      8

  L2-Data Cache:
    Size(KB):        1024
    Block Size(B):    128
    Associativity:      8

Latencies:    1   10  250
L1-Sets:   64 - LRU - assoc:   8
L2-Sets: 1024 - LRU - assoc:   8
Store_allocation: Yes
L2_inclusive: Yes
L2_prefetching: Yes (  8)

L1 Cache Stats:
L1-Load-Hits:        2025003329   99.84%
L1-Load-Misses:         3143963    0.16%
L1-Load-Accesses:    2028147292  100.00%

L1-Store-Hits:        1026129894   99.96%
L1-Store-Misses:          461220    0.04%
L1-Store-Accesses:    1026591114  100.00%

L1-Total-Hits:        3051133223   99.88%
L1-Total-Misses:         3605183    0.12%
L1-Total-Accesses:    3054738406  100.00%

L2 Cache Stats:
L2-Load-Hits:           2835481   90.19%
L2-Load-Misses:          308482    9.81%
L2-Load-Accesses:       3143963  100.00%

L2-Store-Hits:            438202   95.01%
L2-Store-Misses:           23018    4.99%
L2-Store-Accesses:        461220  100.00%

L2-Total-Hits:           3273683   90.80%
L2-Total-Misses:          331500    9.20%
L2-Total-Accesses:       3605183  100.00%

