--------
Total Statistics
--------
Total Instructions: 19459131640
Total Cycles: 42976079137
IPC: 0.45279

--------
Single level Tlb hierarchy
--------
  Data Tlb:
    Entries:          64
    Page Size(B):   4096
    Associativity:      4

Latencies:    0  150
Tlb-Sets:   16 - LRU - assoc:   4

Tlb Stats:
Tlb-Load-Hits:        8360146992   99.60%
Tlb-Load-Misses:        33347299    0.40%
Tlb-Load-Accesses:    8393494291  100.00%

Tlb-Store-Hits:          83426594   99.83%
Tlb-Store-Misses:          144302    0.17%
Tlb-Store-Accesses:      83570896  100.00%

Tlb-Total-Hits:        8443573586   99.60%
Tlb-Total-Misses:        33491601    0.40%
Tlb-Total-Accesses:    8477065187  100.00%



--------
Two level Cache hierarchy
--------
  L1-Data Cache:
    Size(KB):          32
    Block Size(B):     64
    Associativity:      8

  L2-Data Cache:
    Size(KB):        1024
    Block Size(B):    128
    Associativity:      8

Latencies:    1   10  250
L1-Sets:   64 - LRU - assoc:   8
L2-Sets: 1024 - LRU - assoc:   8
Store_allocation: Yes
L2_inclusive: Yes
L2_prefetching: Yes ( 64)

L1 Cache Stats:
L1-Load-Hits:        8077545529   96.24%
L1-Load-Misses:       315948762    3.76%
L1-Load-Accesses:    8393494291  100.00%

L1-Store-Hits:          82358542   98.55%
L1-Store-Misses:         1212354    1.45%
L1-Store-Accesses:      83570896  100.00%

L1-Total-Hits:        8159904071   96.26%
L1-Total-Misses:       317161116    3.74%
L1-Total-Accesses:    8477065187  100.00%

L2 Cache Stats:
L2-Load-Hits:         288709575   91.38%
L2-Load-Misses:        27239187    8.62%
L2-Load-Accesses:     315948762  100.00%

L2-Store-Hits:           1073417   88.54%
L2-Store-Misses:          138937   11.46%
L2-Store-Accesses:       1212354  100.00%

L2-Total-Hits:         289782992   91.37%
L2-Total-Misses:        27378124    8.63%
L2-Total-Accesses:     317161116  100.00%

