--------
Total Statistics
--------
Total Instructions: 19459131659
Total Cycles: 44083514235
IPC: 0.441415

--------
Single level Tlb hierarchy
--------
  Data Tlb:
    Entries:          64
    Page Size(B):   4096
    Associativity:      4

Latencies:    0  150
Tlb-Sets:   16 - LRU - assoc:   4

Tlb Stats:
Tlb-Load-Hits:        8360135577   99.60%
Tlb-Load-Misses:        33358721    0.40%
Tlb-Load-Accesses:    8393494298  100.00%

Tlb-Store-Hits:          83432215   99.83%
Tlb-Store-Misses:          138683    0.17%
Tlb-Store-Accesses:      83570898  100.00%

Tlb-Total-Hits:        8443567792   99.60%
Tlb-Total-Misses:        33497404    0.40%
Tlb-Total-Accesses:    8477065196  100.00%



--------
Two level Cache hierarchy
--------
  L1-Data Cache:
    Size(KB):          32
    Block Size(B):     64
    Associativity:      8

  L2-Data Cache:
    Size(KB):        1024
    Block Size(B):    128
    Associativity:      8

Latencies:    1   10  250
L1-Sets:   64 - LRU - assoc:   8
L2-Sets: 1024 - LRU - assoc:   8
Store_allocation: Yes
L2_inclusive: Yes
L2_prefetching: Yes (  4)

L1 Cache Stats:
L1-Load-Hits:        8069408265   96.14%
L1-Load-Misses:       324086033    3.86%
L1-Load-Accesses:    8393494298  100.00%

L1-Store-Hits:          82349153   98.54%
L1-Store-Misses:         1221745    1.46%
L1-Store-Accesses:      83570898  100.00%

L1-Total-Hits:        8151757418   96.16%
L1-Total-Misses:       325307778    3.84%
L1-Total-Accesses:    8477065196  100.00%

L2 Cache Stats:
L2-Load-Hits:         292708399   90.32%
L2-Load-Misses:        31377634    9.68%
L2-Load-Accesses:     324086033  100.00%

L2-Store-Hits:           1120863   91.74%
L2-Store-Misses:          100882    8.26%
L2-Store-Accesses:       1221745  100.00%

L2-Total-Hits:         293829262   90.32%
L2-Total-Misses:        31478516    9.68%
L2-Total-Accesses:     325307778  100.00%

