--------
Total Statistics
--------
Total Instructions: 19459131640
Total Cycles: 43613128967
IPC: 0.446176

--------
Single level Tlb hierarchy
--------
  Data Tlb:
    Entries:          64
    Page Size(B):   4096
    Associativity:      4

Latencies:    0  150
Tlb-Sets:   16 - LRU - assoc:   4

Tlb Stats:
Tlb-Load-Hits:        8360123917   99.60%
Tlb-Load-Misses:        33370374    0.40%
Tlb-Load-Accesses:    8393494291  100.00%

Tlb-Store-Hits:          83427869   99.83%
Tlb-Store-Misses:          143027    0.17%
Tlb-Store-Accesses:      83570896  100.00%

Tlb-Total-Hits:        8443551786   99.60%
Tlb-Total-Misses:        33513401    0.40%
Tlb-Total-Accesses:    8477065187  100.00%



--------
Two level Cache hierarchy
--------
  L1-Data Cache:
    Size(KB):          32
    Block Size(B):     64
    Associativity:      8

  L2-Data Cache:
    Size(KB):        1024
    Block Size(B):    128
    Associativity:      8

Latencies:    1   10  250
L1-Sets:   64 - LRU - assoc:   8
L2-Sets: 1024 - LRU - assoc:   8
Store_allocation: Yes
L2_inclusive: Yes
L2_prefetching: Yes (  8)

L1 Cache Stats:
L1-Load-Hits:        8071492611   96.16%
L1-Load-Misses:       322001680    3.84%
L1-Load-Accesses:    8393494291  100.00%

L1-Store-Hits:          82373302   98.57%
L1-Store-Misses:         1197594    1.43%
L1-Store-Accesses:      83570896  100.00%

L1-Total-Hits:        8153865913   96.19%
L1-Total-Misses:       323199274    3.81%
L1-Total-Accesses:    8477065187  100.00%

L2 Cache Stats:
L2-Load-Hits:         292400214   90.81%
L2-Load-Misses:        29601466    9.19%
L2-Load-Accesses:     322001680  100.00%

L2-Store-Hits:           1127343   94.13%
L2-Store-Misses:           70251    5.87%
L2-Store-Accesses:       1197594  100.00%

L2-Total-Hits:         293527557   90.82%
L2-Total-Misses:        29671717    9.18%
L2-Total-Accesses:     323199274  100.00%

