--------
Total Statistics
--------
Total Instructions: 19459131640
Total Cycles: 51679764147
IPC: 0.376533

--------
Single level Tlb hierarchy
--------
  Data Tlb:
    Entries:          64
    Page Size(B):   4096
    Associativity:      4

Latencies:    0  150
Tlb-Sets:   16 - LRU - assoc:   4

Tlb Stats:
Tlb-Load-Hits:        8360152512   99.60%
Tlb-Load-Misses:        33341779    0.40%
Tlb-Load-Accesses:    8393494291  100.00%

Tlb-Store-Hits:          83422037   99.82%
Tlb-Store-Misses:          148859    0.18%
Tlb-Store-Accesses:      83570896  100.00%

Tlb-Total-Hits:        8443574549   99.60%
Tlb-Total-Misses:        33490638    0.40%
Tlb-Total-Accesses:    8477065187  100.00%



--------
Two level Cache hierarchy
--------
  L1-Data Cache:
    Size(KB):          32
    Block Size(B):     64
    Associativity:      8

  L2-Data Cache:
    Size(KB):        1024
    Block Size(B):    128
    Associativity:      8

Latencies:    1   10  250
L1-Sets:   64 - LRU - assoc:   8
L2-Sets: 1024 - LRU - assoc:   8
Store_allocation: Yes
L2_inclusive: Yes
L2_prefetching: Yes (  2)

L1 Cache Stats:
L1-Load-Hits:        8037848952   95.76%
L1-Load-Misses:       355645339    4.24%
L1-Load-Accesses:    8393494291  100.00%

L1-Store-Hits:          82157373   98.31%
L1-Store-Misses:         1413523    1.69%
L1-Store-Accesses:      83570896  100.00%

L1-Total-Hits:        8120006325   95.79%
L1-Total-Misses:       357058862    4.21%
L1-Total-Accesses:    8477065187  100.00%

L2 Cache Stats:
L2-Load-Hits:         295213236   83.01%
L2-Load-Misses:        60432103   16.99%
L2-Load-Accesses:     355645339  100.00%

L2-Store-Hits:           1248094   88.30%
L2-Store-Misses:          165429   11.70%
L2-Store-Accesses:       1413523  100.00%

L2-Total-Hits:         296461330   83.03%
L2-Total-Misses:        60597532   16.97%
L2-Total-Accesses:     357058862  100.00%

