--------
Total Statistics
--------
Total Instructions: 19459131640
Total Cycles: 59282070027
IPC: 0.328246

--------
Single level Tlb hierarchy
--------
  Data Tlb:
    Entries:          64
    Page Size(B):   4096
    Associativity:      4

Latencies:    0  150
Tlb-Sets:   16 - LRU - assoc:   4

Tlb Stats:
Tlb-Load-Hits:        8360101370   99.60%
Tlb-Load-Misses:        33392921    0.40%
Tlb-Load-Accesses:    8393494291  100.00%

Tlb-Store-Hits:          83431355   99.83%
Tlb-Store-Misses:          139541    0.17%
Tlb-Store-Accesses:      83570896  100.00%

Tlb-Total-Hits:        8443532725   99.60%
Tlb-Total-Misses:        33532462    0.40%
Tlb-Total-Accesses:    8477065187  100.00%



--------
Two level Cache hierarchy
--------
  L1-Data Cache:
    Size(KB):          32
    Block Size(B):     64
    Associativity:      8

  L2-Data Cache:
    Size(KB):        1024
    Block Size(B):    128
    Associativity:      8

Latencies:    1   10  250
L1-Sets:   64 - LRU - assoc:   8
L2-Sets: 1024 - LRU - assoc:   8
Store_allocation: Yes
L2_inclusive: Yes
L2_prefetching: Yes (  1)

L1 Cache Stats:
L1-Load-Hits:        8007466653   95.40%
L1-Load-Misses:       386027638    4.60%
L1-Load-Accesses:    8393494291  100.00%

L1-Store-Hits:          82058419   98.19%
L1-Store-Misses:         1512477    1.81%
L1-Store-Accesses:      83570896  100.00%

L1-Total-Hits:        8089525072   95.43%
L1-Total-Misses:       387540115    4.57%
L1-Total-Accesses:    8477065187  100.00%

L2 Cache Stats:
L2-Load-Hits:         296506181   76.81%
L2-Load-Misses:        89521457   23.19%
L2-Load-Accesses:     386027638  100.00%

L2-Store-Hits:           1271523   84.07%
L2-Store-Misses:          240954   15.93%
L2-Store-Accesses:       1512477  100.00%

L2-Total-Hits:         297777704   76.84%
L2-Total-Misses:        89762411   23.16%
L2-Total-Accesses:     387540115  100.00%

