--------
Total Statistics
--------
Total Instructions: 19459131640
Total Cycles: 43047765347
IPC: 0.452036

--------
Single level Tlb hierarchy
--------
  Data Tlb:
    Entries:          64
    Page Size(B):   4096
    Associativity:      4

Latencies:    0  150
Tlb-Sets:   16 - LRU - assoc:   4

Tlb Stats:
Tlb-Load-Hits:        8360122729   99.60%
Tlb-Load-Misses:        33371562    0.40%
Tlb-Load-Accesses:    8393494291  100.00%

Tlb-Store-Hits:          83419390   99.82%
Tlb-Store-Misses:          151506    0.18%
Tlb-Store-Accesses:      83570896  100.00%

Tlb-Total-Hits:        8443542119   99.60%
Tlb-Total-Misses:        33523068    0.40%
Tlb-Total-Accesses:    8477065187  100.00%



--------
Two level Cache hierarchy
--------
  L1-Data Cache:
    Size(KB):          32
    Block Size(B):     64
    Associativity:      8

  L2-Data Cache:
    Size(KB):        1024
    Block Size(B):    128
    Associativity:      8

Latencies:    1   10  250
L1-Sets:   64 - LRU - assoc:   8
L2-Sets: 1024 - LRU - assoc:   8
Store_allocation: Yes
L2_inclusive: Yes
L2_prefetching: Yes ( 32)

L1 Cache Stats:
L1-Load-Hits:        8077116106   96.23%
L1-Load-Misses:       316378185    3.77%
L1-Load-Accesses:    8393494291  100.00%

L1-Store-Hits:          82381374   98.58%
L1-Store-Misses:         1189522    1.42%
L1-Store-Accesses:      83570896  100.00%

L1-Total-Hits:        8159497480   96.25%
L1-Total-Misses:       317567707    3.75%
L1-Total-Accesses:    8477065187  100.00%

L2 Cache Stats:
L2-Load-Hits:         288843806   91.30%
L2-Load-Misses:        27534379    8.70%
L2-Load-Accesses:     316378185  100.00%

L2-Store-Hits:           1094176   91.98%
L2-Store-Misses:           95346    8.02%
L2-Store-Accesses:       1189522  100.00%

L2-Total-Hits:         289937982   91.30%
L2-Total-Misses:        27629725    8.70%
L2-Total-Accesses:     317567707  100.00%

