--------
Total Statistics
--------
Total Instructions: 19459131640
Total Cycles: 43269392637
IPC: 0.44972

--------
Single level Tlb hierarchy
--------
  Data Tlb:
    Entries:          64
    Page Size(B):   4096
    Associativity:      4

Latencies:    0  150
Tlb-Sets:   16 - LRU - assoc:   4

Tlb Stats:
Tlb-Load-Hits:        8360131721   99.60%
Tlb-Load-Misses:        33362570    0.40%
Tlb-Load-Accesses:    8393494291  100.00%

Tlb-Store-Hits:          83426465   99.83%
Tlb-Store-Misses:          144431    0.17%
Tlb-Store-Accesses:      83570896  100.00%

Tlb-Total-Hits:        8443558186   99.60%
Tlb-Total-Misses:        33507001    0.40%
Tlb-Total-Accesses:    8477065187  100.00%



--------
Two level Cache hierarchy
--------
  L1-Data Cache:
    Size(KB):          32
    Block Size(B):     64
    Associativity:      8

  L2-Data Cache:
    Size(KB):        1024
    Block Size(B):    128
    Associativity:      8

Latencies:    1   10  250
L1-Sets:   64 - LRU - assoc:   8
L2-Sets: 1024 - LRU - assoc:   8
Store_allocation: Yes
L2_inclusive: Yes
L2_prefetching: Yes ( 16)

L1 Cache Stats:
L1-Load-Hits:        8073505923   96.19%
L1-Load-Misses:       319988368    3.81%
L1-Load-Accesses:    8393494291  100.00%

L1-Store-Hits:          82393023   98.59%
L1-Store-Misses:         1177873    1.41%
L1-Store-Accesses:      83570896  100.00%

L1-Total-Hits:        8155898946   96.21%
L1-Total-Misses:       321166241    3.79%
L1-Total-Accesses:    8477065187  100.00%

L2 Cache Stats:
L2-Load-Hits:         291677735   91.15%
L2-Load-Misses:        28310633    8.85%
L2-Load-Accesses:     319988368  100.00%

L2-Store-Hits:           1106573   93.95%
L2-Store-Misses:           71300    6.05%
L2-Store-Accesses:       1177873  100.00%

L2-Total-Hits:         292784308   91.16%
L2-Total-Misses:        28381933    8.84%
L2-Total-Accesses:     321166241  100.00%

