--------
Total Statistics
--------
Total Instructions: 29579686373
Total Cycles: 41137553692
IPC: 0.719043

--------
Single level Tlb hierarchy
--------
  Data Tlb:
    Entries:          64
    Page Size(B):   4096
    Associativity:      4

Latencies:    0  150
Tlb-Sets:   16 - LRU - assoc:   4

Tlb Stats:
Tlb-Load-Hits:        8048552496  100.00%
Tlb-Load-Misses:              73    0.00%
Tlb-Load-Accesses:    8048552569  100.00%

Tlb-Store-Hits:        2325705107  100.00%
Tlb-Store-Misses:             343    0.00%
Tlb-Store-Accesses:    2325705450  100.00%

Tlb-Total-Hits:       10374257603  100.00%
Tlb-Total-Misses:             416    0.00%
Tlb-Total-Accesses:   10374258019  100.00%



--------
Two level Cache hierarchy
--------
  L1-Data Cache:
    Size(KB):          32
    Block Size(B):     64
    Associativity:      8

  L2-Data Cache:
    Size(KB):        1024
    Block Size(B):    128
    Associativity:      8

Latencies:    1   10  250
L1-Sets:   64 - LRU - assoc:   8
L2-Sets: 1024 - LRU - assoc:   8
Store_allocation: Yes
L2_inclusive: Yes
L2_prefetching: Yes (  8)

L1 Cache Stats:
L1-Load-Hits:        7982814922   99.18%
L1-Load-Misses:        65737647    0.82%
L1-Load-Accesses:    8048552569  100.00%

L1-Store-Hits:        2273138282   97.74%
L1-Store-Misses:        52567168    2.26%
L1-Store-Accesses:    2325705450  100.00%

L1-Total-Hits:       10255953204   98.86%
L1-Total-Misses:       118304815    1.14%
L1-Total-Accesses:   10374258019  100.00%

L2 Cache Stats:
L2-Load-Hits:          65737234  100.00%
L2-Load-Misses:             413    0.00%
L2-Load-Accesses:      65737647  100.00%

L2-Store-Hits:          52565586  100.00%
L2-Store-Misses:            1582    0.00%
L2-Store-Accesses:      52567168  100.00%

L2-Total-Hits:         118302820  100.00%
L2-Total-Misses:            1995    0.00%
L2-Total-Accesses:     118304815  100.00%

