--------
Total Statistics
--------
Total Instructions: 29579686373
Total Cycles: 41177257462
IPC: 0.71835

--------
Single level Tlb hierarchy
--------
  Data Tlb:
    Entries:          64
    Page Size(B):   4096
    Associativity:      4

Latencies:    0  150
Tlb-Sets:   16 - LRU - assoc:   4

Tlb Stats:
Tlb-Load-Hits:        8048390817  100.00%
Tlb-Load-Misses:          161752    0.00%
Tlb-Load-Accesses:    8048552569  100.00%

Tlb-Store-Hits:        2325589381  100.00%
Tlb-Store-Misses:          116069    0.00%
Tlb-Store-Accesses:    2325705450  100.00%

Tlb-Total-Hits:       10373980198  100.00%
Tlb-Total-Misses:          277821    0.00%
Tlb-Total-Accesses:   10374258019  100.00%



--------
Two level Cache hierarchy
--------
  L1-Data Cache:
    Size(KB):          32
    Block Size(B):     64
    Associativity:      8

  L2-Data Cache:
    Size(KB):        1024
    Block Size(B):    128
    Associativity:      8

Latencies:    1   10  250
L1-Sets:   64 - LRU - assoc:   8
L2-Sets: 1024 - LRU - assoc:   8
Store_allocation: Yes
L2_inclusive: Yes
L2_prefetching: Yes ( 64)

L1 Cache Stats:
L1-Load-Hits:        7982818374   99.18%
L1-Load-Misses:        65734195    0.82%
L1-Load-Accesses:    8048552569  100.00%

L1-Store-Hits:        2273286053   97.75%
L1-Store-Misses:        52419397    2.25%
L1-Store-Accesses:    2325705450  100.00%

L1-Total-Hits:       10256104427   98.86%
L1-Total-Misses:       118153592    1.14%
L1-Total-Accesses:   10374258019  100.00%

L2 Cache Stats:
L2-Load-Hits:          65734117  100.00%
L2-Load-Misses:              78    0.00%
L2-Load-Accesses:      65734195  100.00%

L2-Store-Hits:          52419059  100.00%
L2-Store-Misses:             338    0.00%
L2-Store-Accesses:      52419397  100.00%

L2-Total-Hits:         118153176  100.00%
L2-Total-Misses:             416    0.00%
L2-Total-Accesses:     118153592  100.00%

