--------
Total Statistics
--------
Total Instructions: 29579686392
Total Cycles: 41146357010
IPC: 0.71889

--------
Single level Tlb hierarchy
--------
  Data Tlb:
    Entries:          64
    Page Size(B):   4096
    Associativity:      4

Latencies:    0  150
Tlb-Sets:   16 - LRU - assoc:   4

Tlb Stats:
Tlb-Load-Hits:        8048474969  100.00%
Tlb-Load-Misses:           77607    0.00%
Tlb-Load-Accesses:    8048552576  100.00%

Tlb-Store-Hits:        2325700099  100.00%
Tlb-Store-Misses:            5353    0.00%
Tlb-Store-Accesses:    2325705452  100.00%

Tlb-Total-Hits:       10374175068  100.00%
Tlb-Total-Misses:           82960    0.00%
Tlb-Total-Accesses:   10374258028  100.00%



--------
Two level Cache hierarchy
--------
  L1-Data Cache:
    Size(KB):          32
    Block Size(B):     64
    Associativity:      8

  L2-Data Cache:
    Size(KB):        1024
    Block Size(B):    128
    Associativity:      8

Latencies:    1   10  250
L1-Sets:   64 - LRU - assoc:   8
L2-Sets: 1024 - LRU - assoc:   8
Store_allocation: Yes
L2_inclusive: Yes
L2_prefetching: Yes ( 16)

L1 Cache Stats:
L1-Load-Hits:        7982804375   99.18%
L1-Load-Misses:        65748201    0.82%
L1-Load-Accesses:    8048552576  100.00%

L1-Store-Hits:        2273483694   97.75%
L1-Store-Misses:        52221758    2.25%
L1-Store-Accesses:    2325705452  100.00%

L1-Total-Hits:       10256288069   98.86%
L1-Total-Misses:       117969959    1.14%
L1-Total-Accesses:   10374258028  100.00%

L2 Cache Stats:
L2-Load-Hits:          65747935  100.00%
L2-Load-Misses:             266    0.00%
L2-Load-Accesses:      65748201  100.00%

L2-Store-Hits:          52220948  100.00%
L2-Store-Misses:             810    0.00%
L2-Store-Accesses:      52221758  100.00%

L2-Total-Hits:         117968883  100.00%
L2-Total-Misses:            1076    0.00%
L2-Total-Accesses:     117969959  100.00%

