--------
Total Statistics
--------
Total Instructions: 29579686373
Total Cycles: 41147639822
IPC: 0.718867

--------
Single level Tlb hierarchy
--------
  Data Tlb:
    Entries:          64
    Page Size(B):   4096
    Associativity:      4

Latencies:    0  150
Tlb-Sets:   16 - LRU - assoc:   4

Tlb Stats:
Tlb-Load-Hits:        8048472204  100.00%
Tlb-Load-Misses:           80365    0.00%
Tlb-Load-Accesses:    8048552569  100.00%

Tlb-Store-Hits:        2325705106  100.00%
Tlb-Store-Misses:             344    0.00%
Tlb-Store-Accesses:    2325705450  100.00%

Tlb-Total-Hits:       10374177310  100.00%
Tlb-Total-Misses:           80709    0.00%
Tlb-Total-Accesses:   10374258019  100.00%



--------
Two level Cache hierarchy
--------
  L1-Data Cache:
    Size(KB):          32
    Block Size(B):     64
    Associativity:      8

  L2-Data Cache:
    Size(KB):        1024
    Block Size(B):    128
    Associativity:      8

Latencies:    1   10  250
L1-Sets:   64 - LRU - assoc:   8
L2-Sets: 1024 - LRU - assoc:   8
Store_allocation: Yes
L2_inclusive: Yes
L2_prefetching: Yes (  4)

L1 Cache Stats:
L1-Load-Hits:        7982645831   99.18%
L1-Load-Misses:        65906738    0.82%
L1-Load-Accesses:    8048552569  100.00%

L1-Store-Hits:        2273525630   97.76%
L1-Store-Misses:        52179820    2.24%
L1-Store-Accesses:    2325705450  100.00%

L1-Total-Hits:       10256171461   98.86%
L1-Total-Misses:       118086558    1.14%
L1-Total-Accesses:   10374258019  100.00%

L2 Cache Stats:
L2-Load-Hits:          65906123  100.00%
L2-Load-Misses:             615    0.00%
L2-Load-Accesses:      65906738  100.00%

L2-Store-Hits:          52177541  100.00%
L2-Store-Misses:            2279    0.00%
L2-Store-Accesses:      52179820  100.00%

L2-Total-Hits:         118083664  100.00%
L2-Total-Misses:            2894    0.00%
L2-Total-Accesses:     118086558  100.00%

