--------
Total Statistics
--------
Total Instructions: 29579686373
Total Cycles: 41208157422
IPC: 0.717811

--------
Single level Tlb hierarchy
--------
  Data Tlb:
    Entries:          64
    Page Size(B):   4096
    Associativity:      4

Latencies:    0  150
Tlb-Sets:   16 - LRU - assoc:   4

Tlb Stats:
Tlb-Load-Hits:        8048126201   99.99%
Tlb-Load-Misses:          426368    0.01%
Tlb-Load-Accesses:    8048552569  100.00%

Tlb-Store-Hits:        2325677541  100.00%
Tlb-Store-Misses:           27909    0.00%
Tlb-Store-Accesses:    2325705450  100.00%

Tlb-Total-Hits:       10373803742  100.00%
Tlb-Total-Misses:          454277    0.00%
Tlb-Total-Accesses:   10374258019  100.00%



--------
Two level Cache hierarchy
--------
  L1-Data Cache:
    Size(KB):          32
    Block Size(B):     64
    Associativity:      8

  L2-Data Cache:
    Size(KB):        1024
    Block Size(B):    128
    Associativity:      8

Latencies:    1   10  250
L1-Sets:   64 - LRU - assoc:   8
L2-Sets: 1024 - LRU - assoc:   8
Store_allocation: Yes
L2_inclusive: Yes
L2_prefetching: Yes ( 32)

L1 Cache Stats:
L1-Load-Hits:        7982697990   99.18%
L1-Load-Misses:        65854579    0.82%
L1-Load-Accesses:    8048552569  100.00%

L1-Store-Hits:        2272968031   97.73%
L1-Store-Misses:        52737419    2.27%
L1-Store-Accesses:    2325705450  100.00%

L1-Total-Hits:       10255666021   98.86%
L1-Total-Misses:       118591998    1.14%
L1-Total-Accesses:   10374258019  100.00%

L2 Cache Stats:
L2-Load-Hits:          65854412  100.00%
L2-Load-Misses:             167    0.00%
L2-Load-Accesses:      65854579  100.00%

L2-Store-Hits:          52736980  100.00%
L2-Store-Misses:             439    0.00%
L2-Store-Accesses:      52737419  100.00%

L2-Total-Hits:         118591392  100.00%
L2-Total-Misses:             606    0.00%
L2-Total-Accesses:     118591998  100.00%

