--------
Total Statistics
--------
Total Instructions: 29579686373
Total Cycles: 41161993342
IPC: 0.718616

--------
Single level Tlb hierarchy
--------
  Data Tlb:
    Entries:          64
    Page Size(B):   4096
    Associativity:      4

Latencies:    0  150
Tlb-Sets:   16 - LRU - assoc:   4

Tlb Stats:
Tlb-Load-Hits:        8048404845  100.00%
Tlb-Load-Misses:          147724    0.00%
Tlb-Load-Accesses:    8048552569  100.00%

Tlb-Store-Hits:        2325700108  100.00%
Tlb-Store-Misses:            5342    0.00%
Tlb-Store-Accesses:    2325705450  100.00%

Tlb-Total-Hits:       10374104953  100.00%
Tlb-Total-Misses:          153066    0.00%
Tlb-Total-Accesses:   10374258019  100.00%



--------
Two level Cache hierarchy
--------
  L1-Data Cache:
    Size(KB):          32
    Block Size(B):     64
    Associativity:      8

  L2-Data Cache:
    Size(KB):        1024
    Block Size(B):    128
    Associativity:      8

Latencies:    1   10  250
L1-Sets:   64 - LRU - assoc:   8
L2-Sets: 1024 - LRU - assoc:   8
Store_allocation: Yes
L2_inclusive: Yes
L2_prefetching: Yes (  2)

L1 Cache Stats:
L1-Load-Hits:        7982759263   99.18%
L1-Load-Misses:        65793306    0.82%
L1-Load-Accesses:    8048552569  100.00%

L1-Store-Hits:        2273097251   97.74%
L1-Store-Misses:        52608199    2.26%
L1-Store-Accesses:    2325705450  100.00%

L1-Total-Hits:       10255856514   98.86%
L1-Total-Misses:       118401505    1.14%
L1-Total-Accesses:   10374258019  100.00%

L2 Cache Stats:
L2-Load-Hits:          65792372  100.00%
L2-Load-Misses:             934    0.00%
L2-Load-Accesses:      65793306  100.00%

L2-Store-Hits:          52604837   99.99%
L2-Store-Misses:            3362    0.01%
L2-Store-Accesses:      52608199  100.00%

L2-Total-Hits:         118397209  100.00%
L2-Total-Misses:            4296    0.00%
L2-Total-Accesses:     118401505  100.00%

