#######################################################################################
Now running benchmark: blackscholes with configuration: 32_4_64. 1/88
#######################################################################################

PARSEC Benchmark Suite Version 3.0-beta-20150206
[HOOKS] PARSEC Hooks Version 1.2
Num of Options: 65536
Num of Runs: 100
Size of data: 2621440
[HOOKS] Entering ROI
[HOOKS] Leaving ROI
[HOOKS] Total time spent in ROI: 45.243s
[HOOKS] Terminating

#######################################################################################
Finished benchmark: blackscholes with configuration: 32_4_64. 1/88
#######################################################################################


#######################################################################################
Now running benchmark: blackscholes with configuration: 32_8_32. 2/88
#######################################################################################

PARSEC Benchmark Suite Version 3.0-beta-20150206
[HOOKS] PARSEC Hooks Version 1.2
Num of Options: 65536
Num of Runs: 100
Size of data: 2621440
[HOOKS] Entering ROI
[HOOKS] Leaving ROI
[HOOKS] Total time spent in ROI: 48.133s
[HOOKS] Terminating

#######################################################################################
Finished benchmark: blackscholes with configuration: 32_8_32. 2/88
#######################################################################################


#######################################################################################
Now running benchmark: blackscholes with configuration: 32_8_64. 3/88
#######################################################################################

PARSEC Benchmark Suite Version 3.0-beta-20150206
[HOOKS] PARSEC Hooks Version 1.2
Num of Options: 65536
Num of Runs: 100
Size of data: 2621440
[HOOKS] Entering ROI
[HOOKS] Leaving ROI
[HOOKS] Total time spent in ROI: 48.716s
[HOOKS] Terminating

#######################################################################################
Finished benchmark: blackscholes with configuration: 32_8_64. 3/88
#######################################################################################


#######################################################################################
Now running benchmark: blackscholes with configuration: 32_8_128. 4/88
#######################################################################################

PARSEC Benchmark Suite Version 3.0-beta-20150206
[HOOKS] PARSEC Hooks Version 1.2
Num of Options: 65536
Num of Runs: 100
Size of data: 2621440
[HOOKS] Entering ROI
[HOOKS] Leaving ROI
[HOOKS] Total time spent in ROI: 49.331s
[HOOKS] Terminating

#######################################################################################
Finished benchmark: blackscholes with configuration: 32_8_128. 4/88
#######################################################################################


#######################################################################################
Now running benchmark: blackscholes with configuration: 64_4_64. 5/88
#######################################################################################

PARSEC Benchmark Suite Version 3.0-beta-20150206
[HOOKS] PARSEC Hooks Version 1.2
Num of Options: 65536
Num of Runs: 100
Size of data: 2621440
[HOOKS] Entering ROI
[HOOKS] Leaving ROI
[HOOKS] Total time spent in ROI: 45.359s
[HOOKS] Terminating

#######################################################################################
Finished benchmark: blackscholes with configuration: 64_4_64. 5/88
#######################################################################################


#######################################################################################
Now running benchmark: blackscholes with configuration: 64_8_32. 6/88
#######################################################################################

PARSEC Benchmark Suite Version 3.0-beta-20150206
[HOOKS] PARSEC Hooks Version 1.2
Num of Options: 65536
Num of Runs: 100
Size of data: 2621440
[HOOKS] Entering ROI
[HOOKS] Leaving ROI
[HOOKS] Total time spent in ROI: 48.189s
[HOOKS] Terminating

#######################################################################################
Finished benchmark: blackscholes with configuration: 64_8_32. 6/88
#######################################################################################


#######################################################################################
Now running benchmark: blackscholes with configuration: 64_8_64. 7/88
#######################################################################################

PARSEC Benchmark Suite Version 3.0-beta-20150206
[HOOKS] PARSEC Hooks Version 1.2
Num of Options: 65536
Num of Runs: 100
Size of data: 2621440
[HOOKS] Entering ROI
[HOOKS] Leaving ROI
[HOOKS] Total time spent in ROI: 48.507s
[HOOKS] Terminating

#######################################################################################
Finished benchmark: blackscholes with configuration: 64_8_64. 7/88
#######################################################################################


#######################################################################################
Now running benchmark: blackscholes with configuration: 64_8_128. 8/88
#######################################################################################

PARSEC Benchmark Suite Version 3.0-beta-20150206
[HOOKS] PARSEC Hooks Version 1.2
Num of Options: 65536
Num of Runs: 100
Size of data: 2621440
[HOOKS] Entering ROI
[HOOKS] Leaving ROI
[HOOKS] Total time spent in ROI: 48.147s
[HOOKS] Terminating

#######################################################################################
Finished benchmark: blackscholes with configuration: 64_8_128. 8/88
#######################################################################################


#######################################################################################
Now running benchmark: blackscholes with configuration: 128_8_32. 9/88
#######################################################################################

PARSEC Benchmark Suite Version 3.0-beta-20150206
[HOOKS] PARSEC Hooks Version 1.2
Num of Options: 65536
Num of Runs: 100
Size of data: 2621440
[HOOKS] Entering ROI
[HOOKS] Leaving ROI
[HOOKS] Total time spent in ROI: 47.050s
[HOOKS] Terminating

#######################################################################################
Finished benchmark: blackscholes with configuration: 128_8_32. 9/88
#######################################################################################


#######################################################################################
Now running benchmark: blackscholes with configuration: 128_8_64. 10/88
#######################################################################################

PARSEC Benchmark Suite Version 3.0-beta-20150206
[HOOKS] PARSEC Hooks Version 1.2
Num of Options: 65536
Num of Runs: 100
Size of data: 2621440
[HOOKS] Entering ROI
[HOOKS] Leaving ROI
[HOOKS] Total time spent in ROI: 48.137s
[HOOKS] Terminating

#######################################################################################
Finished benchmark: blackscholes with configuration: 128_8_64. 10/88
#######################################################################################


#######################################################################################
Now running benchmark: blackscholes with configuration: 128_8_128. 11/88
#######################################################################################

PARSEC Benchmark Suite Version 3.0-beta-20150206
[HOOKS] PARSEC Hooks Version 1.2
Num of Options: 65536
Num of Runs: 100
Size of data: 2621440
[HOOKS] Entering ROI
[HOOKS] Leaving ROI
[HOOKS] Total time spent in ROI: 47.401s
[HOOKS] Terminating

#######################################################################################
Finished benchmark: blackscholes with configuration: 128_8_128. 11/88
#######################################################################################


#######################################################################################
Now running benchmark: bodytrack with configuration: 32_4_64. 12/88
#######################################################################################

PARSEC Benchmark Suite Version 3.0-beta-20150206
[HOOKS] PARSEC Hooks Version 1.2

Running Single Threaded

Using dataset : inputs/sequenceB_4/
4000 particles with 5 annealing layers

[HOOKS] Entering ROI
Processing frame 0
Processing frame 1
Processing frame 2
Processing frame 3
[HOOKS] Leaving ROI
[HOOKS] Total time spent in ROI: 119.100s
[HOOKS] Terminating

#######################################################################################
Finished benchmark: bodytrack with configuration: 32_4_64. 12/88
#######################################################################################


#######################################################################################
Now running benchmark: bodytrack with configuration: 32_8_32. 13/88
#######################################################################################

PARSEC Benchmark Suite Version 3.0-beta-20150206
[HOOKS] PARSEC Hooks Version 1.2

Running Single Threaded

Using dataset : inputs/sequenceB_4/
4000 particles with 5 annealing layers

[HOOKS] Entering ROI
Processing frame 0
Processing frame 1
Processing frame 2
Processing frame 3
[HOOKS] Leaving ROI
[HOOKS] Total time spent in ROI: 127.071s
[HOOKS] Terminating

#######################################################################################
Finished benchmark: bodytrack with configuration: 32_8_32. 13/88
#######################################################################################


#######################################################################################
Now running benchmark: bodytrack with configuration: 32_8_64. 14/88
#######################################################################################

PARSEC Benchmark Suite Version 3.0-beta-20150206
[HOOKS] PARSEC Hooks Version 1.2

Running Single Threaded

Using dataset : inputs/sequenceB_4/
4000 particles with 5 annealing layers

[HOOKS] Entering ROI
Processing frame 0
Processing frame 1
Processing frame 2
Processing frame 3
[HOOKS] Leaving ROI
[HOOKS] Total time spent in ROI: 126.688s
[HOOKS] Terminating

#######################################################################################
Finished benchmark: bodytrack with configuration: 32_8_64. 14/88
#######################################################################################


#######################################################################################
Now running benchmark: bodytrack with configuration: 32_8_128. 15/88
#######################################################################################

PARSEC Benchmark Suite Version 3.0-beta-20150206
[HOOKS] PARSEC Hooks Version 1.2

Running Single Threaded

Using dataset : inputs/sequenceB_4/
4000 particles with 5 annealing layers

[HOOKS] Entering ROI
Processing frame 0
Processing frame 1
Processing frame 2
Processing frame 3
[HOOKS] Leaving ROI
[HOOKS] Total time spent in ROI: 133.005s
[HOOKS] Terminating

#######################################################################################
Finished benchmark: bodytrack with configuration: 32_8_128. 15/88
#######################################################################################


#######################################################################################
Now running benchmark: bodytrack with configuration: 64_4_64. 16/88
#######################################################################################

PARSEC Benchmark Suite Version 3.0-beta-20150206
[HOOKS] PARSEC Hooks Version 1.2

Running Single Threaded

Using dataset : inputs/sequenceB_4/
4000 particles with 5 annealing layers

[HOOKS] Entering ROI
Processing frame 0
Processing frame 1
Processing frame 2
Processing frame 3
[HOOKS] Leaving ROI
[HOOKS] Total time spent in ROI: 126.401s
[HOOKS] Terminating

#######################################################################################
Finished benchmark: bodytrack with configuration: 64_4_64. 16/88
#######################################################################################


#######################################################################################
Now running benchmark: bodytrack with configuration: 64_8_32. 17/88
#######################################################################################

PARSEC Benchmark Suite Version 3.0-beta-20150206
[HOOKS] PARSEC Hooks Version 1.2

Running Single Threaded

Using dataset : inputs/sequenceB_4/
4000 particles with 5 annealing layers

[HOOKS] Entering ROI
Processing frame 0
Processing frame 1
Processing frame 2
Processing frame 3
[HOOKS] Leaving ROI
[HOOKS] Total time spent in ROI: 125.219s
[HOOKS] Terminating

#######################################################################################
Finished benchmark: bodytrack with configuration: 64_8_32. 17/88
#######################################################################################


#######################################################################################
Now running benchmark: bodytrack with configuration: 64_8_64. 18/88
#######################################################################################

PARSEC Benchmark Suite Version 3.0-beta-20150206
[HOOKS] PARSEC Hooks Version 1.2

Running Single Threaded

Using dataset : inputs/sequenceB_4/
4000 particles with 5 annealing layers

[HOOKS] Entering ROI
Processing frame 0
Processing frame 1
Processing frame 2
Processing frame 3
[HOOKS] Leaving ROI
[HOOKS] Total time spent in ROI: 126.387s
[HOOKS] Terminating

#######################################################################################
Finished benchmark: bodytrack with configuration: 64_8_64. 18/88
#######################################################################################


#######################################################################################
Now running benchmark: bodytrack with configuration: 64_8_128. 19/88
#######################################################################################

PARSEC Benchmark Suite Version 3.0-beta-20150206
[HOOKS] PARSEC Hooks Version 1.2

Running Single Threaded

Using dataset : inputs/sequenceB_4/
4000 particles with 5 annealing layers

[HOOKS] Entering ROI
Processing frame 0
Processing frame 1
Processing frame 2
Processing frame 3
[HOOKS] Leaving ROI
[HOOKS] Total time spent in ROI: 133.052s
[HOOKS] Terminating

#######################################################################################
Finished benchmark: bodytrack with configuration: 64_8_128. 19/88
#######################################################################################


#######################################################################################
Now running benchmark: bodytrack with configuration: 128_8_32. 20/88
#######################################################################################

PARSEC Benchmark Suite Version 3.0-beta-20150206
[HOOKS] PARSEC Hooks Version 1.2

Running Single Threaded

Using dataset : inputs/sequenceB_4/
4000 particles with 5 annealing layers

[HOOKS] Entering ROI
Processing frame 0
Processing frame 1
Processing frame 2
Processing frame 3
[HOOKS] Leaving ROI
[HOOKS] Total time spent in ROI: 124.073s
[HOOKS] Terminating

#######################################################################################
Finished benchmark: bodytrack with configuration: 128_8_32. 20/88
#######################################################################################


#######################################################################################
Now running benchmark: bodytrack with configuration: 128_8_64. 21/88
#######################################################################################

PARSEC Benchmark Suite Version 3.0-beta-20150206
[HOOKS] PARSEC Hooks Version 1.2

Running Single Threaded

Using dataset : inputs/sequenceB_4/
4000 particles with 5 annealing layers

[HOOKS] Entering ROI
Processing frame 0
Processing frame 1
Processing frame 2
Processing frame 3
[HOOKS] Leaving ROI
[HOOKS] Total time spent in ROI: 123.155s
[HOOKS] Terminating

#######################################################################################
Finished benchmark: bodytrack with configuration: 128_8_64. 21/88
#######################################################################################


#######################################################################################
Now running benchmark: bodytrack with configuration: 128_8_128. 22/88
#######################################################################################

PARSEC Benchmark Suite Version 3.0-beta-20150206
[HOOKS] PARSEC Hooks Version 1.2

Running Single Threaded

Using dataset : inputs/sequenceB_4/
4000 particles with 5 annealing layers

[HOOKS] Entering ROI
Processing frame 0
Processing frame 1
Processing frame 2
Processing frame 3
[HOOKS] Leaving ROI
[HOOKS] Total time spent in ROI: 127.780s
[HOOKS] Terminating

#######################################################################################
Finished benchmark: bodytrack with configuration: 128_8_128. 22/88
#######################################################################################


#######################################################################################
Now running benchmark: canneal with configuration: 32_4_64. 23/88
#######################################################################################

PARSEC Benchmark Suite Version 3.0-beta-20150206
[HOOKS] PARSEC Hooks Version 1.2
Threadcount: 1
15000 swaps per temperature step
start temperature: 2000
netlist filename: inputs/400000.nets
number of temperature steps: 128
locs created
locs assigned
Just saw element: 100000
Just saw element: 200000
Just saw element: 300000
Just saw element: 400000
netlist created. 400000 elements.
[HOOKS] Entering ROI
[HOOKS] Leaving ROI
Final routing is: 6.90232e+08
[HOOKS] Total time spent in ROI: 24.316s
[HOOKS] Terminating

#######################################################################################
Finished benchmark: canneal with configuration: 32_4_64. 23/88
#######################################################################################


#######################################################################################
Now running benchmark: canneal with configuration: 32_8_32. 24/88
#######################################################################################

PARSEC Benchmark Suite Version 3.0-beta-20150206
[HOOKS] PARSEC Hooks Version 1.2
Threadcount: 1
15000 swaps per temperature step
start temperature: 2000
netlist filename: inputs/400000.nets
number of temperature steps: 128
locs created
locs assigned
Just saw element: 100000
Just saw element: 200000
Just saw element: 300000
Just saw element: 400000
netlist created. 400000 elements.
[HOOKS] Entering ROI
[HOOKS] Leaving ROI
Final routing is: 6.90232e+08
[HOOKS] Total time spent in ROI: 27.265s
[HOOKS] Terminating

#######################################################################################
Finished benchmark: canneal with configuration: 32_8_32. 24/88
#######################################################################################


#######################################################################################
Now running benchmark: canneal with configuration: 32_8_64. 25/88
#######################################################################################

PARSEC Benchmark Suite Version 3.0-beta-20150206
[HOOKS] PARSEC Hooks Version 1.2
Threadcount: 1
15000 swaps per temperature step
start temperature: 2000
netlist filename: inputs/400000.nets
number of temperature steps: 128
locs created
locs assigned
Just saw element: 100000
Just saw element: 200000
Just saw element: 300000
Just saw element: 400000
netlist created. 400000 elements.
[HOOKS] Entering ROI
[HOOKS] Leaving ROI
Final routing is: 6.90232e+08
[HOOKS] Total time spent in ROI: 26.289s
[HOOKS] Terminating

#######################################################################################
Finished benchmark: canneal with configuration: 32_8_64. 25/88
#######################################################################################


#######################################################################################
Now running benchmark: canneal with configuration: 32_8_128. 26/88
#######################################################################################

PARSEC Benchmark Suite Version 3.0-beta-20150206
[HOOKS] PARSEC Hooks Version 1.2
Threadcount: 1
15000 swaps per temperature step
start temperature: 2000
netlist filename: inputs/400000.nets
number of temperature steps: 128
locs created
locs assigned
Just saw element: 100000
Just saw element: 200000
Just saw element: 300000
Just saw element: 400000
netlist created. 400000 elements.
[HOOKS] Entering ROI
[HOOKS] Leaving ROI
Final routing is: 6.90232e+08
[HOOKS] Total time spent in ROI: 24.048s
[HOOKS] Terminating

#######################################################################################
Finished benchmark: canneal with configuration: 32_8_128. 26/88
#######################################################################################


#######################################################################################
Now running benchmark: canneal with configuration: 64_4_64. 27/88
#######################################################################################

PARSEC Benchmark Suite Version 3.0-beta-20150206
[HOOKS] PARSEC Hooks Version 1.2
Threadcount: 1
15000 swaps per temperature step
start temperature: 2000
netlist filename: inputs/400000.nets
number of temperature steps: 128
locs created
locs assigned
Just saw element: 100000
Just saw element: 200000
Just saw element: 300000
Just saw element: 400000
netlist created. 400000 elements.
[HOOKS] Entering ROI
[HOOKS] Leaving ROI
Final routing is: 6.90232e+08
[HOOKS] Total time spent in ROI: 25.228s
[HOOKS] Terminating

#######################################################################################
Finished benchmark: canneal with configuration: 64_4_64. 27/88
#######################################################################################


#######################################################################################
Now running benchmark: canneal with configuration: 64_8_32. 28/88
#######################################################################################

PARSEC Benchmark Suite Version 3.0-beta-20150206
[HOOKS] PARSEC Hooks Version 1.2
Threadcount: 1
15000 swaps per temperature step
start temperature: 2000
netlist filename: inputs/400000.nets
number of temperature steps: 128
locs created
locs assigned
Just saw element: 100000
Just saw element: 200000
Just saw element: 300000
Just saw element: 400000
netlist created. 400000 elements.
[HOOKS] Entering ROI
[HOOKS] Leaving ROI
Final routing is: 6.90232e+08
[HOOKS] Total time spent in ROI: 26.847s
[HOOKS] Terminating

#######################################################################################
Finished benchmark: canneal with configuration: 64_8_32. 28/88
#######################################################################################


#######################################################################################
Now running benchmark: canneal with configuration: 64_8_64. 29/88
#######################################################################################

PARSEC Benchmark Suite Version 3.0-beta-20150206
[HOOKS] PARSEC Hooks Version 1.2
Threadcount: 1
15000 swaps per temperature step
start temperature: 2000
netlist filename: inputs/400000.nets
number of temperature steps: 128
locs created
locs assigned
Just saw element: 100000
Just saw element: 200000
Just saw element: 300000
Just saw element: 400000
netlist created. 400000 elements.
[HOOKS] Entering ROI
[HOOKS] Leaving ROI
Final routing is: 6.90232e+08
[HOOKS] Total time spent in ROI: 26.173s
[HOOKS] Terminating

#######################################################################################
Finished benchmark: canneal with configuration: 64_8_64. 29/88
#######################################################################################


#######################################################################################
Now running benchmark: canneal with configuration: 64_8_128. 30/88
#######################################################################################

PARSEC Benchmark Suite Version 3.0-beta-20150206
[HOOKS] PARSEC Hooks Version 1.2
Threadcount: 1
15000 swaps per temperature step
start temperature: 2000
netlist filename: inputs/400000.nets
number of temperature steps: 128
locs created
locs assigned
Just saw element: 100000
Just saw element: 200000
Just saw element: 300000
Just saw element: 400000
netlist created. 400000 elements.
[HOOKS] Entering ROI
[HOOKS] Leaving ROI
Final routing is: 6.90232e+08
[HOOKS] Total time spent in ROI: 24.299s
[HOOKS] Terminating

#######################################################################################
Finished benchmark: canneal with configuration: 64_8_128. 30/88
#######################################################################################


#######################################################################################
Now running benchmark: canneal with configuration: 128_8_32. 31/88
#######################################################################################

PARSEC Benchmark Suite Version 3.0-beta-20150206
[HOOKS] PARSEC Hooks Version 1.2
Threadcount: 1
15000 swaps per temperature step
start temperature: 2000
netlist filename: inputs/400000.nets
number of temperature steps: 128
locs created
locs assigned
Just saw element: 100000
Just saw element: 200000
Just saw element: 300000
Just saw element: 400000
netlist created. 400000 elements.
[HOOKS] Entering ROI
[HOOKS] Leaving ROI
Final routing is: 6.90232e+08
[HOOKS] Total time spent in ROI: 27.864s
[HOOKS] Terminating

#######################################################################################
Finished benchmark: canneal with configuration: 128_8_32. 31/88
#######################################################################################


#######################################################################################
Now running benchmark: canneal with configuration: 128_8_64. 32/88
#######################################################################################

PARSEC Benchmark Suite Version 3.0-beta-20150206
[HOOKS] PARSEC Hooks Version 1.2
Threadcount: 1
15000 swaps per temperature step
start temperature: 2000
netlist filename: inputs/400000.nets
number of temperature steps: 128
locs created
locs assigned
Just saw element: 100000
Just saw element: 200000
Just saw element: 300000
Just saw element: 400000
netlist created. 400000 elements.
[HOOKS] Entering ROI
[HOOKS] Leaving ROI
Final routing is: 6.90232e+08
[HOOKS] Total time spent in ROI: 26.969s
[HOOKS] Terminating

#######################################################################################
Finished benchmark: canneal with configuration: 128_8_64. 32/88
#######################################################################################


#######################################################################################
Now running benchmark: canneal with configuration: 128_8_128. 33/88
#######################################################################################

PARSEC Benchmark Suite Version 3.0-beta-20150206
[HOOKS] PARSEC Hooks Version 1.2
Threadcount: 1
15000 swaps per temperature step
start temperature: 2000
netlist filename: inputs/400000.nets
number of temperature steps: 128
locs created
locs assigned
Just saw element: 100000
Just saw element: 200000
Just saw element: 300000
Just saw element: 400000
netlist created. 400000 elements.
[HOOKS] Entering ROI
[HOOKS] Leaving ROI
Final routing is: 6.90232e+08
[HOOKS] Total time spent in ROI: 24.300s
[HOOKS] Terminating

#######################################################################################
Finished benchmark: canneal with configuration: 128_8_128. 33/88
#######################################################################################


#######################################################################################
Now running benchmark: fluidanimate with configuration: 32_4_64. 34/88
#######################################################################################

PARSEC Benchmark Suite Version 3.0-beta-20150206
[HOOKS] PARSEC Hooks Version 1.2
Loading file "inputs/in_300K.fluid"...
Number of cells: 135424
Number of particles: 305809
[HOOKS] Entering ROI
[HOOKS] Leaving ROI
Saving file "out.fluid"...
[HOOKS] Total time spent in ROI: 78.168s
[HOOKS] Terminating

#######################################################################################
Finished benchmark: fluidanimate with configuration: 32_4_64. 34/88
#######################################################################################


#######################################################################################
Now running benchmark: fluidanimate with configuration: 32_8_32. 35/88
#######################################################################################

PARSEC Benchmark Suite Version 3.0-beta-20150206
[HOOKS] PARSEC Hooks Version 1.2
Loading file "inputs/in_300K.fluid"...
Number of cells: 135424
Number of particles: 305809
[HOOKS] Entering ROI
[HOOKS] Leaving ROI
Saving file "out.fluid"...
[HOOKS] Total time spent in ROI: 84.037s
[HOOKS] Terminating

#######################################################################################
Finished benchmark: fluidanimate with configuration: 32_8_32. 35/88
#######################################################################################


#######################################################################################
Now running benchmark: fluidanimate with configuration: 32_8_64. 36/88
#######################################################################################

PARSEC Benchmark Suite Version 3.0-beta-20150206
[HOOKS] PARSEC Hooks Version 1.2
Loading file "inputs/in_300K.fluid"...
Number of cells: 135424
Number of particles: 305809
[HOOKS] Entering ROI
[HOOKS] Leaving ROI
Saving file "out.fluid"...
[HOOKS] Total time spent in ROI: 82.813s
[HOOKS] Terminating

#######################################################################################
Finished benchmark: fluidanimate with configuration: 32_8_64. 36/88
#######################################################################################


#######################################################################################
Now running benchmark: fluidanimate with configuration: 32_8_128. 37/88
#######################################################################################

PARSEC Benchmark Suite Version 3.0-beta-20150206
[HOOKS] PARSEC Hooks Version 1.2
Loading file "inputs/in_300K.fluid"...
Number of cells: 135424
Number of particles: 305809
[HOOKS] Entering ROI
[HOOKS] Leaving ROI
Saving file "out.fluid"...
[HOOKS] Total time spent in ROI: 83.184s
[HOOKS] Terminating

#######################################################################################
Finished benchmark: fluidanimate with configuration: 32_8_128. 37/88
#######################################################################################


#######################################################################################
Now running benchmark: fluidanimate with configuration: 64_4_64. 38/88
#######################################################################################

PARSEC Benchmark Suite Version 3.0-beta-20150206
[HOOKS] PARSEC Hooks Version 1.2
Loading file "inputs/in_300K.fluid"...
Number of cells: 135424
Number of particles: 305809
[HOOKS] Entering ROI
[HOOKS] Leaving ROI
Saving file "out.fluid"...
[HOOKS] Total time spent in ROI: 77.657s
[HOOKS] Terminating

#######################################################################################
Finished benchmark: fluidanimate with configuration: 64_4_64. 38/88
#######################################################################################


#######################################################################################
Now running benchmark: fluidanimate with configuration: 64_8_32. 39/88
#######################################################################################

PARSEC Benchmark Suite Version 3.0-beta-20150206
[HOOKS] PARSEC Hooks Version 1.2
Loading file "inputs/in_300K.fluid"...
Number of cells: 135424
Number of particles: 305809
[HOOKS] Entering ROI
[HOOKS] Leaving ROI
Saving file "out.fluid"...
[HOOKS] Total time spent in ROI: 85.786s
[HOOKS] Terminating

#######################################################################################
Finished benchmark: fluidanimate with configuration: 64_8_32. 39/88
#######################################################################################


#######################################################################################
Now running benchmark: fluidanimate with configuration: 64_8_64. 40/88
#######################################################################################

PARSEC Benchmark Suite Version 3.0-beta-20150206
[HOOKS] PARSEC Hooks Version 1.2
Loading file "inputs/in_300K.fluid"...
Number of cells: 135424
Number of particles: 305809
[HOOKS] Entering ROI
[HOOKS] Leaving ROI
Saving file "out.fluid"...
[HOOKS] Total time spent in ROI: 82.063s
[HOOKS] Terminating

#######################################################################################
Finished benchmark: fluidanimate with configuration: 64_8_64. 40/88
#######################################################################################


#######################################################################################
Now running benchmark: fluidanimate with configuration: 64_8_128. 41/88
#######################################################################################

PARSEC Benchmark Suite Version 3.0-beta-20150206
[HOOKS] PARSEC Hooks Version 1.2
Loading file "inputs/in_300K.fluid"...
Number of cells: 135424
Number of particles: 305809
[HOOKS] Entering ROI
[HOOKS] Leaving ROI
Saving file "out.fluid"...
[HOOKS] Total time spent in ROI: 83.073s
[HOOKS] Terminating

#######################################################################################
Finished benchmark: fluidanimate with configuration: 64_8_128. 41/88
#######################################################################################


#######################################################################################
Now running benchmark: fluidanimate with configuration: 128_8_32. 42/88
#######################################################################################

PARSEC Benchmark Suite Version 3.0-beta-20150206
[HOOKS] PARSEC Hooks Version 1.2
Loading file "inputs/in_300K.fluid"...
Number of cells: 135424
Number of particles: 305809
[HOOKS] Entering ROI
[HOOKS] Leaving ROI
Saving file "out.fluid"...
[HOOKS] Total time spent in ROI: 84.542s
[HOOKS] Terminating

#######################################################################################
Finished benchmark: fluidanimate with configuration: 128_8_32. 42/88
#######################################################################################


#######################################################################################
Now running benchmark: fluidanimate with configuration: 128_8_64. 43/88
#######################################################################################

PARSEC Benchmark Suite Version 3.0-beta-20150206
[HOOKS] PARSEC Hooks Version 1.2
Loading file "inputs/in_300K.fluid"...
Number of cells: 135424
Number of particles: 305809
[HOOKS] Entering ROI
[HOOKS] Leaving ROI
Saving file "out.fluid"...
[HOOKS] Total time spent in ROI: 82.664s
[HOOKS] Terminating

#######################################################################################
Finished benchmark: fluidanimate with configuration: 128_8_64. 43/88
#######################################################################################


#######################################################################################
Now running benchmark: fluidanimate with configuration: 128_8_128. 44/88
#######################################################################################

PARSEC Benchmark Suite Version 3.0-beta-20150206
[HOOKS] PARSEC Hooks Version 1.2
Loading file "inputs/in_300K.fluid"...
Number of cells: 135424
Number of particles: 305809
[HOOKS] Entering ROI
[HOOKS] Leaving ROI
Saving file "out.fluid"...
[HOOKS] Total time spent in ROI: 80.777s
[HOOKS] Terminating

#######################################################################################
Finished benchmark: fluidanimate with configuration: 128_8_128. 44/88
#######################################################################################


#######################################################################################
Now running benchmark: freqmine with configuration: 32_4_64. 45/88
#######################################################################################

PARSEC Benchmark Suite Version 3.0-beta-20150206
[HOOKS] PARSEC Hooks Version 1.2
[HOOKS] Entering ROI
transaction number is 990002
[HOOKS] Leaving ROI
1548
13483
46649
131381
415489
1239344
2985564
5696308
8709873
10789491
10902648
9011183
6094236
3374161
1530954
564958
165173
36535
5727
578
33
1
the data preparation cost 34.385584 seconds, the FPgrowth cost 475.837795 seconds
[HOOKS] Total time spent in ROI: 510.160s
[HOOKS] Terminating

#######################################################################################
Finished benchmark: freqmine with configuration: 32_4_64. 45/88
#######################################################################################


#######################################################################################
Now running benchmark: freqmine with configuration: 32_8_32. 46/88
#######################################################################################

PARSEC Benchmark Suite Version 3.0-beta-20150206
[HOOKS] PARSEC Hooks Version 1.2
[HOOKS] Entering ROI
transaction number is 990002
[HOOKS] Leaving ROI
1548
13483
46649
131381
415489
1239344
2985564
5696308
8709873
10789491
10902648
9011183
6094236
3374161
1530954
564958
165173
36535
5727
578
33
1
the data preparation cost 36.799812 seconds, the FPgrowth cost 529.696119 seconds
[HOOKS] Total time spent in ROI: 566.436s
[HOOKS] Terminating

#######################################################################################
Finished benchmark: freqmine with configuration: 32_8_32. 46/88
#######################################################################################


#######################################################################################
Now running benchmark: freqmine with configuration: 32_8_64. 47/88
#######################################################################################

PARSEC Benchmark Suite Version 3.0-beta-20150206
[HOOKS] PARSEC Hooks Version 1.2
[HOOKS] Entering ROI
transaction number is 990002
[HOOKS] Leaving ROI
1548
13483
46649
131381
415489
1239344
2985564
5696308
8709873
10789491
10902648
9011183
6094236
3374161
1530954
564958
165173
36535
5727
578
33
1
the data preparation cost 36.989043 seconds, the FPgrowth cost 519.421495 seconds
[HOOKS] Total time spent in ROI: 556.343s
[HOOKS] Terminating

#######################################################################################
Finished benchmark: freqmine with configuration: 32_8_64. 47/88
#######################################################################################


#######################################################################################
Now running benchmark: freqmine with configuration: 32_8_128. 48/88
#######################################################################################

PARSEC Benchmark Suite Version 3.0-beta-20150206
[HOOKS] PARSEC Hooks Version 1.2
[HOOKS] Entering ROI
transaction number is 990002
[HOOKS] Leaving ROI
1548
13483
46649
131381
415489
1239344
2985564
5696308
8709873
10789491
10902648
9011183
6094236
3374161
1530954
564958
165173
36535
5727
578
33
1
the data preparation cost 43.099248 seconds, the FPgrowth cost 528.933253 seconds
[HOOKS] Total time spent in ROI: 571.970s
[HOOKS] Terminating

#######################################################################################
Finished benchmark: freqmine with configuration: 32_8_128. 48/88
#######################################################################################


#######################################################################################
Now running benchmark: freqmine with configuration: 64_4_64. 49/88
#######################################################################################

PARSEC Benchmark Suite Version 3.0-beta-20150206
[HOOKS] PARSEC Hooks Version 1.2
[HOOKS] Entering ROI
transaction number is 990002
[HOOKS] Leaving ROI
1548
13483
46649
131381
415489
1239344
2985564
5696308
8709873
10789491
10902648
9011183
6094236
3374161
1530954
564958
165173
36535
5727
578
33
1
the data preparation cost 34.972213 seconds, the FPgrowth cost 468.321755 seconds
[HOOKS] Total time spent in ROI: 503.232s
[HOOKS] Terminating

#######################################################################################
Finished benchmark: freqmine with configuration: 64_4_64. 49/88
#######################################################################################


#######################################################################################
Now running benchmark: freqmine with configuration: 64_8_32. 50/88
#######################################################################################

PARSEC Benchmark Suite Version 3.0-beta-20150206
[HOOKS] PARSEC Hooks Version 1.2
[HOOKS] Entering ROI
transaction number is 990002
[HOOKS] Leaving ROI
1548
13483
46649
131381
415489
1239344
2985564
5696308
8709873
10789491
10902648
9011183
6094236
3374161
1530954
564958
165173
36535
5727
578
33
1
the data preparation cost 36.537514 seconds, the FPgrowth cost 515.137004 seconds
[HOOKS] Total time spent in ROI: 551.610s
[HOOKS] Terminating

#######################################################################################
Finished benchmark: freqmine with configuration: 64_8_32. 50/88
#######################################################################################


#######################################################################################
Now running benchmark: freqmine with configuration: 64_8_64. 51/88
#######################################################################################

PARSEC Benchmark Suite Version 3.0-beta-20150206
[HOOKS] PARSEC Hooks Version 1.2
[HOOKS] Entering ROI
transaction number is 990002
[HOOKS] Leaving ROI
1548
13483
46649
131381
415489
1239344
2985564
5696308
8709873
10789491
10902648
9011183
6094236
3374161
1530954
564958
165173
36535
5727
578
33
1
the data preparation cost 36.556684 seconds, the FPgrowth cost 1171.297398 seconds
[HOOKS] Total time spent in ROI: 1207.799s
[HOOKS] Terminating

#######################################################################################
Finished benchmark: freqmine with configuration: 64_8_64. 51/88
#######################################################################################


#######################################################################################
Now running benchmark: freqmine with configuration: 64_8_128. 52/88
#######################################################################################

PARSEC Benchmark Suite Version 3.0-beta-20150206
[HOOKS] PARSEC Hooks Version 1.2
[HOOKS] Entering ROI
transaction number is 990002
[HOOKS] Leaving ROI
1548
13483
46649
131381
415489
1239344
2985564
5696308
8709873
10789491
10902648
9011183
6094236
3374161
1530954
564958
165173
36535
5727
578
33
1
the data preparation cost 37.082164 seconds, the FPgrowth cost 1935.254134 seconds
[HOOKS] Total time spent in ROI: 1972.275s
[HOOKS] Terminating

#######################################################################################
Finished benchmark: freqmine with configuration: 64_8_128. 52/88
#######################################################################################


#######################################################################################
Now running benchmark: freqmine with configuration: 128_8_32. 53/88
#######################################################################################

PARSEC Benchmark Suite Version 3.0-beta-20150206
[HOOKS] PARSEC Hooks Version 1.2
[HOOKS] Entering ROI
transaction number is 990002
[HOOKS] Leaving ROI
1548
13483
46649
131381
415489
1239344
2985564
5696308
8709873
10789491
10902648
9011183
6094236
3374161
1530954
564958
165173
36535
5727
578
33
1
the data preparation cost 37.000639 seconds, the FPgrowth cost 2119.797715 seconds
[HOOKS] Total time spent in ROI: 2156.731s
[HOOKS] Terminating

#######################################################################################
Finished benchmark: freqmine with configuration: 128_8_32. 53/88
#######################################################################################


#######################################################################################
Now running benchmark: freqmine with configuration: 128_8_64. 54/88
#######################################################################################

PARSEC Benchmark Suite Version 3.0-beta-20150206
[HOOKS] PARSEC Hooks Version 1.2
[HOOKS] Entering ROI
transaction number is 990002
[HOOKS] Leaving ROI
1548
13483
46649
131381
415489
1239344
2985564
5696308
8709873
10789491
10902648
9011183
6094236
3374161
1530954
564958
165173
36535
5727
578
33
1
the data preparation cost 37.539025 seconds, the FPgrowth cost 2079.325303 seconds
[HOOKS] Total time spent in ROI: 2116.799s
[HOOKS] Terminating

#######################################################################################
Finished benchmark: freqmine with configuration: 128_8_64. 54/88
#######################################################################################


#######################################################################################
Now running benchmark: freqmine with configuration: 128_8_128. 55/88
#######################################################################################

PARSEC Benchmark Suite Version 3.0-beta-20150206
[HOOKS] PARSEC Hooks Version 1.2
[HOOKS] Entering ROI
transaction number is 990002
[HOOKS] Leaving ROI
1548
13483
46649
131381
415489
1239344
2985564
5696308
8709873
10789491
10902648
9011183
6094236
3374161
1530954
564958
165173
36535
5727
578
33
1
the data preparation cost 36.249080 seconds, the FPgrowth cost 1999.764310 seconds
[HOOKS] Total time spent in ROI: 2035.955s
[HOOKS] Terminating

#######################################################################################
Finished benchmark: freqmine with configuration: 128_8_128. 55/88
#######################################################################################


#######################################################################################
Now running benchmark: rtview with configuration: 32_4_64. 56/88
#######################################################################################

this =0xb50200
PARSEC Benchmark Suite Version 3.0-beta-20150206
[HOOKS] PARSEC Hooks Version 1.2
initializing LRT ray tracer ...
default BVH builder : binnedalldimssavespace


Options:  automove = ;
    files = inputs/happy_buddha.obj;
   frames = 3;
 nthreads = 1;
      res = [1920, 1080];

Using memory framebuffer...
Adding obj file: inputs/happy_buddha.obj
Using auto camera...
num nodes in scene graph 1
adding 543522 vertices
adding 1087425 triangles
finalizing geometry
vertices            543522 (6369.4 KB)
triangles           1087425 (12743.3 KB)
texture coordinates 0 (0 KB)
No materials -> create dummy material
building index
using BVH builder default
build time 1.28017
done
sceneAABB =[[[-0.04615,0.049738,-0.047301,0] ],[[0.035226,0.24777,0.034077,0] ]]
Rendering 3 frames... 
[HOOKS] Entering ROI
[HOOKS] Leaving ROI
Done
[HOOKS] Total time spent in ROI: 105.160s
[HOOKS] Terminating

#######################################################################################
Finished benchmark: rtview with configuration: 32_4_64. 56/88
#######################################################################################


#######################################################################################
Now running benchmark: rtview with configuration: 32_8_32. 57/88
#######################################################################################

this =0xb50200
PARSEC Benchmark Suite Version 3.0-beta-20150206
[HOOKS] PARSEC Hooks Version 1.2
initializing LRT ray tracer ...
default BVH builder : binnedalldimssavespace


Options:  automove = ;
    files = inputs/happy_buddha.obj;
   frames = 3;
 nthreads = 1;
      res = [1920, 1080];

Using memory framebuffer...
Adding obj file: inputs/happy_buddha.obj
Using auto camera...
num nodes in scene graph 1
adding 543522 vertices
adding 1087425 triangles
finalizing geometry
vertices            543522 (6369.4 KB)
triangles           1087425 (12743.3 KB)
texture coordinates 0 (0 KB)
No materials -> create dummy material
building index
using BVH builder default
build time 1.27886
done
sceneAABB =[[[-0.04615,0.049738,-0.047301,0] ],[[0.035226,0.24777,0.034077,0] ]]
Rendering 3 frames... 
[HOOKS] Entering ROI
[HOOKS] Leaving ROI
Done
[HOOKS] Total time spent in ROI: 119.158s
[HOOKS] Terminating

#######################################################################################
Finished benchmark: rtview with configuration: 32_8_32. 57/88
#######################################################################################


#######################################################################################
Now running benchmark: rtview with configuration: 32_8_64. 58/88
#######################################################################################

this =0xb50200
PARSEC Benchmark Suite Version 3.0-beta-20150206
[HOOKS] PARSEC Hooks Version 1.2
initializing LRT ray tracer ...
default BVH builder : binnedalldimssavespace


Options:  automove = ;
    files = inputs/happy_buddha.obj;
   frames = 3;
 nthreads = 1;
      res = [1920, 1080];

Using memory framebuffer...
Adding obj file: inputs/happy_buddha.obj
Using auto camera...
num nodes in scene graph 1
adding 543522 vertices
adding 1087425 triangles
finalizing geometry
vertices            543522 (6369.4 KB)
triangles           1087425 (12743.3 KB)
texture coordinates 0 (0 KB)
No materials -> create dummy material
building index
using BVH builder default
build time 1.3583
done
sceneAABB =[[[-0.04615,0.049738,-0.047301,0] ],[[0.035226,0.24777,0.034077,0] ]]
Rendering 3 frames... 
[HOOKS] Entering ROI
[HOOKS] Leaving ROI
Done
[HOOKS] Total time spent in ROI: 108.267s
[HOOKS] Terminating

#######################################################################################
Finished benchmark: rtview with configuration: 32_8_64. 58/88
#######################################################################################


#######################################################################################
Now running benchmark: rtview with configuration: 32_8_128. 59/88
#######################################################################################

this =0xb50200
PARSEC Benchmark Suite Version 3.0-beta-20150206
[HOOKS] PARSEC Hooks Version 1.2
initializing LRT ray tracer ...
default BVH builder : binnedalldimssavespace


Options:  automove = ;
    files = inputs/happy_buddha.obj;
   frames = 3;
 nthreads = 1;
      res = [1920, 1080];

Using memory framebuffer...
Adding obj file: inputs/happy_buddha.obj
Using auto camera...
num nodes in scene graph 1
adding 543522 vertices
adding 1087425 triangles
finalizing geometry
vertices            543522 (6369.4 KB)
triangles           1087425 (12743.3 KB)
texture coordinates 0 (0 KB)
No materials -> create dummy material
building index
using BVH builder default
build time 1.2782
done
sceneAABB =[[[-0.04615,0.049738,-0.047301,0] ],[[0.035226,0.24777,0.034077,0] ]]
Rendering 3 frames... 
[HOOKS] Entering ROI
[HOOKS] Leaving ROI
Done
[HOOKS] Total time spent in ROI: 106.900s
[HOOKS] Terminating

#######################################################################################
Finished benchmark: rtview with configuration: 32_8_128. 59/88
#######################################################################################


#######################################################################################
Now running benchmark: rtview with configuration: 64_4_64. 60/88
#######################################################################################

this =0xb50200
PARSEC Benchmark Suite Version 3.0-beta-20150206
[HOOKS] PARSEC Hooks Version 1.2
initializing LRT ray tracer ...
default BVH builder : binnedalldimssavespace


Options:  automove = ;
    files = inputs/happy_buddha.obj;
   frames = 3;
 nthreads = 1;
      res = [1920, 1080];

Using memory framebuffer...
Adding obj file: inputs/happy_buddha.obj
Using auto camera...
num nodes in scene graph 1
adding 543522 vertices
adding 1087425 triangles
finalizing geometry
vertices            543522 (6369.4 KB)
triangles           1087425 (12743.3 KB)
texture coordinates 0 (0 KB)
No materials -> create dummy material
building index
using BVH builder default
build time 1.39845
done
sceneAABB =[[[-0.04615,0.049738,-0.047301,0] ],[[0.035226,0.24777,0.034077,0] ]]
Rendering 3 frames... 
[HOOKS] Entering ROI
[HOOKS] Leaving ROI
Done
[HOOKS] Total time spent in ROI: 114.336s
[HOOKS] Terminating

#######################################################################################
Finished benchmark: rtview with configuration: 64_4_64. 60/88
#######################################################################################


#######################################################################################
Now running benchmark: rtview with configuration: 64_8_32. 61/88
#######################################################################################

this =0xb50200
PARSEC Benchmark Suite Version 3.0-beta-20150206
[HOOKS] PARSEC Hooks Version 1.2
initializing LRT ray tracer ...
default BVH builder : binnedalldimssavespace


Options:  automove = ;
    files = inputs/happy_buddha.obj;
   frames = 3;
 nthreads = 1;
      res = [1920, 1080];

Using memory framebuffer...
Adding obj file: inputs/happy_buddha.obj
Using auto camera...
num nodes in scene graph 1
adding 543522 vertices
adding 1087425 triangles
finalizing geometry
vertices            543522 (6369.4 KB)
triangles           1087425 (12743.3 KB)
texture coordinates 0 (0 KB)
No materials -> create dummy material
building index
using BVH builder default
build time 1.29108
done
sceneAABB =[[[-0.04615,0.049738,-0.047301,0] ],[[0.035226,0.24777,0.034077,0] ]]
Rendering 3 frames... 
[HOOKS] Entering ROI
[HOOKS] Leaving ROI
Done
[HOOKS] Total time spent in ROI: 109.361s
[HOOKS] Terminating

#######################################################################################
Finished benchmark: rtview with configuration: 64_8_32. 61/88
#######################################################################################


#######################################################################################
Now running benchmark: rtview with configuration: 64_8_64. 62/88
#######################################################################################

this =0xb50200
PARSEC Benchmark Suite Version 3.0-beta-20150206
[HOOKS] PARSEC Hooks Version 1.2
initializing LRT ray tracer ...
default BVH builder : binnedalldimssavespace


Options:  automove = ;
    files = inputs/happy_buddha.obj;
   frames = 3;
 nthreads = 1;
      res = [1920, 1080];

Using memory framebuffer...
Adding obj file: inputs/happy_buddha.obj
Using auto camera...
num nodes in scene graph 1
adding 543522 vertices
adding 1087425 triangles
finalizing geometry
vertices            543522 (6369.4 KB)
triangles           1087425 (12743.3 KB)
texture coordinates 0 (0 KB)
No materials -> create dummy material
building index
using BVH builder default
build time 1.26096
done
sceneAABB =[[[-0.04615,0.049738,-0.047301,0] ],[[0.035226,0.24777,0.034077,0] ]]
Rendering 3 frames... 
[HOOKS] Entering ROI
[HOOKS] Leaving ROI
Done
[HOOKS] Total time spent in ROI: 105.975s
[HOOKS] Terminating

#######################################################################################
Finished benchmark: rtview with configuration: 64_8_64. 62/88
#######################################################################################


#######################################################################################
Now running benchmark: rtview with configuration: 64_8_128. 63/88
#######################################################################################

this =0xb50200
PARSEC Benchmark Suite Version 3.0-beta-20150206
[HOOKS] PARSEC Hooks Version 1.2
initializing LRT ray tracer ...
default BVH builder : binnedalldimssavespace


Options:  automove = ;
    files = inputs/happy_buddha.obj;
   frames = 3;
 nthreads = 1;
      res = [1920, 1080];

Using memory framebuffer...
Adding obj file: inputs/happy_buddha.obj
Using auto camera...
num nodes in scene graph 1
adding 543522 vertices
adding 1087425 triangles
finalizing geometry
vertices            543522 (6369.4 KB)
triangles           1087425 (12743.3 KB)
texture coordinates 0 (0 KB)
No materials -> create dummy material
building index
using BVH builder default
build time 1.29397
done
sceneAABB =[[[-0.04615,0.049738,-0.047301,0] ],[[0.035226,0.24777,0.034077,0] ]]
Rendering 3 frames... 
[HOOKS] Entering ROI
[HOOKS] Leaving ROI
Done
[HOOKS] Total time spent in ROI: 107.779s
[HOOKS] Terminating

#######################################################################################
Finished benchmark: rtview with configuration: 64_8_128. 63/88
#######################################################################################


#######################################################################################
Now running benchmark: rtview with configuration: 128_8_32. 64/88
#######################################################################################

this =0xb50200
PARSEC Benchmark Suite Version 3.0-beta-20150206
[HOOKS] PARSEC Hooks Version 1.2
initializing LRT ray tracer ...
default BVH builder : binnedalldimssavespace


Options:  automove = ;
    files = inputs/happy_buddha.obj;
   frames = 3;
 nthreads = 1;
      res = [1920, 1080];

Using memory framebuffer...
Adding obj file: inputs/happy_buddha.obj
Using auto camera...
num nodes in scene graph 1
adding 543522 vertices
adding 1087425 triangles
finalizing geometry
vertices            543522 (6369.4 KB)
triangles           1087425 (12743.3 KB)
texture coordinates 0 (0 KB)
No materials -> create dummy material
building index
using BVH builder default
build time 1.30088
done
sceneAABB =[[[-0.04615,0.049738,-0.047301,0] ],[[0.035226,0.24777,0.034077,0] ]]
Rendering 3 frames... 
[HOOKS] Entering ROI
[HOOKS] Leaving ROI
Done
[HOOKS] Total time spent in ROI: 114.298s
[HOOKS] Terminating

#######################################################################################
Finished benchmark: rtview with configuration: 128_8_32. 64/88
#######################################################################################


#######################################################################################
Now running benchmark: rtview with configuration: 128_8_64. 65/88
#######################################################################################

this =0xb50200
PARSEC Benchmark Suite Version 3.0-beta-20150206
[HOOKS] PARSEC Hooks Version 1.2
initializing LRT ray tracer ...
default BVH builder : binnedalldimssavespace


Options:  automove = ;
    files = inputs/happy_buddha.obj;
   frames = 3;
 nthreads = 1;
      res = [1920, 1080];

Using memory framebuffer...
Adding obj file: inputs/happy_buddha.obj
Using auto camera...
num nodes in scene graph 1
adding 543522 vertices
adding 1087425 triangles
finalizing geometry
vertices            543522 (6369.4 KB)
triangles           1087425 (12743.3 KB)
texture coordinates 0 (0 KB)
No materials -> create dummy material
building index
using BVH builder default
build time 1.26294
done
sceneAABB =[[[-0.04615,0.049738,-0.047301,0] ],[[0.035226,0.24777,0.034077,0] ]]
Rendering 3 frames... 
[HOOKS] Entering ROI
[HOOKS] Leaving ROI
Done
[HOOKS] Total time spent in ROI: 107.389s
[HOOKS] Terminating

#######################################################################################
Finished benchmark: rtview with configuration: 128_8_64. 65/88
#######################################################################################


#######################################################################################
Now running benchmark: rtview with configuration: 128_8_128. 66/88
#######################################################################################

this =0xb50200
PARSEC Benchmark Suite Version 3.0-beta-20150206
[HOOKS] PARSEC Hooks Version 1.2
initializing LRT ray tracer ...
default BVH builder : binnedalldimssavespace


Options:  automove = ;
    files = inputs/happy_buddha.obj;
   frames = 3;
 nthreads = 1;
      res = [1920, 1080];

Using memory framebuffer...
Adding obj file: inputs/happy_buddha.obj
Using auto camera...
num nodes in scene graph 1
adding 543522 vertices
adding 1087425 triangles
finalizing geometry
vertices            543522 (6369.4 KB)
triangles           1087425 (12743.3 KB)
texture coordinates 0 (0 KB)
No materials -> create dummy material
building index
using BVH builder default
build time 1.28021
done
sceneAABB =[[[-0.04615,0.049738,-0.047301,0] ],[[0.035226,0.24777,0.034077,0] ]]
Rendering 3 frames... 
[HOOKS] Entering ROI
[HOOKS] Leaving ROI
Done
[HOOKS] Total time spent in ROI: 114.462s
[HOOKS] Terminating

#######################################################################################
Finished benchmark: rtview with configuration: 128_8_128. 66/88
#######################################################################################


#######################################################################################
Now running benchmark: swaptions with configuration: 32_4_64. 67/88
#######################################################################################

PARSEC Benchmark Suite Version 3.0-beta-20150206
[HOOKS] PARSEC Hooks Version 1.2
Number of Simulations: 40000,  Number of threads: 1 Number of swaptions: 64
[HOOKS] Entering ROI
[HOOKS] Leaving ROI
[HOOKS] Total time spent in ROI: 361.823s
[HOOKS] Terminating

#######################################################################################
Finished benchmark: swaptions with configuration: 32_4_64. 67/88
#######################################################################################


#######################################################################################
Now running benchmark: swaptions with configuration: 32_8_32. 68/88
#######################################################################################

PARSEC Benchmark Suite Version 3.0-beta-20150206
[HOOKS] PARSEC Hooks Version 1.2
Number of Simulations: 40000,  Number of threads: 1 Number of swaptions: 64
[HOOKS] Entering ROI
[HOOKS] Leaving ROI
[HOOKS] Total time spent in ROI: 391.151s
[HOOKS] Terminating

#######################################################################################
Finished benchmark: swaptions with configuration: 32_8_32. 68/88
#######################################################################################


#######################################################################################
Now running benchmark: swaptions with configuration: 32_8_64. 69/88
#######################################################################################

PARSEC Benchmark Suite Version 3.0-beta-20150206
[HOOKS] PARSEC Hooks Version 1.2
Number of Simulations: 40000,  Number of threads: 1 Number of swaptions: 64
[HOOKS] Entering ROI
[HOOKS] Leaving ROI
[HOOKS] Total time spent in ROI: 385.843s
[HOOKS] Terminating

#######################################################################################
Finished benchmark: swaptions with configuration: 32_8_64. 69/88
#######################################################################################


#######################################################################################
Now running benchmark: swaptions with configuration: 32_8_128. 70/88
#######################################################################################

PARSEC Benchmark Suite Version 3.0-beta-20150206
[HOOKS] PARSEC Hooks Version 1.2
Number of Simulations: 40000,  Number of threads: 1 Number of swaptions: 64
[HOOKS] Entering ROI
[HOOKS] Leaving ROI
[HOOKS] Total time spent in ROI: 388.293s
[HOOKS] Terminating

#######################################################################################
Finished benchmark: swaptions with configuration: 32_8_128. 70/88
#######################################################################################


#######################################################################################
Now running benchmark: swaptions with configuration: 64_4_64. 71/88
#######################################################################################

PARSEC Benchmark Suite Version 3.0-beta-20150206
[HOOKS] PARSEC Hooks Version 1.2
Number of Simulations: 40000,  Number of threads: 1 Number of swaptions: 64
[HOOKS] Entering ROI
[HOOKS] Leaving ROI
[HOOKS] Total time spent in ROI: 354.493s
[HOOKS] Terminating

#######################################################################################
Finished benchmark: swaptions with configuration: 64_4_64. 71/88
#######################################################################################


#######################################################################################
Now running benchmark: swaptions with configuration: 64_8_32. 72/88
#######################################################################################

PARSEC Benchmark Suite Version 3.0-beta-20150206
[HOOKS] PARSEC Hooks Version 1.2
Number of Simulations: 40000,  Number of threads: 1 Number of swaptions: 64
[HOOKS] Entering ROI
[HOOKS] Leaving ROI
[HOOKS] Total time spent in ROI: 380.081s
[HOOKS] Terminating

#######################################################################################
Finished benchmark: swaptions with configuration: 64_8_32. 72/88
#######################################################################################


#######################################################################################
Now running benchmark: swaptions with configuration: 64_8_64. 73/88
#######################################################################################

PARSEC Benchmark Suite Version 3.0-beta-20150206
[HOOKS] PARSEC Hooks Version 1.2
Number of Simulations: 40000,  Number of threads: 1 Number of swaptions: 64
[HOOKS] Entering ROI
[HOOKS] Leaving ROI
[HOOKS] Total time spent in ROI: 373.808s
[HOOKS] Terminating

#######################################################################################
Finished benchmark: swaptions with configuration: 64_8_64. 73/88
#######################################################################################


#######################################################################################
Now running benchmark: swaptions with configuration: 64_8_128. 74/88
#######################################################################################

PARSEC Benchmark Suite Version 3.0-beta-20150206
[HOOKS] PARSEC Hooks Version 1.2
Number of Simulations: 40000,  Number of threads: 1 Number of swaptions: 64
[HOOKS] Entering ROI
[HOOKS] Leaving ROI
[HOOKS] Total time spent in ROI: 381.417s
[HOOKS] Terminating

#######################################################################################
Finished benchmark: swaptions with configuration: 64_8_128. 74/88
#######################################################################################


#######################################################################################
Now running benchmark: swaptions with configuration: 128_8_32. 75/88
#######################################################################################

PARSEC Benchmark Suite Version 3.0-beta-20150206
[HOOKS] PARSEC Hooks Version 1.2
Number of Simulations: 40000,  Number of threads: 1 Number of swaptions: 64
[HOOKS] Entering ROI
[HOOKS] Leaving ROI
[HOOKS] Total time spent in ROI: 379.881s
[HOOKS] Terminating

#######################################################################################
Finished benchmark: swaptions with configuration: 128_8_32. 75/88
#######################################################################################


#######################################################################################
Now running benchmark: swaptions with configuration: 128_8_64. 76/88
#######################################################################################

PARSEC Benchmark Suite Version 3.0-beta-20150206
[HOOKS] PARSEC Hooks Version 1.2
Number of Simulations: 40000,  Number of threads: 1 Number of swaptions: 64
[HOOKS] Entering ROI
[HOOKS] Leaving ROI
[HOOKS] Total time spent in ROI: 373.899s
[HOOKS] Terminating

#######################################################################################
Finished benchmark: swaptions with configuration: 128_8_64. 76/88
#######################################################################################


#######################################################################################
Now running benchmark: swaptions with configuration: 128_8_128. 77/88
#######################################################################################

PARSEC Benchmark Suite Version 3.0-beta-20150206
[HOOKS] PARSEC Hooks Version 1.2
Number of Simulations: 40000,  Number of threads: 1 Number of swaptions: 64
[HOOKS] Entering ROI
[HOOKS] Leaving ROI
[HOOKS] Total time spent in ROI: 368.063s
[HOOKS] Terminating

#######################################################################################
Finished benchmark: swaptions with configuration: 128_8_128. 77/88
#######################################################################################


#######################################################################################
Now running benchmark: streamcluster with configuration: 32_4_64. 78/88
#######################################################################################

[HOOKS] PARSEC Hooks Version 1.2
[HOOKS] Entering ROI
[HOOKS] Leaving ROI
[HOOKS] Total time spent in ROI: 298.048s
[HOOKS] Terminating

#######################################################################################
Finished benchmark: streamcluster with configuration: 32_4_64. 78/88
#######################################################################################


#######################################################################################
Now running benchmark: streamcluster with configuration: 32_8_32. 79/88
#######################################################################################

[HOOKS] PARSEC Hooks Version 1.2
[HOOKS] Entering ROI
[HOOKS] Leaving ROI
[HOOKS] Total time spent in ROI: 330.895s
[HOOKS] Terminating

#######################################################################################
Finished benchmark: streamcluster with configuration: 32_8_32. 79/88
#######################################################################################


#######################################################################################
Now running benchmark: streamcluster with configuration: 32_8_64. 80/88
#######################################################################################

[HOOKS] PARSEC Hooks Version 1.2
[HOOKS] Entering ROI
[HOOKS] Leaving ROI
[HOOKS] Total time spent in ROI: 321.028s
[HOOKS] Terminating

#######################################################################################
Finished benchmark: streamcluster with configuration: 32_8_64. 80/88
#######################################################################################


#######################################################################################
Now running benchmark: streamcluster with configuration: 32_8_128. 81/88
#######################################################################################

[HOOKS] PARSEC Hooks Version 1.2
[HOOKS] Entering ROI
[HOOKS] Leaving ROI
[HOOKS] Total time spent in ROI: 303.286s
[HOOKS] Terminating

#######################################################################################
Finished benchmark: streamcluster with configuration: 32_8_128. 81/88
#######################################################################################


#######################################################################################
Now running benchmark: streamcluster with configuration: 64_4_64. 82/88
#######################################################################################

[HOOKS] PARSEC Hooks Version 1.2
[HOOKS] Entering ROI
[HOOKS] Leaving ROI
[HOOKS] Total time spent in ROI: 295.519s
[HOOKS] Terminating

#######################################################################################
Finished benchmark: streamcluster with configuration: 64_4_64. 82/88
#######################################################################################


#######################################################################################
Now running benchmark: streamcluster with configuration: 64_8_32. 83/88
#######################################################################################

[HOOKS] PARSEC Hooks Version 1.2
[HOOKS] Entering ROI
[HOOKS] Leaving ROI
[HOOKS] Total time spent in ROI: 343.985s
[HOOKS] Terminating

#######################################################################################
Finished benchmark: streamcluster with configuration: 64_8_32. 83/88
#######################################################################################


#######################################################################################
Now running benchmark: streamcluster with configuration: 64_8_64. 84/88
#######################################################################################

[HOOKS] PARSEC Hooks Version 1.2
[HOOKS] Entering ROI
[HOOKS] Leaving ROI
[HOOKS] Total time spent in ROI: 343.678s
[HOOKS] Terminating

#######################################################################################
Finished benchmark: streamcluster with configuration: 64_8_64. 84/88
#######################################################################################


#######################################################################################
Now running benchmark: streamcluster with configuration: 64_8_128. 85/88
#######################################################################################

[HOOKS] PARSEC Hooks Version 1.2
[HOOKS] Entering ROI
[HOOKS] Leaving ROI
[HOOKS] Total time spent in ROI: 303.305s
[HOOKS] Terminating

#######################################################################################
Finished benchmark: streamcluster with configuration: 64_8_128. 85/88
#######################################################################################


#######################################################################################
Now running benchmark: streamcluster with configuration: 128_8_32. 86/88
#######################################################################################

[HOOKS] PARSEC Hooks Version 1.2
[HOOKS] Entering ROI
[HOOKS] Leaving ROI
[HOOKS] Total time spent in ROI: 326.534s
[HOOKS] Terminating

#######################################################################################
Finished benchmark: streamcluster with configuration: 128_8_32. 86/88
#######################################################################################


#######################################################################################
Now running benchmark: streamcluster with configuration: 128_8_64. 87/88
#######################################################################################

[HOOKS] PARSEC Hooks Version 1.2
[HOOKS] Entering ROI
[HOOKS] Leaving ROI
[HOOKS] Total time spent in ROI: 312.442s
[HOOKS] Terminating

#######################################################################################
Finished benchmark: streamcluster with configuration: 128_8_64. 87/88
#######################################################################################


#######################################################################################
Now running benchmark: streamcluster with configuration: 128_8_128. 88/88
#######################################################################################

[HOOKS] PARSEC Hooks Version 1.2
[HOOKS] Entering ROI
[HOOKS] Leaving ROI
[HOOKS] Total time spent in ROI: 301.702s
[HOOKS] Terminating

#######################################################################################
Finished benchmark: streamcluster with configuration: 128_8_128. 88/88
#######################################################################################


