--------
Total Statistics
--------
Total Instructions: 4355791831
Total Cycles: 11912193276
IPC: 0.365658

--------
Single level Tlb hierarchy
--------
  Data Tlb:
    Entries:          64
    Page Size(B):   4096
    Associativity:      4

Latencies:    0  150
Tlb-Sets:   16 - LRU - assoc:   4

Tlb Stats:
Tlb-Load-Hits:         921886052   96.02%
Tlb-Load-Misses:        38204742    3.98%
Tlb-Load-Accesses:     960090794  100.00%

Tlb-Store-Hits:         320050838   99.74%
Tlb-Store-Misses:          825703    0.26%
Tlb-Store-Accesses:     320876541  100.00%

Tlb-Total-Hits:        1241936890   96.95%
Tlb-Total-Misses:        39030445    3.05%
Tlb-Total-Accesses:    1280967335  100.00%



--------
Two level Cache hierarchy
--------
  L1-Data Cache:
    Size(KB):          32
    Block Size(B):     64
    Associativity:      8

  L2-Data Cache:
    Size(KB):        1024
    Block Size(B):    128
    Associativity:     16

Latencies:    1   10  250
L1-Sets:   64 - LRU - assoc:   8
L2-Sets:  512 - LRU - assoc:  16
Store_allocation: Yes
L2_inclusive: Yes
L2_prefetching: No

L1 Cache Stats:
L1-Load-Hits:         954480431   99.42%
L1-Load-Misses:         5610363    0.58%
L1-Load-Accesses:     960090794  100.00%

L1-Store-Hits:         320250243   99.80%
L1-Store-Misses:          626298    0.20%
L1-Store-Accesses:     320876541  100.00%

L1-Total-Hits:        1274730674   99.51%
L1-Total-Misses:         6236661    0.49%
L1-Total-Accesses:    1280967335  100.00%

L2 Cache Stats:
L2-Load-Hits:           4381268   78.09%
L2-Load-Misses:         1229095   21.91%
L2-Load-Accesses:       5610363  100.00%

L2-Store-Hits:            421390   67.28%
L2-Store-Misses:          204908   32.72%
L2-Store-Accesses:        626298  100.00%

L2-Total-Hits:           4802658   77.01%
L2-Total-Misses:         1434003   22.99%
L2-Total-Accesses:       6236661  100.00%

