--------
Total Statistics
--------
Total Instructions: 4355791831
Total Cycles: 11725910666
IPC: 0.371467

--------
Single level Tlb hierarchy
--------
  Data Tlb:
    Entries:          64
    Page Size(B):   4096
    Associativity:      4

Latencies:    0  150
Tlb-Sets:   16 - LRU - assoc:   4

Tlb Stats:
Tlb-Load-Hits:         921886052   96.02%
Tlb-Load-Misses:        38204742    3.98%
Tlb-Load-Accesses:     960090794  100.00%

Tlb-Store-Hits:         320050837   99.74%
Tlb-Store-Misses:          825704    0.26%
Tlb-Store-Accesses:     320876541  100.00%

Tlb-Total-Hits:        1241936889   96.95%
Tlb-Total-Misses:        39030446    3.05%
Tlb-Total-Accesses:    1280967335  100.00%



--------
Two level Cache hierarchy
--------
  L1-Data Cache:
    Size(KB):          32
    Block Size(B):     64
    Associativity:      8

  L2-Data Cache:
    Size(KB):        1024
    Block Size(B):    256
    Associativity:      8

Latencies:    1   10  250
L1-Sets:   64 - LRU - assoc:   8
L2-Sets:  512 - LRU - assoc:   8
Store_allocation: Yes
L2_inclusive: Yes
L2_prefetching: No

L1 Cache Stats:
L1-Load-Hits:         955091975   99.48%
L1-Load-Misses:         4998819    0.52%
L1-Load-Accesses:     960090794  100.00%

L1-Store-Hits:         320342800   99.83%
L1-Store-Misses:          533741    0.17%
L1-Store-Accesses:     320876541  100.00%

L1-Total-Hits:        1275434775   99.57%
L1-Total-Misses:         5532560    0.43%
L1-Total-Accesses:    1280967335  100.00%

L2 Cache Stats:
L2-Load-Hits:           4384290   87.71%
L2-Load-Misses:          614529   12.29%
L2-Load-Accesses:       4998819  100.00%

L2-Store-Hits:            431234   80.79%
L2-Store-Misses:          102507   19.21%
L2-Store-Accesses:        533741  100.00%

L2-Total-Hits:           4815524   87.04%
L2-Total-Misses:          717036   12.96%
L2-Total-Accesses:       5532560  100.00%

