--------
Total Statistics
--------
Total Instructions: 4355791831
Total Cycles: 11910655476
IPC: 0.365705

--------
Single level Tlb hierarchy
--------
  Data Tlb:
    Entries:          64
    Page Size(B):   4096
    Associativity:      4

Latencies:    0  150
Tlb-Sets:   16 - LRU - assoc:   4

Tlb Stats:
Tlb-Load-Hits:         921886051   96.02%
Tlb-Load-Misses:        38204743    3.98%
Tlb-Load-Accesses:     960090794  100.00%

Tlb-Store-Hits:         320050838   99.74%
Tlb-Store-Misses:          825703    0.26%
Tlb-Store-Accesses:     320876541  100.00%

Tlb-Total-Hits:        1241936889   96.95%
Tlb-Total-Misses:        39030446    3.05%
Tlb-Total-Accesses:    1280967335  100.00%



--------
Two level Cache hierarchy
--------
  L1-Data Cache:
    Size(KB):          32
    Block Size(B):     64
    Associativity:      8

  L2-Data Cache:
    Size(KB):        1024
    Block Size(B):    128
    Associativity:      8

Latencies:    1   10  250
L1-Sets:   64 - LRU - assoc:   8
L2-Sets: 1024 - LRU - assoc:   8
Store_allocation: Yes
L2_inclusive: Yes
L2_prefetching: No

L1 Cache Stats:
L1-Load-Hits:         954634615   99.43%
L1-Load-Misses:         5456179    0.57%
L1-Load-Accesses:     960090794  100.00%

L1-Store-Hits:         320249779   99.80%
L1-Store-Misses:          626762    0.20%
L1-Store-Accesses:     320876541  100.00%

L1-Total-Hits:        1274884394   99.53%
L1-Total-Misses:         6082941    0.47%
L1-Total-Accesses:    1280967335  100.00%

L2 Cache Stats:
L2-Load-Hits:           4227188   77.48%
L2-Load-Misses:         1228991   22.52%
L2-Load-Accesses:       5456179  100.00%

L2-Store-Hits:            421753   67.29%
L2-Store-Misses:          205009   32.71%
L2-Store-Accesses:        626762  100.00%

L2-Total-Hits:           4648941   76.43%
L2-Total-Misses:         1434000   23.57%
L2-Total-Accesses:       6082941  100.00%

