--------
Total Statistics
--------
Total Instructions: 4355791850
Total Cycles: 12196493834
IPC: 0.357135

--------
Single level Tlb hierarchy
--------
  Data Tlb:
    Entries:          64
    Page Size(B):   4096
    Associativity:      4

Latencies:    0  150
Tlb-Sets:   16 - LRU - assoc:   4

Tlb Stats:
Tlb-Load-Hits:         921886058   96.02%
Tlb-Load-Misses:        38204743    3.98%
Tlb-Load-Accesses:     960090801  100.00%

Tlb-Store-Hits:         320460441   99.87%
Tlb-Store-Misses:          416102    0.13%
Tlb-Store-Accesses:     320876543  100.00%

Tlb-Total-Hits:        1242346499   96.99%
Tlb-Total-Misses:        38620845    3.01%
Tlb-Total-Accesses:    1280967344  100.00%



--------
Two level Cache hierarchy
--------
  L1-Data Cache:
    Size(KB):          32
    Block Size(B):     64
    Associativity:      8

  L2-Data Cache:
    Size(KB):         512
    Block Size(B):     64
    Associativity:      8

Latencies:    1   10  250
L1-Sets:   64 - LRU - assoc:   8
L2-Sets: 1024 - LRU - assoc:   8
Store_allocation: Yes
L2_inclusive: Yes
L2_prefetching: No

L1 Cache Stats:
L1-Load-Hits:         955700434   99.54%
L1-Load-Misses:         4390367    0.46%
L1-Load-Accesses:     960090801  100.00%

L1-Store-Hits:         320417696   99.86%
L1-Store-Misses:          458847    0.14%
L1-Store-Accesses:     320876543  100.00%

L1-Total-Hits:        1276118130   99.62%
L1-Total-Misses:         4849214    0.38%
L1-Total-Accesses:    1280967344  100.00%

L2 Cache Stats:
L2-Load-Hits:           1928651   43.93%
L2-Load-Misses:         2461716   56.07%
L2-Load-Accesses:       4390367  100.00%

L2-Store-Hits:             48100   10.48%
L2-Store-Misses:          410747   89.52%
L2-Store-Accesses:        458847  100.00%

L2-Total-Hits:           1976751   40.76%
L2-Total-Misses:         2872463   59.24%
L2-Total-Accesses:       4849214  100.00%

