--------
Total Statistics
--------
Total Instructions: 4355791850
Total Cycles: 11725856774
IPC: 0.371469

--------
Single level Tlb hierarchy
--------
  Data Tlb:
    Entries:          64
    Page Size(B):   4096
    Associativity:      4

Latencies:    0  150
Tlb-Sets:   16 - LRU - assoc:   4

Tlb Stats:
Tlb-Load-Hits:         921886059   96.02%
Tlb-Load-Misses:        38204742    3.98%
Tlb-Load-Accesses:     960090801  100.00%

Tlb-Store-Hits:         320050840   99.74%
Tlb-Store-Misses:          825703    0.26%
Tlb-Store-Accesses:     320876543  100.00%

Tlb-Total-Hits:        1241936899   96.95%
Tlb-Total-Misses:        39030445    3.05%
Tlb-Total-Accesses:    1280967344  100.00%



--------
Two level Cache hierarchy
--------
  L1-Data Cache:
    Size(KB):          32
    Block Size(B):     64
    Associativity:      8

  L2-Data Cache:
    Size(KB):        1024
    Block Size(B):    256
    Associativity:     16

Latencies:    1   10  250
L1-Sets:   64 - LRU - assoc:   8
L2-Sets:  256 - LRU - assoc:  16
Store_allocation: Yes
L2_inclusive: Yes
L2_prefetching: No

L1 Cache Stats:
L1-Load-Hits:         955089696   99.48%
L1-Load-Misses:         5001105    0.52%
L1-Load-Accesses:     960090801  100.00%

L1-Store-Hits:         320350415   99.84%
L1-Store-Misses:          526128    0.16%
L1-Store-Accesses:     320876543  100.00%

L1-Total-Hits:        1275440111   99.57%
L1-Total-Misses:         5527233    0.43%
L1-Total-Accesses:    1280967344  100.00%

L2 Cache Stats:
L2-Load-Hits:           4386577   87.71%
L2-Load-Misses:          614528   12.29%
L2-Load-Accesses:       5001105  100.00%

L2-Store-Hits:            423622   80.52%
L2-Store-Misses:          102506   19.48%
L2-Store-Accesses:        526128  100.00%

L2-Total-Hits:           4810199   87.03%
L2-Total-Misses:          717034   12.97%
L2-Total-Accesses:       5527233  100.00%

