--------
Total Statistics
--------
Total Instructions: 4355791831
Total Cycles: 11485581606
IPC: 0.37924

--------
Single level Tlb hierarchy
--------
  Data Tlb:
    Entries:          64
    Page Size(B):   4096
    Associativity:      4

Latencies:    0  150
Tlb-Sets:   16 - LRU - assoc:   4

Tlb Stats:
Tlb-Load-Hits:         921886052   96.02%
Tlb-Load-Misses:        38204742    3.98%
Tlb-Load-Accesses:     960090794  100.00%

Tlb-Store-Hits:         320460439   99.87%
Tlb-Store-Misses:          416102    0.13%
Tlb-Store-Accesses:     320876541  100.00%

Tlb-Total-Hits:        1242346491   96.99%
Tlb-Total-Misses:        38620844    3.01%
Tlb-Total-Accesses:    1280967335  100.00%



--------
Two level Cache hierarchy
--------
  L1-Data Cache:
    Size(KB):          32
    Block Size(B):     64
    Associativity:      8

  L2-Data Cache:
    Size(KB):        2048
    Block Size(B):     64
    Associativity:     16

Latencies:    1   10  250
L1-Sets:   64 - LRU - assoc:   8
L2-Sets: 2048 - LRU - assoc:  16
Store_allocation: Yes
L2_inclusive: Yes
L2_prefetching: No

L1 Cache Stats:
L1-Load-Hits:         955704024   99.54%
L1-Load-Misses:         4386770    0.46%
L1-Load-Accesses:     960090794  100.00%

L1-Store-Hits:         320418727   99.86%
L1-Store-Misses:          457814    0.14%
L1-Store-Accesses:     320876541  100.00%

L1-Total-Hits:        1276122751   99.62%
L1-Total-Misses:         4844584    0.38%
L1-Total-Accesses:    1280967335  100.00%

L2 Cache Stats:
L2-Load-Hits:           4361881   99.43%
L2-Load-Misses:           24889    0.57%
L2-Load-Accesses:       4386770  100.00%

L2-Store-Hits:            453703   99.10%
L2-Store-Misses:            4111    0.90%
L2-Store-Accesses:        457814  100.00%

L2-Total-Hits:           4815584   99.40%
L2-Total-Misses:           29000    0.60%
L2-Total-Accesses:       4844584  100.00%

