--------
Total Statistics
--------
Total Instructions: 4355791850
Total Cycles: 11891253714
IPC: 0.366302

--------
Single level Tlb hierarchy
--------
  Data Tlb:
    Entries:          64
    Page Size(B):   4096
    Associativity:      4

Latencies:    0  150
Tlb-Sets:   16 - LRU - assoc:   4

Tlb Stats:
Tlb-Load-Hits:         921886059   96.02%
Tlb-Load-Misses:        38204742    3.98%
Tlb-Load-Accesses:     960090801  100.00%

Tlb-Store-Hits:         320186340   99.78%
Tlb-Store-Misses:          690203    0.22%
Tlb-Store-Accesses:     320876543  100.00%

Tlb-Total-Hits:        1242072399   96.96%
Tlb-Total-Misses:        38894945    3.04%
Tlb-Total-Accesses:    1280967344  100.00%



--------
Two level Cache hierarchy
--------
  L1-Data Cache:
    Size(KB):          32
    Block Size(B):     64
    Associativity:      8

  L2-Data Cache:
    Size(KB):         512
    Block Size(B):    128
    Associativity:      8

Latencies:    1   10  250
L1-Sets:   64 - LRU - assoc:   8
L2-Sets:  512 - LRU - assoc:   8
Store_allocation: Yes
L2_inclusive: Yes
L2_prefetching: No

L1 Cache Stats:
L1-Load-Hits:         954579931   99.43%
L1-Load-Misses:         5510870    0.57%
L1-Load-Accesses:     960090801  100.00%

L1-Store-Hits:         320224661   99.80%
L1-Store-Misses:          651882    0.20%
L1-Store-Accesses:     320876543  100.00%

L1-Total-Hits:        1274804592   99.52%
L1-Total-Misses:         6162752    0.48%
L1-Total-Accesses:    1280967344  100.00%

L2 Cache Stats:
L2-Load-Hits:           4281380   77.69%
L2-Load-Misses:         1229490   22.31%
L2-Load-Accesses:       5510870  100.00%

L2-Store-Hits:            446871   68.55%
L2-Store-Misses:          205011   31.45%
L2-Store-Accesses:        651882  100.00%

L2-Total-Hits:           4728251   76.72%
L2-Total-Misses:         1434501   23.28%
L2-Total-Accesses:       6162752  100.00%

