--------
Total Statistics
--------
Total Instructions: 4355791831
Total Cycles: 12253023016
IPC: 0.355487

--------
Single level Tlb hierarchy
--------
  Data Tlb:
    Entries:          64
    Page Size(B):   4096
    Associativity:      4

Latencies:    0  150
Tlb-Sets:   16 - LRU - assoc:   4

Tlb Stats:
Tlb-Load-Hits:         921886052   96.02%
Tlb-Load-Misses:        38204742    3.98%
Tlb-Load-Accesses:     960090794  100.00%

Tlb-Store-Hits:         320050838   99.74%
Tlb-Store-Misses:          825703    0.26%
Tlb-Store-Accesses:     320876541  100.00%

Tlb-Total-Hits:        1241936890   96.95%
Tlb-Total-Misses:        39030445    3.05%
Tlb-Total-Accesses:    1280967335  100.00%



--------
Two level Cache hierarchy
--------
  L1-Data Cache:
    Size(KB):          32
    Block Size(B):     64
    Associativity:      8

  L2-Data Cache:
    Size(KB):        1024
    Block Size(B):     64
    Associativity:      8

Latencies:    1   10  250
L1-Sets:   64 - LRU - assoc:   8
L2-Sets: 2048 - LRU - assoc:   8
Store_allocation: Yes
L2_inclusive: Yes
L2_prefetching: No

L1 Cache Stats:
L1-Load-Hits:         956070657   99.58%
L1-Load-Misses:         4020137    0.42%
L1-Load-Accesses:     960090794  100.00%

L1-Store-Hits:         320465918   99.87%
L1-Store-Misses:          410623    0.13%
L1-Store-Accesses:     320876541  100.00%

L1-Total-Hits:        1276536575   99.65%
L1-Total-Misses:         4430760    0.35%
L1-Total-Accesses:    1280967335  100.00%

L2 Cache Stats:
L2-Load-Hits:           1560902   38.83%
L2-Load-Misses:         2459235   61.17%
L2-Load-Accesses:       4020137  100.00%

L2-Store-Hits:               300    0.07%
L2-Store-Misses:          410323   99.93%
L2-Store-Accesses:        410623  100.00%

L2-Total-Hits:           1561202   35.24%
L2-Total-Misses:         2869558   64.76%
L2-Total-Accesses:       4430760  100.00%

