--------
Total Statistics
--------
Total Instructions: 4355791831
Total Cycles: 11539129536
IPC: 0.37748

--------
Single level Tlb hierarchy
--------
  Data Tlb:
    Entries:          64
    Page Size(B):   4096
    Associativity:      4

Latencies:    0  150
Tlb-Sets:   16 - LRU - assoc:   4

Tlb Stats:
Tlb-Load-Hits:         921886052   96.02%
Tlb-Load-Misses:        38204742    3.98%
Tlb-Load-Accesses:     960090794  100.00%

Tlb-Store-Hits:         320050838   99.74%
Tlb-Store-Misses:          825703    0.26%
Tlb-Store-Accesses:     320876541  100.00%

Tlb-Total-Hits:        1241936890   96.95%
Tlb-Total-Misses:        39030445    3.05%
Tlb-Total-Accesses:    1280967335  100.00%



--------
Two level Cache hierarchy
--------
  L1-Data Cache:
    Size(KB):          32
    Block Size(B):     64
    Associativity:      8

  L2-Data Cache:
    Size(KB):        2048
    Block Size(B):    256
    Associativity:     16

Latencies:    1   10  250
L1-Sets:   64 - LRU - assoc:   8
L2-Sets:  512 - LRU - assoc:  16
Store_allocation: Yes
L2_inclusive: Yes
L2_prefetching: No

L1 Cache Stats:
L1-Load-Hits:         955902921   99.56%
L1-Load-Misses:         4187873    0.44%
L1-Load-Accesses:     960090794  100.00%

L1-Store-Hits:         320466527   99.87%
L1-Store-Misses:          410014    0.13%
L1-Store-Accesses:     320876541  100.00%

L1-Total-Hits:        1276369448   99.64%
L1-Total-Misses:         4597887    0.36%
L1-Total-Accesses:    1280967335  100.00%

L2 Cache Stats:
L2-Load-Hits:           4181606   99.85%
L2-Load-Misses:            6267    0.15%
L2-Load-Accesses:       4187873  100.00%

L2-Store-Hits:            408982   99.75%
L2-Store-Misses:            1032    0.25%
L2-Store-Accesses:        410014  100.00%

L2-Total-Hits:           4590588   99.84%
L2-Total-Misses:            7299    0.16%
L2-Total-Accesses:       4597887  100.00%

