--------
Total Statistics
--------
Total Instructions: 4355791831
Total Cycles: 11477630496
IPC: 0.379503

--------
Single level Tlb hierarchy
--------
  Data Tlb:
    Entries:          64
    Page Size(B):   4096
    Associativity:      4

Latencies:    0  150
Tlb-Sets:   16 - LRU - assoc:   4

Tlb Stats:
Tlb-Load-Hits:         921886051   96.02%
Tlb-Load-Misses:        38204743    3.98%
Tlb-Load-Accesses:     960090794  100.00%

Tlb-Store-Hits:         320460439   99.87%
Tlb-Store-Misses:          416102    0.13%
Tlb-Store-Accesses:     320876541  100.00%

Tlb-Total-Hits:        1242346490   96.99%
Tlb-Total-Misses:        38620845    3.01%
Tlb-Total-Accesses:    1280967335  100.00%



--------
Two level Cache hierarchy
--------
  L1-Data Cache:
    Size(KB):          32
    Block Size(B):     64
    Associativity:      8

  L2-Data Cache:
    Size(KB):        2048
    Block Size(B):    128
    Associativity:     16

Latencies:    1   10  250
L1-Sets:   64 - LRU - assoc:   8
L2-Sets: 1024 - LRU - assoc:  16
Store_allocation: Yes
L2_inclusive: Yes
L2_prefetching: No

L1 Cache Stats:
L1-Load-Hits:         956089322   99.58%
L1-Load-Misses:         4001472    0.42%
L1-Load-Accesses:     960090794  100.00%

L1-Store-Hits:         320466830   99.87%
L1-Store-Misses:          409711    0.13%
L1-Store-Accesses:     320876541  100.00%

L1-Total-Hits:        1276556152   99.66%
L1-Total-Misses:         4411183    0.34%
L1-Total-Accesses:    1280967335  100.00%

L2 Cache Stats:
L2-Load-Hits:           3988999   99.69%
L2-Load-Misses:           12473    0.31%
L2-Load-Accesses:       4001472  100.00%

L2-Store-Hits:            407653   99.50%
L2-Store-Misses:            2058    0.50%
L2-Store-Accesses:        409711  100.00%

L2-Total-Hits:           4396652   99.67%
L2-Total-Misses:           14531    0.33%
L2-Total-Accesses:       4411183  100.00%

