--------
Total Statistics
--------
Total Instructions: 12275683915
Total Cycles: 18816556839
IPC: 0.652387

--------
Single level Tlb hierarchy
--------
  Data Tlb:
    Entries:          64
    Page Size(B):   4096
    Associativity:      4

Latencies:    0  150
Tlb-Sets:   16 - LRU - assoc:   4

Tlb Stats:
Tlb-Load-Hits:        2362958621   99.41%
Tlb-Load-Misses:        14009931    0.59%
Tlb-Load-Accesses:    2376968552  100.00%

Tlb-Store-Hits:         652865689   99.94%
Tlb-Store-Misses:          391733    0.06%
Tlb-Store-Accesses:     653257422  100.00%

Tlb-Total-Hits:        3015824310   99.52%
Tlb-Total-Misses:        14401664    0.48%
Tlb-Total-Accesses:    3030225974  100.00%



--------
Two level Cache hierarchy
--------
  L1-Data Cache:
    Size(KB):          32
    Block Size(B):     64
    Associativity:      8

  L2-Data Cache:
    Size(KB):        1024
    Block Size(B):    256
    Associativity:      8

Latencies:    1   10  250
L1-Sets:   64 - LRU - assoc:   8
L2-Sets:  512 - LRU - assoc:   8
Store_allocation: Yes
L2_inclusive: Yes
L2_prefetching: No

L1 Cache Stats:
L1-Load-Hits:        2262850800   95.20%
L1-Load-Misses:       114117752    4.80%
L1-Load-Accesses:    2376968552  100.00%

L1-Store-Hits:         646585239   98.98%
L1-Store-Misses:         6672183    1.02%
L1-Store-Accesses:     653257422  100.00%

L1-Total-Hits:        2909436039   96.01%
L1-Total-Misses:       120789935    3.99%
L1-Total-Accesses:    3030225974  100.00%

L2 Cache Stats:
L2-Load-Hits:         113780509   99.70%
L2-Load-Misses:          337243    0.30%
L2-Load-Accesses:     114117752  100.00%

L2-Store-Hits:           6439434   96.51%
L2-Store-Misses:          232749    3.49%
L2-Store-Accesses:       6672183  100.00%

L2-Total-Hits:         120219943   99.53%
L2-Total-Misses:          569992    0.47%
L2-Total-Accesses:     120789935  100.00%

