--------
Total Statistics
--------
Total Instructions: 12275683896
Total Cycles: 19479662751
IPC: 0.630179

--------
Single level Tlb hierarchy
--------
  Data Tlb:
    Entries:          64
    Page Size(B):   4096
    Associativity:      4

Latencies:    0  150
Tlb-Sets:   16 - LRU - assoc:   4

Tlb Stats:
Tlb-Load-Hits:        2362800358   99.40%
Tlb-Load-Misses:        14168187    0.60%
Tlb-Load-Accesses:    2376968545  100.00%

Tlb-Store-Hits:         652830801   99.93%
Tlb-Store-Misses:          426619    0.07%
Tlb-Store-Accesses:     653257420  100.00%

Tlb-Total-Hits:        3015631159   99.52%
Tlb-Total-Misses:        14594806    0.48%
Tlb-Total-Accesses:    3030225965  100.00%



--------
Two level Cache hierarchy
--------
  L1-Data Cache:
    Size(KB):          32
    Block Size(B):     64
    Associativity:      8

  L2-Data Cache:
    Size(KB):         512
    Block Size(B):     64
    Associativity:      8

Latencies:    1   10  250
L1-Sets:   64 - LRU - assoc:   8
L2-Sets: 1024 - LRU - assoc:   8
Store_allocation: Yes
L2_inclusive: Yes
L2_prefetching: No

L1 Cache Stats:
L1-Load-Hits:        2263016713   95.21%
L1-Load-Misses:       113951832    4.79%
L1-Load-Accesses:    2376968545  100.00%

L1-Store-Hits:         647004428   99.04%
L1-Store-Misses:         6252992    0.96%
L1-Store-Accesses:     653257420  100.00%

L1-Total-Hits:        2910021141   96.03%
L1-Total-Misses:       120204824    3.97%
L1-Total-Accesses:    3030225965  100.00%

L2 Cache Stats:
L2-Load-Hits:         112128064   98.40%
L2-Load-Misses:         1823768    1.60%
L2-Load-Accesses:     113951832  100.00%

L2-Store-Hits:           4946825   79.11%
L2-Store-Misses:         1306167   20.89%
L2-Store-Accesses:       6252992  100.00%

L2-Total-Hits:         117074889   97.40%
L2-Total-Misses:         3129935    2.60%
L2-Total-Accesses:     120204824  100.00%

