--------
Total Statistics
--------
Total Instructions: 12275683896
Total Cycles: 18805941211
IPC: 0.652756

--------
Single level Tlb hierarchy
--------
  Data Tlb:
    Entries:          64
    Page Size(B):   4096
    Associativity:      4

Latencies:    0  150
Tlb-Sets:   16 - LRU - assoc:   4

Tlb Stats:
Tlb-Load-Hits:        2362963176   99.41%
Tlb-Load-Misses:        14005369    0.59%
Tlb-Load-Accesses:    2376968545  100.00%

Tlb-Store-Hits:         652910630   99.95%
Tlb-Store-Misses:          346790    0.05%
Tlb-Store-Accesses:     653257420  100.00%

Tlb-Total-Hits:        3015873806   99.53%
Tlb-Total-Misses:        14352159    0.47%
Tlb-Total-Accesses:    3030225965  100.00%



--------
Two level Cache hierarchy
--------
  L1-Data Cache:
    Size(KB):          32
    Block Size(B):     64
    Associativity:      8

  L2-Data Cache:
    Size(KB):        2048
    Block Size(B):    128
    Associativity:     16

Latencies:    1   10  250
L1-Sets:   64 - LRU - assoc:   8
L2-Sets: 1024 - LRU - assoc:  16
Store_allocation: Yes
L2_inclusive: Yes
L2_prefetching: No

L1 Cache Stats:
L1-Load-Hits:        2263146147   95.21%
L1-Load-Misses:       113822398    4.79%
L1-Load-Accesses:    2376968545  100.00%

L1-Store-Hits:         646722393   99.00%
L1-Store-Misses:         6535027    1.00%
L1-Store-Accesses:     653257420  100.00%

L1-Total-Hits:        2909868540   96.03%
L1-Total-Misses:       120357425    3.97%
L1-Total-Accesses:    3030225965  100.00%

L2 Cache Stats:
L2-Load-Hits:         113461974   99.68%
L2-Load-Misses:          360424    0.32%
L2-Load-Accesses:     113822398  100.00%

L2-Store-Hits:           6320918   96.72%
L2-Store-Misses:          214109    3.28%
L2-Store-Accesses:       6535027  100.00%

L2-Total-Hits:         119782892   99.52%
L2-Total-Misses:          574533    0.48%
L2-Total-Accesses:     120357425  100.00%

