--------
Total Statistics
--------
Total Instructions: 12275683896
Total Cycles: 19153321511
IPC: 0.640917

--------
Single level Tlb hierarchy
--------
  Data Tlb:
    Entries:          64
    Page Size(B):   4096
    Associativity:      4

Latencies:    0  150
Tlb-Sets:   16 - LRU - assoc:   4

Tlb Stats:
Tlb-Load-Hits:        2362937623   99.41%
Tlb-Load-Misses:        14030922    0.59%
Tlb-Load-Accesses:    2376968545  100.00%

Tlb-Store-Hits:         652910772   99.95%
Tlb-Store-Misses:          346648    0.05%
Tlb-Store-Accesses:     653257420  100.00%

Tlb-Total-Hits:        3015848395   99.53%
Tlb-Total-Misses:        14377570    0.47%
Tlb-Total-Accesses:    3030225965  100.00%



--------
Two level Cache hierarchy
--------
  L1-Data Cache:
    Size(KB):          32
    Block Size(B):     64
    Associativity:      8

  L2-Data Cache:
    Size(KB):         512
    Block Size(B):    128
    Associativity:      8

Latencies:    1   10  250
L1-Sets:   64 - LRU - assoc:   8
L2-Sets:  512 - LRU - assoc:   8
Store_allocation: Yes
L2_inclusive: Yes
L2_prefetching: No

L1 Cache Stats:
L1-Load-Hits:        2262548537   95.19%
L1-Load-Misses:       114420008    4.81%
L1-Load-Accesses:    2376968545  100.00%

L1-Store-Hits:         646247988   98.93%
L1-Store-Misses:         7009432    1.07%
L1-Store-Accesses:     653257420  100.00%

L1-Total-Hits:        2908796525   95.99%
L1-Total-Misses:       121429440    4.01%
L1-Total-Accesses:    3030225965  100.00%

L2 Cache Stats:
L2-Load-Hits:         113165181   98.90%
L2-Load-Misses:         1254827    1.10%
L2-Load-Accesses:     114420008  100.00%

L2-Store-Hits:           6358332   90.71%
L2-Store-Misses:          651100    9.29%
L2-Store-Accesses:       7009432  100.00%

L2-Total-Hits:         119523513   98.43%
L2-Total-Misses:         1905927    1.57%
L2-Total-Accesses:     121429440  100.00%

