--------
Total Statistics
--------
Total Instructions: 12275683896
Total Cycles: 19193937611
IPC: 0.63956

--------
Single level Tlb hierarchy
--------
  Data Tlb:
    Entries:          64
    Page Size(B):   4096
    Associativity:      4

Latencies:    0  150
Tlb-Sets:   16 - LRU - assoc:   4

Tlb Stats:
Tlb-Load-Hits:        2362891811   99.41%
Tlb-Load-Misses:        14076734    0.59%
Tlb-Load-Accesses:    2376968545  100.00%

Tlb-Store-Hits:         652910719   99.95%
Tlb-Store-Misses:          346701    0.05%
Tlb-Store-Accesses:     653257420  100.00%

Tlb-Total-Hits:        3015802530   99.52%
Tlb-Total-Misses:        14423435    0.48%
Tlb-Total-Accesses:    3030225965  100.00%



--------
Two level Cache hierarchy
--------
  L1-Data Cache:
    Size(KB):          32
    Block Size(B):     64
    Associativity:      8

  L2-Data Cache:
    Size(KB):        1024
    Block Size(B):     64
    Associativity:      8

Latencies:    1   10  250
L1-Sets:   64 - LRU - assoc:   8
L2-Sets: 2048 - LRU - assoc:   8
Store_allocation: Yes
L2_inclusive: Yes
L2_prefetching: No

L1 Cache Stats:
L1-Load-Hits:        2263187066   95.21%
L1-Load-Misses:       113781479    4.79%
L1-Load-Accesses:    2376968545  100.00%

L1-Store-Hits:         646944524   99.03%
L1-Store-Misses:         6312896    0.97%
L1-Store-Accesses:     653257420  100.00%

L1-Total-Hits:        2910131590   96.04%
L1-Total-Misses:       120094375    3.96%
L1-Total-Accesses:    3030225965  100.00%

L2 Cache Stats:
L2-Load-Hits:         112622102   98.98%
L2-Load-Misses:         1159377    1.02%
L2-Load-Accesses:     113781479  100.00%

L2-Store-Hits:           5377998   85.19%
L2-Store-Misses:          934898   14.81%
L2-Store-Accesses:       6312896  100.00%

L2-Total-Hits:         118000100   98.26%
L2-Total-Misses:         2094275    1.74%
L2-Total-Accesses:     120094375  100.00%

