--------
Total Statistics
--------
Total Instructions: 12275683896
Total Cycles: 18940394161
IPC: 0.648122

--------
Single level Tlb hierarchy
--------
  Data Tlb:
    Entries:          64
    Page Size(B):   4096
    Associativity:      4

Latencies:    0  150
Tlb-Sets:   16 - LRU - assoc:   4

Tlb Stats:
Tlb-Load-Hits:        2362956685   99.41%
Tlb-Load-Misses:        14011860    0.59%
Tlb-Load-Accesses:    2376968545  100.00%

Tlb-Store-Hits:         652910616   99.95%
Tlb-Store-Misses:          346804    0.05%
Tlb-Store-Accesses:     653257420  100.00%

Tlb-Total-Hits:        3015867301   99.53%
Tlb-Total-Misses:        14358664    0.47%
Tlb-Total-Accesses:    3030225965  100.00%



--------
Two level Cache hierarchy
--------
  L1-Data Cache:
    Size(KB):          32
    Block Size(B):     64
    Associativity:      8

  L2-Data Cache:
    Size(KB):        1024
    Block Size(B):    128
    Associativity:      8

Latencies:    1   10  250
L1-Sets:   64 - LRU - assoc:   8
L2-Sets: 1024 - LRU - assoc:   8
Store_allocation: Yes
L2_inclusive: Yes
L2_prefetching: No

L1 Cache Stats:
L1-Load-Hits:        2262864536   95.20%
L1-Load-Misses:       114104009    4.80%
L1-Load-Accesses:    2376968545  100.00%

L1-Store-Hits:         646464359   98.96%
L1-Store-Misses:         6793061    1.04%
L1-Store-Accesses:     653257420  100.00%

L1-Total-Hits:        2909328895   96.01%
L1-Total-Misses:       120897070    3.99%
L1-Total-Accesses:    3030225965  100.00%

L2 Cache Stats:
L2-Load-Hits:         113484955   99.46%
L2-Load-Misses:          619054    0.54%
L2-Load-Accesses:     114104009  100.00%

L2-Store-Hits:           6325259   93.11%
L2-Store-Misses:          467802    6.89%
L2-Store-Accesses:       6793061  100.00%

L2-Total-Hits:         119810214   99.10%
L2-Total-Misses:         1086856    0.90%
L2-Total-Accesses:     120897070  100.00%

