--------
Total Statistics
--------
Total Instructions: 12275683896
Total Cycles: 19375830751
IPC: 0.633557

--------
Single level Tlb hierarchy
--------
  Data Tlb:
    Entries:          64
    Page Size(B):   4096
    Associativity:      4

Latencies:    0  150
Tlb-Sets:   16 - LRU - assoc:   4

Tlb Stats:
Tlb-Load-Hits:        2362942831   99.41%
Tlb-Load-Misses:        14025714    0.59%
Tlb-Load-Accesses:    2376968545  100.00%

Tlb-Store-Hits:         652826653   99.93%
Tlb-Store-Misses:          430767    0.07%
Tlb-Store-Accesses:     653257420  100.00%

Tlb-Total-Hits:        3015769484   99.52%
Tlb-Total-Misses:        14456481    0.48%
Tlb-Total-Accesses:    3030225965  100.00%



--------
Two level Cache hierarchy
--------
  L1-Data Cache:
    Size(KB):          32
    Block Size(B):     64
    Associativity:      8

  L2-Data Cache:
    Size(KB):         512
    Block Size(B):    256
    Associativity:      8

Latencies:    1   10  250
L1-Sets:   64 - LRU - assoc:   8
L2-Sets:  256 - LRU - assoc:   8
Store_allocation: Yes
L2_inclusive: Yes
L2_prefetching: No

L1 Cache Stats:
L1-Load-Hits:        2262149824   95.17%
L1-Load-Misses:       114818721    4.83%
L1-Load-Accesses:    2376968545  100.00%

L1-Store-Hits:         646635942   98.99%
L1-Store-Misses:         6621478    1.01%
L1-Store-Accesses:     653257420  100.00%

L1-Total-Hits:        2908785766   95.99%
L1-Total-Misses:       121440199    4.01%
L1-Total-Accesses:    3030225965  100.00%

L2 Cache Stats:
L2-Load-Hits:         112399096   97.89%
L2-Load-Misses:         2419625    2.11%
L2-Load-Accesses:     114818721  100.00%

L2-Store-Hits:           6292916   95.04%
L2-Store-Misses:          328562    4.96%
L2-Store-Accesses:       6621478  100.00%

L2-Total-Hits:         118692012   97.74%
L2-Total-Misses:         2748187    2.26%
L2-Total-Accesses:     121440199  100.00%

