--------
Total Statistics
--------
Total Instructions: 12275683896
Total Cycles: 18962026341
IPC: 0.647382

--------
Single level Tlb hierarchy
--------
  Data Tlb:
    Entries:          64
    Page Size(B):   4096
    Associativity:      4

Latencies:    0  150
Tlb-Sets:   16 - LRU - assoc:   4

Tlb Stats:
Tlb-Load-Hits:        2362938014   99.41%
Tlb-Load-Misses:        14030531    0.59%
Tlb-Load-Accesses:    2376968545  100.00%

Tlb-Store-Hits:         652829959   99.93%
Tlb-Store-Misses:          427461    0.07%
Tlb-Store-Accesses:     653257420  100.00%

Tlb-Total-Hits:        3015767973   99.52%
Tlb-Total-Misses:        14457992    0.48%
Tlb-Total-Accesses:    3030225965  100.00%



--------
Two level Cache hierarchy
--------
  L1-Data Cache:
    Size(KB):          32
    Block Size(B):     64
    Associativity:      8

  L2-Data Cache:
    Size(KB):        1024
    Block Size(B):    128
    Associativity:     16

Latencies:    1   10  250
L1-Sets:   64 - LRU - assoc:   8
L2-Sets:  512 - LRU - assoc:  16
Store_allocation: Yes
L2_inclusive: Yes
L2_prefetching: No

L1 Cache Stats:
L1-Load-Hits:        2262712708   95.19%
L1-Load-Misses:       114255837    4.81%
L1-Load-Accesses:    2376968545  100.00%

L1-Store-Hits:         646270314   98.93%
L1-Store-Misses:         6987106    1.07%
L1-Store-Accesses:     653257420  100.00%

L1-Total-Hits:        2908983022   96.00%
L1-Total-Misses:       121242943    4.00%
L1-Total-Accesses:    3030225965  100.00%

L2 Cache Stats:
L2-Load-Hits:         113628464   99.45%
L2-Load-Misses:          627373    0.55%
L2-Load-Accesses:     114255837  100.00%

L2-Store-Hits:           6514526   93.24%
L2-Store-Misses:          472580    6.76%
L2-Store-Accesses:       6987106  100.00%

L2-Total-Hits:         120142990   99.09%
L2-Total-Misses:         1099953    0.91%
L2-Total-Accesses:     121242943  100.00%

