--------
Total Statistics
--------
Total Instructions: 1671551960
Total Cycles: 17184492401
IPC: 0.097271

--------
Single level Tlb hierarchy
--------
  Data Tlb:
    Entries:          64
    Page Size(B):   4096
    Associativity:      4

Latencies:    0  150
Tlb-Sets:   16 - LRU - assoc:   4

Tlb Stats:
Tlb-Load-Hits:         264951696   86.43%
Tlb-Load-Misses:        41608734   13.57%
Tlb-Load-Accesses:     306560430  100.00%

Tlb-Store-Hits:         120265118   99.54%
Tlb-Store-Misses:          558353    0.46%
Tlb-Store-Accesses:     120823471  100.00%

Tlb-Total-Hits:         385216814   90.13%
Tlb-Total-Misses:        42167087    9.87%
Tlb-Total-Accesses:     427383901  100.00%



--------
Two level Cache hierarchy
--------
  L1-Data Cache:
    Size(KB):          32
    Block Size(B):     64
    Associativity:      8

  L2-Data Cache:
    Size(KB):         512
    Block Size(B):    256
    Associativity:      8

Latencies:    1   10  250
L1-Sets:   64 - LRU - assoc:   8
L2-Sets:  256 - LRU - assoc:   8
Store_allocation: Yes
L2_inclusive: Yes
L2_prefetching: No

L1 Cache Stats:
L1-Load-Hits:         230477941   75.18%
L1-Load-Misses:        76082489   24.82%
L1-Load-Accesses:     306560430  100.00%

L1-Store-Hits:         120807411   99.99%
L1-Store-Misses:           16060    0.01%
L1-Store-Accesses:     120823471  100.00%

L1-Total-Hits:         351285352   82.19%
L1-Total-Misses:        76098549   17.81%
L1-Total-Accesses:     427383901  100.00%

L2 Cache Stats:
L2-Load-Hits:          44090166   57.95%
L2-Load-Misses:        31992323   42.05%
L2-Load-Accesses:      76082489  100.00%

L2-Store-Hits:             10351   64.45%
L2-Store-Misses:            5709   35.55%
L2-Store-Accesses:         16060  100.00%

L2-Total-Hits:          44100517   57.95%
L2-Total-Misses:        31998032   42.05%
L2-Total-Accesses:      76098549  100.00%

