--------
Total Statistics
--------
Total Instructions: 1671551960
Total Cycles: 17357917911
IPC: 0.0962991

--------
Single level Tlb hierarchy
--------
  Data Tlb:
    Entries:          64
    Page Size(B):   4096
    Associativity:      4

Latencies:    0  150
Tlb-Sets:   16 - LRU - assoc:   4

Tlb Stats:
Tlb-Load-Hits:         260332846   84.92%
Tlb-Load-Misses:        46227584   15.08%
Tlb-Load-Accesses:     306560430  100.00%

Tlb-Store-Hits:         119934406   99.26%
Tlb-Store-Misses:          889065    0.74%
Tlb-Store-Accesses:     120823471  100.00%

Tlb-Total-Hits:         380267252   88.98%
Tlb-Total-Misses:        47116649   11.02%
Tlb-Total-Accesses:     427383901  100.00%



--------
Two level Cache hierarchy
--------
  L1-Data Cache:
    Size(KB):          32
    Block Size(B):     64
    Associativity:      8

  L2-Data Cache:
    Size(KB):        2048
    Block Size(B):    128
    Associativity:     16

Latencies:    1   10  250
L1-Sets:   64 - LRU - assoc:   8
L2-Sets: 1024 - LRU - assoc:  16
Store_allocation: Yes
L2_inclusive: Yes
L2_prefetching: No

L1 Cache Stats:
L1-Load-Hits:         236295067   77.08%
L1-Load-Misses:        70265363   22.92%
L1-Load-Accesses:     306560430  100.00%

L1-Store-Hits:         120809189   99.99%
L1-Store-Misses:           14282    0.01%
L1-Store-Accesses:     120823471  100.00%

L1-Total-Hits:         357104256   83.56%
L1-Total-Misses:        70279645   16.44%
L1-Total-Accesses:     427383901  100.00%

L2 Cache Stats:
L2-Load-Hits:          40312572   57.37%
L2-Load-Misses:        29952791   42.63%
L2-Load-Accesses:      70265363  100.00%

L2-Store-Hits:             12320   86.26%
L2-Store-Misses:            1962   13.74%
L2-Store-Accesses:         14282  100.00%

L2-Total-Hits:          40324892   57.38%
L2-Total-Misses:        29954753   42.62%
L2-Total-Accesses:      70279645  100.00%

