--------
Total Statistics
--------
Total Instructions: 1671551979
Total Cycles: 17364402279
IPC: 0.0962631

--------
Single level Tlb hierarchy
--------
  Data Tlb:
    Entries:          64
    Page Size(B):   4096
    Associativity:      4

Latencies:    0  150
Tlb-Sets:   16 - LRU - assoc:   4

Tlb Stats:
Tlb-Load-Hits:         263397209   85.92%
Tlb-Load-Misses:        43163228   14.08%
Tlb-Load-Accesses:     306560437  100.00%

Tlb-Store-Hits:         120268530   99.54%
Tlb-Store-Misses:          554943    0.46%
Tlb-Store-Accesses:     120823473  100.00%

Tlb-Total-Hits:         383665739   89.77%
Tlb-Total-Misses:        43718171   10.23%
Tlb-Total-Accesses:     427383910  100.00%



--------
Two level Cache hierarchy
--------
  L1-Data Cache:
    Size(KB):          32
    Block Size(B):     64
    Associativity:      8

  L2-Data Cache:
    Size(KB):        1024
    Block Size(B):    128
    Associativity:      8

Latencies:    1   10  250
L1-Sets:   64 - LRU - assoc:   8
L2-Sets: 1024 - LRU - assoc:   8
Store_allocation: Yes
L2_inclusive: Yes
L2_prefetching: No

L1 Cache Stats:
L1-Load-Hits:         234181287   76.39%
L1-Load-Misses:        72379150   23.61%
L1-Load-Accesses:     306560437  100.00%

L1-Store-Hits:         120803474   99.98%
L1-Store-Misses:           19999    0.02%
L1-Store-Accesses:     120823473  100.00%

L1-Total-Hits:         354984761   83.06%
L1-Total-Misses:        72399149   16.94%
L1-Total-Accesses:     427383910  100.00%

L2 Cache Stats:
L2-Load-Hits:          40448779   55.88%
L2-Load-Misses:        31930371   44.12%
L2-Load-Accesses:      72379150  100.00%

L2-Store-Hits:             15373   76.87%
L2-Store-Misses:            4626   23.13%
L2-Store-Accesses:         19999  100.00%

L2-Total-Hits:          40464152   55.89%
L2-Total-Misses:        31934997   44.11%
L2-Total-Accesses:      72399149  100.00%

