--------
Total Statistics
--------
Total Instructions: 1671551960
Total Cycles: 16698734491
IPC: 0.100101

--------
Single level Tlb hierarchy
--------
  Data Tlb:
    Entries:          64
    Page Size(B):   4096
    Associativity:      4

Latencies:    0  150
Tlb-Sets:   16 - LRU - assoc:   4

Tlb Stats:
Tlb-Load-Hits:         265794541   86.70%
Tlb-Load-Misses:        40765889   13.30%
Tlb-Load-Accesses:     306560430  100.00%

Tlb-Store-Hits:         120514043   99.74%
Tlb-Store-Misses:          309428    0.26%
Tlb-Store-Accesses:     120823471  100.00%

Tlb-Total-Hits:         386308584   90.39%
Tlb-Total-Misses:        41075317    9.61%
Tlb-Total-Accesses:     427383901  100.00%



--------
Two level Cache hierarchy
--------
  L1-Data Cache:
    Size(KB):          32
    Block Size(B):     64
    Associativity:      8

  L2-Data Cache:
    Size(KB):        1024
    Block Size(B):    256
    Associativity:     16

Latencies:    1   10  250
L1-Sets:   64 - LRU - assoc:   8
L2-Sets:  256 - LRU - assoc:  16
Store_allocation: Yes
L2_inclusive: Yes
L2_prefetching: No

L1 Cache Stats:
L1-Load-Hits:         232705609   75.91%
L1-Load-Misses:        73854821   24.09%
L1-Load-Accesses:     306560430  100.00%

L1-Store-Hits:         120809159   99.99%
L1-Store-Misses:           14312    0.01%
L1-Store-Accesses:     120823471  100.00%

L1-Total-Hits:         353514768   82.72%
L1-Total-Misses:        73869133   17.28%
L1-Total-Accesses:     427383901  100.00%

L2 Cache Stats:
L2-Load-Hits:          43058802   58.30%
L2-Load-Misses:        30796019   41.70%
L2-Load-Accesses:      73854821  100.00%

L2-Store-Hits:             11092   77.50%
L2-Store-Misses:            3220   22.50%
L2-Store-Accesses:         14312  100.00%

L2-Total-Hits:          43069894   58.31%
L2-Total-Misses:        30799239   41.69%
L2-Total-Accesses:      73869133  100.00%

