--------
Total Statistics
--------
Total Instructions: 1671551960
Total Cycles: 17202236021
IPC: 0.0971706

--------
Single level Tlb hierarchy
--------
  Data Tlb:
    Entries:          64
    Page Size(B):   4096
    Associativity:      4

Latencies:    0  150
Tlb-Sets:   16 - LRU - assoc:   4

Tlb Stats:
Tlb-Load-Hits:         264802021   86.38%
Tlb-Load-Misses:        41758409   13.62%
Tlb-Load-Accesses:     306560430  100.00%

Tlb-Store-Hits:         119934730   99.26%
Tlb-Store-Misses:          888741    0.74%
Tlb-Store-Accesses:     120823471  100.00%

Tlb-Total-Hits:         384736751   90.02%
Tlb-Total-Misses:        42647150    9.98%
Tlb-Total-Accesses:     427383901  100.00%



--------
Two level Cache hierarchy
--------
  L1-Data Cache:
    Size(KB):          32
    Block Size(B):     64
    Associativity:      8

  L2-Data Cache:
    Size(KB):        1024
    Block Size(B):    128
    Associativity:     16

Latencies:    1   10  250
L1-Sets:   64 - LRU - assoc:   8
L2-Sets:  512 - LRU - assoc:  16
Store_allocation: Yes
L2_inclusive: Yes
L2_prefetching: No

L1 Cache Stats:
L1-Load-Hits:         234193568   76.39%
L1-Load-Misses:        72366862   23.61%
L1-Load-Accesses:     306560430  100.00%

L1-Store-Hits:         120804617   99.98%
L1-Store-Misses:           18854    0.02%
L1-Store-Accesses:     120823471  100.00%

L1-Total-Hits:         354998185   83.06%
L1-Total-Misses:        72385716   16.94%
L1-Total-Accesses:     427383901  100.00%

L2 Cache Stats:
L2-Load-Hits:          40441758   55.88%
L2-Load-Misses:        31925104   44.12%
L2-Load-Accesses:      72366862  100.00%

L2-Store-Hits:             14476   76.78%
L2-Store-Misses:            4378   23.22%
L2-Store-Accesses:         18854  100.00%

L2-Total-Hits:          40456234   55.89%
L2-Total-Misses:        31929482   44.11%
L2-Total-Accesses:      72385716  100.00%

