--------
Total Statistics
--------
Total Instructions: 8542774597
Total Cycles: 12832204449
IPC: 0.665729

--------
Single level Tlb hierarchy
--------
  Data Tlb:
    Entries:          64
    Page Size(B):   4096
    Associativity:      4

Latencies:    0  150
Tlb-Sets:   16 - LRU - assoc:   4

Tlb Stats:
Tlb-Load-Hits:        1862095960   99.97%
Tlb-Load-Misses:          629435    0.03%
Tlb-Load-Accesses:    1862725395  100.00%

Tlb-Store-Hits:         191921686   99.89%
Tlb-Store-Misses:          215981    0.11%
Tlb-Store-Accesses:     192137667  100.00%

Tlb-Total-Hits:        2054017646   99.96%
Tlb-Total-Misses:          845416    0.04%
Tlb-Total-Accesses:    2054863062  100.00%



--------
Two level Cache hierarchy
--------
  L1-Data Cache:
    Size(KB):          32
    Block Size(B):     64
    Associativity:      8

  L2-Data Cache:
    Size(KB):        2048
    Block Size(B):    128
    Associativity:     16

Latencies:    1   10  250
L1-Sets:   64 - LRU - assoc:   8
L2-Sets: 1024 - LRU - assoc:  16
Store_allocation: Yes
L2_inclusive: Yes
L2_prefetching: No

L1 Cache Stats:
L1-Load-Hits:        1842266911   98.90%
L1-Load-Misses:        20458484    1.10%
L1-Load-Accesses:    1862725395  100.00%

L1-Store-Hits:         186755937   97.20%
L1-Store-Misses:         5381730    2.80%
L1-Store-Accesses:     192137667  100.00%

L1-Total-Hits:        2029022848   98.74%
L1-Total-Misses:        25840214    1.26%
L1-Total-Accesses:    2054863062  100.00%

L2 Cache Stats:
L2-Load-Hits:          15525402   75.89%
L2-Load-Misses:         4933082   24.11%
L2-Load-Accesses:      20458484  100.00%

L2-Store-Hits:           2917403   54.21%
L2-Store-Misses:         2464327   45.79%
L2-Store-Accesses:       5381730  100.00%

L2-Total-Hits:          18442805   71.37%
L2-Total-Misses:         7397409   28.63%
L2-Total-Accesses:      25840214  100.00%

