--------
Total Statistics
--------
Total Instructions: 8542774597
Total Cycles: 13531250639
IPC: 0.631337

--------
Single level Tlb hierarchy
--------
  Data Tlb:
    Entries:          64
    Page Size(B):   4096
    Associativity:      4

Latencies:    0  150
Tlb-Sets:   16 - LRU - assoc:   4

Tlb Stats:
Tlb-Load-Hits:        1862096055   99.97%
Tlb-Load-Misses:          629340    0.03%
Tlb-Load-Accesses:    1862725395  100.00%

Tlb-Store-Hits:         191921683   99.89%
Tlb-Store-Misses:          215984    0.11%
Tlb-Store-Accesses:     192137667  100.00%

Tlb-Total-Hits:        2054017738   99.96%
Tlb-Total-Misses:          845324    0.04%
Tlb-Total-Accesses:    2054863062  100.00%



--------
Two level Cache hierarchy
--------
  L1-Data Cache:
    Size(KB):          32
    Block Size(B):     64
    Associativity:      8

  L2-Data Cache:
    Size(KB):         512
    Block Size(B):     64
    Associativity:      8

Latencies:    1   10  250
L1-Sets:   64 - LRU - assoc:   8
L2-Sets: 1024 - LRU - assoc:   8
Store_allocation: Yes
L2_inclusive: Yes
L2_prefetching: No

L1 Cache Stats:
L1-Load-Hits:        1848595729   99.24%
L1-Load-Misses:        14129666    0.76%
L1-Load-Accesses:    1862725395  100.00%

L1-Store-Hits:         189260795   98.50%
L1-Store-Misses:         2876872    1.50%
L1-Store-Accesses:     192137667  100.00%

L1-Total-Hits:        2037856524   99.17%
L1-Total-Misses:        17006538    0.83%
L1-Total-Accesses:    2054863062  100.00%

L2 Cache Stats:
L2-Load-Hits:           6452425   45.67%
L2-Load-Misses:         7677241   54.33%
L2-Load-Accesses:      14129666  100.00%

L2-Store-Hits:              7117    0.25%
L2-Store-Misses:         2869755   99.75%
L2-Store-Accesses:       2876872  100.00%

L2-Total-Hits:           6459542   37.98%
L2-Total-Misses:        10546996   62.02%
L2-Total-Accesses:      17006538  100.00%

