--------
Total Statistics
--------
Total Instructions: 8542774597
Total Cycles: 13233672209
IPC: 0.645533

--------
Single level Tlb hierarchy
--------
  Data Tlb:
    Entries:          64
    Page Size(B):   4096
    Associativity:      4

Latencies:    0  150
Tlb-Sets:   16 - LRU - assoc:   4

Tlb Stats:
Tlb-Load-Hits:        1862096100   99.97%
Tlb-Load-Misses:          629295    0.03%
Tlb-Load-Accesses:    1862725395  100.00%

Tlb-Store-Hits:         191921692   99.89%
Tlb-Store-Misses:          215975    0.11%
Tlb-Store-Accesses:     192137667  100.00%

Tlb-Total-Hits:        2054017792   99.96%
Tlb-Total-Misses:          845270    0.04%
Tlb-Total-Accesses:    2054863062  100.00%



--------
Two level Cache hierarchy
--------
  L1-Data Cache:
    Size(KB):          32
    Block Size(B):     64
    Associativity:      8

  L2-Data Cache:
    Size(KB):        1024
    Block Size(B):     64
    Associativity:     16

Latencies:    1   10  250
L1-Sets:   64 - LRU - assoc:   8
L2-Sets: 1024 - LRU - assoc:  16
Store_allocation: Yes
L2_inclusive: Yes
L2_prefetching: No

L1 Cache Stats:
L1-Load-Hits:        1848598506   99.24%
L1-Load-Misses:        14126889    0.76%
L1-Load-Accesses:    1862725395  100.00%

L1-Store-Hits:         189261551   98.50%
L1-Store-Misses:         2876116    1.50%
L1-Store-Accesses:     192137667  100.00%

L1-Total-Hits:        2037860057   99.17%
L1-Total-Misses:        17003005    0.83%
L1-Total-Accesses:    2054863062  100.00%

L2 Cache Stats:
L2-Load-Hits:           7638914   54.07%
L2-Load-Misses:         6487975   45.93%
L2-Load-Accesses:      14126889  100.00%

L2-Store-Hits:              7235    0.25%
L2-Store-Misses:         2868881   99.75%
L2-Store-Accesses:       2876116  100.00%

L2-Total-Hits:           7646149   44.97%
L2-Total-Misses:         9356856   55.03%
L2-Total-Accesses:      17003005  100.00%

