--------
Total Statistics
--------
Total Instructions: 8542774597
Total Cycles: 13173373069
IPC: 0.648488

--------
Single level Tlb hierarchy
--------
  Data Tlb:
    Entries:          64
    Page Size(B):   4096
    Associativity:      4

Latencies:    0  150
Tlb-Sets:   16 - LRU - assoc:   4

Tlb Stats:
Tlb-Load-Hits:        1862096121   99.97%
Tlb-Load-Misses:          629274    0.03%
Tlb-Load-Accesses:    1862725395  100.00%

Tlb-Store-Hits:         191921671   99.89%
Tlb-Store-Misses:          215996    0.11%
Tlb-Store-Accesses:     192137667  100.00%

Tlb-Total-Hits:        2054017792   99.96%
Tlb-Total-Misses:          845270    0.04%
Tlb-Total-Accesses:    2054863062  100.00%



--------
Two level Cache hierarchy
--------
  L1-Data Cache:
    Size(KB):          32
    Block Size(B):     64
    Associativity:      8

  L2-Data Cache:
    Size(KB):        1024
    Block Size(B):    128
    Associativity:     16

Latencies:    1   10  250
L1-Sets:   64 - LRU - assoc:   8
L2-Sets:  512 - LRU - assoc:  16
Store_allocation: Yes
L2_inclusive: Yes
L2_prefetching: No

L1 Cache Stats:
L1-Load-Hits:        1840638116   98.81%
L1-Load-Misses:        22087279    1.19%
L1-Load-Accesses:    1862725395  100.00%

L1-Store-Hits:         186755455   97.20%
L1-Store-Misses:         5382212    2.80%
L1-Store-Accesses:     192137667  100.00%

L1-Total-Hits:        2027393571   98.66%
L1-Total-Misses:        27469491    1.34%
L1-Total-Accesses:    2054863062  100.00%

L2 Cache Stats:
L2-Load-Hits:          15854706   71.78%
L2-Load-Misses:         6232573   28.22%
L2-Load-Accesses:      22087279  100.00%

L2-Store-Hits:           2917785   54.21%
L2-Store-Misses:         2464427   45.79%
L2-Store-Accesses:       5382212  100.00%

L2-Total-Hits:          18772491   68.34%
L2-Total-Misses:         8697000   31.66%
L2-Total-Accesses:      27469491  100.00%

