--------
Total Statistics
--------
Total Instructions: 8542774616
Total Cycles: 12601339767
IPC: 0.677926

--------
Single level Tlb hierarchy
--------
  Data Tlb:
    Entries:          64
    Page Size(B):   4096
    Associativity:      4

Latencies:    0  150
Tlb-Sets:   16 - LRU - assoc:   4

Tlb Stats:
Tlb-Load-Hits:        1862095558   99.97%
Tlb-Load-Misses:          629844    0.03%
Tlb-Load-Accesses:    1862725402  100.00%

Tlb-Store-Hits:         191921665   99.89%
Tlb-Store-Misses:          216004    0.11%
Tlb-Store-Accesses:     192137669  100.00%

Tlb-Total-Hits:        2054017223   99.96%
Tlb-Total-Misses:          845848    0.04%
Tlb-Total-Accesses:    2054863071  100.00%



--------
Two level Cache hierarchy
--------
  L1-Data Cache:
    Size(KB):          32
    Block Size(B):     64
    Associativity:      8

  L2-Data Cache:
    Size(KB):        1024
    Block Size(B):    256
    Associativity:     16

Latencies:    1   10  250
L1-Sets:   64 - LRU - assoc:   8
L2-Sets:  256 - LRU - assoc:  16
Store_allocation: Yes
L2_inclusive: Yes
L2_prefetching: No

L1 Cache Stats:
L1-Load-Hits:        1842574819   98.92%
L1-Load-Misses:        20150583    1.08%
L1-Load-Accesses:    1862725402  100.00%

L1-Store-Hits:         187392639   97.53%
L1-Store-Misses:         4745030    2.47%
L1-Store-Accesses:     192137669  100.00%

L1-Total-Hits:        2029967458   98.79%
L1-Total-Misses:        24895613    1.21%
L1-Total-Accesses:    2054863071  100.00%

L2 Cache Stats:
L2-Load-Hits:          15545239   77.15%
L2-Load-Misses:         4605344   22.85%
L2-Load-Accesses:      20150583  100.00%

L2-Store-Hits:           2838899   59.83%
L2-Store-Misses:         1906131   40.17%
L2-Store-Accesses:       4745030  100.00%

L2-Total-Hits:          18384138   73.84%
L2-Total-Misses:         6511475   26.16%
L2-Total-Accesses:      24895613  100.00%

