--------
Total Statistics
--------
Total Instructions: 8542774597
Total Cycles: 12378900499
IPC: 0.690108

--------
Single level Tlb hierarchy
--------
  Data Tlb:
    Entries:          64
    Page Size(B):   4096
    Associativity:      4

Latencies:    0  150
Tlb-Sets:   16 - LRU - assoc:   4

Tlb Stats:
Tlb-Load-Hits:        1862095950   99.97%
Tlb-Load-Misses:          629445    0.03%
Tlb-Load-Accesses:    1862725395  100.00%

Tlb-Store-Hits:         191921698   99.89%
Tlb-Store-Misses:          215969    0.11%
Tlb-Store-Accesses:     192137667  100.00%

Tlb-Total-Hits:        2054017648   99.96%
Tlb-Total-Misses:          845414    0.04%
Tlb-Total-Accesses:    2054863062  100.00%



--------
Two level Cache hierarchy
--------
  L1-Data Cache:
    Size(KB):          32
    Block Size(B):     64
    Associativity:      8

  L2-Data Cache:
    Size(KB):        2048
    Block Size(B):    256
    Associativity:     16

Latencies:    1   10  250
L1-Sets:   64 - LRU - assoc:   8
L2-Sets:  512 - LRU - assoc:  16
Store_allocation: Yes
L2_inclusive: Yes
L2_prefetching: No

L1 Cache Stats:
L1-Load-Hits:        1843822742   98.99%
L1-Load-Misses:        18902653    1.01%
L1-Load-Accesses:    1862725395  100.00%

L1-Store-Hits:         187415596   97.54%
L1-Store-Misses:         4722071    2.46%
L1-Store-Accesses:     192137667  100.00%

L1-Total-Hits:        2031238338   98.85%
L1-Total-Misses:        23624724    1.15%
L1-Total-Accesses:    2054863062  100.00%

L2 Cache Stats:
L2-Load-Hits:          15134585   80.07%
L2-Load-Misses:         3768068   19.93%
L2-Load-Accesses:      18902653  100.00%

L2-Store-Hits:           2817325   59.66%
L2-Store-Misses:         1904746   40.34%
L2-Store-Accesses:       4722071  100.00%

L2-Total-Hits:          17951910   75.99%
L2-Total-Misses:         5672814   24.01%
L2-Total-Accesses:      23624724  100.00%

