--------
Total Statistics
--------
Total Instructions: 8542774597
Total Cycles: 12611702879
IPC: 0.677369

--------
Single level Tlb hierarchy
--------
  Data Tlb:
    Entries:          64
    Page Size(B):   4096
    Associativity:      4

Latencies:    0  150
Tlb-Sets:   16 - LRU - assoc:   4

Tlb Stats:
Tlb-Load-Hits:        1862096231   99.97%
Tlb-Load-Misses:          629164    0.03%
Tlb-Load-Accesses:    1862725395  100.00%

Tlb-Store-Hits:         191921662   99.89%
Tlb-Store-Misses:          216005    0.11%
Tlb-Store-Accesses:     192137667  100.00%

Tlb-Total-Hits:        2054017893   99.96%
Tlb-Total-Misses:          845169    0.04%
Tlb-Total-Accesses:    2054863062  100.00%



--------
Two level Cache hierarchy
--------
  L1-Data Cache:
    Size(KB):          32
    Block Size(B):     64
    Associativity:      8

  L2-Data Cache:
    Size(KB):        1024
    Block Size(B):    256
    Associativity:      8

Latencies:    1   10  250
L1-Sets:   64 - LRU - assoc:   8
L2-Sets:  512 - LRU - assoc:   8
Store_allocation: Yes
L2_inclusive: Yes
L2_prefetching: No

L1 Cache Stats:
L1-Load-Hits:        1842650127   98.92%
L1-Load-Misses:        20075268    1.08%
L1-Load-Accesses:    1862725395  100.00%

L1-Store-Hits:         187372023   97.52%
L1-Store-Misses:         4765644    2.48%
L1-Store-Accesses:     192137667  100.00%

L1-Total-Hits:        2030022150   98.79%
L1-Total-Misses:        24840912    1.21%
L1-Total-Accesses:    2054863062  100.00%

L2 Cache Stats:
L2-Load-Hits:          15426059   76.84%
L2-Load-Misses:         4649209   23.16%
L2-Load-Accesses:      20075268  100.00%

L2-Store-Hits:           2859330   60.00%
L2-Store-Misses:         1906314   40.00%
L2-Store-Accesses:       4765644  100.00%

L2-Total-Hits:          18285389   73.61%
L2-Total-Misses:         6555523   26.39%
L2-Total-Accesses:      24840912  100.00%

