--------
Total Statistics
--------
Total Instructions: 32396750860
Total Cycles: 52409084371
IPC: 0.618151

--------
Single level Tlb hierarchy
--------
  Data Tlb:
    Entries:          64
    Page Size(B):   4096
    Associativity:      4

Latencies:    0  150
Tlb-Sets:   16 - LRU - assoc:   4

Tlb Stats:
Tlb-Load-Hits:       10055534171   99.86%
Tlb-Load-Misses:        13673866    0.14%
Tlb-Load-Accesses:   10069208037  100.00%

Tlb-Store-Hits:        5074953081   99.92%
Tlb-Store-Misses:         4209493    0.08%
Tlb-Store-Accesses:    5079162574  100.00%

Tlb-Total-Hits:       15130487252   99.88%
Tlb-Total-Misses:        17883359    0.12%
Tlb-Total-Accesses:   15148370611  100.00%



--------
Two level Cache hierarchy
--------
  L1-Data Cache:
    Size(KB):          32
    Block Size(B):     64
    Associativity:      8

  L2-Data Cache:
    Size(KB):        1024
    Block Size(B):    256
    Associativity:     16

Latencies:    1   10  250
L1-Sets:   64 - LRU - assoc:   8
L2-Sets:  256 - LRU - assoc:  16
Store_allocation: Yes
L2_inclusive: Yes
L2_prefetching: No

L1 Cache Stats:
L1-Load-Hits:       10019996852   99.51%
L1-Load-Misses:        49211185    0.49%
L1-Load-Accesses:   10069208037  100.00%

L1-Store-Hits:        5070050879   99.82%
L1-Store-Misses:         9111695    0.18%
L1-Store-Accesses:    5079162574  100.00%

L1-Total-Hits:       15090047731   99.61%
L1-Total-Misses:        58322880    0.39%
L1-Total-Accesses:   15148370611  100.00%

L2 Cache Stats:
L2-Load-Hits:          44052219   89.52%
L2-Load-Misses:         5158966   10.48%
L2-Load-Accesses:      49211185  100.00%

L2-Store-Hits:           7877740   86.46%
L2-Store-Misses:         1233955   13.54%
L2-Store-Accesses:       9111695  100.00%

L2-Total-Hits:          51929959   89.04%
L2-Total-Misses:         6392921   10.96%
L2-Total-Accesses:      58322880  100.00%

