--------
Total Statistics
--------
Total Instructions: 32396750860
Total Cycles: 54426074671
IPC: 0.595243

--------
Single level Tlb hierarchy
--------
  Data Tlb:
    Entries:          64
    Page Size(B):   4096
    Associativity:      4

Latencies:    0  150
Tlb-Sets:   16 - LRU - assoc:   4

Tlb Stats:
Tlb-Load-Hits:       10043881612   99.75%
Tlb-Load-Misses:        25326425    0.25%
Tlb-Load-Accesses:   10069208037  100.00%

Tlb-Store-Hits:        5069809446   99.82%
Tlb-Store-Misses:         9353128    0.18%
Tlb-Store-Accesses:    5079162574  100.00%

Tlb-Total-Hits:       15113691058   99.77%
Tlb-Total-Misses:        34679553    0.23%
Tlb-Total-Accesses:   15148370611  100.00%



--------
Two level Cache hierarchy
--------
  L1-Data Cache:
    Size(KB):          32
    Block Size(B):     64
    Associativity:      8

  L2-Data Cache:
    Size(KB):        2048
    Block Size(B):    256
    Associativity:     16

Latencies:    1   10  250
L1-Sets:   64 - LRU - assoc:   8
L2-Sets:  512 - LRU - assoc:  16
Store_allocation: Yes
L2_inclusive: Yes
L2_prefetching: No

L1 Cache Stats:
L1-Load-Hits:       10022206177   99.53%
L1-Load-Misses:        47001860    0.47%
L1-Load-Accesses:   10069208037  100.00%

L1-Store-Hits:        5070378884   99.83%
L1-Store-Misses:         8783690    0.17%
L1-Store-Accesses:    5079162574  100.00%

L1-Total-Hits:       15092585061   99.63%
L1-Total-Misses:        55785550    0.37%
L1-Total-Accesses:   15148370611  100.00%

L2 Cache Stats:
L2-Load-Hits:          43559644   92.68%
L2-Load-Misses:         3442216    7.32%
L2-Load-Accesses:      47001860  100.00%

L2-Store-Hits:           7741247   88.13%
L2-Store-Misses:         1042443   11.87%
L2-Store-Accesses:       8783690  100.00%

L2-Total-Hits:          51300891   91.96%
L2-Total-Misses:         4484659    8.04%
L2-Total-Accesses:      55785550  100.00%

