--------
Total Statistics
--------
Total Instructions: 32396750860
Total Cycles: 66749111491
IPC: 0.485351

--------
Single level Tlb hierarchy
--------
  Data Tlb:
    Entries:          64
    Page Size(B):   4096
    Associativity:      4

Latencies:    0  150
Tlb-Sets:   16 - LRU - assoc:   4

Tlb Stats:
Tlb-Load-Hits:        9974771444   99.06%
Tlb-Load-Misses:        94436593    0.94%
Tlb-Load-Accesses:   10069208037  100.00%

Tlb-Store-Hits:        5069833612   99.82%
Tlb-Store-Misses:         9328962    0.18%
Tlb-Store-Accesses:    5079162574  100.00%

Tlb-Total-Hits:       15044605056   99.32%
Tlb-Total-Misses:       103765555    0.68%
Tlb-Total-Accesses:   15148370611  100.00%



--------
Two level Cache hierarchy
--------
  L1-Data Cache:
    Size(KB):          32
    Block Size(B):     64
    Associativity:      8

  L2-Data Cache:
    Size(KB):        1024
    Block Size(B):     64
    Associativity:     16

Latencies:    1   10  250
L1-Sets:   64 - LRU - assoc:   8
L2-Sets: 1024 - LRU - assoc:  16
Store_allocation: Yes
L2_inclusive: Yes
L2_prefetching: No

L1 Cache Stats:
L1-Load-Hits:       10026538980   99.58%
L1-Load-Misses:        42669057    0.42%
L1-Load-Accesses:   10069208037  100.00%

L1-Store-Hits:        5071668254   99.85%
L1-Store-Misses:         7494320    0.15%
L1-Store-Accesses:    5079162574  100.00%

L1-Total-Hits:       15098207234   99.67%
L1-Total-Misses:        50163377    0.33%
L1-Total-Accesses:   15148370611  100.00%

L2 Cache Stats:
L2-Load-Hits:          34392645   80.60%
L2-Load-Misses:         8276412   19.40%
L2-Load-Accesses:      42669057  100.00%

L2-Store-Hits:           3220640   42.97%
L2-Store-Misses:         4273680   57.03%
L2-Store-Accesses:       7494320  100.00%

L2-Total-Hits:          37613285   74.98%
L2-Total-Misses:        12550092   25.02%
L2-Total-Accesses:      50163377  100.00%

