--------
Total Statistics
--------
Total Instructions: 32396750860
Total Cycles: 52847643311
IPC: 0.613022

--------
Single level Tlb hierarchy
--------
  Data Tlb:
    Entries:          64
    Page Size(B):   4096
    Associativity:      4

Latencies:    0  150
Tlb-Sets:   16 - LRU - assoc:   4

Tlb Stats:
Tlb-Load-Hits:       10056818513   99.88%
Tlb-Load-Misses:        12389524    0.12%
Tlb-Load-Accesses:   10069208037  100.00%

Tlb-Store-Hits:        5075514672   99.93%
Tlb-Store-Misses:         3647902    0.07%
Tlb-Store-Accesses:    5079162574  100.00%

Tlb-Total-Hits:       15132333185   99.89%
Tlb-Total-Misses:        16037426    0.11%
Tlb-Total-Accesses:   15148370611  100.00%



--------
Two level Cache hierarchy
--------
  L1-Data Cache:
    Size(KB):          32
    Block Size(B):     64
    Associativity:      8

  L2-Data Cache:
    Size(KB):        2048
    Block Size(B):     64
    Associativity:     16

Latencies:    1   10  250
L1-Sets:   64 - LRU - assoc:   8
L2-Sets: 2048 - LRU - assoc:  16
Store_allocation: Yes
L2_inclusive: Yes
L2_prefetching: No

L1 Cache Stats:
L1-Load-Hits:       10026576467   99.58%
L1-Load-Misses:        42631570    0.42%
L1-Load-Accesses:   10069208037  100.00%

L1-Store-Hits:        5071672275   99.85%
L1-Store-Misses:         7490299    0.15%
L1-Store-Accesses:    5079162574  100.00%

L1-Total-Hits:       15098248742   99.67%
L1-Total-Misses:        50121869    0.33%
L1-Total-Accesses:   15148370611  100.00%

L2 Cache Stats:
L2-Load-Hits:          36294580   85.14%
L2-Load-Misses:         6336990   14.86%
L2-Load-Accesses:      42631570  100.00%

L2-Store-Hits:           4244532   56.67%
L2-Store-Misses:         3245767   43.33%
L2-Store-Accesses:       7490299  100.00%

L2-Total-Hits:          40539112   80.88%
L2-Total-Misses:         9582757   19.12%
L2-Total-Accesses:      50121869  100.00%

