--------
Total Statistics
--------
Total Instructions: 32396750860
Total Cycles: 53723342881
IPC: 0.603029

--------
Single level Tlb hierarchy
--------
  Data Tlb:
    Entries:          64
    Page Size(B):   4096
    Associativity:      4

Latencies:    0  150
Tlb-Sets:   16 - LRU - assoc:   4

Tlb Stats:
Tlb-Load-Hits:       10056604391   99.87%
Tlb-Load-Misses:        12603646    0.13%
Tlb-Load-Accesses:   10069208037  100.00%

Tlb-Store-Hits:        5074940134   99.92%
Tlb-Store-Misses:         4222440    0.08%
Tlb-Store-Accesses:    5079162574  100.00%

Tlb-Total-Hits:       15131544525   99.89%
Tlb-Total-Misses:        16826086    0.11%
Tlb-Total-Accesses:   15148370611  100.00%



--------
Two level Cache hierarchy
--------
  L1-Data Cache:
    Size(KB):          32
    Block Size(B):     64
    Associativity:      8

  L2-Data Cache:
    Size(KB):        1024
    Block Size(B):     64
    Associativity:      8

Latencies:    1   10  250
L1-Sets:   64 - LRU - assoc:   8
L2-Sets: 2048 - LRU - assoc:   8
Store_allocation: Yes
L2_inclusive: Yes
L2_prefetching: No

L1 Cache Stats:
L1-Load-Hits:       10026549975   99.58%
L1-Load-Misses:        42658062    0.42%
L1-Load-Accesses:   10069208037  100.00%

L1-Store-Hits:        5071687710   99.85%
L1-Store-Misses:         7474864    0.15%
L1-Store-Accesses:    5079162574  100.00%

L1-Total-Hits:       15098237685   99.67%
L1-Total-Misses:        50132926    0.33%
L1-Total-Accesses:   15148370611  100.00%

L2 Cache Stats:
L2-Load-Hits:          34296127   80.40%
L2-Load-Misses:         8361935   19.60%
L2-Load-Accesses:      42658062  100.00%

L2-Store-Hits:           3224882   43.14%
L2-Store-Misses:         4249982   56.86%
L2-Store-Accesses:       7474864  100.00%

L2-Total-Hits:          37521009   74.84%
L2-Total-Misses:        12611917   25.16%
L2-Total-Accesses:      50132926  100.00%

