--------
Total Statistics
--------
Total Instructions: 32396750860
Total Cycles: 53296152721
IPC: 0.607863

--------
Single level Tlb hierarchy
--------
  Data Tlb:
    Entries:          64
    Page Size(B):   4096
    Associativity:      4

Latencies:    0  150
Tlb-Sets:   16 - LRU - assoc:   4

Tlb Stats:
Tlb-Load-Hits:       10055706217   99.87%
Tlb-Load-Misses:        13501820    0.13%
Tlb-Load-Accesses:   10069208037  100.00%

Tlb-Store-Hits:        5074896005   99.92%
Tlb-Store-Misses:         4266569    0.08%
Tlb-Store-Accesses:    5079162574  100.00%

Tlb-Total-Hits:       15130602222   99.88%
Tlb-Total-Misses:        17768389    0.12%
Tlb-Total-Accesses:   15148370611  100.00%



--------
Two level Cache hierarchy
--------
  L1-Data Cache:
    Size(KB):          32
    Block Size(B):     64
    Associativity:      8

  L2-Data Cache:
    Size(KB):         512
    Block Size(B):    256
    Associativity:      8

Latencies:    1   10  250
L1-Sets:   64 - LRU - assoc:   8
L2-Sets:  256 - LRU - assoc:   8
Store_allocation: Yes
L2_inclusive: Yes
L2_prefetching: No

L1 Cache Stats:
L1-Load-Hits:       10016673356   99.48%
L1-Load-Misses:        52534681    0.52%
L1-Load-Accesses:   10069208037  100.00%

L1-Store-Hits:        5069455165   99.81%
L1-Store-Misses:         9707409    0.19%
L1-Store-Accesses:    5079162574  100.00%

L1-Total-Hits:       15086128521   99.59%
L1-Total-Misses:        62242090    0.41%
L1-Total-Accesses:   15148370611  100.00%

L2 Cache Stats:
L2-Load-Hits:          44298710   84.32%
L2-Load-Misses:         8235971   15.68%
L2-Load-Accesses:      52534681  100.00%

L2-Store-Hits:           8089972   83.34%
L2-Store-Misses:         1617437   16.66%
L2-Store-Accesses:       9707409  100.00%

L2-Total-Hits:          52388682   84.17%
L2-Total-Misses:         9853408   15.83%
L2-Total-Accesses:      62242090  100.00%

