--------
Total Statistics
--------
Total Instructions: 32396750860
Total Cycles: 53749625081
IPC: 0.602734

--------
Single level Tlb hierarchy
--------
  Data Tlb:
    Entries:          64
    Page Size(B):   4096
    Associativity:      4

Latencies:    0  150
Tlb-Sets:   16 - LRU - assoc:   4

Tlb Stats:
Tlb-Load-Hits:       10051366712   99.82%
Tlb-Load-Misses:        17841325    0.18%
Tlb-Load-Accesses:   10069208037  100.00%

Tlb-Store-Hits:        5073637773   99.89%
Tlb-Store-Misses:         5524801    0.11%
Tlb-Store-Accesses:    5079162574  100.00%

Tlb-Total-Hits:       15125004485   99.85%
Tlb-Total-Misses:        23366126    0.15%
Tlb-Total-Accesses:   15148370611  100.00%



--------
Two level Cache hierarchy
--------
  L1-Data Cache:
    Size(KB):          32
    Block Size(B):     64
    Associativity:      8

  L2-Data Cache:
    Size(KB):        1024
    Block Size(B):    128
    Associativity:      8

Latencies:    1   10  250
L1-Sets:   64 - LRU - assoc:   8
L2-Sets: 1024 - LRU - assoc:   8
Store_allocation: Yes
L2_inclusive: Yes
L2_prefetching: No

L1 Cache Stats:
L1-Load-Hits:       10019228953   99.50%
L1-Load-Misses:        49979084    0.50%
L1-Load-Accesses:   10069208037  100.00%

L1-Store-Hits:        5068921437   99.80%
L1-Store-Misses:        10241137    0.20%
L1-Store-Accesses:    5079162574  100.00%

L1-Total-Hits:       15088150390   99.60%
L1-Total-Misses:        60220221    0.40%
L1-Total-Accesses:   15148370611  100.00%

L2 Cache Stats:
L2-Load-Hits:          43866773   87.77%
L2-Load-Misses:         6112311   12.23%
L2-Load-Accesses:      49979084  100.00%

L2-Store-Hits:           7963918   77.76%
L2-Store-Misses:         2277219   22.24%
L2-Store-Accesses:      10241137  100.00%

L2-Total-Hits:          51830691   86.07%
L2-Total-Misses:         8389530   13.93%
L2-Total-Accesses:      60220221  100.00%

