--------
Total Statistics
--------
Total Instructions: 32396750879
Total Cycles: 52955195429
IPC: 0.611777

--------
Single level Tlb hierarchy
--------
  Data Tlb:
    Entries:          64
    Page Size(B):   4096
    Associativity:      4

Latencies:    0  150
Tlb-Sets:   16 - LRU - assoc:   4

Tlb Stats:
Tlb-Load-Hits:       10055640292   99.87%
Tlb-Load-Misses:        13567752    0.13%
Tlb-Load-Accesses:   10069208044  100.00%

Tlb-Store-Hits:        5074481295   99.91%
Tlb-Store-Misses:         4681281    0.09%
Tlb-Store-Accesses:    5079162576  100.00%

Tlb-Total-Hits:       15130121587   99.88%
Tlb-Total-Misses:        18249033    0.12%
Tlb-Total-Accesses:   15148370620  100.00%



--------
Two level Cache hierarchy
--------
  L1-Data Cache:
    Size(KB):          32
    Block Size(B):     64
    Associativity:      8

  L2-Data Cache:
    Size(KB):        1024
    Block Size(B):    128
    Associativity:     16

Latencies:    1   10  250
L1-Sets:   64 - LRU - assoc:   8
L2-Sets:  512 - LRU - assoc:  16
Store_allocation: Yes
L2_inclusive: Yes
L2_prefetching: No

L1 Cache Stats:
L1-Load-Hits:       10019304296   99.50%
L1-Load-Misses:        49903748    0.50%
L1-Load-Accesses:   10069208044  100.00%

L1-Store-Hits:        5068917476   99.80%
L1-Store-Misses:        10245100    0.20%
L1-Store-Accesses:    5079162576  100.00%

L1-Total-Hits:       15088221772   99.60%
L1-Total-Misses:        60148848    0.40%
L1-Total-Accesses:   15148370620  100.00%

L2 Cache Stats:
L2-Load-Hits:          43899531   87.97%
L2-Load-Misses:         6004217   12.03%
L2-Load-Accesses:      49903748  100.00%

L2-Store-Hits:           7964395   77.74%
L2-Store-Misses:         2280705   22.26%
L2-Store-Accesses:      10245100  100.00%

L2-Total-Hits:          51863926   86.23%
L2-Total-Misses:         8284922   13.77%
L2-Total-Accesses:      60148848  100.00%

