--------
Total Statistics
--------
Total Instructions: 7601190113
Total Cycles: 11285736219
IPC: 0.673522

--------
Single level Tlb hierarchy
--------
  Data Tlb:
    Entries:          64
    Page Size(B):   4096
    Associativity:      4

Latencies:    0  150
Tlb-Sets:   16 - LRU - assoc:   4

Tlb Stats:
Tlb-Load-Hits:        2027568031   99.97%
Tlb-Load-Misses:          579261    0.03%
Tlb-Load-Accesses:    2028147292  100.00%

Tlb-Store-Hits:        1026532540   99.99%
Tlb-Store-Misses:           58574    0.01%
Tlb-Store-Accesses:    1026591114  100.00%

Tlb-Total-Hits:        3054100571   99.98%
Tlb-Total-Misses:          637835    0.02%
Tlb-Total-Accesses:    3054738406  100.00%



--------
Two level Cache hierarchy
--------
  L1-Data Cache:
    Size(KB):          32
    Block Size(B):     64
    Associativity:      8

  L2-Data Cache:
    Size(KB):         512
    Block Size(B):     64
    Associativity:      8

Latencies:    1   10  250
L1-Sets:   64 - LRU - assoc:   8
L2-Sets: 1024 - LRU - assoc:   8
Store_allocation: Yes
L2_inclusive: Yes
L2_prefetching: No

L1 Cache Stats:
L1-Load-Hits:        2025546743   99.87%
L1-Load-Misses:         2600549    0.13%
L1-Load-Accesses:    2028147292  100.00%

L1-Store-Hits:        1026169168   99.96%
L1-Store-Misses:          421946    0.04%
L1-Store-Accesses:    1026591114  100.00%

L1-Total-Hits:        3051715911   99.90%
L1-Total-Misses:         3022495    0.10%
L1-Total-Accesses:    3054738406  100.00%

L2 Cache Stats:
L2-Load-Hits:            978113   37.61%
L2-Load-Misses:         1622436   62.39%
L2-Load-Accesses:       2600549  100.00%

L2-Store-Hits:             28752    6.81%
L2-Store-Misses:          393194   93.19%
L2-Store-Accesses:        421946  100.00%

L2-Total-Hits:           1006865   33.31%
L2-Total-Misses:         2015630   66.69%
L2-Total-Accesses:       3022495  100.00%

