--------
Total Statistics
--------
Total Instructions: 7601190113
Total Cycles: 10910931069
IPC: 0.696658

--------
Single level Tlb hierarchy
--------
  Data Tlb:
    Entries:          64
    Page Size(B):   4096
    Associativity:      4

Latencies:    0  150
Tlb-Sets:   16 - LRU - assoc:   4

Tlb Stats:
Tlb-Load-Hits:        2027580837   99.97%
Tlb-Load-Misses:          566455    0.03%
Tlb-Load-Accesses:    2028147292  100.00%

Tlb-Store-Hits:        1026537988   99.99%
Tlb-Store-Misses:           53126    0.01%
Tlb-Store-Accesses:    1026591114  100.00%

Tlb-Total-Hits:        3054118825   99.98%
Tlb-Total-Misses:          619581    0.02%
Tlb-Total-Accesses:    3054738406  100.00%



--------
Two level Cache hierarchy
--------
  L1-Data Cache:
    Size(KB):          32
    Block Size(B):     64
    Associativity:      8

  L2-Data Cache:
    Size(KB):        2048
    Block Size(B):    256
    Associativity:     16

Latencies:    1   10  250
L1-Sets:   64 - LRU - assoc:   8
L2-Sets:  512 - LRU - assoc:  16
Store_allocation: Yes
L2_inclusive: Yes
L2_prefetching: No

L1 Cache Stats:
L1-Load-Hits:        2024972377   99.84%
L1-Load-Misses:         3174915    0.16%
L1-Load-Accesses:    2028147292  100.00%

L1-Store-Hits:        1026049689   99.95%
L1-Store-Misses:          541425    0.05%
L1-Store-Accesses:    1026591114  100.00%

L1-Total-Hits:        3051022066   99.88%
L1-Total-Misses:         3716340    0.12%
L1-Total-Accesses:    3054738406  100.00%

L2 Cache Stats:
L2-Load-Hits:           2772763   87.33%
L2-Load-Misses:          402152   12.67%
L2-Load-Accesses:       3174915  100.00%

L2-Store-Hits:            443969   82.00%
L2-Store-Misses:           97456   18.00%
L2-Store-Accesses:        541425  100.00%

L2-Total-Hits:           3216732   86.56%
L2-Total-Misses:          499608   13.44%
L2-Total-Accesses:       3716340  100.00%

