--------
Total Statistics
--------
Total Instructions: 7601190113
Total Cycles: 10915823579
IPC: 0.696346

--------
Single level Tlb hierarchy
--------
  Data Tlb:
    Entries:          64
    Page Size(B):   4096
    Associativity:      4

Latencies:    0  150
Tlb-Sets:   16 - LRU - assoc:   4

Tlb Stats:
Tlb-Load-Hits:        2027571609   99.97%
Tlb-Load-Misses:          575683    0.03%
Tlb-Load-Accesses:    2028147292  100.00%

Tlb-Store-Hits:        1026535177   99.99%
Tlb-Store-Misses:           55937    0.01%
Tlb-Store-Accesses:    1026591114  100.00%

Tlb-Total-Hits:        3054106786   99.98%
Tlb-Total-Misses:          631620    0.02%
Tlb-Total-Accesses:    3054738406  100.00%



--------
Two level Cache hierarchy
--------
  L1-Data Cache:
    Size(KB):          32
    Block Size(B):     64
    Associativity:      8

  L2-Data Cache:
    Size(KB):        1024
    Block Size(B):    256
    Associativity:     16

Latencies:    1   10  250
L1-Sets:   64 - LRU - assoc:   8
L2-Sets:  256 - LRU - assoc:  16
Store_allocation: Yes
L2_inclusive: Yes
L2_prefetching: No

L1 Cache Stats:
L1-Load-Hits:        2024937258   99.84%
L1-Load-Misses:         3210034    0.16%
L1-Load-Accesses:    2028147292  100.00%

L1-Store-Hits:        1026046692   99.95%
L1-Store-Misses:          544422    0.05%
L1-Store-Accesses:    1026591114  100.00%

L1-Total-Hits:        3050983950   99.88%
L1-Total-Misses:         3754456    0.12%
L1-Total-Accesses:    3054738406  100.00%

L2 Cache Stats:
L2-Load-Hits:           2797291   87.14%
L2-Load-Misses:          412743   12.86%
L2-Load-Accesses:       3210034  100.00%

L2-Store-Hits:            446735   82.06%
L2-Store-Misses:           97687   17.94%
L2-Store-Accesses:        544422  100.00%

L2-Total-Hits:           3244026   86.40%
L2-Total-Misses:          510430   13.60%
L2-Total-Accesses:       3754456  100.00%

