--------
Total Statistics
--------
Total Instructions: 7601190113
Total Cycles: 10987455639
IPC: 0.691806

--------
Single level Tlb hierarchy
--------
  Data Tlb:
    Entries:          64
    Page Size(B):   4096
    Associativity:      4

Latencies:    0  150
Tlb-Sets:   16 - LRU - assoc:   4

Tlb Stats:
Tlb-Load-Hits:        2027474614   99.97%
Tlb-Load-Misses:          672678    0.03%
Tlb-Load-Accesses:    2028147292  100.00%

Tlb-Store-Hits:        1026495713   99.99%
Tlb-Store-Misses:           95401    0.01%
Tlb-Store-Accesses:    1026591114  100.00%

Tlb-Total-Hits:        3053970327   99.97%
Tlb-Total-Misses:          768079    0.03%
Tlb-Total-Accesses:    3054738406  100.00%



--------
Two level Cache hierarchy
--------
  L1-Data Cache:
    Size(KB):          32
    Block Size(B):     64
    Associativity:      8

  L2-Data Cache:
    Size(KB):         512
    Block Size(B):    256
    Associativity:      8

Latencies:    1   10  250
L1-Sets:   64 - LRU - assoc:   8
L2-Sets:  256 - LRU - assoc:   8
Store_allocation: Yes
L2_inclusive: Yes
L2_prefetching: No

L1 Cache Stats:
L1-Load-Hits:        2024686451   99.83%
L1-Load-Misses:         3460841    0.17%
L1-Load-Accesses:    2028147292  100.00%

L1-Store-Hits:        1026019003   99.94%
L1-Store-Misses:          572111    0.06%
L1-Store-Accesses:    1026591114  100.00%

L1-Total-Hits:        3050705454   99.87%
L1-Total-Misses:         4032952    0.13%
L1-Total-Accesses:    3054738406  100.00%

L2 Cache Stats:
L2-Load-Hits:           2856430   82.54%
L2-Load-Misses:          604411   17.46%
L2-Load-Accesses:       3460841  100.00%

L2-Store-Hits:            472579   82.60%
L2-Store-Misses:           99532   17.40%
L2-Store-Accesses:        572111  100.00%

L2-Total-Hits:           3329009   82.55%
L2-Total-Misses:          703943   17.45%
L2-Total-Accesses:       4032952  100.00%

