--------
Total Statistics
--------
Total Instructions: 7601190113
Total Cycles: 11226859079
IPC: 0.677054

--------
Single level Tlb hierarchy
--------
  Data Tlb:
    Entries:          64
    Page Size(B):   4096
    Associativity:      4

Latencies:    0  150
Tlb-Sets:   16 - LRU - assoc:   4

Tlb Stats:
Tlb-Load-Hits:        2027580634   99.97%
Tlb-Load-Misses:          566658    0.03%
Tlb-Load-Accesses:    2028147292  100.00%

Tlb-Store-Hits:        1026538171   99.99%
Tlb-Store-Misses:           52943    0.01%
Tlb-Store-Accesses:    1026591114  100.00%

Tlb-Total-Hits:        3054118805   99.98%
Tlb-Total-Misses:          619601    0.02%
Tlb-Total-Accesses:    3054738406  100.00%



--------
Two level Cache hierarchy
--------
  L1-Data Cache:
    Size(KB):          32
    Block Size(B):     64
    Associativity:      8

  L2-Data Cache:
    Size(KB):        1024
    Block Size(B):     64
    Associativity:     16

Latencies:    1   10  250
L1-Sets:   64 - LRU - assoc:   8
L2-Sets: 1024 - LRU - assoc:  16
Store_allocation: Yes
L2_inclusive: Yes
L2_prefetching: No

L1 Cache Stats:
L1-Load-Hits:        2025559746   99.87%
L1-Load-Misses:         2587546    0.13%
L1-Load-Accesses:    2028147292  100.00%

L1-Store-Hits:        1026169994   99.96%
L1-Store-Misses:          421120    0.04%
L1-Store-Accesses:    1026591114  100.00%

L1-Total-Hits:        3051729740   99.90%
L1-Total-Misses:         3008666    0.10%
L1-Total-Accesses:    3054738406  100.00%

L2 Cache Stats:
L2-Load-Hits:           1186687   45.86%
L2-Load-Misses:         1400859   54.14%
L2-Load-Accesses:       2587546  100.00%

L2-Store-Hits:             30364    7.21%
L2-Store-Misses:          390756   92.79%
L2-Store-Accesses:        421120  100.00%

L2-Total-Hits:           1217051   40.45%
L2-Total-Misses:         1791615   59.55%
L2-Total-Accesses:       3008666  100.00%

