--------
Total Statistics
--------
Total Instructions: 7601190113
Total Cycles: 11033405169
IPC: 0.688925

--------
Single level Tlb hierarchy
--------
  Data Tlb:
    Entries:          64
    Page Size(B):   4096
    Associativity:      4

Latencies:    0  150
Tlb-Sets:   16 - LRU - assoc:   4

Tlb Stats:
Tlb-Load-Hits:        2027575474   99.97%
Tlb-Load-Misses:          571818    0.03%
Tlb-Load-Accesses:    2028147292  100.00%

Tlb-Store-Hits:        1026535108   99.99%
Tlb-Store-Misses:           56006    0.01%
Tlb-Store-Accesses:    1026591114  100.00%

Tlb-Total-Hits:        3054110582   99.98%
Tlb-Total-Misses:          627824    0.02%
Tlb-Total-Accesses:    3054738406  100.00%



--------
Two level Cache hierarchy
--------
  L1-Data Cache:
    Size(KB):          32
    Block Size(B):     64
    Associativity:      8

  L2-Data Cache:
    Size(KB):        1024
    Block Size(B):    128
    Associativity:      8

Latencies:    1   10  250
L1-Sets:   64 - LRU - assoc:   8
L2-Sets: 1024 - LRU - assoc:   8
Store_allocation: Yes
L2_inclusive: Yes
L2_prefetching: No

L1 Cache Stats:
L1-Load-Hits:        2024618360   99.83%
L1-Load-Misses:         3528932    0.17%
L1-Load-Accesses:    2028147292  100.00%

L1-Store-Hits:        1025961316   99.94%
L1-Store-Misses:          629798    0.06%
L1-Store-Accesses:    1026591114  100.00%

L1-Total-Hits:        3050579676   99.86%
L1-Total-Misses:         4158730    0.14%
L1-Total-Accesses:    3054738406  100.00%

L2 Cache Stats:
L2-Load-Hits:           2757507   78.14%
L2-Load-Misses:          771425   21.86%
L2-Load-Accesses:       3528932  100.00%

L2-Store-Hits:            434360   68.97%
L2-Store-Misses:          195438   31.03%
L2-Store-Accesses:        629798  100.00%

L2-Total-Hits:           3191867   76.75%
L2-Total-Misses:          966863   23.25%
L2-Total-Accesses:       4158730  100.00%

