--------
Total Statistics
--------
Total Instructions: 7601190113
Total Cycles: 11255527139
IPC: 0.67533

--------
Single level Tlb hierarchy
--------
  Data Tlb:
    Entries:          64
    Page Size(B):   4096
    Associativity:      4

Latencies:    0  150
Tlb-Sets:   16 - LRU - assoc:   4

Tlb Stats:
Tlb-Load-Hits:        2027431328   99.96%
Tlb-Load-Misses:          715964    0.04%
Tlb-Load-Accesses:    2028147292  100.00%

Tlb-Store-Hits:        1026487035   99.99%
Tlb-Store-Misses:          104079    0.01%
Tlb-Store-Accesses:    1026591114  100.00%

Tlb-Total-Hits:        3053918363   99.97%
Tlb-Total-Misses:          820043    0.03%
Tlb-Total-Accesses:    3054738406  100.00%



--------
Two level Cache hierarchy
--------
  L1-Data Cache:
    Size(KB):          32
    Block Size(B):     64
    Associativity:      8

  L2-Data Cache:
    Size(KB):        2048
    Block Size(B):     64
    Associativity:     16

Latencies:    1   10  250
L1-Sets:   64 - LRU - assoc:   8
L2-Sets: 2048 - LRU - assoc:  16
Store_allocation: Yes
L2_inclusive: Yes
L2_prefetching: No

L1 Cache Stats:
L1-Load-Hits:        2025564372   99.87%
L1-Load-Misses:         2582920    0.13%
L1-Load-Accesses:    2028147292  100.00%

L1-Store-Hits:        1026171142   99.96%
L1-Store-Misses:          419972    0.04%
L1-Store-Accesses:    1026591114  100.00%

L1-Total-Hits:        3051735514   99.90%
L1-Total-Misses:         3002892    0.10%
L1-Total-Accesses:    3054738406  100.00%

L2 Cache Stats:
L2-Load-Hits:           1186475   45.94%
L2-Load-Misses:         1396445   54.06%
L2-Load-Accesses:       2582920  100.00%

L2-Store-Hits:             30164    7.18%
L2-Store-Misses:          389808   92.82%
L2-Store-Accesses:        419972  100.00%

L2-Total-Hits:           1216639   40.52%
L2-Total-Misses:         1786253   59.48%
L2-Total-Accesses:       3002892  100.00%

