--------
Total Statistics
--------
Total Instructions: 7601190113
Total Cycles: 10919391389
IPC: 0.696118

--------
Single level Tlb hierarchy
--------
  Data Tlb:
    Entries:          64
    Page Size(B):   4096
    Associativity:      4

Latencies:    0  150
Tlb-Sets:   16 - LRU - assoc:   4

Tlb Stats:
Tlb-Load-Hits:        2027574760   99.97%
Tlb-Load-Misses:          572532    0.03%
Tlb-Load-Accesses:    2028147292  100.00%

Tlb-Store-Hits:        1026536581   99.99%
Tlb-Store-Misses:           54533    0.01%
Tlb-Store-Accesses:    1026591114  100.00%

Tlb-Total-Hits:        3054111341   99.98%
Tlb-Total-Misses:          627065    0.02%
Tlb-Total-Accesses:    3054738406  100.00%



--------
Two level Cache hierarchy
--------
  L1-Data Cache:
    Size(KB):          32
    Block Size(B):     64
    Associativity:      8

  L2-Data Cache:
    Size(KB):        1024
    Block Size(B):    256
    Associativity:      8

Latencies:    1   10  250
L1-Sets:   64 - LRU - assoc:   8
L2-Sets:  512 - LRU - assoc:   8
Store_allocation: Yes
L2_inclusive: Yes
L2_prefetching: No

L1 Cache Stats:
L1-Load-Hits:        2024923630   99.84%
L1-Load-Misses:         3223662    0.16%
L1-Load-Accesses:    2028147292  100.00%

L1-Store-Hits:        1026052989   99.95%
L1-Store-Misses:          538125    0.05%
L1-Store-Accesses:    1026591114  100.00%

L1-Total-Hits:        3050976619   99.88%
L1-Total-Misses:         3761787    0.12%
L1-Total-Accesses:    3054738406  100.00%

L2 Cache Stats:
L2-Load-Hits:           2794322   86.68%
L2-Load-Misses:          429340   13.32%
L2-Load-Accesses:       3223662  100.00%

L2-Store-Hits:            440324   81.83%
L2-Store-Misses:           97801   18.17%
L2-Store-Accesses:        538125  100.00%

L2-Total-Hits:           3234646   85.99%
L2-Total-Misses:          527141   14.01%
L2-Total-Accesses:       3761787  100.00%

