--------
Total Statistics
--------
Total Instructions: 7601190113
Total Cycles: 11031504579
IPC: 0.689044

--------
Single level Tlb hierarchy
--------
  Data Tlb:
    Entries:          64
    Page Size(B):   4096
    Associativity:      4

Latencies:    0  150
Tlb-Sets:   16 - LRU - assoc:   4

Tlb Stats:
Tlb-Load-Hits:        2027554840   99.97%
Tlb-Load-Misses:          592452    0.03%
Tlb-Load-Accesses:    2028147292  100.00%

Tlb-Store-Hits:        1026535444   99.99%
Tlb-Store-Misses:           55670    0.01%
Tlb-Store-Accesses:    1026591114  100.00%

Tlb-Total-Hits:        3054090284   99.98%
Tlb-Total-Misses:          648122    0.02%
Tlb-Total-Accesses:    3054738406  100.00%



--------
Two level Cache hierarchy
--------
  L1-Data Cache:
    Size(KB):          32
    Block Size(B):     64
    Associativity:      8

  L2-Data Cache:
    Size(KB):        2048
    Block Size(B):    128
    Associativity:     16

Latencies:    1   10  250
L1-Sets:   64 - LRU - assoc:   8
L2-Sets: 1024 - LRU - assoc:  16
Store_allocation: Yes
L2_inclusive: Yes
L2_prefetching: No

L1 Cache Stats:
L1-Load-Hits:        2024640226   99.83%
L1-Load-Misses:         3507066    0.17%
L1-Load-Accesses:    2028147292  100.00%

L1-Store-Hits:        1025966829   99.94%
L1-Store-Misses:          624285    0.06%
L1-Store-Accesses:    1026591114  100.00%

L1-Total-Hits:        3050607055   99.86%
L1-Total-Misses:         4131351    0.14%
L1-Total-Accesses:    3054738406  100.00%

L2 Cache Stats:
L2-Load-Hits:           2753713   78.52%
L2-Load-Misses:          753353   21.48%
L2-Load-Accesses:       3507066  100.00%

L2-Store-Hits:            429461   68.79%
L2-Store-Misses:          194824   31.21%
L2-Store-Accesses:        624285  100.00%

L2-Total-Hits:           3183174   77.05%
L2-Total-Misses:          948177   22.95%
L2-Total-Accesses:       4131351  100.00%

