--------
Total Statistics
--------
Total Instructions: 7601190113
Total Cycles: 11083678199
IPC: 0.6858

--------
Single level Tlb hierarchy
--------
  Data Tlb:
    Entries:          64
    Page Size(B):   4096
    Associativity:      4

Latencies:    0  150
Tlb-Sets:   16 - LRU - assoc:   4

Tlb Stats:
Tlb-Load-Hits:        2027577071   99.97%
Tlb-Load-Misses:          570221    0.03%
Tlb-Load-Accesses:    2028147292  100.00%

Tlb-Store-Hits:        1026537637   99.99%
Tlb-Store-Misses:           53477    0.01%
Tlb-Store-Accesses:    1026591114  100.00%

Tlb-Total-Hits:        3054114708   99.98%
Tlb-Total-Misses:          623698    0.02%
Tlb-Total-Accesses:    3054738406  100.00%



--------
Two level Cache hierarchy
--------
  L1-Data Cache:
    Size(KB):          32
    Block Size(B):     64
    Associativity:      8

  L2-Data Cache:
    Size(KB):         512
    Block Size(B):    128
    Associativity:      8

Latencies:    1   10  250
L1-Sets:   64 - LRU - assoc:   8
L2-Sets:  512 - LRU - assoc:   8
Store_allocation: Yes
L2_inclusive: Yes
L2_prefetching: No

L1 Cache Stats:
L1-Load-Hits:        2024403014   99.82%
L1-Load-Misses:         3744278    0.18%
L1-Load-Accesses:    2028147292  100.00%

L1-Store-Hits:        1025945019   99.94%
L1-Store-Misses:          646095    0.06%
L1-Store-Accesses:    1026591114  100.00%

L1-Total-Hits:        3050348033   99.86%
L1-Total-Misses:         4390373    0.14%
L1-Total-Accesses:    3054738406  100.00%

L2 Cache Stats:
L2-Load-Hits:           2780098   74.25%
L2-Load-Misses:          964180   25.75%
L2-Load-Accesses:       3744278  100.00%

L2-Store-Hits:            449110   69.51%
L2-Store-Misses:          196985   30.49%
L2-Store-Accesses:        646095  100.00%

L2-Total-Hits:           3229208   73.55%
L2-Total-Misses:         1161165   26.45%
L2-Total-Accesses:       4390373  100.00%

