--------
Total Statistics
--------
Total Instructions: 7601190113
Total Cycles: 11229132869
IPC: 0.676917

--------
Single level Tlb hierarchy
--------
  Data Tlb:
    Entries:          64
    Page Size(B):   4096
    Associativity:      4

Latencies:    0  150
Tlb-Sets:   16 - LRU - assoc:   4

Tlb Stats:
Tlb-Load-Hits:        2027583931   99.97%
Tlb-Load-Misses:          563361    0.03%
Tlb-Load-Accesses:    2028147292  100.00%

Tlb-Store-Hits:        1026538081   99.99%
Tlb-Store-Misses:           53033    0.01%
Tlb-Store-Accesses:    1026591114  100.00%

Tlb-Total-Hits:        3054122012   99.98%
Tlb-Total-Misses:          616394    0.02%
Tlb-Total-Accesses:    3054738406  100.00%



--------
Two level Cache hierarchy
--------
  L1-Data Cache:
    Size(KB):          32
    Block Size(B):     64
    Associativity:      8

  L2-Data Cache:
    Size(KB):        1024
    Block Size(B):     64
    Associativity:      8

Latencies:    1   10  250
L1-Sets:   64 - LRU - assoc:   8
L2-Sets: 2048 - LRU - assoc:   8
Store_allocation: Yes
L2_inclusive: Yes
L2_prefetching: No

L1 Cache Stats:
L1-Load-Hits:        2025559464   99.87%
L1-Load-Misses:         2587828    0.13%
L1-Load-Accesses:    2028147292  100.00%

L1-Store-Hits:        1026169942   99.96%
L1-Store-Misses:          421172    0.04%
L1-Store-Accesses:    1026591114  100.00%

L1-Total-Hits:        3051729406   99.90%
L1-Total-Misses:         3009000    0.10%
L1-Total-Accesses:    3054738406  100.00%

L2 Cache Stats:
L2-Load-Hits:           1176023   45.44%
L2-Load-Misses:         1411805   54.56%
L2-Load-Accesses:       2587828  100.00%

L2-Store-Hits:             30356    7.21%
L2-Store-Misses:          390816   92.79%
L2-Store-Accesses:        421172  100.00%

L2-Total-Hits:           1206379   40.09%
L2-Total-Misses:         1802621   59.91%
L2-Total-Accesses:       3009000  100.00%

