--------
Total Statistics
--------
Total Instructions: 19459131640
Total Cycles: 59796806447
IPC: 0.325421

--------
Single level Tlb hierarchy
--------
  Data Tlb:
    Entries:          64
    Page Size(B):   4096
    Associativity:      4

Latencies:    0  150
Tlb-Sets:   16 - LRU - assoc:   4

Tlb Stats:
Tlb-Load-Hits:        8360135494   99.60%
Tlb-Load-Misses:        33358797    0.40%
Tlb-Load-Accesses:    8393494291  100.00%

Tlb-Store-Hits:          83432226   99.83%
Tlb-Store-Misses:          138670    0.17%
Tlb-Store-Accesses:      83570896  100.00%

Tlb-Total-Hits:        8443567720   99.60%
Tlb-Total-Misses:        33497467    0.40%
Tlb-Total-Accesses:    8477065187  100.00%



--------
Two level Cache hierarchy
--------
  L1-Data Cache:
    Size(KB):          32
    Block Size(B):     64
    Associativity:      8

  L2-Data Cache:
    Size(KB):         512
    Block Size(B):    256
    Associativity:      8

Latencies:    1   10  250
L1-Sets:   64 - LRU - assoc:   8
L2-Sets:  256 - LRU - assoc:   8
Store_allocation: Yes
L2_inclusive: Yes
L2_prefetching: No

L1 Cache Stats:
L1-Load-Hits:        8005188164   95.37%
L1-Load-Misses:       388306127    4.63%
L1-Load-Accesses:    8393494291  100.00%

L1-Store-Hits:          82049441   98.18%
L1-Store-Misses:         1521455    1.82%
L1-Store-Accesses:      83570896  100.00%

L1-Total-Hits:        8087237605   95.40%
L1-Total-Misses:       389827582    4.60%
L1-Total-Accesses:    8477065187  100.00%

L2 Cache Stats:
L2-Load-Hits:         296803233   76.44%
L2-Load-Misses:        91502894   23.56%
L2-Load-Accesses:     388306127  100.00%

L2-Store-Hits:           1273494   83.70%
L2-Store-Misses:          247961   16.30%
L2-Store-Accesses:       1521455  100.00%

L2-Total-Hits:         298076727   76.46%
L2-Total-Misses:        91750855   23.54%
L2-Total-Accesses:     389827582  100.00%

