--------
Total Statistics
--------
Total Instructions: 19459131640
Total Cycles: 74808389147
IPC: 0.26012

--------
Single level Tlb hierarchy
--------
  Data Tlb:
    Entries:          64
    Page Size(B):   4096
    Associativity:      4

Latencies:    0  150
Tlb-Sets:   16 - LRU - assoc:   4

Tlb Stats:
Tlb-Load-Hits:        8360135279   99.60%
Tlb-Load-Misses:        33359012    0.40%
Tlb-Load-Accesses:    8393494291  100.00%

Tlb-Store-Hits:          83424008   99.82%
Tlb-Store-Misses:          146888    0.18%
Tlb-Store-Accesses:      83570896  100.00%

Tlb-Total-Hits:        8443559287   99.60%
Tlb-Total-Misses:        33505900    0.40%
Tlb-Total-Accesses:    8477065187  100.00%



--------
Two level Cache hierarchy
--------
  L1-Data Cache:
    Size(KB):          32
    Block Size(B):     64
    Associativity:      8

  L2-Data Cache:
    Size(KB):        2048
    Block Size(B):    128
    Associativity:     16

Latencies:    1   10  250
L1-Sets:   64 - LRU - assoc:   8
L2-Sets: 1024 - LRU - assoc:  16
Store_allocation: Yes
L2_inclusive: Yes
L2_prefetching: No

L1 Cache Stats:
L1-Load-Hits:        7946833117   94.68%
L1-Load-Misses:       446661174    5.32%
L1-Load-Accesses:    8393494291  100.00%

L1-Store-Hits:          81656263   97.71%
L1-Store-Misses:         1914633    2.29%
L1-Store-Accesses:      83570896  100.00%

L1-Total-Hits:        8028489380   94.71%
L1-Total-Misses:       448575807    5.29%
L1-Total-Accesses:    8477065187  100.00%

L2 Cache Stats:
L2-Load-Hits:         297648612   66.64%
L2-Load-Misses:       149012562   33.36%
L2-Load-Accesses:     446661174  100.00%

L2-Store-Hits:           1484998   77.56%
L2-Store-Misses:          429635   22.44%
L2-Store-Accesses:       1914633  100.00%

L2-Total-Hits:         299133610   66.69%
L2-Total-Misses:       149442197   33.31%
L2-Total-Accesses:     448575807  100.00%

