--------
Total Statistics
--------
Total Instructions: 19459131640
Total Cycles: 59288117587
IPC: 0.328213

--------
Single level Tlb hierarchy
--------
  Data Tlb:
    Entries:          64
    Page Size(B):   4096
    Associativity:      4

Latencies:    0  150
Tlb-Sets:   16 - LRU - assoc:   4

Tlb Stats:
Tlb-Load-Hits:        8360124541   99.60%
Tlb-Load-Misses:        33369750    0.40%
Tlb-Load-Accesses:    8393494291  100.00%

Tlb-Store-Hits:          83428909   99.83%
Tlb-Store-Misses:          141987    0.17%
Tlb-Store-Accesses:      83570896  100.00%

Tlb-Total-Hits:        8443553450   99.60%
Tlb-Total-Misses:        33511737    0.40%
Tlb-Total-Accesses:    8477065187  100.00%



--------
Two level Cache hierarchy
--------
  L1-Data Cache:
    Size(KB):          32
    Block Size(B):     64
    Associativity:      8

  L2-Data Cache:
    Size(KB):        1024
    Block Size(B):    256
    Associativity:     16

Latencies:    1   10  250
L1-Sets:   64 - LRU - assoc:   8
L2-Sets:  256 - LRU - assoc:  16
Store_allocation: Yes
L2_inclusive: Yes
L2_prefetching: No

L1 Cache Stats:
L1-Load-Hits:        8007420441   95.40%
L1-Load-Misses:       386073850    4.60%
L1-Load-Accesses:    8393494291  100.00%

L1-Store-Hits:          82067225   98.20%
L1-Store-Misses:         1503671    1.80%
L1-Store-Accesses:      83570896  100.00%

L1-Total-Hits:        8089487666   95.43%
L1-Total-Misses:       387577521    4.57%
L1-Total-Accesses:    8477065187  100.00%

L2 Cache Stats:
L2-Load-Hits:         296515912   76.80%
L2-Load-Misses:        89557938   23.20%
L2-Load-Accesses:     386073850  100.00%

L2-Store-Hits:           1264069   84.07%
L2-Store-Misses:          239602   15.93%
L2-Store-Accesses:       1503671  100.00%

L2-Total-Hits:         297779981   76.83%
L2-Total-Misses:        89797540   23.17%
L2-Total-Accesses:     387577521  100.00%

