--------
Total Statistics
--------
Total Instructions: 19459131640
Total Cycles: 58242388257
IPC: 0.334106

--------
Single level Tlb hierarchy
--------
  Data Tlb:
    Entries:          64
    Page Size(B):   4096
    Associativity:      4

Latencies:    0  150
Tlb-Sets:   16 - LRU - assoc:   4

Tlb Stats:
Tlb-Load-Hits:        8360122438   99.60%
Tlb-Load-Misses:        33371853    0.40%
Tlb-Load-Accesses:    8393494291  100.00%

Tlb-Store-Hits:          83419411   99.82%
Tlb-Store-Misses:          151485    0.18%
Tlb-Store-Accesses:      83570896  100.00%

Tlb-Total-Hits:        8443541849   99.60%
Tlb-Total-Misses:        33523338    0.40%
Tlb-Total-Accesses:    8477065187  100.00%



--------
Two level Cache hierarchy
--------
  L1-Data Cache:
    Size(KB):          32
    Block Size(B):     64
    Associativity:      8

  L2-Data Cache:
    Size(KB):        2048
    Block Size(B):    256
    Associativity:     16

Latencies:    1   10  250
L1-Sets:   64 - LRU - assoc:   8
L2-Sets:  512 - LRU - assoc:  16
Store_allocation: Yes
L2_inclusive: Yes
L2_prefetching: No

L1 Cache Stats:
L1-Load-Hits:        8011999350   95.45%
L1-Load-Misses:       381494941    4.55%
L1-Load-Accesses:    8393494291  100.00%

L1-Store-Hits:          82091214   98.23%
L1-Store-Misses:         1479682    1.77%
L1-Store-Accesses:      83570896  100.00%

L1-Total-Hits:        8094090564   95.48%
L1-Total-Misses:       382974623    4.52%
L1-Total-Accesses:    8477065187  100.00%

L2 Cache Stats:
L2-Load-Hits:         295923870   77.57%
L2-Load-Misses:        85571071   22.43%
L2-Load-Accesses:     381494941  100.00%

L2-Store-Hits:           1258975   85.08%
L2-Store-Misses:          220707   14.92%
L2-Store-Accesses:       1479682  100.00%

L2-Total-Hits:         297182845   77.60%
L2-Total-Misses:        85791778   22.40%
L2-Total-Accesses:     382974623  100.00%

