--------
Total Statistics
--------
Total Instructions: 19459131640
Total Cycles: 75861298817
IPC: 0.256509

--------
Single level Tlb hierarchy
--------
  Data Tlb:
    Entries:          64
    Page Size(B):   4096
    Associativity:      4

Latencies:    0  150
Tlb-Sets:   16 - LRU - assoc:   4

Tlb Stats:
Tlb-Load-Hits:        8360120250   99.60%
Tlb-Load-Misses:        33374041    0.40%
Tlb-Load-Accesses:    8393494291  100.00%

Tlb-Store-Hits:          83419389   99.82%
Tlb-Store-Misses:          151507    0.18%
Tlb-Store-Accesses:      83570896  100.00%

Tlb-Total-Hits:        8443539639   99.60%
Tlb-Total-Misses:        33525548    0.40%
Tlb-Total-Accesses:    8477065187  100.00%



--------
Two level Cache hierarchy
--------
  L1-Data Cache:
    Size(KB):          32
    Block Size(B):     64
    Associativity:      8

  L2-Data Cache:
    Size(KB):        1024
    Block Size(B):    128
    Associativity:      8

Latencies:    1   10  250
L1-Sets:   64 - LRU - assoc:   8
L2-Sets: 1024 - LRU - assoc:   8
Store_allocation: Yes
L2_inclusive: Yes
L2_prefetching: No

L1 Cache Stats:
L1-Load-Hits:        7942284391   94.62%
L1-Load-Misses:       451209900    5.38%
L1-Load-Accesses:    8393494291  100.00%

L1-Store-Hits:          81618367   97.66%
L1-Store-Misses:         1952529    2.34%
L1-Store-Accesses:      83570896  100.00%

L1-Total-Hits:        8023902758   94.65%
L1-Total-Misses:       453162429    5.35%
L1-Total-Accesses:    8477065187  100.00%

L2 Cache Stats:
L2-Load-Hits:         298210625   66.09%
L2-Load-Misses:       152999275   33.91%
L2-Load-Accesses:     451209900  100.00%

L2-Store-Hits:           1493222   76.48%
L2-Store-Misses:          459307   23.52%
L2-Store-Accesses:       1952529  100.00%

L2-Total-Hits:         299703847   66.14%
L2-Total-Misses:       153458582   33.86%
L2-Total-Accesses:     453162429  100.00%

