--------
Total Statistics
--------
Total Instructions: 19459131640
Total Cycles: 76391511097
IPC: 0.254729

--------
Single level Tlb hierarchy
--------
  Data Tlb:
    Entries:          64
    Page Size(B):   4096
    Associativity:      4

Latencies:    0  150
Tlb-Sets:   16 - LRU - assoc:   4

Tlb Stats:
Tlb-Load-Hits:        8360126732   99.60%
Tlb-Load-Misses:        33367559    0.40%
Tlb-Load-Accesses:    8393494291  100.00%

Tlb-Store-Hits:          83422357   99.82%
Tlb-Store-Misses:          148539    0.18%
Tlb-Store-Accesses:      83570896  100.00%

Tlb-Total-Hits:        8443549089   99.60%
Tlb-Total-Misses:        33516098    0.40%
Tlb-Total-Accesses:    8477065187  100.00%



--------
Two level Cache hierarchy
--------
  L1-Data Cache:
    Size(KB):          32
    Block Size(B):     64
    Associativity:      8

  L2-Data Cache:
    Size(KB):         512
    Block Size(B):    128
    Associativity:      8

Latencies:    1   10  250
L1-Sets:   64 - LRU - assoc:   8
L2-Sets:  512 - LRU - assoc:   8
Store_allocation: Yes
L2_inclusive: Yes
L2_prefetching: No

L1 Cache Stats:
L1-Load-Hits:        7940008554   94.60%
L1-Load-Misses:       453485737    5.40%
L1-Load-Accesses:    8393494291  100.00%

L1-Store-Hits:          81591876   97.63%
L1-Store-Misses:         1979020    2.37%
L1-Store-Accesses:      83570896  100.00%

L1-Total-Hits:        8021600430   94.63%
L1-Total-Misses:       455464757    5.37%
L1-Total-Accesses:    8477065187  100.00%

L2 Cache Stats:
L2-Load-Hits:         298474283   65.82%
L2-Load-Misses:       155011454   34.18%
L2-Load-Accesses:     453485737  100.00%

L2-Store-Hits:           1497466   75.67%
L2-Store-Misses:          481554   24.33%
L2-Store-Accesses:       1979020  100.00%

L2-Total-Hits:         299971749   65.86%
L2-Total-Misses:       155493008   34.14%
L2-Total-Accesses:     455464757  100.00%

