--------
Total Statistics
--------
Total Instructions: 19459131640
Total Cycles: 105004241287
IPC: 0.185318

--------
Single level Tlb hierarchy
--------
  Data Tlb:
    Entries:          64
    Page Size(B):   4096
    Associativity:      4

Latencies:    0  150
Tlb-Sets:   16 - LRU - assoc:   4

Tlb Stats:
Tlb-Load-Hits:        8360146806   99.60%
Tlb-Load-Misses:        33347485    0.40%
Tlb-Load-Accesses:    8393494291  100.00%

Tlb-Store-Hits:          83426610   99.83%
Tlb-Store-Misses:          144286    0.17%
Tlb-Store-Accesses:      83570896  100.00%

Tlb-Total-Hits:        8443573416   99.60%
Tlb-Total-Misses:        33491771    0.40%
Tlb-Total-Accesses:    8477065187  100.00%



--------
Two level Cache hierarchy
--------
  L1-Data Cache:
    Size(KB):          32
    Block Size(B):     64
    Associativity:      8

  L2-Data Cache:
    Size(KB):        2048
    Block Size(B):     64
    Associativity:     16

Latencies:    1   10  250
L1-Sets:   64 - LRU - assoc:   8
L2-Sets: 2048 - LRU - assoc:  16
Store_allocation: Yes
L2_inclusive: Yes
L2_prefetching: No

L1 Cache Stats:
L1-Load-Hits:        8109285143   96.61%
L1-Load-Misses:       284209148    3.39%
L1-Load-Accesses:    8393494291  100.00%

L1-Store-Hits:          82577563   98.81%
L1-Store-Misses:          993333    1.19%
L1-Store-Accesses:      83570896  100.00%

L1-Total-Hits:        8191862706   96.64%
L1-Total-Misses:       285202481    3.36%
L1-Total-Accesses:    8477065187  100.00%

L2 Cache Stats:
L2-Load-Hits:           8258874    2.91%
L2-Load-Misses:       275950274   97.09%
L2-Load-Accesses:     284209148  100.00%

L2-Store-Hits:            174591   17.58%
L2-Store-Misses:          818742   82.42%
L2-Store-Accesses:        993333  100.00%

L2-Total-Hits:           8433465    2.96%
L2-Total-Misses:       276769016   97.04%
L2-Total-Accesses:     285202481  100.00%

