--------
Total Statistics
--------
Total Instructions: 19459131640
Total Cycles: 59279271217
IPC: 0.328262

--------
Single level Tlb hierarchy
--------
  Data Tlb:
    Entries:          64
    Page Size(B):   4096
    Associativity:      4

Latencies:    0  150
Tlb-Sets:   16 - LRU - assoc:   4

Tlb Stats:
Tlb-Load-Hits:        8360131966   99.60%
Tlb-Load-Misses:        33362325    0.40%
Tlb-Load-Accesses:    8393494291  100.00%

Tlb-Store-Hits:          83426461   99.83%
Tlb-Store-Misses:          144435    0.17%
Tlb-Store-Accesses:      83570896  100.00%

Tlb-Total-Hits:        8443558427   99.60%
Tlb-Total-Misses:        33506760    0.40%
Tlb-Total-Accesses:    8477065187  100.00%



--------
Two level Cache hierarchy
--------
  L1-Data Cache:
    Size(KB):          32
    Block Size(B):     64
    Associativity:      8

  L2-Data Cache:
    Size(KB):        1024
    Block Size(B):    256
    Associativity:      8

Latencies:    1   10  250
L1-Sets:   64 - LRU - assoc:   8
L2-Sets:  512 - LRU - assoc:   8
Store_allocation: Yes
L2_inclusive: Yes
L2_prefetching: No

L1 Cache Stats:
L1-Load-Hits:        8007458913   95.40%
L1-Load-Misses:       386035378    4.60%
L1-Load-Accesses:    8393494291  100.00%

L1-Store-Hits:          82062085   98.19%
L1-Store-Misses:         1508811    1.81%
L1-Store-Accesses:      83570896  100.00%

L1-Total-Hits:        8089520998   95.43%
L1-Total-Misses:       387544189    4.57%
L1-Total-Accesses:    8477065187  100.00%

L2 Cache Stats:
L2-Load-Hits:         296510834   76.81%
L2-Load-Misses:        89524544   23.19%
L2-Load-Accesses:     386035378  100.00%

L2-Store-Hits:           1266881   83.97%
L2-Store-Misses:          241930   16.03%
L2-Store-Accesses:       1508811  100.00%

L2-Total-Hits:         297777715   76.84%
L2-Total-Misses:        89766474   23.16%
L2-Total-Accesses:     387544189  100.00%

