--------
Total Statistics
--------
Total Instructions: 19459131640
Total Cycles: 75870641857
IPC: 0.256478

--------
Single level Tlb hierarchy
--------
  Data Tlb:
    Entries:          64
    Page Size(B):   4096
    Associativity:      4

Latencies:    0  150
Tlb-Sets:   16 - LRU - assoc:   4

Tlb Stats:
Tlb-Load-Hits:        8360126665   99.60%
Tlb-Load-Misses:        33367626    0.40%
Tlb-Load-Accesses:    8393494291  100.00%

Tlb-Store-Hits:          83424242   99.82%
Tlb-Store-Misses:          146654    0.18%
Tlb-Store-Accesses:      83570896  100.00%

Tlb-Total-Hits:        8443550907   99.60%
Tlb-Total-Misses:        33514280    0.40%
Tlb-Total-Accesses:    8477065187  100.00%



--------
Two level Cache hierarchy
--------
  L1-Data Cache:
    Size(KB):          32
    Block Size(B):     64
    Associativity:      8

  L2-Data Cache:
    Size(KB):        1024
    Block Size(B):    128
    Associativity:     16

Latencies:    1   10  250
L1-Sets:   64 - LRU - assoc:   8
L2-Sets:  512 - LRU - assoc:  16
Store_allocation: Yes
L2_inclusive: Yes
L2_prefetching: No

L1 Cache Stats:
L1-Load-Hits:        7942241394   94.62%
L1-Load-Misses:       451252897    5.38%
L1-Load-Accesses:    8393494291  100.00%

L1-Store-Hits:          81617565   97.66%
L1-Store-Misses:         1953331    2.34%
L1-Store-Accesses:      83570896  100.00%

L1-Total-Hits:        8023858959   94.65%
L1-Total-Misses:       453206228    5.35%
L1-Total-Accesses:    8477065187  100.00%

L2 Cache Stats:
L2-Load-Hits:         298210296   66.08%
L2-Load-Misses:       153042601   33.92%
L2-Load-Accesses:     451252897  100.00%

L2-Store-Hits:           1494969   76.53%
L2-Store-Misses:          458362   23.47%
L2-Store-Accesses:       1953331  100.00%

L2-Total-Hits:         299705265   66.13%
L2-Total-Misses:       153500963   33.87%
L2-Total-Accesses:     453206228  100.00%

