--------
Total Statistics
--------
Total Instructions: 29579686373
Total Cycles: 41226809122
IPC: 0.717487

--------
Single level Tlb hierarchy
--------
  Data Tlb:
    Entries:          64
    Page Size(B):   4096
    Associativity:      4

Latencies:    0  150
Tlb-Sets:   16 - LRU - assoc:   4

Tlb Stats:
Tlb-Load-Hits:        8048034890   99.99%
Tlb-Load-Misses:          517679    0.01%
Tlb-Load-Accesses:    8048552569  100.00%

Tlb-Store-Hits:        2325630118  100.00%
Tlb-Store-Misses:           75332    0.00%
Tlb-Store-Accesses:    2325705450  100.00%

Tlb-Total-Hits:       10373665008   99.99%
Tlb-Total-Misses:          593011    0.01%
Tlb-Total-Accesses:   10374258019  100.00%



--------
Two level Cache hierarchy
--------
  L1-Data Cache:
    Size(KB):          32
    Block Size(B):     64
    Associativity:      8

  L2-Data Cache:
    Size(KB):        1024
    Block Size(B):    128
    Associativity:     16

Latencies:    1   10  250
L1-Sets:   64 - LRU - assoc:   8
L2-Sets:  512 - LRU - assoc:  16
Store_allocation: Yes
L2_inclusive: Yes
L2_prefetching: No

L1 Cache Stats:
L1-Load-Hits:        7982645279   99.18%
L1-Load-Misses:        65907290    0.82%
L1-Load-Accesses:    8048552569  100.00%

L1-Store-Hits:        2273509832   97.76%
L1-Store-Misses:        52195618    2.24%
L1-Store-Accesses:    2325705450  100.00%

L1-Total-Hits:       10256155111   98.86%
L1-Total-Misses:       118102908    1.14%
L1-Total-Accesses:   10374258019  100.00%

L2 Cache Stats:
L2-Load-Hits:          65904722  100.00%
L2-Load-Misses:            2568    0.00%
L2-Load-Accesses:      65907290  100.00%

L2-Store-Hits:          52186650   99.98%
L2-Store-Misses:            8968    0.02%
L2-Store-Accesses:      52195618  100.00%

L2-Total-Hits:         118091372   99.99%
L2-Total-Misses:           11536    0.01%
L2-Total-Accesses:     118102908  100.00%

