--------
Total Statistics
--------
Total Instructions: 29579686373
Total Cycles: 41135302552
IPC: 0.719083

--------
Single level Tlb hierarchy
--------
  Data Tlb:
    Entries:          64
    Page Size(B):   4096
    Associativity:      4

Latencies:    0  150
Tlb-Sets:   16 - LRU - assoc:   4

Tlb Stats:
Tlb-Load-Hits:        8048545338  100.00%
Tlb-Load-Misses:            7231    0.00%
Tlb-Load-Accesses:    8048552569  100.00%

Tlb-Store-Hits:        2325705108  100.00%
Tlb-Store-Misses:             342    0.00%
Tlb-Store-Accesses:    2325705450  100.00%

Tlb-Total-Hits:       10374250446  100.00%
Tlb-Total-Misses:            7573    0.00%
Tlb-Total-Accesses:   10374258019  100.00%



--------
Two level Cache hierarchy
--------
  L1-Data Cache:
    Size(KB):          32
    Block Size(B):     64
    Associativity:      8

  L2-Data Cache:
    Size(KB):        2048
    Block Size(B):    256
    Associativity:     16

Latencies:    1   10  250
L1-Sets:   64 - LRU - assoc:   8
L2-Sets:  512 - LRU - assoc:  16
Store_allocation: Yes
L2_inclusive: Yes
L2_prefetching: No

L1 Cache Stats:
L1-Load-Hits:        7982980498   99.19%
L1-Load-Misses:        65572071    0.81%
L1-Load-Accesses:    8048552569  100.00%

L1-Store-Hits:        2273400150   97.75%
L1-Store-Misses:        52305300    2.25%
L1-Store-Accesses:    2325705450  100.00%

L1-Total-Hits:       10256380648   98.86%
L1-Total-Misses:       117877371    1.14%
L1-Total-Accesses:   10374258019  100.00%

L2 Cache Stats:
L2-Load-Hits:          65570808  100.00%
L2-Load-Misses:            1263    0.00%
L2-Load-Accesses:      65572071  100.00%

L2-Store-Hits:          52300769   99.99%
L2-Store-Misses:            4531    0.01%
L2-Store-Accesses:      52305300  100.00%

L2-Total-Hits:         117871577  100.00%
L2-Total-Misses:            5794    0.00%
L2-Total-Accesses:     117877371  100.00%

