--------
Total Statistics
--------
Total Instructions: 29579686392
Total Cycles: 44118891370
IPC: 0.670454

--------
Single level Tlb hierarchy
--------
  Data Tlb:
    Entries:          64
    Page Size(B):   4096
    Associativity:      4

Latencies:    0  150
Tlb-Sets:   16 - LRU - assoc:   4

Tlb Stats:
Tlb-Load-Hits:        8033390025   99.81%
Tlb-Load-Misses:        15162551    0.19%
Tlb-Load-Accesses:    8048552576  100.00%

Tlb-Store-Hits:        2321007331   99.80%
Tlb-Store-Misses:         4698121    0.20%
Tlb-Store-Accesses:    2325705452  100.00%

Tlb-Total-Hits:       10354397356   99.81%
Tlb-Total-Misses:        19860672    0.19%
Tlb-Total-Accesses:   10374258028  100.00%



--------
Two level Cache hierarchy
--------
  L1-Data Cache:
    Size(KB):          32
    Block Size(B):     64
    Associativity:      8

  L2-Data Cache:
    Size(KB):         512
    Block Size(B):    256
    Associativity:      8

Latencies:    1   10  250
L1-Sets:   64 - LRU - assoc:   8
L2-Sets:  256 - LRU - assoc:   8
Store_allocation: Yes
L2_inclusive: Yes
L2_prefetching: No

L1 Cache Stats:
L1-Load-Hits:        7982597974   99.18%
L1-Load-Misses:        65954602    0.82%
L1-Load-Accesses:    8048552576  100.00%

L1-Store-Hits:        2273220664   97.74%
L1-Store-Misses:        52484788    2.26%
L1-Store-Accesses:    2325705452  100.00%

L1-Total-Hits:       10255818638   98.86%
L1-Total-Misses:       118439390    1.14%
L1-Total-Accesses:   10374258028  100.00%

L2 Cache Stats:
L2-Load-Hits:          65953326  100.00%
L2-Load-Misses:            1276    0.00%
L2-Load-Accesses:      65954602  100.00%

L2-Store-Hits:          52480255   99.99%
L2-Store-Misses:            4533    0.01%
L2-Store-Accesses:      52484788  100.00%

L2-Total-Hits:         118433581  100.00%
L2-Total-Misses:            5809    0.00%
L2-Total-Accesses:     118439390  100.00%

