--------
Total Statistics
--------
Total Instructions: 29579686373
Total Cycles: 41219641832
IPC: 0.717611

--------
Single level Tlb hierarchy
--------
  Data Tlb:
    Entries:          64
    Page Size(B):   4096
    Associativity:      4

Latencies:    0  150
Tlb-Sets:   16 - LRU - assoc:   4

Tlb Stats:
Tlb-Load-Hits:        8048078433   99.99%
Tlb-Load-Misses:          474136    0.01%
Tlb-Load-Accesses:    8048552569  100.00%

Tlb-Store-Hits:        2325657529  100.00%
Tlb-Store-Misses:           47921    0.00%
Tlb-Store-Accesses:    2325705450  100.00%

Tlb-Total-Hits:       10373735962   99.99%
Tlb-Total-Misses:          522057    0.01%
Tlb-Total-Accesses:   10374258019  100.00%



--------
Two level Cache hierarchy
--------
  L1-Data Cache:
    Size(KB):          32
    Block Size(B):     64
    Associativity:      8

  L2-Data Cache:
    Size(KB):        1024
    Block Size(B):    256
    Associativity:      8

Latencies:    1   10  250
L1-Sets:   64 - LRU - assoc:   8
L2-Sets:  512 - LRU - assoc:   8
Store_allocation: Yes
L2_inclusive: Yes
L2_prefetching: No

L1 Cache Stats:
L1-Load-Hits:        7982697625   99.18%
L1-Load-Misses:        65854944    0.82%
L1-Load-Accesses:    8048552569  100.00%

L1-Store-Hits:        2272966730   97.73%
L1-Store-Misses:        52738720    2.27%
L1-Store-Accesses:    2325705450  100.00%

L1-Total-Hits:       10255664355   98.86%
L1-Total-Misses:       118593664    1.14%
L1-Total-Accesses:   10374258019  100.00%

L2 Cache Stats:
L2-Load-Hits:          65853668  100.00%
L2-Load-Misses:            1276    0.00%
L2-Load-Accesses:      65854944  100.00%

L2-Store-Hits:          52734187   99.99%
L2-Store-Misses:            4533    0.01%
L2-Store-Accesses:      52738720  100.00%

L2-Total-Hits:         118587855  100.00%
L2-Total-Misses:            5809    0.00%
L2-Total-Accesses:     118593664  100.00%

