--------
Total Statistics
--------
Total Instructions: 29579686373
Total Cycles: 41149618872
IPC: 0.718833

--------
Single level Tlb hierarchy
--------
  Data Tlb:
    Entries:          64
    Page Size(B):   4096
    Associativity:      4

Latencies:    0  150
Tlb-Sets:   16 - LRU - assoc:   4

Tlb Stats:
Tlb-Load-Hits:        8048491838  100.00%
Tlb-Load-Misses:           60731    0.00%
Tlb-Load-Accesses:    8048552569  100.00%

Tlb-Store-Hits:        2325697721  100.00%
Tlb-Store-Misses:            7729    0.00%
Tlb-Store-Accesses:    2325705450  100.00%

Tlb-Total-Hits:       10374189559  100.00%
Tlb-Total-Misses:           68460    0.00%
Tlb-Total-Accesses:   10374258019  100.00%



--------
Two level Cache hierarchy
--------
  L1-Data Cache:
    Size(KB):          32
    Block Size(B):     64
    Associativity:      8

  L2-Data Cache:
    Size(KB):        1024
    Block Size(B):    128
    Associativity:      8

Latencies:    1   10  250
L1-Sets:   64 - LRU - assoc:   8
L2-Sets: 1024 - LRU - assoc:   8
Store_allocation: Yes
L2_inclusive: Yes
L2_prefetching: No

L1 Cache Stats:
L1-Load-Hits:        7982589289   99.18%
L1-Load-Misses:        65963280    0.82%
L1-Load-Accesses:    8048552569  100.00%

L1-Store-Hits:        2273416532   97.75%
L1-Store-Misses:        52288918    2.25%
L1-Store-Accesses:    2325705450  100.00%

L1-Total-Hits:       10256005821   98.86%
L1-Total-Misses:       118252198    1.14%
L1-Total-Accesses:   10374258019  100.00%

L2 Cache Stats:
L2-Load-Hits:          65960713  100.00%
L2-Load-Misses:            2567    0.00%
L2-Load-Accesses:      65963280  100.00%

L2-Store-Hits:          52279951   99.98%
L2-Store-Misses:            8967    0.02%
L2-Store-Accesses:      52288918  100.00%

L2-Total-Hits:         118240664   99.99%
L2-Total-Misses:           11534    0.01%
L2-Total-Accesses:     118252198  100.00%

