--------
Total Statistics
--------
Total Instructions: 29579686392
Total Cycles: 41139137690
IPC: 0.719016

--------
Single level Tlb hierarchy
--------
  Data Tlb:
    Entries:          64
    Page Size(B):   4096
    Associativity:      4

Latencies:    0  150
Tlb-Sets:   16 - LRU - assoc:   4

Tlb Stats:
Tlb-Load-Hits:        8048532421  100.00%
Tlb-Load-Misses:           20155    0.00%
Tlb-Load-Accesses:    8048552576  100.00%

Tlb-Store-Hits:        2325705109  100.00%
Tlb-Store-Misses:             343    0.00%
Tlb-Store-Accesses:    2325705452  100.00%

Tlb-Total-Hits:       10374237530  100.00%
Tlb-Total-Misses:           20498    0.00%
Tlb-Total-Accesses:   10374258028  100.00%



--------
Two level Cache hierarchy
--------
  L1-Data Cache:
    Size(KB):          32
    Block Size(B):     64
    Associativity:      8

  L2-Data Cache:
    Size(KB):        1024
    Block Size(B):    256
    Associativity:     16

Latencies:    1   10  250
L1-Sets:   64 - LRU - assoc:   8
L2-Sets:  256 - LRU - assoc:  16
Store_allocation: Yes
L2_inclusive: Yes
L2_prefetching: No

L1 Cache Stats:
L1-Load-Hits:        7982782062   99.18%
L1-Load-Misses:        65770514    0.82%
L1-Load-Accesses:    8048552576  100.00%

L1-Store-Hits:        2273409334   97.75%
L1-Store-Misses:        52296118    2.25%
L1-Store-Accesses:    2325705452  100.00%

L1-Total-Hits:       10256191396   98.86%
L1-Total-Misses:       118066632    1.14%
L1-Total-Accesses:   10374258028  100.00%

L2 Cache Stats:
L2-Load-Hits:          65769236  100.00%
L2-Load-Misses:            1278    0.00%
L2-Load-Accesses:      65770514  100.00%

L2-Store-Hits:          52291587   99.99%
L2-Store-Misses:            4531    0.01%
L2-Store-Accesses:      52296118  100.00%

L2-Total-Hits:         118060823  100.00%
L2-Total-Misses:            5809    0.00%
L2-Total-Accesses:     118066632  100.00%

