--------
Total Statistics
--------
Total Instructions: 29579686373
Total Cycles: 41149366592
IPC: 0.718837

--------
Single level Tlb hierarchy
--------
  Data Tlb:
    Entries:          64
    Page Size(B):   4096
    Associativity:      4

Latencies:    0  150
Tlb-Sets:   16 - LRU - assoc:   4

Tlb Stats:
Tlb-Load-Hits:        8048517335  100.00%
Tlb-Load-Misses:           35234    0.00%
Tlb-Load-Accesses:    8048552569  100.00%

Tlb-Store-Hits:        2325705105  100.00%
Tlb-Store-Misses:             345    0.00%
Tlb-Store-Accesses:    2325705450  100.00%

Tlb-Total-Hits:       10374222440  100.00%
Tlb-Total-Misses:           35579    0.00%
Tlb-Total-Accesses:   10374258019  100.00%



--------
Two level Cache hierarchy
--------
  L1-Data Cache:
    Size(KB):          32
    Block Size(B):     64
    Associativity:      8

  L2-Data Cache:
    Size(KB):         512
    Block Size(B):     64
    Associativity:      8

Latencies:    1   10  250
L1-Sets:   64 - LRU - assoc:   8
L2-Sets: 1024 - LRU - assoc:   8
Store_allocation: Yes
L2_inclusive: Yes
L2_prefetching: No

L1 Cache Stats:
L1-Load-Hits:        7982758952   99.18%
L1-Load-Misses:        65793617    0.82%
L1-Load-Accesses:    8048552569  100.00%

L1-Store-Hits:        2273064407   97.74%
L1-Store-Misses:        52641043    2.26%
L1-Store-Accesses:    2325705450  100.00%

L1-Total-Hits:       10255823359   98.86%
L1-Total-Misses:       118434660    1.14%
L1-Total-Accesses:   10374258019  100.00%

L2 Cache Stats:
L2-Load-Hits:          65789569   99.99%
L2-Load-Misses:            4048    0.01%
L2-Load-Accesses:      65793617  100.00%

L2-Store-Hits:          52622136   99.96%
L2-Store-Misses:           18907    0.04%
L2-Store-Accesses:      52641043  100.00%

L2-Total-Hits:         118411705   99.98%
L2-Total-Misses:           22955    0.02%
L2-Total-Accesses:     118434660  100.00%

