--------
Total Statistics
--------
Total Instructions: 29579686373
Total Cycles: 41146113522
IPC: 0.718894

--------
Single level Tlb hierarchy
--------
  Data Tlb:
    Entries:          64
    Page Size(B):   4096
    Associativity:      4

Latencies:    0  150
Tlb-Sets:   16 - LRU - assoc:   4

Tlb Stats:
Tlb-Load-Hits:        8048522381  100.00%
Tlb-Load-Misses:           30188    0.00%
Tlb-Load-Accesses:    8048552569  100.00%

Tlb-Store-Hits:        2325705106  100.00%
Tlb-Store-Misses:             344    0.00%
Tlb-Store-Accesses:    2325705450  100.00%

Tlb-Total-Hits:       10374227487  100.00%
Tlb-Total-Misses:           30532    0.00%
Tlb-Total-Accesses:   10374258019  100.00%



--------
Two level Cache hierarchy
--------
  L1-Data Cache:
    Size(KB):          32
    Block Size(B):     64
    Associativity:      8

  L2-Data Cache:
    Size(KB):        2048
    Block Size(B):     64
    Associativity:     16

Latencies:    1   10  250
L1-Sets:   64 - LRU - assoc:   8
L2-Sets: 2048 - LRU - assoc:  16
Store_allocation: Yes
L2_inclusive: Yes
L2_prefetching: No

L1 Cache Stats:
L1-Load-Hits:        7982781055   99.18%
L1-Load-Misses:        65771514    0.82%
L1-Load-Accesses:    8048552569  100.00%

L1-Store-Hits:        2273290881   97.75%
L1-Store-Misses:        52414569    2.25%
L1-Store-Accesses:    2325705450  100.00%

L1-Total-Hits:       10256071936   98.86%
L1-Total-Misses:       118186083    1.14%
L1-Total-Accesses:   10374258019  100.00%

L2 Cache Stats:
L2-Load-Hits:          65767496   99.99%
L2-Load-Misses:            4018    0.01%
L2-Load-Accesses:      65771514  100.00%

L2-Store-Hits:          52395673   99.96%
L2-Store-Misses:           18896    0.04%
L2-Store-Accesses:      52414569  100.00%

L2-Total-Hits:         118163169   99.98%
L2-Total-Misses:           22914    0.02%
L2-Total-Accesses:     118186083  100.00%

