--------
Total Statistics
--------
Total Instructions: 29579686373
Total Cycles: 41182499252
IPC: 0.718259

--------
Single level Tlb hierarchy
--------
  Data Tlb:
    Entries:          64
    Page Size(B):   4096
    Associativity:      4

Latencies:    0  150
Tlb-Sets:   16 - LRU - assoc:   4

Tlb Stats:
Tlb-Load-Hits:        8048301494  100.00%
Tlb-Load-Misses:          251075    0.00%
Tlb-Load-Accesses:    8048552569  100.00%

Tlb-Store-Hits:        2325657614  100.00%
Tlb-Store-Misses:           47836    0.00%
Tlb-Store-Accesses:    2325705450  100.00%

Tlb-Total-Hits:       10373959108  100.00%
Tlb-Total-Misses:          298911    0.00%
Tlb-Total-Accesses:   10374258019  100.00%



--------
Two level Cache hierarchy
--------
  L1-Data Cache:
    Size(KB):          32
    Block Size(B):     64
    Associativity:      8

  L2-Data Cache:
    Size(KB):        2048
    Block Size(B):    128
    Associativity:     16

Latencies:    1   10  250
L1-Sets:   64 - LRU - assoc:   8
L2-Sets: 1024 - LRU - assoc:  16
Store_allocation: Yes
L2_inclusive: Yes
L2_prefetching: No

L1 Cache Stats:
L1-Load-Hits:        7982802857   99.18%
L1-Load-Misses:        65749712    0.82%
L1-Load-Accesses:    8048552569  100.00%

L1-Store-Hits:        2273371191   97.75%
L1-Store-Misses:        52334259    2.25%
L1-Store-Accesses:    2325705450  100.00%

L1-Total-Hits:       10256174048   98.86%
L1-Total-Misses:       118083971    1.14%
L1-Total-Accesses:   10374258019  100.00%

L2 Cache Stats:
L2-Load-Hits:          65747167  100.00%
L2-Load-Misses:            2545    0.00%
L2-Load-Accesses:      65749712  100.00%

L2-Store-Hits:          52325290   99.98%
L2-Store-Misses:            8969    0.02%
L2-Store-Accesses:      52334259  100.00%

L2-Total-Hits:         118072457   99.99%
L2-Total-Misses:           11514    0.01%
L2-Total-Accesses:     118083971  100.00%

