--------
Total Statistics
--------
Total Instructions: 29579686373
Total Cycles: 41152488842
IPC: 0.718782

--------
Single level Tlb hierarchy
--------
  Data Tlb:
    Entries:          64
    Page Size(B):   4096
    Associativity:      4

Latencies:    0  150
Tlb-Sets:   16 - LRU - assoc:   4

Tlb Stats:
Tlb-Load-Hits:        8048479824  100.00%
Tlb-Load-Misses:           72745    0.00%
Tlb-Load-Accesses:    8048552569  100.00%

Tlb-Store-Hits:        2325705103  100.00%
Tlb-Store-Misses:             347    0.00%
Tlb-Store-Accesses:    2325705450  100.00%

Tlb-Total-Hits:       10374184927  100.00%
Tlb-Total-Misses:           73092    0.00%
Tlb-Total-Accesses:   10374258019  100.00%



--------
Two level Cache hierarchy
--------
  L1-Data Cache:
    Size(KB):          32
    Block Size(B):     64
    Associativity:      8

  L2-Data Cache:
    Size(KB):         512
    Block Size(B):    128
    Associativity:      8

Latencies:    1   10  250
L1-Sets:   64 - LRU - assoc:   8
L2-Sets:  512 - LRU - assoc:   8
Store_allocation: Yes
L2_inclusive: Yes
L2_prefetching: No

L1 Cache Stats:
L1-Load-Hits:        7982719071   99.18%
L1-Load-Misses:        65833498    0.82%
L1-Load-Accesses:    8048552569  100.00%

L1-Store-Hits:        2273069383   97.74%
L1-Store-Misses:        52636067    2.26%
L1-Store-Accesses:    2325705450  100.00%

L1-Total-Hits:       10255788454   98.86%
L1-Total-Misses:       118469565    1.14%
L1-Total-Accesses:   10374258019  100.00%

L2 Cache Stats:
L2-Load-Hits:          65830933  100.00%
L2-Load-Misses:            2565    0.00%
L2-Load-Accesses:      65833498  100.00%

L2-Store-Hits:          52627092   99.98%
L2-Store-Misses:            8975    0.02%
L2-Store-Accesses:      52636067  100.00%

L2-Total-Hits:         118458025   99.99%
L2-Total-Misses:           11540    0.01%
L2-Total-Accesses:     118469565  100.00%

