--------
Total Statistics
--------
Total Instructions: 4355791850
Total Cycles: 11869481204
IPC: 0.366974

--------
Single level Tlb hierarchy
--------
  Data Tlb:
    Entries:          64
    Page Size(B):   4096
    Associativity:      4

Latencies:    0  150
Tlb-Sets:   16 - LRU - assoc:   4

Tlb Stats:
Tlb-Load-Hits:         921886058   96.02%
Tlb-Load-Misses:        38204743    3.98%
Tlb-Load-Accesses:     960090801  100.00%

Tlb-Store-Hits:         320050840   99.74%
Tlb-Store-Misses:          825703    0.26%
Tlb-Store-Accesses:     320876543  100.00%

Tlb-Total-Hits:        1241936898   96.95%
Tlb-Total-Misses:        39030446    3.05%
Tlb-Total-Accesses:    1280967344  100.00%



--------
Two level Cache hierarchy
--------
  L1-Data Cache:
    Size(KB):          64
    Block Size(B):    128
    Associativity:      8

  L2-Data Cache:
    Size(KB):        1024
    Block Size(B):    128
    Associativity:      8

Latencies:    1   10  250
L1-Sets:   64 - LRU - assoc:   8
L2-Sets: 1024 - LRU - assoc:   8
Store_allocation: Yes
L2_inclusive: Yes
L2_prefetching: No

L1 Cache Stats:
L1-Load-Hits:         958813458   99.87%
L1-Load-Misses:         1277343    0.13%
L1-Load-Accesses:     960090801  100.00%

L1-Store-Hits:         320671175   99.94%
L1-Store-Misses:          205368    0.06%
L1-Store-Accesses:     320876543  100.00%

L1-Total-Hits:        1279484633   99.88%
L1-Total-Misses:         1482711    0.12%
L1-Total-Accesses:    1280967344  100.00%

L2 Cache Stats:
L2-Load-Hits:             29399    2.30%
L2-Load-Misses:         1247944   97.70%
L2-Load-Accesses:       1277343  100.00%

L2-Store-Hits:                 0    0.00%
L2-Store-Misses:          205368  100.00%
L2-Store-Accesses:        205368  100.00%

L2-Total-Hits:             29399    1.98%
L2-Total-Misses:         1453312   98.02%
L2-Total-Accesses:       1482711  100.00%

