--------
Total Statistics
--------
Total Instructions: 4355791831
Total Cycles: 11894735686
IPC: 0.366195

--------
Single level Tlb hierarchy
--------
  Data Tlb:
    Entries:          64
    Page Size(B):   4096
    Associativity:      4

Latencies:    0  150
Tlb-Sets:   16 - LRU - assoc:   4

Tlb Stats:
Tlb-Load-Hits:         921886052   96.02%
Tlb-Load-Misses:        38204742    3.98%
Tlb-Load-Accesses:     960090794  100.00%

Tlb-Store-Hits:         320050838   99.74%
Tlb-Store-Misses:          825703    0.26%
Tlb-Store-Accesses:     320876541  100.00%

Tlb-Total-Hits:        1241936890   96.95%
Tlb-Total-Misses:        39030445    3.05%
Tlb-Total-Accesses:    1280967335  100.00%



--------
Two level Cache hierarchy
--------
  L1-Data Cache:
    Size(KB):          64
    Block Size(B):     64
    Associativity:      8

  L2-Data Cache:
    Size(KB):        1024
    Block Size(B):    128
    Associativity:      8

Latencies:    1   10  250
L1-Sets:  128 - LRU - assoc:   8
L2-Sets: 1024 - LRU - assoc:   8
Store_allocation: Yes
L2_inclusive: Yes
L2_prefetching: No

L1 Cache Stats:
L1-Load-Hits:         956252976   99.60%
L1-Load-Misses:         3837818    0.40%
L1-Load-Accesses:     960090794  100.00%

L1-Store-Hits:         320253257   99.81%
L1-Store-Misses:          623284    0.19%
L1-Store-Accesses:     320876541  100.00%

L1-Total-Hits:        1276506233   99.65%
L1-Total-Misses:         4461102    0.35%
L1-Total-Accesses:    1280967335  100.00%

L2 Cache Stats:
L2-Load-Hits:           2607731   67.95%
L2-Load-Misses:         1230087   32.05%
L2-Load-Accesses:       3837818  100.00%

L2-Store-Hits:            418176   67.09%
L2-Store-Misses:          205108   32.91%
L2-Store-Accesses:        623284  100.00%

L2-Total-Hits:           3025907   67.83%
L2-Total-Misses:         1435195   32.17%
L2-Total-Accesses:       4461102  100.00%

