--------
Total Statistics
--------
Total Instructions: 4355791831
Total Cycles: 11862247866
IPC: 0.367198

--------
Single level Tlb hierarchy
--------
  Data Tlb:
    Entries:          64
    Page Size(B):   4096
    Associativity:      4

Latencies:    0  150
Tlb-Sets:   16 - LRU - assoc:   4

Tlb Stats:
Tlb-Load-Hits:         921886052   96.02%
Tlb-Load-Misses:        38204742    3.98%
Tlb-Load-Accesses:     960090794  100.00%

Tlb-Store-Hits:         320460439   99.87%
Tlb-Store-Misses:          416102    0.13%
Tlb-Store-Accesses:     320876541  100.00%

Tlb-Total-Hits:        1242346491   96.99%
Tlb-Total-Misses:        38620844    3.01%
Tlb-Total-Accesses:    1280967335  100.00%



--------
Two level Cache hierarchy
--------
  L1-Data Cache:
    Size(KB):          64
    Block Size(B):     32
    Associativity:      8

  L2-Data Cache:
    Size(KB):        1024
    Block Size(B):    128
    Associativity:      8

Latencies:    1   10  250
L1-Sets:  256 - LRU - assoc:   8
L2-Sets: 1024 - LRU - assoc:   8
Store_allocation: Yes
L2_inclusive: Yes
L2_prefetching: No

L1 Cache Stats:
L1-Load-Hits:         953774348   99.34%
L1-Load-Misses:         6316446    0.66%
L1-Load-Accesses:     960090794  100.00%

L1-Store-Hits:         319843952   99.68%
L1-Store-Misses:         1032589    0.32%
L1-Store-Accesses:     320876541  100.00%

L1-Total-Hits:        1273618300   99.43%
L1-Total-Misses:         7349035    0.57%
L1-Total-Accesses:    1280967335  100.00%

L2 Cache Stats:
L2-Load-Hits:           5085868   80.52%
L2-Load-Misses:         1230578   19.48%
L2-Load-Accesses:       6316446  100.00%

L2-Store-Hits:            827680   80.16%
L2-Store-Misses:          204909   19.84%
L2-Store-Accesses:       1032589  100.00%

L2-Total-Hits:           5913548   80.47%
L2-Total-Misses:         1435487   19.53%
L2-Total-Accesses:       7349035  100.00%

