--------
Total Statistics
--------
Total Instructions: 4355791831
Total Cycles: 11891007306
IPC: 0.36631

--------
Single level Tlb hierarchy
--------
  Data Tlb:
    Entries:          64
    Page Size(B):   4096
    Associativity:      4

Latencies:    0  150
Tlb-Sets:   16 - LRU - assoc:   4

Tlb Stats:
Tlb-Load-Hits:         921885853   96.02%
Tlb-Load-Misses:        38204941    3.98%
Tlb-Load-Accesses:     960090794  100.00%

Tlb-Store-Hits:         320186839   99.79%
Tlb-Store-Misses:          689702    0.21%
Tlb-Store-Accesses:     320876541  100.00%

Tlb-Total-Hits:        1242072692   96.96%
Tlb-Total-Misses:        38894643    3.04%
Tlb-Total-Accesses:    1280967335  100.00%



--------
Two level Cache hierarchy
--------
  L1-Data Cache:
    Size(KB):          32
    Block Size(B):     64
    Associativity:      8

  L2-Data Cache:
    Size(KB):        1024
    Block Size(B):    128
    Associativity:      8

Latencies:    1   10  250
L1-Sets:   64 - LRU - assoc:   8
L2-Sets: 1024 - LRU - assoc:   8
Store_allocation: Yes
L2_inclusive: Yes
L2_prefetching: No

L1 Cache Stats:
L1-Load-Hits:         954584323   99.43%
L1-Load-Misses:         5506471    0.57%
L1-Load-Accesses:     960090794  100.00%

L1-Store-Hits:         320225368   99.80%
L1-Store-Misses:          651173    0.20%
L1-Store-Accesses:     320876541  100.00%

L1-Total-Hits:        1274809691   99.52%
L1-Total-Misses:         6157644    0.48%
L1-Total-Accesses:    1280967335  100.00%

L2 Cache Stats:
L2-Load-Hits:           4277480   77.68%
L2-Load-Misses:         1228991   22.32%
L2-Load-Accesses:       5506471  100.00%

L2-Store-Hits:            446263   68.53%
L2-Store-Misses:          204910   31.47%
L2-Store-Accesses:        651173  100.00%

L2-Total-Hits:           4723743   76.71%
L2-Total-Misses:         1433901   23.29%
L2-Total-Accesses:       6157644  100.00%

