--------
Total Statistics
--------
Total Instructions: 4355791831
Total Cycles: 11860979496
IPC: 0.367237

--------
Single level Tlb hierarchy
--------
  Data Tlb:
    Entries:          64
    Page Size(B):   4096
    Associativity:      4

Latencies:    0  150
Tlb-Sets:   16 - LRU - assoc:   4

Tlb Stats:
Tlb-Load-Hits:         921886052   96.02%
Tlb-Load-Misses:        38204742    3.98%
Tlb-Load-Accesses:     960090794  100.00%

Tlb-Store-Hits:         320460439   99.87%
Tlb-Store-Misses:          416102    0.13%
Tlb-Store-Accesses:     320876541  100.00%

Tlb-Total-Hits:        1242346491   96.99%
Tlb-Total-Misses:        38620844    3.01%
Tlb-Total-Accesses:    1280967335  100.00%



--------
Two level Cache hierarchy
--------
  L1-Data Cache:
    Size(KB):         128
    Block Size(B):     32
    Associativity:      8

  L2-Data Cache:
    Size(KB):        1024
    Block Size(B):    128
    Associativity:      8

Latencies:    1   10  250
L1-Sets:  512 - LRU - assoc:   8
L2-Sets: 1024 - LRU - assoc:   8
Store_allocation: Yes
L2_inclusive: Yes
L2_prefetching: No

L1 Cache Stats:
L1-Load-Hits:         953861714   99.35%
L1-Load-Misses:         6229080    0.65%
L1-Load-Accesses:     960090794  100.00%

L1-Store-Hits:         319843948   99.68%
L1-Store-Misses:         1032593    0.32%
L1-Store-Accesses:     320876541  100.00%

L1-Total-Hits:        1273705662   99.43%
L1-Total-Misses:         7261673    0.57%
L1-Total-Accesses:    1280967335  100.00%

L2 Cache Stats:
L2-Load-Hits:           5000080   80.27%
L2-Load-Misses:         1229000   19.73%
L2-Load-Accesses:       6229080  100.00%

L2-Store-Hits:            827685   80.16%
L2-Store-Misses:          204908   19.84%
L2-Store-Accesses:       1032593  100.00%

L2-Total-Hits:           5827765   80.25%
L2-Total-Misses:         1433908   19.75%
L2-Total-Accesses:       7261673  100.00%

