--------
Total Statistics
--------
Total Instructions: 4355791831
Total Cycles: 12258654716
IPC: 0.355324

--------
Single level Tlb hierarchy
--------
  Data Tlb:
    Entries:          64
    Page Size(B):   4096
    Associativity:      4

Latencies:    0  150
Tlb-Sets:   16 - LRU - assoc:   4

Tlb Stats:
Tlb-Load-Hits:         921885053   96.02%
Tlb-Load-Misses:        38205741    3.98%
Tlb-Load-Accesses:     960090794  100.00%

Tlb-Store-Hits:         319666838   99.62%
Tlb-Store-Misses:         1209703    0.38%
Tlb-Store-Accesses:     320876541  100.00%

Tlb-Total-Hits:        1241551891   96.92%
Tlb-Total-Misses:        39415444    3.08%
Tlb-Total-Accesses:    1280967335  100.00%



--------
Two level Cache hierarchy
--------
  L1-Data Cache:
    Size(KB):          64
    Block Size(B):     64
    Associativity:      4

  L2-Data Cache:
    Size(KB):        1024
    Block Size(B):    128
    Associativity:      8

Latencies:    1   10  250
L1-Sets:  256 - LRU - assoc:   4
L2-Sets: 1024 - LRU - assoc:   8
Store_allocation: Yes
L2_inclusive: Yes
L2_prefetching: No

L1 Cache Stats:
L1-Load-Hits:         925697188   96.42%
L1-Load-Misses:        34393606    3.58%
L1-Load-Accesses:     960090794  100.00%

L1-Store-Hits:         320159752   99.78%
L1-Store-Misses:          716789    0.22%
L1-Store-Accesses:     320876541  100.00%

L1-Total-Hits:        1245856940   97.26%
L1-Total-Misses:        35110395    2.74%
L1-Total-Accesses:    1280967335  100.00%

L2 Cache Stats:
L2-Load-Hits:          33164615   96.43%
L2-Load-Misses:         1228991    3.57%
L2-Load-Accesses:      34393606  100.00%

L2-Store-Hits:            511880   71.41%
L2-Store-Misses:          204909   28.59%
L2-Store-Accesses:        716789  100.00%

L2-Total-Hits:          33676495   95.92%
L2-Total-Misses:         1433900    4.08%
L2-Total-Accesses:      35110395  100.00%

