--------
Total Statistics
--------
Total Instructions: 4355791831
Total Cycles: 11945145636
IPC: 0.36465

--------
Single level Tlb hierarchy
--------
  Data Tlb:
    Entries:          64
    Page Size(B):   4096
    Associativity:      4

Latencies:    0  150
Tlb-Sets:   16 - LRU - assoc:   4

Tlb Stats:
Tlb-Load-Hits:         921886052   96.02%
Tlb-Load-Misses:        38204742    3.98%
Tlb-Load-Accesses:     960090794  100.00%

Tlb-Store-Hits:         320050838   99.74%
Tlb-Store-Misses:          825703    0.26%
Tlb-Store-Accesses:     320876541  100.00%

Tlb-Total-Hits:        1241936890   96.95%
Tlb-Total-Misses:        39030445    3.05%
Tlb-Total-Accesses:    1280967335  100.00%



--------
Two level Cache hierarchy
--------
  L1-Data Cache:
    Size(KB):          32
    Block Size(B):     32
    Associativity:      8

  L2-Data Cache:
    Size(KB):        1024
    Block Size(B):    128
    Associativity:      8

Latencies:    1   10  250
L1-Sets:  128 - LRU - assoc:   8
L2-Sets: 1024 - LRU - assoc:   8
Store_allocation: Yes
L2_inclusive: Yes
L2_prefetching: No

L1 Cache Stats:
L1-Load-Hits:         951584411   99.11%
L1-Load-Misses:         8506383    0.89%
L1-Load-Accesses:     960090794  100.00%

L1-Store-Hits:         319853502   99.68%
L1-Store-Misses:         1023039    0.32%
L1-Store-Accesses:     320876541  100.00%

L1-Total-Hits:        1271437913   99.26%
L1-Total-Misses:         9529422    0.74%
L1-Total-Accesses:    1280967335  100.00%

L2 Cache Stats:
L2-Load-Hits:           7277190   85.55%
L2-Load-Misses:         1229193   14.45%
L2-Load-Accesses:       8506383  100.00%

L2-Store-Hits:            818130   79.97%
L2-Store-Misses:          204909   20.03%
L2-Store-Accesses:       1023039  100.00%

L2-Total-Hits:           8095320   84.95%
L2-Total-Misses:         1434102   15.05%
L2-Total-Accesses:       9529422  100.00%

