--------
Total Statistics
--------
Total Instructions: 12275683896
Total Cycles: 18477293821
IPC: 0.664366

--------
Single level Tlb hierarchy
--------
  Data Tlb:
    Entries:          64
    Page Size(B):   4096
    Associativity:      4

Latencies:    0  150
Tlb-Sets:   16 - LRU - assoc:   4

Tlb Stats:
Tlb-Load-Hits:        2362961889   99.41%
Tlb-Load-Misses:        14006656    0.59%
Tlb-Load-Accesses:    2376968545  100.00%

Tlb-Store-Hits:         652910635   99.95%
Tlb-Store-Misses:          346785    0.05%
Tlb-Store-Accesses:     653257420  100.00%

Tlb-Total-Hits:        3015872524   99.53%
Tlb-Total-Misses:        14353441    0.47%
Tlb-Total-Accesses:    3030225965  100.00%



--------
Two level Cache hierarchy
--------
  L1-Data Cache:
    Size(KB):         128
    Block Size(B):    128
    Associativity:      8

  L2-Data Cache:
    Size(KB):        1024
    Block Size(B):    128
    Associativity:      8

Latencies:    1   10  250
L1-Sets:  128 - LRU - assoc:   8
L2-Sets: 1024 - LRU - assoc:   8
Store_allocation: Yes
L2_inclusive: Yes
L2_prefetching: No

L1 Cache Stats:
L1-Load-Hits:        2304813921   96.96%
L1-Load-Misses:        72154624    3.04%
L1-Load-Accesses:    2376968545  100.00%

L1-Store-Hits:         650698363   99.61%
L1-Store-Misses:         2559057    0.39%
L1-Store-Accesses:     653257420  100.00%

L1-Total-Hits:        2955512284   97.53%
L1-Total-Misses:        74713681    2.47%
L1-Total-Accesses:    3030225965  100.00%

L2 Cache Stats:
L2-Load-Hits:          71536584   99.14%
L2-Load-Misses:          618040    0.86%
L2-Load-Accesses:      72154624  100.00%

L2-Store-Hits:           2092173   81.76%
L2-Store-Misses:          466884   18.24%
L2-Store-Accesses:       2559057  100.00%

L2-Total-Hits:          73628757   98.55%
L2-Total-Misses:         1084924    1.45%
L2-Total-Accesses:      74713681  100.00%

