--------
Total Statistics
--------
Total Instructions: 12275683896
Total Cycles: 19081558501
IPC: 0.643327

--------
Single level Tlb hierarchy
--------
  Data Tlb:
    Entries:          64
    Page Size(B):   4096
    Associativity:      4

Latencies:    0  150
Tlb-Sets:   16 - LRU - assoc:   4

Tlb Stats:
Tlb-Load-Hits:        2362948574   99.41%
Tlb-Load-Misses:        14019971    0.59%
Tlb-Load-Accesses:    2376968545  100.00%

Tlb-Store-Hits:         652830282   99.93%
Tlb-Store-Misses:          427138    0.07%
Tlb-Store-Accesses:     653257420  100.00%

Tlb-Total-Hits:        3015778856   99.52%
Tlb-Total-Misses:        14447109    0.48%
Tlb-Total-Accesses:    3030225965  100.00%



--------
Two level Cache hierarchy
--------
  L1-Data Cache:
    Size(KB):          32
    Block Size(B):     32
    Associativity:      8

  L2-Data Cache:
    Size(KB):        1024
    Block Size(B):    128
    Associativity:      8

Latencies:    1   10  250
L1-Sets:  128 - LRU - assoc:   8
L2-Sets: 1024 - LRU - assoc:   8
Store_allocation: Yes
L2_inclusive: Yes
L2_prefetching: No

L1 Cache Stats:
L1-Load-Hits:        2254200238   94.84%
L1-Load-Misses:       122768307    5.16%
L1-Load-Accesses:    2376968545  100.00%

L1-Store-Hits:         642218948   98.31%
L1-Store-Misses:        11038472    1.69%
L1-Store-Accesses:     653257420  100.00%

L1-Total-Hits:        2896419186   95.58%
L1-Total-Misses:       133806779    4.42%
L1-Total-Accesses:    3030225965  100.00%

L2 Cache Stats:
L2-Load-Hits:         122153251   99.50%
L2-Load-Misses:          615056    0.50%
L2-Load-Accesses:     122768307  100.00%

L2-Store-Hits:          10571470   95.77%
L2-Store-Misses:          467002    4.23%
L2-Store-Accesses:      11038472  100.00%

L2-Total-Hits:         132724721   99.19%
L2-Total-Misses:         1082058    0.81%
L2-Total-Accesses:     133806779  100.00%

