--------
Total Statistics
--------
Total Instructions: 12275683896
Total Cycles: 18689449561
IPC: 0.656824

--------
Single level Tlb hierarchy
--------
  Data Tlb:
    Entries:          64
    Page Size(B):   4096
    Associativity:      4

Latencies:    0  150
Tlb-Sets:   16 - LRU - assoc:   4

Tlb Stats:
Tlb-Load-Hits:        2362961716   99.41%
Tlb-Load-Misses:        14006829    0.59%
Tlb-Load-Accesses:    2376968545  100.00%

Tlb-Store-Hits:         652910746   99.95%
Tlb-Store-Misses:          346674    0.05%
Tlb-Store-Accesses:     653257420  100.00%

Tlb-Total-Hits:        3015872462   99.53%
Tlb-Total-Misses:        14353503    0.47%
Tlb-Total-Accesses:    3030225965  100.00%



--------
Two level Cache hierarchy
--------
  L1-Data Cache:
    Size(KB):          64
    Block Size(B):    128
    Associativity:      8

  L2-Data Cache:
    Size(KB):        1024
    Block Size(B):    128
    Associativity:      8

Latencies:    1   10  250
L1-Sets:   64 - LRU - assoc:   8
L2-Sets: 1024 - LRU - assoc:   8
Store_allocation: Yes
L2_inclusive: Yes
L2_prefetching: No

L1 Cache Stats:
L1-Load-Hits:        2284614614   96.11%
L1-Load-Misses:        92353931    3.89%
L1-Load-Accesses:    2376968545  100.00%

L1-Store-Hits:         650090626   99.52%
L1-Store-Misses:         3166794    0.48%
L1-Store-Accesses:     653257420  100.00%

L1-Total-Hits:        2934705240   96.85%
L1-Total-Misses:        95520725    3.15%
L1-Total-Accesses:    3030225965  100.00%

L2 Cache Stats:
L2-Load-Hits:          91720476   99.31%
L2-Load-Misses:          633455    0.69%
L2-Load-Accesses:      92353931  100.00%

L2-Store-Hits:           2699021   85.23%
L2-Store-Misses:          467773   14.77%
L2-Store-Accesses:       3166794  100.00%

L2-Total-Hits:          94419497   98.85%
L2-Total-Misses:         1101228    1.15%
L2-Total-Accesses:      95520725  100.00%

