--------
Total Statistics
--------
Total Instructions: 12275683896
Total Cycles: 18973610001
IPC: 0.646987

--------
Single level Tlb hierarchy
--------
  Data Tlb:
    Entries:          64
    Page Size(B):   4096
    Associativity:      4

Latencies:    0  150
Tlb-Sets:   16 - LRU - assoc:   4

Tlb Stats:
Tlb-Load-Hits:        2362082010   99.37%
Tlb-Load-Misses:        14886535    0.63%
Tlb-Load-Accesses:    2376968545  100.00%

Tlb-Store-Hits:         652862750   99.94%
Tlb-Store-Misses:          394670    0.06%
Tlb-Store-Accesses:     653257420  100.00%

Tlb-Total-Hits:        3014944760   99.50%
Tlb-Total-Misses:        15281205    0.50%
Tlb-Total-Accesses:    3030225965  100.00%



--------
Two level Cache hierarchy
--------
  L1-Data Cache:
    Size(KB):          64
    Block Size(B):     64
    Associativity:      8

  L2-Data Cache:
    Size(KB):        1024
    Block Size(B):    128
    Associativity:      8

Latencies:    1   10  250
L1-Sets:  128 - LRU - assoc:   8
L2-Sets: 1024 - LRU - assoc:   8
Store_allocation: Yes
L2_inclusive: Yes
L2_prefetching: No

L1 Cache Stats:
L1-Load-Hits:        2272716700   95.61%
L1-Load-Misses:       104251845    4.39%
L1-Load-Accesses:    2376968545  100.00%

L1-Store-Hits:         647074026   99.05%
L1-Store-Misses:         6183394    0.95%
L1-Store-Accesses:     653257420  100.00%

L1-Total-Hits:        2919790726   96.36%
L1-Total-Misses:       110435239    3.64%
L1-Total-Accesses:    3030225965  100.00%

L2 Cache Stats:
L2-Load-Hits:         103634187   99.41%
L2-Load-Misses:          617658    0.59%
L2-Load-Accesses:     104251845  100.00%

L2-Store-Hits:           5716384   92.45%
L2-Store-Misses:          467010    7.55%
L2-Store-Accesses:       6183394  100.00%

L2-Total-Hits:         109350571   99.02%
L2-Total-Misses:         1084668    0.98%
L2-Total-Accesses:     110435239  100.00%

