--------
Total Statistics
--------
Total Instructions: 12275683896
Total Cycles: 17932224981
IPC: 0.68456

--------
Single level Tlb hierarchy
--------
  Data Tlb:
    Entries:          64
    Page Size(B):   4096
    Associativity:      4

Latencies:    0  150
Tlb-Sets:   16 - LRU - assoc:   4

Tlb Stats:
Tlb-Load-Hits:        2362878769   99.41%
Tlb-Load-Misses:        14089776    0.59%
Tlb-Load-Accesses:    2376968545  100.00%

Tlb-Store-Hits:         652910485   99.95%
Tlb-Store-Misses:          346935    0.05%
Tlb-Store-Accesses:     653257420  100.00%

Tlb-Total-Hits:        3015789254   99.52%
Tlb-Total-Misses:        14436711    0.48%
Tlb-Total-Accesses:    3030225965  100.00%



--------
Two level Cache hierarchy
--------
  L1-Data Cache:
    Size(KB):         128
    Block Size(B):     32
    Associativity:      8

  L2-Data Cache:
    Size(KB):        1024
    Block Size(B):    128
    Associativity:      8

Latencies:    1   10  250
L1-Sets:  512 - LRU - assoc:   8
L2-Sets: 1024 - LRU - assoc:   8
Store_allocation: Yes
L2_inclusive: Yes
L2_prefetching: No

L1 Cache Stats:
L1-Load-Hits:        2361896479   99.37%
L1-Load-Misses:        15072066    0.63%
L1-Load-Accesses:    2376968545  100.00%

L1-Store-Hits:         649334664   99.40%
L1-Store-Misses:         3922756    0.60%
L1-Store-Accesses:     653257420  100.00%

L1-Total-Hits:        3011231143   99.37%
L1-Total-Misses:        18994822    0.63%
L1-Total-Accesses:    3030225965  100.00%

L2 Cache Stats:
L2-Load-Hits:          14455576   95.91%
L2-Load-Misses:          616490    4.09%
L2-Load-Accesses:      15072066  100.00%

L2-Store-Hits:           3455805   88.10%
L2-Store-Misses:          466951   11.90%
L2-Store-Accesses:       3922756  100.00%

L2-Total-Hits:          17911381   94.30%
L2-Total-Misses:         1083441    5.70%
L2-Total-Accesses:      18994822  100.00%

