--------
Total Statistics
--------
Total Instructions: 12275691088
Total Cycles: 18945934627
IPC: 0.647933

--------
Single level Tlb hierarchy
--------
  Data Tlb:
    Entries:          64
    Page Size(B):   4096
    Associativity:      4

Latencies:    0  150
Tlb-Sets:   16 - LRU - assoc:   4

Tlb Stats:
Tlb-Load-Hits:        2362947496   99.41%
Tlb-Load-Misses:        14021793    0.59%
Tlb-Load-Accesses:    2376969289  100.00%

Tlb-Store-Hits:         652910689   99.95%
Tlb-Store-Misses:          346731    0.05%
Tlb-Store-Accesses:     653257420  100.00%

Tlb-Total-Hits:        3015858185   99.53%
Tlb-Total-Misses:        14368524    0.47%
Tlb-Total-Accesses:    3030226709  100.00%



--------
Two level Cache hierarchy
--------
  L1-Data Cache:
    Size(KB):          32
    Block Size(B):     64
    Associativity:      4

  L2-Data Cache:
    Size(KB):        1024
    Block Size(B):    128
    Associativity:      8

Latencies:    1   10  250
L1-Sets:  128 - LRU - assoc:   4
L2-Sets: 1024 - LRU - assoc:   8
Store_allocation: Yes
L2_inclusive: Yes
L2_prefetching: No

L1 Cache Stats:
L1-Load-Hits:        2262538854   95.19%
L1-Load-Misses:       114430435    4.81%
L1-Load-Accesses:    2376969289  100.00%

L1-Store-Hits:         646321957   98.94%
L1-Store-Misses:         6935463    1.06%
L1-Store-Accesses:     653257420  100.00%

L1-Total-Hits:        2908860811   95.99%
L1-Total-Misses:       121365898    4.01%
L1-Total-Accesses:    3030226709  100.00%

L2 Cache Stats:
L2-Load-Hits:         113813911   99.46%
L2-Load-Misses:          616524    0.54%
L2-Load-Accesses:     114430435  100.00%

L2-Store-Hits:           6467670   93.26%
L2-Store-Misses:          467793    6.74%
L2-Store-Accesses:       6935463  100.00%

L2-Total-Hits:         120281581   99.11%
L2-Total-Misses:         1084317    0.89%
L2-Total-Accesses:     121365898  100.00%

