--------
Total Statistics
--------
Total Instructions: 12275683896
Total Cycles: 18473667611
IPC: 0.664496

--------
Single level Tlb hierarchy
--------
  Data Tlb:
    Entries:          64
    Page Size(B):   4096
    Associativity:      4

Latencies:    0  150
Tlb-Sets:   16 - LRU - assoc:   4

Tlb Stats:
Tlb-Load-Hits:        2362957961   99.41%
Tlb-Load-Misses:        14010584    0.59%
Tlb-Load-Accesses:    2376968545  100.00%

Tlb-Store-Hits:         652830518   99.93%
Tlb-Store-Misses:          426902    0.07%
Tlb-Store-Accesses:     653257420  100.00%

Tlb-Total-Hits:        3015788479   99.52%
Tlb-Total-Misses:        14437486    0.48%
Tlb-Total-Accesses:    3030225965  100.00%



--------
Two level Cache hierarchy
--------
  L1-Data Cache:
    Size(KB):          64
    Block Size(B):     32
    Associativity:      8

  L2-Data Cache:
    Size(KB):        1024
    Block Size(B):    128
    Associativity:      8

Latencies:    1   10  250
L1-Sets:  256 - LRU - assoc:   8
L2-Sets: 1024 - LRU - assoc:   8
Store_allocation: Yes
L2_inclusive: Yes
L2_prefetching: No

L1 Cache Stats:
L1-Load-Hits:        2309307275   97.15%
L1-Load-Misses:        67661270    2.85%
L1-Load-Accesses:    2376968545  100.00%

L1-Store-Hits:         647784805   99.16%
L1-Store-Misses:         5472615    0.84%
L1-Store-Accesses:     653257420  100.00%

L1-Total-Hits:        2957092080   97.59%
L1-Total-Misses:        73133885    2.41%
L1-Total-Accesses:    3030225965  100.00%

L2 Cache Stats:
L2-Load-Hits:          67044872   99.09%
L2-Load-Misses:          616398    0.91%
L2-Load-Accesses:      67661270  100.00%

L2-Store-Hits:           5005829   91.47%
L2-Store-Misses:          466786    8.53%
L2-Store-Accesses:       5472615  100.00%

L2-Total-Hits:          72050701   98.52%
L2-Total-Misses:         1083184    1.48%
L2-Total-Accesses:      73133885  100.00%

