--------
Total Statistics
--------
Total Instructions: 12275683896
Total Cycles: 18802766681
IPC: 0.652866

--------
Single level Tlb hierarchy
--------
  Data Tlb:
    Entries:          64
    Page Size(B):   4096
    Associativity:      4

Latencies:    0  150
Tlb-Sets:   16 - LRU - assoc:   4

Tlb Stats:
Tlb-Load-Hits:        2362946779   99.41%
Tlb-Load-Misses:        14021766    0.59%
Tlb-Load-Accesses:    2376968545  100.00%

Tlb-Store-Hits:         652830278   99.93%
Tlb-Store-Misses:          427142    0.07%
Tlb-Store-Accesses:     653257420  100.00%

Tlb-Total-Hits:        3015777057   99.52%
Tlb-Total-Misses:        14448908    0.48%
Tlb-Total-Accesses:    3030225965  100.00%



--------
Two level Cache hierarchy
--------
  L1-Data Cache:
    Size(KB):          64
    Block Size(B):     64
    Associativity:      4

  L2-Data Cache:
    Size(KB):        1024
    Block Size(B):    128
    Associativity:      8

Latencies:    1   10  250
L1-Sets:  256 - LRU - assoc:   4
L2-Sets: 1024 - LRU - assoc:   8
Store_allocation: Yes
L2_inclusive: Yes
L2_prefetching: No

L1 Cache Stats:
L1-Load-Hits:        2276710154   95.78%
L1-Load-Misses:       100258391    4.22%
L1-Load-Accesses:    2376968545  100.00%

L1-Store-Hits:         647662274   99.14%
L1-Store-Misses:         5595146    0.86%
L1-Store-Accesses:     653257420  100.00%

L1-Total-Hits:        2924372428   96.51%
L1-Total-Misses:       105853537    3.49%
L1-Total-Accesses:    3030225965  100.00%

L2 Cache Stats:
L2-Load-Hits:          99641283   99.38%
L2-Load-Misses:          617108    0.62%
L2-Load-Accesses:     100258391  100.00%

L2-Store-Hits:           5128313   91.66%
L2-Store-Misses:          466833    8.34%
L2-Store-Accesses:       5595146  100.00%

L2-Total-Hits:         104769596   98.98%
L2-Total-Misses:         1083941    1.02%
L2-Total-Accesses:     105853537  100.00%

