--------
Total Statistics
--------
Total Instructions: 1671551960
Total Cycles: 17470939051
IPC: 0.0956761

--------
Single level Tlb hierarchy
--------
  Data Tlb:
    Entries:          64
    Page Size(B):   4096
    Associativity:      4

Latencies:    0  150
Tlb-Sets:   16 - LRU - assoc:   4

Tlb Stats:
Tlb-Load-Hits:         262935727   85.77%
Tlb-Load-Misses:        43624703   14.23%
Tlb-Load-Accesses:     306560430  100.00%

Tlb-Store-Hits:         119937559   99.27%
Tlb-Store-Misses:          885912    0.73%
Tlb-Store-Accesses:     120823471  100.00%

Tlb-Total-Hits:         382873286   89.59%
Tlb-Total-Misses:        44510615   10.41%
Tlb-Total-Accesses:     427383901  100.00%



--------
Two level Cache hierarchy
--------
  L1-Data Cache:
    Size(KB):          32
    Block Size(B):     64
    Associativity:      4

  L2-Data Cache:
    Size(KB):        1024
    Block Size(B):    128
    Associativity:      8

Latencies:    1   10  250
L1-Sets:  128 - LRU - assoc:   4
L2-Sets: 1024 - LRU - assoc:   8
Store_allocation: Yes
L2_inclusive: Yes
L2_prefetching: No

L1 Cache Stats:
L1-Load-Hits:         235336329   76.77%
L1-Load-Misses:        71224101   23.23%
L1-Load-Accesses:     306560430  100.00%

L1-Store-Hits:         120791753   99.97%
L1-Store-Misses:           31718    0.03%
L1-Store-Accesses:     120823471  100.00%

L1-Total-Hits:         356128082   83.33%
L1-Total-Misses:        71255819   16.67%
L1-Total-Accesses:     427383901  100.00%

L2 Cache Stats:
L2-Load-Hits:          39296668   55.17%
L2-Load-Misses:        31927433   44.83%
L2-Load-Accesses:      71224101  100.00%

L2-Store-Hits:             27740   87.46%
L2-Store-Misses:            3978   12.54%
L2-Store-Accesses:         31718  100.00%

L2-Total-Hits:          39324408   55.19%
L2-Total-Misses:        31931411   44.81%
L2-Total-Accesses:      71255819  100.00%

