--------
Total Statistics
--------
Total Instructions: 1671551960
Total Cycles: 17394776841
IPC: 0.0960951

--------
Single level Tlb hierarchy
--------
  Data Tlb:
    Entries:          64
    Page Size(B):   4096
    Associativity:      4

Latencies:    0  150
Tlb-Sets:   16 - LRU - assoc:   4

Tlb Stats:
Tlb-Load-Hits:         263519803   85.96%
Tlb-Load-Misses:        43040627   14.04%
Tlb-Load-Accesses:     306560430  100.00%

Tlb-Store-Hits:         119936609   99.27%
Tlb-Store-Misses:          886862    0.73%
Tlb-Store-Accesses:     120823471  100.00%

Tlb-Total-Hits:         383456412   89.72%
Tlb-Total-Misses:        43927489   10.28%
Tlb-Total-Accesses:     427383901  100.00%



--------
Two level Cache hierarchy
--------
  L1-Data Cache:
    Size(KB):          32
    Block Size(B):     64
    Associativity:      8

  L2-Data Cache:
    Size(KB):        1024
    Block Size(B):    128
    Associativity:      8

Latencies:    1   10  250
L1-Sets:   64 - LRU - assoc:   8
L2-Sets: 1024 - LRU - assoc:   8
Store_allocation: Yes
L2_inclusive: Yes
L2_prefetching: No

L1 Cache Stats:
L1-Load-Hits:         234197414   76.40%
L1-Load-Misses:        72363016   23.60%
L1-Load-Accesses:     306560430  100.00%

L1-Store-Hits:         120813899   99.99%
L1-Store-Misses:            9572    0.01%
L1-Store-Accesses:     120823471  100.00%

L1-Total-Hits:         355011313   83.07%
L1-Total-Misses:        72372588   16.93%
L1-Total-Accesses:     427383901  100.00%

L2 Cache Stats:
L2-Load-Hits:          40433384   55.88%
L2-Load-Misses:        31929632   44.12%
L2-Load-Accesses:      72363016  100.00%

L2-Store-Hits:              7237   75.61%
L2-Store-Misses:            2335   24.39%
L2-Store-Accesses:          9572  100.00%

L2-Total-Hits:          40440621   55.88%
L2-Total-Misses:        31931967   44.12%
L2-Total-Accesses:      72372588  100.00%

