--------
Total Statistics
--------
Total Instructions: 1671551960
Total Cycles: 16872165801
IPC: 0.0990716

--------
Single level Tlb hierarchy
--------
  Data Tlb:
    Entries:          64
    Page Size(B):   4096
    Associativity:      4

Latencies:    0  150
Tlb-Sets:   16 - LRU - assoc:   4

Tlb Stats:
Tlb-Load-Hits:         264569595   86.30%
Tlb-Load-Misses:        41990835   13.70%
Tlb-Load-Accesses:     306560430  100.00%

Tlb-Store-Hits:         119935974   99.27%
Tlb-Store-Misses:          887497    0.73%
Tlb-Store-Accesses:     120823471  100.00%

Tlb-Total-Hits:         384505569   89.97%
Tlb-Total-Misses:        42878332   10.03%
Tlb-Total-Accesses:     427383901  100.00%



--------
Two level Cache hierarchy
--------
  L1-Data Cache:
    Size(KB):          64
    Block Size(B):    128
    Associativity:      8

  L2-Data Cache:
    Size(KB):        1024
    Block Size(B):    128
    Associativity:      8

Latencies:    1   10  250
L1-Sets:   64 - LRU - assoc:   8
L2-Sets: 1024 - LRU - assoc:   8
Store_allocation: Yes
L2_inclusive: Yes
L2_prefetching: No

L1 Cache Stats:
L1-Load-Hits:         271773842   88.65%
L1-Load-Misses:        34786588   11.35%
L1-Load-Accesses:     306560430  100.00%

L1-Store-Hits:         120814420   99.99%
L1-Store-Misses:            9051    0.01%
L1-Store-Accesses:     120823471  100.00%

L1-Total-Hits:         392588262   91.86%
L1-Total-Misses:        34795639    8.14%
L1-Total-Accesses:     427383901  100.00%

L2 Cache Stats:
L2-Load-Hits:           2820853    8.11%
L2-Load-Misses:        31965735   91.89%
L2-Load-Accesses:      34786588  100.00%

L2-Store-Hits:               691    7.63%
L2-Store-Misses:            8360   92.37%
L2-Store-Accesses:          9051  100.00%

L2-Total-Hits:           2821544    8.11%
L2-Total-Misses:        31974095   91.89%
L2-Total-Accesses:      34795639  100.00%

