--------
Total Statistics
--------
Total Instructions: 1671551960
Total Cycles: 17173234861
IPC: 0.0973347

--------
Single level Tlb hierarchy
--------
  Data Tlb:
    Entries:          64
    Page Size(B):   4096
    Associativity:      4

Latencies:    0  150
Tlb-Sets:   16 - LRU - assoc:   4

Tlb Stats:
Tlb-Load-Hits:         264909940   86.41%
Tlb-Load-Misses:        41650490   13.59%
Tlb-Load-Accesses:     306560430  100.00%

Tlb-Store-Hits:         120267614   99.54%
Tlb-Store-Misses:          555857    0.46%
Tlb-Store-Accesses:     120823471  100.00%

Tlb-Total-Hits:         385177554   90.12%
Tlb-Total-Misses:        42206347    9.88%
Tlb-Total-Accesses:     427383901  100.00%



--------
Two level Cache hierarchy
--------
  L1-Data Cache:
    Size(KB):          32
    Block Size(B):     32
    Associativity:      8

  L2-Data Cache:
    Size(KB):        1024
    Block Size(B):    128
    Associativity:      8

Latencies:    1   10  250
L1-Sets:  128 - LRU - assoc:   8
L2-Sets: 1024 - LRU - assoc:   8
Store_allocation: Yes
L2_inclusive: Yes
L2_prefetching: No

L1 Cache Stats:
L1-Load-Hits:         230440186   75.17%
L1-Load-Misses:        76120244   24.83%
L1-Load-Accesses:     306560430  100.00%

L1-Store-Hits:         120626195   99.84%
L1-Store-Misses:          197276    0.16%
L1-Store-Accesses:     120823471  100.00%

L1-Total-Hits:         351066381   82.14%
L1-Total-Misses:        76317520   17.86%
L1-Total-Accesses:     427383901  100.00%

L2 Cache Stats:
L2-Load-Hits:          44200547   58.07%
L2-Load-Misses:        31919697   41.93%
L2-Load-Accesses:      76120244  100.00%

L2-Store-Hits:            196286   99.50%
L2-Store-Misses:             990    0.50%
L2-Store-Accesses:        197276  100.00%

L2-Total-Hits:          44396833   58.17%
L2-Total-Misses:        31920687   41.83%
L2-Total-Accesses:      76317520  100.00%

