--------
Total Statistics
--------
Total Instructions: 1671551960
Total Cycles: 17462764631
IPC: 0.0957209

--------
Single level Tlb hierarchy
--------
  Data Tlb:
    Entries:          64
    Page Size(B):   4096
    Associativity:      4

Latencies:    0  150
Tlb-Sets:   16 - LRU - assoc:   4

Tlb Stats:
Tlb-Load-Hits:         262835951   85.74%
Tlb-Load-Misses:        43724479   14.26%
Tlb-Load-Accesses:     306560430  100.00%

Tlb-Store-Hits:         120267659   99.54%
Tlb-Store-Misses:          555812    0.46%
Tlb-Store-Accesses:     120823471  100.00%

Tlb-Total-Hits:         383103610   89.64%
Tlb-Total-Misses:        44280291   10.36%
Tlb-Total-Accesses:     427383901  100.00%



--------
Two level Cache hierarchy
--------
  L1-Data Cache:
    Size(KB):          64
    Block Size(B):     32
    Associativity:      8

  L2-Data Cache:
    Size(KB):        1024
    Block Size(B):    128
    Associativity:      8

Latencies:    1   10  250
L1-Sets:  256 - LRU - assoc:   8
L2-Sets: 1024 - LRU - assoc:   8
Store_allocation: Yes
L2_inclusive: Yes
L2_prefetching: No

L1 Cache Stats:
L1-Load-Hits:         232552392   75.86%
L1-Load-Misses:        74008038   24.14%
L1-Load-Accesses:     306560430  100.00%

L1-Store-Hits:         120720072   99.91%
L1-Store-Misses:          103399    0.09%
L1-Store-Accesses:     120823471  100.00%

L1-Total-Hits:         353272464   82.66%
L1-Total-Misses:        74111437   17.34%
L1-Total-Accesses:     427383901  100.00%

L2 Cache Stats:
L2-Load-Hits:          42085691   56.87%
L2-Load-Misses:        31922347   43.13%
L2-Load-Accesses:      74008038  100.00%

L2-Store-Hits:            103063   99.68%
L2-Store-Misses:             336    0.32%
L2-Store-Accesses:        103399  100.00%

L2-Total-Hits:          42188754   56.93%
L2-Total-Misses:        31922683   43.07%
L2-Total-Accesses:      74111437  100.00%

