--------
Total Statistics
--------
Total Instructions: 1671551979
Total Cycles: 16929732749
IPC: 0.0987347

--------
Single level Tlb hierarchy
--------
  Data Tlb:
    Entries:          64
    Page Size(B):   4096
    Associativity:      4

Latencies:    0  150
Tlb-Sets:   16 - LRU - assoc:   4

Tlb Stats:
Tlb-Load-Hits:         264176286   86.17%
Tlb-Load-Misses:        42384151   13.83%
Tlb-Load-Accesses:     306560437  100.00%

Tlb-Store-Hits:         119937561   99.27%
Tlb-Store-Misses:          885912    0.73%
Tlb-Store-Accesses:     120823473  100.00%

Tlb-Total-Hits:         384113847   89.88%
Tlb-Total-Misses:        43270063   10.12%
Tlb-Total-Accesses:     427383910  100.00%



--------
Two level Cache hierarchy
--------
  L1-Data Cache:
    Size(KB):         128
    Block Size(B):    128
    Associativity:      8

  L2-Data Cache:
    Size(KB):        1024
    Block Size(B):    128
    Associativity:      8

Latencies:    1   10  250
L1-Sets:  128 - LRU - assoc:   8
L2-Sets: 1024 - LRU - assoc:   8
Store_allocation: Yes
L2_inclusive: Yes
L2_prefetching: No

L1 Cache Stats:
L1-Load-Hits:         272094757   88.76%
L1-Load-Misses:        34465680   11.24%
L1-Load-Accesses:     306560437  100.00%

L1-Store-Hits:         120815187   99.99%
L1-Store-Misses:            8286    0.01%
L1-Store-Accesses:     120823473  100.00%

L1-Total-Hits:         392909944   91.93%
L1-Total-Misses:        34473966    8.07%
L1-Total-Accesses:     427383910  100.00%

L2 Cache Stats:
L2-Load-Hits:           2491545    7.23%
L2-Load-Misses:        31974135   92.77%
L2-Load-Accesses:      34465680  100.00%

L2-Store-Hits:               230    2.78%
L2-Store-Misses:            8056   97.22%
L2-Store-Accesses:          8286  100.00%

L2-Total-Hits:           2491775    7.23%
L2-Total-Misses:        31982191   92.77%
L2-Total-Accesses:      34473966  100.00%

