--------
Total Statistics
--------
Total Instructions: 8542774597
Total Cycles: 13172115519
IPC: 0.64855

--------
Single level Tlb hierarchy
--------
  Data Tlb:
    Entries:          64
    Page Size(B):   4096
    Associativity:      4

Latencies:    0  150
Tlb-Sets:   16 - LRU - assoc:   4

Tlb Stats:
Tlb-Load-Hits:        1862083336   99.97%
Tlb-Load-Misses:          642059    0.03%
Tlb-Load-Accesses:    1862725395  100.00%

Tlb-Store-Hits:         191921659   99.89%
Tlb-Store-Misses:          216008    0.11%
Tlb-Store-Accesses:     192137667  100.00%

Tlb-Total-Hits:        2054004995   99.96%
Tlb-Total-Misses:          858067    0.04%
Tlb-Total-Accesses:    2054863062  100.00%



--------
Two level Cache hierarchy
--------
  L1-Data Cache:
    Size(KB):          32
    Block Size(B):     64
    Associativity:      8

  L2-Data Cache:
    Size(KB):        1024
    Block Size(B):    128
    Associativity:      8

Latencies:    1   10  250
L1-Sets:   64 - LRU - assoc:   8
L2-Sets: 1024 - LRU - assoc:   8
Store_allocation: Yes
L2_inclusive: Yes
L2_prefetching: No

L1 Cache Stats:
L1-Load-Hits:        1840682547   98.82%
L1-Load-Misses:        22042848    1.18%
L1-Load-Accesses:    1862725395  100.00%

L1-Store-Hits:         186756359   97.20%
L1-Store-Misses:         5381308    2.80%
L1-Store-Accesses:     192137667  100.00%

L1-Total-Hits:        2027438906   98.67%
L1-Total-Misses:        27424156    1.33%
L1-Total-Accesses:    2054863062  100.00%

L2 Cache Stats:
L2-Load-Hits:          15821006   71.77%
L2-Load-Misses:         6221842   28.23%
L2-Load-Accesses:      22042848  100.00%

L2-Store-Hits:           2917045   54.21%
L2-Store-Misses:         2464263   45.79%
L2-Store-Accesses:       5381308  100.00%

L2-Total-Hits:          18738051   68.33%
L2-Total-Misses:         8686105   31.67%
L2-Total-Accesses:      27424156  100.00%

