--------
Total Statistics
--------
Total Instructions: 8542774597
Total Cycles: 13026993329
IPC: 0.655775

--------
Single level Tlb hierarchy
--------
  Data Tlb:
    Entries:          64
    Page Size(B):   4096
    Associativity:      4

Latencies:    0  150
Tlb-Sets:   16 - LRU - assoc:   4

Tlb Stats:
Tlb-Load-Hits:        1862096045   99.97%
Tlb-Load-Misses:          629350    0.03%
Tlb-Load-Accesses:    1862725395  100.00%

Tlb-Store-Hits:         191921694   99.89%
Tlb-Store-Misses:          215973    0.11%
Tlb-Store-Accesses:     192137667  100.00%

Tlb-Total-Hits:        2054017739   99.96%
Tlb-Total-Misses:          845323    0.04%
Tlb-Total-Accesses:    2054863062  100.00%



--------
Two level Cache hierarchy
--------
  L1-Data Cache:
    Size(KB):          64
    Block Size(B):    128
    Associativity:      8

  L2-Data Cache:
    Size(KB):        1024
    Block Size(B):    128
    Associativity:      8

Latencies:    1   10  250
L1-Sets:   64 - LRU - assoc:   8
L2-Sets: 1024 - LRU - assoc:   8
Store_allocation: Yes
L2_inclusive: Yes
L2_prefetching: No

L1 Cache Stats:
L1-Load-Hits:        1852154319   99.43%
L1-Load-Misses:        10571076    0.57%
L1-Load-Accesses:    1862725395  100.00%

L1-Store-Hits:         189672621   98.72%
L1-Store-Misses:         2465046    1.28%
L1-Store-Accesses:     192137667  100.00%

L1-Total-Hits:        2041826940   99.37%
L1-Total-Misses:        13036122    0.63%
L1-Total-Accesses:    2054863062  100.00%

L2 Cache Stats:
L2-Load-Hits:           4347189   41.12%
L2-Load-Misses:         6223887   58.88%
L2-Load-Accesses:      10571076  100.00%

L2-Store-Hits:               149    0.01%
L2-Store-Misses:         2464897   99.99%
L2-Store-Accesses:       2465046  100.00%

L2-Total-Hits:           4347338   33.35%
L2-Total-Misses:         8688784   66.65%
L2-Total-Accesses:      13036122  100.00%

