--------
Total Statistics
--------
Total Instructions: 8542774616
Total Cycles: 13149768347
IPC: 0.649652

--------
Single level Tlb hierarchy
--------
  Data Tlb:
    Entries:          64
    Page Size(B):   4096
    Associativity:      4

Latencies:    0  150
Tlb-Sets:   16 - LRU - assoc:   4

Tlb Stats:
Tlb-Load-Hits:        1862096294   99.97%
Tlb-Load-Misses:          629108    0.03%
Tlb-Load-Accesses:    1862725402  100.00%

Tlb-Store-Hits:         191921673   99.89%
Tlb-Store-Misses:          215996    0.11%
Tlb-Store-Accesses:     192137669  100.00%

Tlb-Total-Hits:        2054017967   99.96%
Tlb-Total-Misses:          845104    0.04%
Tlb-Total-Accesses:    2054863071  100.00%



--------
Two level Cache hierarchy
--------
  L1-Data Cache:
    Size(KB):          64
    Block Size(B):     64
    Associativity:      8

  L2-Data Cache:
    Size(KB):        1024
    Block Size(B):    128
    Associativity:      8

Latencies:    1   10  250
L1-Sets:  128 - LRU - assoc:   8
L2-Sets: 1024 - LRU - assoc:   8
Store_allocation: Yes
L2_inclusive: Yes
L2_prefetching: No

L1 Cache Stats:
L1-Load-Hits:        1842709097   98.93%
L1-Load-Misses:        20016305    1.07%
L1-Load-Accesses:    1862725402  100.00%

L1-Store-Hits:         186760218   97.20%
L1-Store-Misses:         5377451    2.80%
L1-Store-Accesses:     192137669  100.00%

L1-Total-Hits:        2029469315   98.76%
L1-Total-Misses:        25393756    1.24%
L1-Total-Accesses:    2054863071  100.00%

L2 Cache Stats:
L2-Load-Hits:          13794994   68.92%
L2-Load-Misses:         6221311   31.08%
L2-Load-Accesses:      20016305  100.00%

L2-Store-Hits:           2913052   54.17%
L2-Store-Misses:         2464399   45.83%
L2-Store-Accesses:       5377451  100.00%

L2-Total-Hits:          16708046   65.80%
L2-Total-Misses:         8685710   34.20%
L2-Total-Accesses:      25393756  100.00%

