--------
Total Statistics
--------
Total Instructions: 8542774597
Total Cycles: 13208520809
IPC: 0.646762

--------
Single level Tlb hierarchy
--------
  Data Tlb:
    Entries:          64
    Page Size(B):   4096
    Associativity:      4

Latencies:    0  150
Tlb-Sets:   16 - LRU - assoc:   4

Tlb Stats:
Tlb-Load-Hits:        1862096451   99.97%
Tlb-Load-Misses:          628944    0.03%
Tlb-Load-Accesses:    1862725395  100.00%

Tlb-Store-Hits:         191921698   99.89%
Tlb-Store-Misses:          215969    0.11%
Tlb-Store-Accesses:     192137667  100.00%

Tlb-Total-Hits:        2054018149   99.96%
Tlb-Total-Misses:          844913    0.04%
Tlb-Total-Accesses:    2054863062  100.00%



--------
Two level Cache hierarchy
--------
  L1-Data Cache:
    Size(KB):          64
    Block Size(B):     32
    Associativity:      8

  L2-Data Cache:
    Size(KB):        1024
    Block Size(B):    128
    Associativity:      8

Latencies:    1   10  250
L1-Sets:  256 - LRU - assoc:   8
L2-Sets: 1024 - LRU - assoc:   8
Store_allocation: Yes
L2_inclusive: Yes
L2_prefetching: No

L1 Cache Stats:
L1-Load-Hits:        1838219308   98.68%
L1-Load-Misses:        24506087    1.32%
L1-Load-Accesses:    1862725395  100.00%

L1-Store-Hits:         185348909   96.47%
L1-Store-Misses:         6788758    3.53%
L1-Store-Accesses:     192137667  100.00%

L1-Total-Hits:        2023568217   98.48%
L1-Total-Misses:        31294845    1.52%
L1-Total-Accesses:    2054863062  100.00%

L2 Cache Stats:
L2-Load-Hits:          18285455   74.62%
L2-Load-Misses:         6220632   25.38%
L2-Load-Accesses:      24506087  100.00%

L2-Store-Hits:           4324599   63.70%
L2-Store-Misses:         2464159   36.30%
L2-Store-Accesses:       6788758  100.00%

L2-Total-Hits:          22610054   72.25%
L2-Total-Misses:         8684791   27.75%
L2-Total-Accesses:      31294845  100.00%

