--------
Total Statistics
--------
Total Instructions: 8542774597
Total Cycles: 13173733449
IPC: 0.64847

--------
Single level Tlb hierarchy
--------
  Data Tlb:
    Entries:          64
    Page Size(B):   4096
    Associativity:      4

Latencies:    0  150
Tlb-Sets:   16 - LRU - assoc:   4

Tlb Stats:
Tlb-Load-Hits:        1862096297   99.97%
Tlb-Load-Misses:          629098    0.03%
Tlb-Load-Accesses:    1862725395  100.00%

Tlb-Store-Hits:         191921677   99.89%
Tlb-Store-Misses:          215990    0.11%
Tlb-Store-Accesses:     192137667  100.00%

Tlb-Total-Hits:        2054017974   99.96%
Tlb-Total-Misses:          845088    0.04%
Tlb-Total-Accesses:    2054863062  100.00%



--------
Two level Cache hierarchy
--------
  L1-Data Cache:
    Size(KB):          32
    Block Size(B):     64
    Associativity:      4

  L2-Data Cache:
    Size(KB):        1024
    Block Size(B):    128
    Associativity:      8

Latencies:    1   10  250
L1-Sets:  128 - LRU - assoc:   4
L2-Sets: 1024 - LRU - assoc:   8
Store_allocation: Yes
L2_inclusive: Yes
L2_prefetching: No

L1 Cache Stats:
L1-Load-Hits:        1840327767   98.80%
L1-Load-Misses:        22397628    1.20%
L1-Load-Accesses:    1862725395  100.00%

L1-Store-Hits:         186727411   97.18%
L1-Store-Misses:         5410256    2.82%
L1-Store-Accesses:     192137667  100.00%

L1-Total-Hits:        2027055178   98.65%
L1-Total-Misses:        27807884    1.35%
L1-Total-Accesses:    2054863062  100.00%

L2 Cache Stats:
L2-Load-Hits:          16176780   72.23%
L2-Load-Misses:         6220848   27.77%
L2-Load-Accesses:      22397628  100.00%

L2-Store-Hits:           2946089   54.45%
L2-Store-Misses:         2464167   45.55%
L2-Store-Accesses:       5410256  100.00%

L2-Total-Hits:          19122869   68.77%
L2-Total-Misses:         8685015   31.23%
L2-Total-Accesses:      27807884  100.00%

