--------
Total Statistics
--------
Total Instructions: 8542774597
Total Cycles: 13232762349
IPC: 0.645578

--------
Single level Tlb hierarchy
--------
  Data Tlb:
    Entries:          64
    Page Size(B):   4096
    Associativity:      4

Latencies:    0  150
Tlb-Sets:   16 - LRU - assoc:   4

Tlb Stats:
Tlb-Load-Hits:        1862096451   99.97%
Tlb-Load-Misses:          628944    0.03%
Tlb-Load-Accesses:    1862725395  100.00%

Tlb-Store-Hits:         191921698   99.89%
Tlb-Store-Misses:          215969    0.11%
Tlb-Store-Accesses:     192137667  100.00%

Tlb-Total-Hits:        2054018149   99.96%
Tlb-Total-Misses:          844913    0.04%
Tlb-Total-Accesses:    2054863062  100.00%



--------
Two level Cache hierarchy
--------
  L1-Data Cache:
    Size(KB):          32
    Block Size(B):     32
    Associativity:      8

  L2-Data Cache:
    Size(KB):        1024
    Block Size(B):    128
    Associativity:      8

Latencies:    1   10  250
L1-Sets:  128 - LRU - assoc:   8
L2-Sets: 1024 - LRU - assoc:   8
Store_allocation: Yes
L2_inclusive: Yes
L2_prefetching: No

L1 Cache Stats:
L1-Load-Hits:        1835787818   98.55%
L1-Load-Misses:        26937577    1.45%
L1-Load-Accesses:    1862725395  100.00%

L1-Store-Hits:         185363045   96.47%
L1-Store-Misses:         6774622    3.53%
L1-Store-Accesses:     192137667  100.00%

L1-Total-Hits:        2021150863   98.36%
L1-Total-Misses:        33712199    1.64%
L1-Total-Accesses:    2054863062  100.00%

L2 Cache Stats:
L2-Load-Hits:          20716808   76.91%
L2-Load-Misses:         6220769   23.09%
L2-Load-Accesses:      26937577  100.00%

L2-Store-Hits:           4310328   63.62%
L2-Store-Misses:         2464294   36.38%
L2-Store-Accesses:       6774622  100.00%

L2-Total-Hits:          25027136   74.24%
L2-Total-Misses:         8685063   25.76%
L2-Total-Accesses:      33712199  100.00%

