--------
Total Statistics
--------
Total Instructions: 8542774597
Total Cycles: 13188302929
IPC: 0.647754

--------
Single level Tlb hierarchy
--------
  Data Tlb:
    Entries:          64
    Page Size(B):   4096
    Associativity:      4

Latencies:    0  150
Tlb-Sets:   16 - LRU - assoc:   4

Tlb Stats:
Tlb-Load-Hits:        1862095732   99.97%
Tlb-Load-Misses:          629663    0.03%
Tlb-Load-Accesses:    1862725395  100.00%

Tlb-Store-Hits:         191921671   99.89%
Tlb-Store-Misses:          215996    0.11%
Tlb-Store-Accesses:     192137667  100.00%

Tlb-Total-Hits:        2054017403   99.96%
Tlb-Total-Misses:          845659    0.04%
Tlb-Total-Accesses:    2054863062  100.00%



--------
Two level Cache hierarchy
--------
  L1-Data Cache:
    Size(KB):         128
    Block Size(B):     32
    Associativity:      8

  L2-Data Cache:
    Size(KB):        1024
    Block Size(B):    128
    Associativity:      8

Latencies:    1   10  250
L1-Sets:  512 - LRU - assoc:   8
L2-Sets: 1024 - LRU - assoc:   8
Store_allocation: Yes
L2_inclusive: Yes
L2_prefetching: No

L1 Cache Stats:
L1-Load-Hits:        1840186608   98.79%
L1-Load-Misses:        22538787    1.21%
L1-Load-Accesses:    1862725395  100.00%

L1-Store-Hits:         185413212   96.50%
L1-Store-Misses:         6724455    3.50%
L1-Store-Accesses:     192137667  100.00%

L1-Total-Hits:        2025599820   98.58%
L1-Total-Misses:        29263242    1.42%
L1-Total-Accesses:    2054863062  100.00%

L2 Cache Stats:
L2-Load-Hits:          16318226   72.40%
L2-Load-Misses:         6220561   27.60%
L2-Load-Accesses:      22538787  100.00%

L2-Store-Hits:           4260280   63.36%
L2-Store-Misses:         2464175   36.64%
L2-Store-Accesses:       6724455  100.00%

L2-Total-Hits:          20578506   70.32%
L2-Total-Misses:         8684736   29.68%
L2-Total-Accesses:      29263242  100.00%

