--------
Total Statistics
--------
Total Instructions: 32396750860
Total Cycles: 52842891991
IPC: 0.613077

--------
Single level Tlb hierarchy
--------
  Data Tlb:
    Entries:          64
    Page Size(B):   4096
    Associativity:      4

Latencies:    0  150
Tlb-Sets:   16 - LRU - assoc:   4

Tlb Stats:
Tlb-Load-Hits:       10056043728   99.87%
Tlb-Load-Misses:        13164309    0.13%
Tlb-Load-Accesses:   10069208037  100.00%

Tlb-Store-Hits:        5075060757   99.92%
Tlb-Store-Misses:         4101817    0.08%
Tlb-Store-Accesses:    5079162574  100.00%

Tlb-Total-Hits:       15131104485   99.89%
Tlb-Total-Misses:        17266126    0.11%
Tlb-Total-Accesses:   15148370611  100.00%



--------
Two level Cache hierarchy
--------
  L1-Data Cache:
    Size(KB):          32
    Block Size(B):     64
    Associativity:      4

  L2-Data Cache:
    Size(KB):        1024
    Block Size(B):    128
    Associativity:      8

Latencies:    1   10  250
L1-Sets:  128 - LRU - assoc:   4
L2-Sets: 1024 - LRU - assoc:   8
Store_allocation: Yes
L2_inclusive: Yes
L2_prefetching: No

L1 Cache Stats:
L1-Load-Hits:       10018219133   99.49%
L1-Load-Misses:        50988904    0.51%
L1-Load-Accesses:   10069208037  100.00%

L1-Store-Hits:        5068918941   99.80%
L1-Store-Misses:        10243633    0.20%
L1-Store-Accesses:    5079162574  100.00%

L1-Total-Hits:       15087138074   99.60%
L1-Total-Misses:        61232537    0.40%
L1-Total-Accesses:   15148370611  100.00%

L2 Cache Stats:
L2-Load-Hits:          44882293   88.02%
L2-Load-Misses:         6106611   11.98%
L2-Load-Accesses:      50988904  100.00%

L2-Store-Hits:           7968139   77.79%
L2-Store-Misses:         2275494   22.21%
L2-Store-Accesses:      10243633  100.00%

L2-Total-Hits:          52850432   86.31%
L2-Total-Misses:         8382105   13.69%
L2-Total-Accesses:      61232537  100.00%

