--------
Total Statistics
--------
Total Instructions: 32396750860
Total Cycles: 52940890011
IPC: 0.611942

--------
Single level Tlb hierarchy
--------
  Data Tlb:
    Entries:          64
    Page Size(B):   4096
    Associativity:      4

Latencies:    0  150
Tlb-Sets:   16 - LRU - assoc:   4

Tlb Stats:
Tlb-Load-Hits:       10055809984   99.87%
Tlb-Load-Misses:        13398053    0.13%
Tlb-Load-Accesses:   10069208037  100.00%

Tlb-Store-Hits:        5074578253   99.91%
Tlb-Store-Misses:         4584321    0.09%
Tlb-Store-Accesses:    5079162574  100.00%

Tlb-Total-Hits:       15130388237   99.88%
Tlb-Total-Misses:        17982374    0.12%
Tlb-Total-Accesses:   15148370611  100.00%



--------
Two level Cache hierarchy
--------
  L1-Data Cache:
    Size(KB):          64
    Block Size(B):     32
    Associativity:      8

  L2-Data Cache:
    Size(KB):        1024
    Block Size(B):    128
    Associativity:      8

Latencies:    1   10  250
L1-Sets:  256 - LRU - assoc:   8
L2-Sets: 1024 - LRU - assoc:   8
Store_allocation: Yes
L2_inclusive: Yes
L2_prefetching: No

L1 Cache Stats:
L1-Load-Hits:       10022825524   99.54%
L1-Load-Misses:        46382513    0.46%
L1-Load-Accesses:   10069208037  100.00%

L1-Store-Hits:        5065520068   99.73%
L1-Store-Misses:        13642506    0.27%
L1-Store-Accesses:    5079162574  100.00%

L1-Total-Hits:       15088345592   99.60%
L1-Total-Misses:        60025019    0.40%
L1-Total-Accesses:   15148370611  100.00%

L2 Cache Stats:
L2-Load-Hits:          40267139   86.82%
L2-Load-Misses:         6115374   13.18%
L2-Load-Accesses:      46382513  100.00%

L2-Store-Hits:          11365231   83.31%
L2-Store-Misses:         2277275   16.69%
L2-Store-Accesses:      13642506  100.00%

L2-Total-Hits:          51632370   86.02%
L2-Total-Misses:         8392649   13.98%
L2-Total-Accesses:      60025019  100.00%

