--------
Total Statistics
--------
Total Instructions: 32396750860
Total Cycles: 52531869181
IPC: 0.616707

--------
Single level Tlb hierarchy
--------
  Data Tlb:
    Entries:          64
    Page Size(B):   4096
    Associativity:      4

Latencies:    0  150
Tlb-Sets:   16 - LRU - assoc:   4

Tlb Stats:
Tlb-Load-Hits:       10056084884   99.87%
Tlb-Load-Misses:        13123153    0.13%
Tlb-Load-Accesses:   10069208037  100.00%

Tlb-Store-Hits:        5075049003   99.92%
Tlb-Store-Misses:         4113571    0.08%
Tlb-Store-Accesses:    5079162574  100.00%

Tlb-Total-Hits:       15131133887   99.89%
Tlb-Total-Misses:        17236724    0.11%
Tlb-Total-Accesses:   15148370611  100.00%



--------
Two level Cache hierarchy
--------
  L1-Data Cache:
    Size(KB):          64
    Block Size(B):    128
    Associativity:      8

  L2-Data Cache:
    Size(KB):        1024
    Block Size(B):    128
    Associativity:      8

Latencies:    1   10  250
L1-Sets:   64 - LRU - assoc:   8
L2-Sets: 1024 - LRU - assoc:   8
Store_allocation: Yes
L2_inclusive: Yes
L2_prefetching: No

L1 Cache Stats:
L1-Load-Hits:       10043831888   99.75%
L1-Load-Misses:        25376149    0.25%
L1-Load-Accesses:   10069208037  100.00%

L1-Store-Hits:        5074588087   99.91%
L1-Store-Misses:         4574487    0.09%
L1-Store-Accesses:    5079162574  100.00%

L1-Total-Hits:       15118419975   99.80%
L1-Total-Misses:        29950636    0.20%
L1-Total-Accesses:   15148370611  100.00%

L2 Cache Stats:
L2-Load-Hits:          19251015   75.86%
L2-Load-Misses:         6125134   24.14%
L2-Load-Accesses:      25376149  100.00%

L2-Store-Hits:           2292690   50.12%
L2-Store-Misses:         2281797   49.88%
L2-Store-Accesses:       4574487  100.00%

L2-Total-Hits:          21543705   71.93%
L2-Total-Misses:         8406931   28.07%
L2-Total-Accesses:      29950636  100.00%

