--------
Total Statistics
--------
Total Instructions: 32396750860
Total Cycles: 52991078001
IPC: 0.611362

--------
Single level Tlb hierarchy
--------
  Data Tlb:
    Entries:          64
    Page Size(B):   4096
    Associativity:      4

Latencies:    0  150
Tlb-Sets:   16 - LRU - assoc:   4

Tlb Stats:
Tlb-Load-Hits:       10055316190   99.86%
Tlb-Load-Misses:        13891847    0.14%
Tlb-Load-Accesses:   10069208037  100.00%

Tlb-Store-Hits:        5073842322   99.90%
Tlb-Store-Misses:         5320252    0.10%
Tlb-Store-Accesses:    5079162574  100.00%

Tlb-Total-Hits:       15129158512   99.87%
Tlb-Total-Misses:        19212099    0.13%
Tlb-Total-Accesses:   15148370611  100.00%



--------
Two level Cache hierarchy
--------
  L1-Data Cache:
    Size(KB):          32
    Block Size(B):    128
    Associativity:      8

  L2-Data Cache:
    Size(KB):        1024
    Block Size(B):    128
    Associativity:      8

Latencies:    1   10  250
L1-Sets:   32 - LRU - assoc:   8
L2-Sets: 1024 - LRU - assoc:   8
Store_allocation: Yes
L2_inclusive: Yes
L2_prefetching: No

L1 Cache Stats:
L1-Load-Hits:       10028011558   99.59%
L1-Load-Misses:        41196479    0.41%
L1-Load-Accesses:   10069208037  100.00%

L1-Store-Hits:        5073617335   99.89%
L1-Store-Misses:         5545239    0.11%
L1-Store-Accesses:    5079162574  100.00%

L1-Total-Hits:       15101628893   99.69%
L1-Total-Misses:        46741718    0.31%
L1-Total-Accesses:   15148370611  100.00%

L2 Cache Stats:
L2-Load-Hits:          35085932   85.17%
L2-Load-Misses:         6110547   14.83%
L2-Load-Accesses:      41196479  100.00%

L2-Store-Hits:           3268888   58.95%
L2-Store-Misses:         2276351   41.05%
L2-Store-Accesses:       5545239  100.00%

L2-Total-Hits:          38354820   82.06%
L2-Total-Misses:         8386898   17.94%
L2-Total-Accesses:      46741718  100.00%

