--------
Total Statistics
--------
Total Instructions: 32396750860
Total Cycles: 52813440261
IPC: 0.613419

--------
Single level Tlb hierarchy
--------
  Data Tlb:
    Entries:          64
    Page Size(B):   4096
    Associativity:      4

Latencies:    0  150
Tlb-Sets:   16 - LRU - assoc:   4

Tlb Stats:
Tlb-Load-Hits:       10053230173   99.84%
Tlb-Load-Misses:        15977864    0.16%
Tlb-Load-Accesses:   10069208037  100.00%

Tlb-Store-Hits:        5075522177   99.93%
Tlb-Store-Misses:         3640397    0.07%
Tlb-Store-Accesses:    5079162574  100.00%

Tlb-Total-Hits:       15128752350   99.87%
Tlb-Total-Misses:        19618261    0.13%
Tlb-Total-Accesses:   15148370611  100.00%



--------
Two level Cache hierarchy
--------
  L1-Data Cache:
    Size(KB):         128
    Block Size(B):    128
    Associativity:      8

  L2-Data Cache:
    Size(KB):        1024
    Block Size(B):    128
    Associativity:      8

Latencies:    1   10  250
L1-Sets:  128 - LRU - assoc:   8
L2-Sets: 1024 - LRU - assoc:   8
Store_allocation: Yes
L2_inclusive: Yes
L2_prefetching: No

L1 Cache Stats:
L1-Load-Hits:       10051373346   99.82%
L1-Load-Misses:        17834691    0.18%
L1-Load-Accesses:   10069208037  100.00%

L1-Store-Hits:        5075432701   99.93%
L1-Store-Misses:         3729873    0.07%
L1-Store-Accesses:    5079162574  100.00%

L1-Total-Hits:       15126806047   99.86%
L1-Total-Misses:        21564564    0.14%
L1-Total-Accesses:   15148370611  100.00%

L2 Cache Stats:
L2-Load-Hits:          11679674   65.49%
L2-Load-Misses:         6155017   34.51%
L2-Load-Accesses:      17834691  100.00%

L2-Store-Hits:           1445154   38.75%
L2-Store-Misses:         2284719   61.25%
L2-Store-Accesses:       3729873  100.00%

L2-Total-Hits:          13124828   60.86%
L2-Total-Misses:         8439736   39.14%
L2-Total-Accesses:      21564564  100.00%

