--------
Total Statistics
--------
Total Instructions: 32396750860
Total Cycles: 66963690101
IPC: 0.483796

--------
Single level Tlb hierarchy
--------
  Data Tlb:
    Entries:          64
    Page Size(B):   4096
    Associativity:      4

Latencies:    0  150
Tlb-Sets:   16 - LRU - assoc:   4

Tlb Stats:
Tlb-Load-Hits:        9969902305   99.01%
Tlb-Load-Misses:        99305732    0.99%
Tlb-Load-Accesses:   10069208037  100.00%

Tlb-Store-Hits:        5067951077   99.78%
Tlb-Store-Misses:        11211497    0.22%
Tlb-Store-Accesses:    5079162574  100.00%

Tlb-Total-Hits:       15037853382   99.27%
Tlb-Total-Misses:       110517229    0.73%
Tlb-Total-Accesses:   15148370611  100.00%



--------
Two level Cache hierarchy
--------
  L1-Data Cache:
    Size(KB):          32
    Block Size(B):     32
    Associativity:      8

  L2-Data Cache:
    Size(KB):        1024
    Block Size(B):    128
    Associativity:      8

Latencies:    1   10  250
L1-Sets:  128 - LRU - assoc:   8
L2-Sets: 1024 - LRU - assoc:   8
Store_allocation: Yes
L2_inclusive: Yes
L2_prefetching: No

L1 Cache Stats:
L1-Load-Hits:       10009599141   99.41%
L1-Load-Misses:        59608896    0.59%
L1-Load-Accesses:   10069208037  100.00%

L1-Store-Hits:        5064416492   99.71%
L1-Store-Misses:        14746082    0.29%
L1-Store-Accesses:    5079162574  100.00%

L1-Total-Hits:       15074015633   99.51%
L1-Total-Misses:        74354978    0.49%
L1-Total-Accesses:   15148370611  100.00%

L2 Cache Stats:
L2-Load-Hits:          53497016   89.75%
L2-Load-Misses:         6111880   10.25%
L2-Load-Accesses:      59608896  100.00%

L2-Store-Hits:          12468224   84.55%
L2-Store-Misses:         2277858   15.45%
L2-Store-Accesses:      14746082  100.00%

L2-Total-Hits:          65965240   88.72%
L2-Total-Misses:         8389738   11.28%
L2-Total-Accesses:      74354978  100.00%

