--------
Total Statistics
--------
Total Instructions: 32396750860
Total Cycles: 68623724911
IPC: 0.472093

--------
Single level Tlb hierarchy
--------
  Data Tlb:
    Entries:          64
    Page Size(B):   4096
    Associativity:      4

Latencies:    0  150
Tlb-Sets:   16 - LRU - assoc:   4

Tlb Stats:
Tlb-Load-Hits:        9967842031   98.99%
Tlb-Load-Misses:       101366006    1.01%
Tlb-Load-Accesses:   10069208037  100.00%

Tlb-Store-Hits:        5057033312   99.56%
Tlb-Store-Misses:        22129262    0.44%
Tlb-Store-Accesses:    5079162574  100.00%

Tlb-Total-Hits:       15024875343   99.18%
Tlb-Total-Misses:       123495268    0.82%
Tlb-Total-Accesses:   15148370611  100.00%



--------
Two level Cache hierarchy
--------
  L1-Data Cache:
    Size(KB):          64
    Block Size(B):     64
    Associativity:      8

  L2-Data Cache:
    Size(KB):        1024
    Block Size(B):    128
    Associativity:      8

Latencies:    1   10  250
L1-Sets:  128 - LRU - assoc:   8
L2-Sets: 1024 - LRU - assoc:   8
Store_allocation: Yes
L2_inclusive: Yes
L2_prefetching: No

L1 Cache Stats:
L1-Load-Hits:       10033149050   99.64%
L1-Load-Misses:        36058987    0.36%
L1-Load-Accesses:   10069208037  100.00%

L1-Store-Hits:        5069831437   99.82%
L1-Store-Misses:         9331137    0.18%
L1-Store-Accesses:    5079162574  100.00%

L1-Total-Hits:       15102980487   99.70%
L1-Total-Misses:        45390124    0.30%
L1-Total-Accesses:   15148370611  100.00%

L2 Cache Stats:
L2-Load-Hits:          29936806   83.02%
L2-Load-Misses:         6122181   16.98%
L2-Load-Accesses:      36058987  100.00%

L2-Store-Hits:           7051670   75.57%
L2-Store-Misses:         2279467   24.43%
L2-Store-Accesses:       9331137  100.00%

L2-Total-Hits:          36988476   81.49%
L2-Total-Misses:         8401648   18.51%
L2-Total-Accesses:      45390124  100.00%

