--------
Total Statistics
--------
Total Instructions: 32396750860
Total Cycles: 52824401561
IPC: 0.613291

--------
Single level Tlb hierarchy
--------
  Data Tlb:
    Entries:          64
    Page Size(B):   4096
    Associativity:      4

Latencies:    0  150
Tlb-Sets:   16 - LRU - assoc:   4

Tlb Stats:
Tlb-Load-Hits:       10055620518   99.87%
Tlb-Load-Misses:        13587519    0.13%
Tlb-Load-Accesses:   10069208037  100.00%

Tlb-Store-Hits:        5074597833   99.91%
Tlb-Store-Misses:         4564741    0.09%
Tlb-Store-Accesses:    5079162574  100.00%

Tlb-Total-Hits:       15130218351   99.88%
Tlb-Total-Misses:        18152260    0.12%
Tlb-Total-Accesses:   15148370611  100.00%



--------
Two level Cache hierarchy
--------
  L1-Data Cache:
    Size(KB):          64
    Block Size(B):     64
    Associativity:      4

  L2-Data Cache:
    Size(KB):        1024
    Block Size(B):    128
    Associativity:      8

Latencies:    1   10  250
L1-Sets:  256 - LRU - assoc:   4
L2-Sets: 1024 - LRU - assoc:   8
Store_allocation: Yes
L2_inclusive: Yes
L2_prefetching: No

L1 Cache Stats:
L1-Load-Hits:       10032666709   99.64%
L1-Load-Misses:        36541328    0.36%
L1-Load-Accesses:   10069208037  100.00%

L1-Store-Hits:        5069956568   99.82%
L1-Store-Misses:         9206006    0.18%
L1-Store-Accesses:    5079162574  100.00%

L1-Total-Hits:       15102623277   99.70%
L1-Total-Misses:        45747334    0.30%
L1-Total-Accesses:   15148370611  100.00%

L2 Cache Stats:
L2-Load-Hits:          30424996   83.26%
L2-Load-Misses:         6116332   16.74%
L2-Load-Accesses:      36541328  100.00%

L2-Store-Hits:           6926467   75.24%
L2-Store-Misses:         2279539   24.76%
L2-Store-Accesses:       9206006  100.00%

L2-Total-Hits:          37351463   81.65%
L2-Total-Misses:         8395871   18.35%
L2-Total-Accesses:      45747334  100.00%

