--------
Total Statistics
--------
Total Instructions: 7601190113
Total Cycles: 11041655389
IPC: 0.68841

--------
Single level Tlb hierarchy
--------
  Data Tlb:
    Entries:          64
    Page Size(B):   4096
    Associativity:      4

Latencies:    0  150
Tlb-Sets:   16 - LRU - assoc:   4

Tlb Stats:
Tlb-Load-Hits:        2027517613   99.97%
Tlb-Load-Misses:          629679    0.03%
Tlb-Load-Accesses:    2028147292  100.00%

Tlb-Store-Hits:        1026496147   99.99%
Tlb-Store-Misses:           94967    0.01%
Tlb-Store-Accesses:    1026591114  100.00%

Tlb-Total-Hits:        3054013760   99.98%
Tlb-Total-Misses:          724646    0.02%
Tlb-Total-Accesses:    3054738406  100.00%



--------
Two level Cache hierarchy
--------
  L1-Data Cache:
    Size(KB):         128
    Block Size(B):     64
    Associativity:      8

  L2-Data Cache:
    Size(KB):        1024
    Block Size(B):    128
    Associativity:      8

Latencies:    1   10  250
L1-Sets:  256 - LRU - assoc:   8
L2-Sets: 1024 - LRU - assoc:   8
Store_allocation: Yes
L2_inclusive: Yes
L2_prefetching: No

L1 Cache Stats:
L1-Load-Hits:        2025234833   99.86%
L1-Load-Misses:         2912459    0.14%
L1-Load-Accesses:    2028147292  100.00%

L1-Store-Hits:        1026012201   99.94%
L1-Store-Misses:          578913    0.06%
L1-Store-Accesses:    1026591114  100.00%

L1-Total-Hits:        3051247034   99.89%
L1-Total-Misses:         3491372    0.11%
L1-Total-Accesses:    3054738406  100.00%

L2 Cache Stats:
L2-Load-Hits:           2139593   73.46%
L2-Load-Misses:          772866   26.54%
L2-Load-Accesses:       2912459  100.00%

L2-Store-Hits:            383314   66.21%
L2-Store-Misses:          195599   33.79%
L2-Store-Accesses:        578913  100.00%

L2-Total-Hits:           2522907   72.26%
L2-Total-Misses:          968465   27.74%
L2-Total-Accesses:       3491372  100.00%

