--------
Total Statistics
--------
Total Instructions: 7601190113
Total Cycles: 11051507789
IPC: 0.687797

--------
Single level Tlb hierarchy
--------
  Data Tlb:
    Entries:          64
    Page Size(B):   4096
    Associativity:      4

Latencies:    0  150
Tlb-Sets:   16 - LRU - assoc:   4

Tlb Stats:
Tlb-Load-Hits:        2027553230   99.97%
Tlb-Load-Misses:          594062    0.03%
Tlb-Load-Accesses:    2028147292  100.00%

Tlb-Store-Hits:        1026536602   99.99%
Tlb-Store-Misses:           54512    0.01%
Tlb-Store-Accesses:    1026591114  100.00%

Tlb-Total-Hits:        3054089832   99.98%
Tlb-Total-Misses:          648574    0.02%
Tlb-Total-Accesses:    3054738406  100.00%



--------
Two level Cache hierarchy
--------
  L1-Data Cache:
    Size(KB):          32
    Block Size(B):     32
    Associativity:      8

  L2-Data Cache:
    Size(KB):        1024
    Block Size(B):    128
    Associativity:      8

Latencies:    1   10  250
L1-Sets:  128 - LRU - assoc:   8
L2-Sets: 1024 - LRU - assoc:   8
Store_allocation: Yes
L2_inclusive: Yes
L2_prefetching: No

L1 Cache Stats:
L1-Load-Hits:        2023462591   99.77%
L1-Load-Misses:         4684701    0.23%
L1-Load-Accesses:    2028147292  100.00%

L1-Store-Hits:        1025594448   99.90%
L1-Store-Misses:          996666    0.10%
L1-Store-Accesses:    1026591114  100.00%

L1-Total-Hits:        3049057039   99.81%
L1-Total-Misses:         5681367    0.19%
L1-Total-Accesses:    3054738406  100.00%

L2 Cache Stats:
L2-Load-Hits:           3913928   83.55%
L2-Load-Misses:          770773   16.45%
L2-Load-Accesses:       4684701  100.00%

L2-Store-Hits:            801521   80.42%
L2-Store-Misses:          195145   19.58%
L2-Store-Accesses:        996666  100.00%

L2-Total-Hits:           4715449   83.00%
L2-Total-Misses:          965918   17.00%
L2-Total-Accesses:       5681367  100.00%

