--------
Total Statistics
--------
Total Instructions: 7601190113
Total Cycles: 11017401719
IPC: 0.689926

--------
Single level Tlb hierarchy
--------
  Data Tlb:
    Entries:          64
    Page Size(B):   4096
    Associativity:      4

Latencies:    0  150
Tlb-Sets:   16 - LRU - assoc:   4

Tlb Stats:
Tlb-Load-Hits:        2027524839   99.97%
Tlb-Load-Misses:          622453    0.03%
Tlb-Load-Accesses:    2028147292  100.00%

Tlb-Store-Hits:        1026528897   99.99%
Tlb-Store-Misses:           62217    0.01%
Tlb-Store-Accesses:    1026591114  100.00%

Tlb-Total-Hits:        3054053736   99.98%
Tlb-Total-Misses:          684670    0.02%
Tlb-Total-Accesses:    3054738406  100.00%



--------
Two level Cache hierarchy
--------
  L1-Data Cache:
    Size(KB):          64
    Block Size(B):    128
    Associativity:      8

  L2-Data Cache:
    Size(KB):        1024
    Block Size(B):    128
    Associativity:      8

Latencies:    1   10  250
L1-Sets:   64 - LRU - assoc:   8
L2-Sets: 1024 - LRU - assoc:   8
Store_allocation: Yes
L2_inclusive: Yes
L2_prefetching: No

L1 Cache Stats:
L1-Load-Hits:        2026728334   99.93%
L1-Load-Misses:         1418958    0.07%
L1-Load-Accesses:    2028147292  100.00%

L1-Store-Hits:        1026385577   99.98%
L1-Store-Misses:          205537    0.02%
L1-Store-Accesses:    1026591114  100.00%

L1-Total-Hits:        3053113911   99.95%
L1-Total-Misses:         1624495    0.05%
L1-Total-Accesses:    3054738406  100.00%

L2 Cache Stats:
L2-Load-Hits:            644906   45.45%
L2-Load-Misses:          774052   54.55%
L2-Load-Accesses:       1418958  100.00%

L2-Store-Hits:              9478    4.61%
L2-Store-Misses:          196059   95.39%
L2-Store-Accesses:        205537  100.00%

L2-Total-Hits:            654384   40.28%
L2-Total-Misses:          970111   59.72%
L2-Total-Accesses:       1624495  100.00%

