--------
Total Statistics
--------
Total Instructions: 7601190113
Total Cycles: 11013935249
IPC: 0.690143

--------
Single level Tlb hierarchy
--------
  Data Tlb:
    Entries:          64
    Page Size(B):   4096
    Associativity:      4

Latencies:    0  150
Tlb-Sets:   16 - LRU - assoc:   4

Tlb Stats:
Tlb-Load-Hits:        2027568953   99.97%
Tlb-Load-Misses:          578339    0.03%
Tlb-Load-Accesses:    2028147292  100.00%

Tlb-Store-Hits:        1026537342   99.99%
Tlb-Store-Misses:           53772    0.01%
Tlb-Store-Accesses:    1026591114  100.00%

Tlb-Total-Hits:        3054106295   99.98%
Tlb-Total-Misses:          632111    0.02%
Tlb-Total-Accesses:    3054738406  100.00%



--------
Two level Cache hierarchy
--------
  L1-Data Cache:
    Size(KB):          32
    Block Size(B):    128
    Associativity:      8

  L2-Data Cache:
    Size(KB):        1024
    Block Size(B):    128
    Associativity:      8

Latencies:    1   10  250
L1-Sets:   32 - LRU - assoc:   8
L2-Sets: 1024 - LRU - assoc:   8
Store_allocation: Yes
L2_inclusive: Yes
L2_prefetching: No

L1 Cache Stats:
L1-Load-Hits:        2026296710   99.91%
L1-Load-Misses:         1850582    0.09%
L1-Load-Accesses:    2028147292  100.00%

L1-Store-Hits:        1026344063   99.98%
L1-Store-Misses:          247051    0.02%
L1-Store-Accesses:    1026591114  100.00%

L1-Total-Hits:        3052640773   99.93%
L1-Total-Misses:         2097633    0.07%
L1-Total-Accesses:    3054738406  100.00%

L2 Cache Stats:
L2-Load-Hits:           1077115   58.20%
L2-Load-Misses:          773467   41.80%
L2-Load-Accesses:       1850582  100.00%

L2-Store-Hits:             51663   20.91%
L2-Store-Misses:          195388   79.09%
L2-Store-Accesses:        247051  100.00%

L2-Total-Hits:           1128778   53.81%
L2-Total-Misses:          968855   46.19%
L2-Total-Accesses:       2097633  100.00%

