--------
Total Statistics
--------
Total Instructions: 7601190113
Total Cycles: 11032632219
IPC: 0.688973

--------
Single level Tlb hierarchy
--------
  Data Tlb:
    Entries:          64
    Page Size(B):   4096
    Associativity:      4

Latencies:    0  150
Tlb-Sets:   16 - LRU - assoc:   4

Tlb Stats:
Tlb-Load-Hits:        2027582356   99.97%
Tlb-Load-Misses:          564936    0.03%
Tlb-Load-Accesses:    2028147292  100.00%

Tlb-Store-Hits:        1026538104   99.99%
Tlb-Store-Misses:           53010    0.01%
Tlb-Store-Accesses:    1026591114  100.00%

Tlb-Total-Hits:        3054120460   99.98%
Tlb-Total-Misses:          617946    0.02%
Tlb-Total-Accesses:    3054738406  100.00%



--------
Two level Cache hierarchy
--------
  L1-Data Cache:
    Size(KB):          32
    Block Size(B):     64
    Associativity:      4

  L2-Data Cache:
    Size(KB):        1024
    Block Size(B):    128
    Associativity:      8

Latencies:    1   10  250
L1-Sets:  128 - LRU - assoc:   4
L2-Sets: 1024 - LRU - assoc:   8
Store_allocation: Yes
L2_inclusive: Yes
L2_prefetching: No

L1 Cache Stats:
L1-Load-Hits:        2024572491   99.82%
L1-Load-Misses:         3574801    0.18%
L1-Load-Accesses:    2028147292  100.00%

L1-Store-Hits:        1025957160   99.94%
L1-Store-Misses:          633954    0.06%
L1-Store-Accesses:    1026591114  100.00%

L1-Total-Hits:        3050529651   99.86%
L1-Total-Misses:         4208755    0.14%
L1-Total-Accesses:    3054738406  100.00%

L2 Cache Stats:
L2-Load-Hits:           2802404   78.39%
L2-Load-Misses:          772397   21.61%
L2-Load-Accesses:       3574801  100.00%

L2-Store-Hits:            438654   69.19%
L2-Store-Misses:          195300   30.81%
L2-Store-Accesses:        633954  100.00%

L2-Total-Hits:           3241058   77.01%
L2-Total-Misses:          967697   22.99%
L2-Total-Accesses:       4208755  100.00%

