--------
Total Statistics
--------
Total Instructions: 7601190113
Total Cycles: 11045946399
IPC: 0.688143

--------
Single level Tlb hierarchy
--------
  Data Tlb:
    Entries:          64
    Page Size(B):   4096
    Associativity:      4

Latencies:    0  150
Tlb-Sets:   16 - LRU - assoc:   4

Tlb Stats:
Tlb-Load-Hits:        2027565679   99.97%
Tlb-Load-Misses:          581613    0.03%
Tlb-Load-Accesses:    2028147292  100.00%

Tlb-Store-Hits:        1026537336   99.99%
Tlb-Store-Misses:           53778    0.01%
Tlb-Store-Accesses:    1026591114  100.00%

Tlb-Total-Hits:        3054103015   99.98%
Tlb-Total-Misses:          635391    0.02%
Tlb-Total-Accesses:    3054738406  100.00%



--------
Two level Cache hierarchy
--------
  L1-Data Cache:
    Size(KB):          64
    Block Size(B):     32
    Associativity:      8

  L2-Data Cache:
    Size(KB):        1024
    Block Size(B):    128
    Associativity:      8

Latencies:    1   10  250
L1-Sets:  256 - LRU - assoc:   8
L2-Sets: 1024 - LRU - assoc:   8
Store_allocation: Yes
L2_inclusive: Yes
L2_prefetching: No

L1 Cache Stats:
L1-Load-Hits:        2023825860   99.79%
L1-Load-Misses:         4321432    0.21%
L1-Load-Accesses:    2028147292  100.00%

L1-Store-Hits:        1025615598   99.90%
L1-Store-Misses:          975516    0.10%
L1-Store-Accesses:    1026591114  100.00%

L1-Total-Hits:        3049441458   99.83%
L1-Total-Misses:         5296948    0.17%
L1-Total-Accesses:    3054738406  100.00%

L2 Cache Stats:
L2-Load-Hits:           3549995   82.15%
L2-Load-Misses:          771437   17.85%
L2-Load-Accesses:       4321432  100.00%

L2-Store-Hits:            779994   79.96%
L2-Store-Misses:          195522   20.04%
L2-Store-Accesses:        975516  100.00%

L2-Total-Hits:           4329989   81.74%
L2-Total-Misses:          966959   18.26%
L2-Total-Accesses:       5296948  100.00%

