--------
Total Statistics
--------
Total Instructions: 7601190113
Total Cycles: 11029481459
IPC: 0.68917

--------
Single level Tlb hierarchy
--------
  Data Tlb:
    Entries:          64
    Page Size(B):   4096
    Associativity:      4

Latencies:    0  150
Tlb-Sets:   16 - LRU - assoc:   4

Tlb Stats:
Tlb-Load-Hits:        2027573654   99.97%
Tlb-Load-Misses:          573638    0.03%
Tlb-Load-Accesses:    2028147292  100.00%

Tlb-Store-Hits:        1026531185   99.99%
Tlb-Store-Misses:           59929    0.01%
Tlb-Store-Accesses:    1026591114  100.00%

Tlb-Total-Hits:        3054104839   99.98%
Tlb-Total-Misses:          633567    0.02%
Tlb-Total-Accesses:    3054738406  100.00%



--------
Two level Cache hierarchy
--------
  L1-Data Cache:
    Size(KB):          64
    Block Size(B):     64
    Associativity:      8

  L2-Data Cache:
    Size(KB):        1024
    Block Size(B):    128
    Associativity:      8

Latencies:    1   10  250
L1-Sets:  128 - LRU - assoc:   8
L2-Sets: 1024 - LRU - assoc:   8
Store_allocation: Yes
L2_inclusive: Yes
L2_prefetching: No

L1 Cache Stats:
L1-Load-Hits:        2025068234   99.85%
L1-Load-Misses:         3079058    0.15%
L1-Load-Accesses:    2028147292  100.00%

L1-Store-Hits:        1026001058   99.94%
L1-Store-Misses:          590056    0.06%
L1-Store-Accesses:    1026591114  100.00%

L1-Total-Hits:        3051069292   99.88%
L1-Total-Misses:         3669114    0.12%
L1-Total-Accesses:    3054738406  100.00%

L2 Cache Stats:
L2-Load-Hits:           2307211   74.93%
L2-Load-Misses:          771847   25.07%
L2-Load-Accesses:       3079058  100.00%

L2-Store-Hits:            394596   66.87%
L2-Store-Misses:          195460   33.13%
L2-Store-Accesses:        590056  100.00%

L2-Total-Hits:           2701807   73.64%
L2-Total-Misses:          967307   26.36%
L2-Total-Accesses:       3669114  100.00%

