--------
Total Statistics
--------
Total Instructions: 7601190113
Total Cycles: 11010650629
IPC: 0.690349

--------
Single level Tlb hierarchy
--------
  Data Tlb:
    Entries:          64
    Page Size(B):   4096
    Associativity:      4

Latencies:    0  150
Tlb-Sets:   16 - LRU - assoc:   4

Tlb Stats:
Tlb-Load-Hits:        2027557815   99.97%
Tlb-Load-Misses:          589477    0.03%
Tlb-Load-Accesses:    2028147292  100.00%

Tlb-Store-Hits:        1026537071   99.99%
Tlb-Store-Misses:           54043    0.01%
Tlb-Store-Accesses:    1026591114  100.00%

Tlb-Total-Hits:        3054094886   99.98%
Tlb-Total-Misses:          643520    0.02%
Tlb-Total-Accesses:    3054738406  100.00%



--------
Two level Cache hierarchy
--------
  L1-Data Cache:
    Size(KB):         128
    Block Size(B):    128
    Associativity:      8

  L2-Data Cache:
    Size(KB):        1024
    Block Size(B):    128
    Associativity:      8

Latencies:    1   10  250
L1-Sets:  128 - LRU - assoc:   8
L2-Sets: 1024 - LRU - assoc:   8
Store_allocation: Yes
L2_inclusive: Yes
L2_prefetching: No

L1 Cache Stats:
L1-Load-Hits:        2026868173   99.94%
L1-Load-Misses:         1279119    0.06%
L1-Load-Accesses:    2028147292  100.00%

L1-Store-Hits:        1026391822   99.98%
L1-Store-Misses:          199292    0.02%
L1-Store-Accesses:    1026591114  100.00%

L1-Total-Hits:        3053259995   99.95%
L1-Total-Misses:         1478411    0.05%
L1-Total-Accesses:    3054738406  100.00%

L2 Cache Stats:
L2-Load-Hits:            501996   39.25%
L2-Load-Misses:          777123   60.75%
L2-Load-Accesses:       1279119  100.00%

L2-Store-Hits:              2775    1.39%
L2-Store-Misses:          196517   98.61%
L2-Store-Accesses:        199292  100.00%

L2-Total-Hits:            504771   34.14%
L2-Total-Misses:          973640   65.86%
L2-Total-Accesses:       1478411  100.00%

