--------
Total Statistics
--------
Total Instructions: 19459131659
Total Cycles: 72950688725
IPC: 0.266744

--------
Single level Tlb hierarchy
--------
  Data Tlb:
    Entries:          64
    Page Size(B):   4096
    Associativity:      4

Latencies:    0  150
Tlb-Sets:   16 - LRU - assoc:   4

Tlb Stats:
Tlb-Load-Hits:        8360118816   99.60%
Tlb-Load-Misses:        33375482    0.40%
Tlb-Load-Accesses:    8393494298  100.00%

Tlb-Store-Hits:          83423331   99.82%
Tlb-Store-Misses:          147567    0.18%
Tlb-Store-Accesses:      83570898  100.00%

Tlb-Total-Hits:        8443542147   99.60%
Tlb-Total-Misses:        33523049    0.40%
Tlb-Total-Accesses:    8477065196  100.00%



--------
Two level Cache hierarchy
--------
  L1-Data Cache:
    Size(KB):          64
    Block Size(B):    128
    Associativity:      8

  L2-Data Cache:
    Size(KB):        1024
    Block Size(B):    128
    Associativity:      8

Latencies:    1   10  250
L1-Sets:   64 - LRU - assoc:   8
L2-Sets: 1024 - LRU - assoc:   8
Store_allocation: Yes
L2_inclusive: Yes
L2_prefetching: No

L1 Cache Stats:
L1-Load-Hits:        8236679594   98.13%
L1-Load-Misses:       156814704    1.87%
L1-Load-Accesses:    8393494298  100.00%

L1-Store-Hits:          83060250   99.39%
L1-Store-Misses:          510648    0.61%
L1-Store-Accesses:      83570898  100.00%

L1-Total-Hits:        8319739844   98.14%
L1-Total-Misses:       157325352    1.86%
L1-Total-Accesses:    8477065196  100.00%

L2 Cache Stats:
L2-Load-Hits:           3624266    2.31%
L2-Load-Misses:       153190438   97.69%
L2-Load-Accesses:     156814704  100.00%

L2-Store-Hits:             49962    9.78%
L2-Store-Misses:          460686   90.22%
L2-Store-Accesses:        510648  100.00%

L2-Total-Hits:           3674228    2.34%
L2-Total-Misses:       153651124   97.66%
L2-Total-Accesses:     157325352  100.00%

