--------
Total Statistics
--------
Total Instructions: 19459131640
Total Cycles: 75785002297
IPC: 0.256768

--------
Single level Tlb hierarchy
--------
  Data Tlb:
    Entries:          64
    Page Size(B):   4096
    Associativity:      4

Latencies:    0  150
Tlb-Sets:   16 - LRU - assoc:   4

Tlb Stats:
Tlb-Load-Hits:        8360147714   99.60%
Tlb-Load-Misses:        33346577    0.40%
Tlb-Load-Accesses:    8393494291  100.00%

Tlb-Store-Hits:          83426612   99.83%
Tlb-Store-Misses:          144284    0.17%
Tlb-Store-Accesses:      83570896  100.00%

Tlb-Total-Hits:        8443574326   99.60%
Tlb-Total-Misses:        33490861    0.40%
Tlb-Total-Accesses:    8477065187  100.00%



--------
Two level Cache hierarchy
--------
  L1-Data Cache:
    Size(KB):          64
    Block Size(B):     64
    Associativity:      8

  L2-Data Cache:
    Size(KB):        1024
    Block Size(B):    128
    Associativity:      8

Latencies:    1   10  250
L1-Sets:  128 - LRU - assoc:   8
L2-Sets: 1024 - LRU - assoc:   8
Store_allocation: Yes
L2_inclusive: Yes
L2_prefetching: No

L1 Cache Stats:
L1-Load-Hits:        7949119175   94.71%
L1-Load-Misses:       444375116    5.29%
L1-Load-Accesses:    8393494291  100.00%

L1-Store-Hits:          81822505   97.91%
L1-Store-Misses:         1748391    2.09%
L1-Store-Accesses:      83570896  100.00%

L1-Total-Hits:        8030941680   94.74%
L1-Total-Misses:       446123507    5.26%
L1-Total-Accesses:    8477065187  100.00%

L2 Cache Stats:
L2-Load-Hits:         291377057   65.57%
L2-Load-Misses:       152998059   34.43%
L2-Load-Accesses:     444375116  100.00%

L2-Store-Hits:           1290685   73.82%
L2-Store-Misses:          457706   26.18%
L2-Store-Accesses:       1748391  100.00%

L2-Total-Hits:         292667742   65.60%
L2-Total-Misses:       153455765   34.40%
L2-Total-Accesses:     446123507  100.00%

