--------
Total Statistics
--------
Total Instructions: 19459131640
Total Cycles: 75752165127
IPC: 0.256879

--------
Single level Tlb hierarchy
--------
  Data Tlb:
    Entries:          64
    Page Size(B):   4096
    Associativity:      4

Latencies:    0  150
Tlb-Sets:   16 - LRU - assoc:   4

Tlb Stats:
Tlb-Load-Hits:        8360137220   99.60%
Tlb-Load-Misses:        33357071    0.40%
Tlb-Load-Accesses:    8393494291  100.00%

Tlb-Store-Hits:          83425082   99.83%
Tlb-Store-Misses:          145814    0.17%
Tlb-Store-Accesses:      83570896  100.00%

Tlb-Total-Hits:        8443562302   99.60%
Tlb-Total-Misses:        33502885    0.40%
Tlb-Total-Accesses:    8477065187  100.00%



--------
Two level Cache hierarchy
--------
  L1-Data Cache:
    Size(KB):          64
    Block Size(B):     64
    Associativity:      4

  L2-Data Cache:
    Size(KB):        1024
    Block Size(B):    128
    Associativity:      8

Latencies:    1   10  250
L1-Sets:  256 - LRU - assoc:   4
L2-Sets: 1024 - LRU - assoc:   8
Store_allocation: Yes
L2_inclusive: Yes
L2_prefetching: No

L1 Cache Stats:
L1-Load-Hits:        7952586689   94.75%
L1-Load-Misses:       440907602    5.25%
L1-Load-Accesses:    8393494291  100.00%

L1-Store-Hits:          81997818   98.12%
L1-Store-Misses:         1573078    1.88%
L1-Store-Accesses:      83570896  100.00%

L1-Total-Hits:        8034584507   94.78%
L1-Total-Misses:       442480680    5.22%
L1-Total-Accesses:    8477065187  100.00%

L2 Cache Stats:
L2-Load-Hits:         287893503   65.30%
L2-Load-Misses:       153014099   34.70%
L2-Load-Accesses:     440907602  100.00%

L2-Store-Hits:           1124262   71.47%
L2-Store-Misses:          448816   28.53%
L2-Store-Accesses:       1573078  100.00%

L2-Total-Hits:         289017765   65.32%
L2-Total-Misses:       153462915   34.68%
L2-Total-Accesses:     442480680  100.00%

