--------
Total Statistics
--------
Total Instructions: 19459131640
Total Cycles: 75873749497
IPC: 0.256467

--------
Single level Tlb hierarchy
--------
  Data Tlb:
    Entries:          64
    Page Size(B):   4096
    Associativity:      4

Latencies:    0  150
Tlb-Sets:   16 - LRU - assoc:   4

Tlb Stats:
Tlb-Load-Hits:        8360144563   99.60%
Tlb-Load-Misses:        33349728    0.40%
Tlb-Load-Accesses:    8393494291  100.00%

Tlb-Store-Hits:          83426989   99.83%
Tlb-Store-Misses:          143907    0.17%
Tlb-Store-Accesses:      83570896  100.00%

Tlb-Total-Hits:        8443571552   99.60%
Tlb-Total-Misses:        33493635    0.40%
Tlb-Total-Accesses:    8477065187  100.00%



--------
Two level Cache hierarchy
--------
  L1-Data Cache:
    Size(KB):          32
    Block Size(B):     64
    Associativity:      8

  L2-Data Cache:
    Size(KB):        1024
    Block Size(B):    128
    Associativity:      8

Latencies:    1   10  250
L1-Sets:   64 - LRU - assoc:   8
L2-Sets: 1024 - LRU - assoc:   8
Store_allocation: Yes
L2_inclusive: Yes
L2_prefetching: No

L1 Cache Stats:
L1-Load-Hits:        7942218468   94.62%
L1-Load-Misses:       451275823    5.38%
L1-Load-Accesses:    8393494291  100.00%

L1-Store-Hits:          81616852   97.66%
L1-Store-Misses:         1954044    2.34%
L1-Store-Accesses:      83570896  100.00%

L1-Total-Hits:        8023835320   94.65%
L1-Total-Misses:       453229867    5.35%
L1-Total-Accesses:    8477065187  100.00%

L2 Cache Stats:
L2-Load-Hits:         298209439   66.08%
L2-Load-Misses:       153066384   33.92%
L2-Load-Accesses:     451275823  100.00%

L2-Store-Hits:           1495593   76.54%
L2-Store-Misses:          458451   23.46%
L2-Store-Accesses:       1954044  100.00%

L2-Total-Hits:         299705032   66.13%
L2-Total-Misses:       153524835   33.87%
L2-Total-Accesses:     453229867  100.00%

