--------
Total Statistics
--------
Total Instructions: 19459131640
Total Cycles: 75746925607
IPC: 0.256897

--------
Single level Tlb hierarchy
--------
  Data Tlb:
    Entries:          64
    Page Size(B):   4096
    Associativity:      4

Latencies:    0  150
Tlb-Sets:   16 - LRU - assoc:   4

Tlb Stats:
Tlb-Load-Hits:        8360135283   99.60%
Tlb-Load-Misses:        33359008    0.40%
Tlb-Load-Accesses:    8393494291  100.00%

Tlb-Store-Hits:          83424009   99.82%
Tlb-Store-Misses:          146887    0.18%
Tlb-Store-Accesses:      83570896  100.00%

Tlb-Total-Hits:        8443559292   99.60%
Tlb-Total-Misses:        33505895    0.40%
Tlb-Total-Accesses:    8477065187  100.00%



--------
Two level Cache hierarchy
--------
  L1-Data Cache:
    Size(KB):         128
    Block Size(B):     64
    Associativity:      8

  L2-Data Cache:
    Size(KB):        1024
    Block Size(B):    128
    Associativity:      8

Latencies:    1   10  250
L1-Sets:  256 - LRU - assoc:   8
L2-Sets: 1024 - LRU - assoc:   8
Store_allocation: Yes
L2_inclusive: Yes
L2_prefetching: No

L1 Cache Stats:
L1-Load-Hits:        7953008261   94.75%
L1-Load-Misses:       440486030    5.25%
L1-Load-Accesses:    8393494291  100.00%

L1-Store-Hits:          81965223   98.08%
L1-Store-Misses:         1605673    1.92%
L1-Store-Accesses:      83570896  100.00%

L1-Total-Hits:        8034973484   94.78%
L1-Total-Misses:       442091703    5.22%
L1-Total-Accesses:    8477065187  100.00%

L2 Cache Stats:
L2-Load-Hits:         287491320   65.27%
L2-Load-Misses:       152994710   34.73%
L2-Load-Accesses:     440486030  100.00%

L2-Store-Hits:           1144673   71.29%
L2-Store-Misses:          461000   28.71%
L2-Store-Accesses:       1605673  100.00%

L2-Total-Hits:         288635993   65.29%
L2-Total-Misses:       153455710   34.71%
L2-Total-Accesses:     442091703  100.00%

