--------
Total Statistics
--------
Total Instructions: 19459131659
Total Cycles: 72936073885
IPC: 0.266797

--------
Single level Tlb hierarchy
--------
  Data Tlb:
    Entries:          64
    Page Size(B):   4096
    Associativity:      4

Latencies:    0  150
Tlb-Sets:   16 - LRU - assoc:   4

Tlb Stats:
Tlb-Load-Hits:        8360121624   99.60%
Tlb-Load-Misses:        33372674    0.40%
Tlb-Load-Accesses:    8393494298  100.00%

Tlb-Store-Hits:          83428742   99.83%
Tlb-Store-Misses:          142156    0.17%
Tlb-Store-Accesses:      83570898  100.00%

Tlb-Total-Hits:        8443550366   99.60%
Tlb-Total-Misses:        33514830    0.40%
Tlb-Total-Accesses:    8477065196  100.00%



--------
Two level Cache hierarchy
--------
  L1-Data Cache:
    Size(KB):         128
    Block Size(B):    128
    Associativity:      8

  L2-Data Cache:
    Size(KB):        1024
    Block Size(B):    128
    Associativity:      8

Latencies:    1   10  250
L1-Sets:  128 - LRU - assoc:   8
L2-Sets: 1024 - LRU - assoc:   8
Store_allocation: Yes
L2_inclusive: Yes
L2_prefetching: No

L1 Cache Stats:
L1-Load-Hits:        8236972976   98.14%
L1-Load-Misses:       156521322    1.86%
L1-Load-Accesses:    8393494298  100.00%

L1-Store-Hits:          83070492   99.40%
L1-Store-Misses:          500406    0.60%
L1-Store-Accesses:      83570898  100.00%

L1-Total-Hits:        8320043468   98.15%
L1-Total-Misses:       157021728    1.85%
L1-Total-Accesses:    8477065196  100.00%

L2 Cache Stats:
L2-Load-Hits:           3376166    2.16%
L2-Load-Misses:       153145156   97.84%
L2-Load-Accesses:     156521322  100.00%

L2-Store-Hits:             35821    7.16%
L2-Store-Misses:          464585   92.84%
L2-Store-Accesses:        500406  100.00%

L2-Total-Hits:           3411987    2.17%
L2-Total-Misses:       153609741   97.83%
L2-Total-Accesses:     157021728  100.00%

