--------
Total Statistics
--------
Total Instructions: 19459131640
Total Cycles: 78397421417
IPC: 0.248211

--------
Single level Tlb hierarchy
--------
  Data Tlb:
    Entries:          64
    Page Size(B):   4096
    Associativity:      4

Latencies:    0  150
Tlb-Sets:   16 - LRU - assoc:   4

Tlb Stats:
Tlb-Load-Hits:        8360137511   99.60%
Tlb-Load-Misses:        33356780    0.40%
Tlb-Load-Accesses:    8393494291  100.00%

Tlb-Store-Hits:          83424985   99.83%
Tlb-Store-Misses:          145911    0.17%
Tlb-Store-Accesses:      83570896  100.00%

Tlb-Total-Hits:        8443562496   99.60%
Tlb-Total-Misses:        33502691    0.40%
Tlb-Total-Accesses:    8477065187  100.00%



--------
Two level Cache hierarchy
--------
  L1-Data Cache:
    Size(KB):          32
    Block Size(B):     32
    Associativity:      8

  L2-Data Cache:
    Size(KB):        1024
    Block Size(B):    128
    Associativity:      8

Latencies:    1   10  250
L1-Sets:  128 - LRU - assoc:   8
L2-Sets: 1024 - LRU - assoc:   8
Store_allocation: Yes
L2_inclusive: Yes
L2_prefetching: No

L1 Cache Stats:
L1-Load-Hits:        7688643729   91.60%
L1-Load-Misses:       704850562    8.40%
L1-Load-Accesses:    8393494291  100.00%

L1-Store-Hits:          81211264   97.18%
L1-Store-Misses:         2359632    2.82%
L1-Store-Accesses:      83570896  100.00%

L1-Total-Hits:        7769854993   91.66%
L1-Total-Misses:       707210194    8.34%
L1-Total-Accesses:    8477065187  100.00%

L2 Cache Stats:
L2-Load-Hits:         551847536   78.29%
L2-Load-Misses:       153003026   21.71%
L2-Load-Accesses:     704850562  100.00%

L2-Store-Hits:           1907782   80.85%
L2-Store-Misses:          451850   19.15%
L2-Store-Accesses:       2359632  100.00%

L2-Total-Hits:         553755318   78.30%
L2-Total-Misses:       153454876   21.70%
L2-Total-Accesses:     707210194  100.00%

