--------
Total Statistics
--------
Total Instructions: 19459131640
Total Cycles: 78296431377
IPC: 0.248532

--------
Single level Tlb hierarchy
--------
  Data Tlb:
    Entries:          64
    Page Size(B):   4096
    Associativity:      4

Latencies:    0  150
Tlb-Sets:   16 - LRU - assoc:   4

Tlb Stats:
Tlb-Load-Hits:        8360115867   99.60%
Tlb-Load-Misses:        33378424    0.40%
Tlb-Load-Accesses:    8393494291  100.00%

Tlb-Store-Hits:          83424853   99.83%
Tlb-Store-Misses:          146043    0.17%
Tlb-Store-Accesses:      83570896  100.00%

Tlb-Total-Hits:        8443540720   99.60%
Tlb-Total-Misses:        33524467    0.40%
Tlb-Total-Accesses:    8477065187  100.00%



--------
Two level Cache hierarchy
--------
  L1-Data Cache:
    Size(KB):         128
    Block Size(B):     32
    Associativity:      8

  L2-Data Cache:
    Size(KB):        1024
    Block Size(B):    128
    Associativity:      8

Latencies:    1   10  250
L1-Sets:  512 - LRU - assoc:   8
L2-Sets: 1024 - LRU - assoc:   8
Store_allocation: Yes
L2_inclusive: Yes
L2_prefetching: No

L1 Cache Stats:
L1-Load-Hits:        7699341042   91.73%
L1-Load-Misses:       694153249    8.27%
L1-Load-Accesses:    8393494291  100.00%

L1-Store-Hits:          81345070   97.34%
L1-Store-Misses:         2225826    2.66%
L1-Store-Accesses:      83570896  100.00%

L1-Total-Hits:        7780686112   91.79%
L1-Total-Misses:       696379075    8.21%
L1-Total-Accesses:    8477065187  100.00%

L2 Cache Stats:
L2-Load-Hits:         541149492   77.96%
L2-Load-Misses:       153003757   22.04%
L2-Load-Accesses:     694153249  100.00%

L2-Store-Hits:           1758488   79.00%
L2-Store-Misses:          467338   21.00%
L2-Store-Accesses:       2225826  100.00%

L2-Total-Hits:         542907980   77.96%
L2-Total-Misses:       153471095   22.04%
L2-Total-Accesses:     696379075  100.00%

