--------
Total Statistics
--------
Total Instructions: 19459131659
Total Cycles: 72926945295
IPC: 0.26683

--------
Single level Tlb hierarchy
--------
  Data Tlb:
    Entries:          64
    Page Size(B):   4096
    Associativity:      4

Latencies:    0  150
Tlb-Sets:   16 - LRU - assoc:   4

Tlb Stats:
Tlb-Load-Hits:        8360129592   99.60%
Tlb-Load-Misses:        33364706    0.40%
Tlb-Load-Accesses:    8393494298  100.00%

Tlb-Store-Hits:          83422825   99.82%
Tlb-Store-Misses:          148073    0.18%
Tlb-Store-Accesses:      83570898  100.00%

Tlb-Total-Hits:        8443552417   99.60%
Tlb-Total-Misses:        33512779    0.40%
Tlb-Total-Accesses:    8477065196  100.00%



--------
Two level Cache hierarchy
--------
  L1-Data Cache:
    Size(KB):          32
    Block Size(B):    128
    Associativity:      8

  L2-Data Cache:
    Size(KB):        1024
    Block Size(B):    128
    Associativity:      8

Latencies:    1   10  250
L1-Sets:   32 - LRU - assoc:   8
L2-Sets: 1024 - LRU - assoc:   8
Store_allocation: Yes
L2_inclusive: Yes
L2_prefetching: No

L1 Cache Stats:
L1-Load-Hits:        8236168185   98.13%
L1-Load-Misses:       157326113    1.87%
L1-Load-Accesses:    8393494298  100.00%

L1-Store-Hits:          83016077   99.34%
L1-Store-Misses:          554821    0.66%
L1-Store-Accesses:      83570898  100.00%

L1-Total-Hits:        8319184262   98.14%
L1-Total-Misses:       157880934    1.86%
L1-Total-Accesses:    8477065196  100.00%

L2 Cache Stats:
L2-Load-Hits:           4246562    2.70%
L2-Load-Misses:       153079551   97.30%
L2-Load-Accesses:     157326113  100.00%

L2-Store-Hits:             94283   16.99%
L2-Store-Misses:          460538   83.01%
L2-Store-Accesses:        554821  100.00%

L2-Total-Hits:           4340845    2.75%
L2-Total-Misses:       153540089   97.25%
L2-Total-Accesses:     157880934  100.00%

