--------
Total Statistics
--------
Total Instructions: 19459131640
Total Cycles: 75794937007
IPC: 0.256734

--------
Single level Tlb hierarchy
--------
  Data Tlb:
    Entries:          64
    Page Size(B):   4096
    Associativity:      4

Latencies:    0  150
Tlb-Sets:   16 - LRU - assoc:   4

Tlb Stats:
Tlb-Load-Hits:        8360138211   99.60%
Tlb-Load-Misses:        33356080    0.40%
Tlb-Load-Accesses:    8393494291  100.00%

Tlb-Store-Hits:          83432862   99.83%
Tlb-Store-Misses:          138034    0.17%
Tlb-Store-Accesses:      83570896  100.00%

Tlb-Total-Hits:        8443571073   99.60%
Tlb-Total-Misses:        33494114    0.40%
Tlb-Total-Accesses:    8477065187  100.00%



--------
Two level Cache hierarchy
--------
  L1-Data Cache:
    Size(KB):          32
    Block Size(B):     64
    Associativity:      4

  L2-Data Cache:
    Size(KB):        1024
    Block Size(B):    128
    Associativity:      8

Latencies:    1   10  250
L1-Sets:  128 - LRU - assoc:   4
L2-Sets: 1024 - LRU - assoc:   8
Store_allocation: Yes
L2_inclusive: Yes
L2_prefetching: No

L1 Cache Stats:
L1-Load-Hits:        7948436099   94.70%
L1-Load-Misses:       445058192    5.30%
L1-Load-Accesses:    8393494291  100.00%

L1-Store-Hits:          81829205   97.92%
L1-Store-Misses:         1741691    2.08%
L1-Store-Accesses:      83570896  100.00%

L1-Total-Hits:        8030265304   94.73%
L1-Total-Misses:       446799883    5.27%
L1-Total-Accesses:    8477065187  100.00%

L2 Cache Stats:
L2-Load-Hits:         292049837   65.62%
L2-Load-Misses:       153008355   34.38%
L2-Load-Accesses:     445058192  100.00%

L2-Store-Hits:           1283549   73.70%
L2-Store-Misses:          458142   26.30%
L2-Store-Accesses:       1741691  100.00%

L2-Total-Hits:         293333386   65.65%
L2-Total-Misses:       153466497   34.35%
L2-Total-Accesses:     446799883  100.00%

