--------
Total Statistics
--------
Total Instructions: 29579686373
Total Cycles: 40010090242
IPC: 0.739306

--------
Single level Tlb hierarchy
--------
  Data Tlb:
    Entries:          64
    Page Size(B):   4096
    Associativity:      4

Latencies:    0  150
Tlb-Sets:   16 - LRU - assoc:   4

Tlb Stats:
Tlb-Load-Hits:        8048530014  100.00%
Tlb-Load-Misses:           22555    0.00%
Tlb-Load-Accesses:    8048552569  100.00%

Tlb-Store-Hits:        2325705081  100.00%
Tlb-Store-Misses:             369    0.00%
Tlb-Store-Accesses:    2325705450  100.00%

Tlb-Total-Hits:       10374235095  100.00%
Tlb-Total-Misses:           22924    0.00%
Tlb-Total-Accesses:   10374258019  100.00%



--------
Two level Cache hierarchy
--------
  L1-Data Cache:
    Size(KB):          64
    Block Size(B):    128
    Associativity:      8

  L2-Data Cache:
    Size(KB):        1024
    Block Size(B):    128
    Associativity:      8

Latencies:    1   10  250
L1-Sets:   64 - LRU - assoc:   8
L2-Sets: 1024 - LRU - assoc:   8
Store_allocation: Yes
L2_inclusive: Yes
L2_prefetching: No

L1 Cache Stats:
L1-Load-Hits:        8045176559   99.96%
L1-Load-Misses:         3376010    0.04%
L1-Load-Accesses:    8048552569  100.00%

L1-Store-Hits:        2324099910   99.93%
L1-Store-Misses:         1605540    0.07%
L1-Store-Accesses:    2325705450  100.00%

L1-Total-Hits:       10369276469   99.95%
L1-Total-Misses:         4981550    0.05%
L1-Total-Accesses:   10374258019  100.00%

L2 Cache Stats:
L2-Load-Hits:           3373410   99.92%
L2-Load-Misses:            2600    0.08%
L2-Load-Accesses:       3376010  100.00%

L2-Store-Hits:           1596573   99.44%
L2-Store-Misses:            8967    0.56%
L2-Store-Accesses:       1605540  100.00%

L2-Total-Hits:           4969983   99.77%
L2-Total-Misses:           11567    0.23%
L2-Total-Accesses:       4981550  100.00%

