--------
Total Statistics
--------
Total Instructions: 29579686373
Total Cycles: 40102521272
IPC: 0.737602

--------
Single level Tlb hierarchy
--------
  Data Tlb:
    Entries:          64
    Page Size(B):   4096
    Associativity:      4

Latencies:    0  150
Tlb-Sets:   16 - LRU - assoc:   4

Tlb Stats:
Tlb-Load-Hits:        8048551722  100.00%
Tlb-Load-Misses:             847    0.00%
Tlb-Load-Accesses:    8048552569  100.00%

Tlb-Store-Hits:        2325704555  100.00%
Tlb-Store-Misses:             895    0.00%
Tlb-Store-Accesses:    2325705450  100.00%

Tlb-Total-Hits:       10374256277  100.00%
Tlb-Total-Misses:            1742    0.00%
Tlb-Total-Accesses:   10374258019  100.00%



--------
Two level Cache hierarchy
--------
  L1-Data Cache:
    Size(KB):          64
    Block Size(B):     64
    Associativity:      4

  L2-Data Cache:
    Size(KB):        1024
    Block Size(B):    128
    Associativity:      8

Latencies:    1   10  250
L1-Sets:  256 - LRU - assoc:   4
L2-Sets: 1024 - LRU - assoc:   8
Store_allocation: Yes
L2_inclusive: Yes
L2_prefetching: No

L1 Cache Stats:
L1-Load-Hits:        8038221017   99.87%
L1-Load-Misses:        10331552    0.13%
L1-Load-Accesses:    8048552569  100.00%

L1-Store-Hits:        2321494019   99.82%
L1-Store-Misses:         4211431    0.18%
L1-Store-Accesses:    2325705450  100.00%

L1-Total-Hits:       10359715036   99.86%
L1-Total-Misses:        14542983    0.14%
L1-Total-Accesses:   10374258019  100.00%

L2 Cache Stats:
L2-Load-Hits:          10328976   99.98%
L2-Load-Misses:            2576    0.02%
L2-Load-Accesses:      10331552  100.00%

L2-Store-Hits:           4202464   99.79%
L2-Store-Misses:            8967    0.21%
L2-Store-Accesses:       4211431  100.00%

L2-Total-Hits:          14531440   99.92%
L2-Total-Misses:           11543    0.08%
L2-Total-Accesses:      14542983  100.00%

