--------
Total Statistics
--------
Total Instructions: 29579686373
Total Cycles: 39957451342
IPC: 0.74028

--------
Single level Tlb hierarchy
--------
  Data Tlb:
    Entries:          64
    Page Size(B):   4096
    Associativity:      4

Latencies:    0  150
Tlb-Sets:   16 - LRU - assoc:   4

Tlb Stats:
Tlb-Load-Hits:        8048552488  100.00%
Tlb-Load-Misses:              81    0.00%
Tlb-Load-Accesses:    8048552569  100.00%

Tlb-Store-Hits:        2325705108  100.00%
Tlb-Store-Misses:             342    0.00%
Tlb-Store-Accesses:    2325705450  100.00%

Tlb-Total-Hits:       10374257596  100.00%
Tlb-Total-Misses:             423    0.00%
Tlb-Total-Accesses:   10374258019  100.00%



--------
Two level Cache hierarchy
--------
  L1-Data Cache:
    Size(KB):         128
    Block Size(B):     32
    Associativity:      8

  L2-Data Cache:
    Size(KB):        1024
    Block Size(B):    128
    Associativity:      8

Latencies:    1   10  250
L1-Sets:  512 - LRU - assoc:   8
L2-Sets: 1024 - LRU - assoc:   8
Store_allocation: Yes
L2_inclusive: Yes
L2_prefetching: No

L1 Cache Stats:
L1-Load-Hits:        8048545793  100.00%
L1-Load-Misses:            6776    0.00%
L1-Load-Accesses:    8048552569  100.00%

L1-Store-Hits:        2325661726  100.00%
L1-Store-Misses:           43724    0.00%
L1-Store-Accesses:    2325705450  100.00%

L1-Total-Hits:       10374207519  100.00%
L1-Total-Misses:           50500    0.00%
L1-Total-Accesses:   10374258019  100.00%

L2 Cache Stats:
L2-Load-Hits:              4006   59.12%
L2-Load-Misses:            2770   40.88%
L2-Load-Accesses:          6776  100.00%

L2-Store-Hits:             34740   79.45%
L2-Store-Misses:            8984   20.55%
L2-Store-Accesses:         43724  100.00%

L2-Total-Hits:             38746   76.72%
L2-Total-Misses:           11754   23.28%
L2-Total-Accesses:         50500  100.00%

