--------
Total Statistics
--------
Total Instructions: 29579686373
Total Cycles: 39975826592
IPC: 0.739939

--------
Single level Tlb hierarchy
--------
  Data Tlb:
    Entries:          64
    Page Size(B):   4096
    Associativity:      4

Latencies:    0  150
Tlb-Sets:   16 - LRU - assoc:   4

Tlb Stats:
Tlb-Load-Hits:        8048439976  100.00%
Tlb-Load-Misses:          112593    0.00%
Tlb-Load-Accesses:    8048552569  100.00%

Tlb-Store-Hits:        2325692607  100.00%
Tlb-Store-Misses:           12843    0.00%
Tlb-Store-Accesses:    2325705450  100.00%

Tlb-Total-Hits:       10374132583  100.00%
Tlb-Total-Misses:          125436    0.00%
Tlb-Total-Accesses:   10374258019  100.00%



--------
Two level Cache hierarchy
--------
  L1-Data Cache:
    Size(KB):         128
    Block Size(B):    128
    Associativity:      8

  L2-Data Cache:
    Size(KB):        1024
    Block Size(B):    128
    Associativity:      8

Latencies:    1   10  250
L1-Sets:  128 - LRU - assoc:   8
L2-Sets: 1024 - LRU - assoc:   8
Store_allocation: Yes
L2_inclusive: Yes
L2_prefetching: No

L1 Cache Stats:
L1-Load-Hits:        8048549557  100.00%
L1-Load-Misses:            3012    0.00%
L1-Load-Accesses:    8048552569  100.00%

L1-Store-Hits:        2325696432  100.00%
L1-Store-Misses:            9018    0.00%
L1-Store-Accesses:    2325705450  100.00%

L1-Total-Hits:       10374245989  100.00%
L1-Total-Misses:           12030    0.00%
L1-Total-Accesses:   10374258019  100.00%

L2 Cache Stats:
L2-Load-Hits:               216    7.17%
L2-Load-Misses:            2796   92.83%
L2-Load-Accesses:          3012  100.00%

L2-Store-Hits:                28    0.31%
L2-Store-Misses:            8990   99.69%
L2-Store-Accesses:          9018  100.00%

L2-Total-Hits:               244    2.03%
L2-Total-Misses:           11786   97.97%
L2-Total-Accesses:         12030  100.00%

