--------
Total Statistics
--------
Total Instructions: 29579686373
Total Cycles: 40006839192
IPC: 0.739366

--------
Single level Tlb hierarchy
--------
  Data Tlb:
    Entries:          64
    Page Size(B):   4096
    Associativity:      4

Latencies:    0  150
Tlb-Sets:   16 - LRU - assoc:   4

Tlb Stats:
Tlb-Load-Hits:        8048479300  100.00%
Tlb-Load-Misses:           73269    0.00%
Tlb-Load-Accesses:    8048552569  100.00%

Tlb-Store-Hits:        2325705103  100.00%
Tlb-Store-Misses:             347    0.00%
Tlb-Store-Accesses:    2325705450  100.00%

Tlb-Total-Hits:       10374184403  100.00%
Tlb-Total-Misses:           73616    0.00%
Tlb-Total-Accesses:   10374258019  100.00%



--------
Two level Cache hierarchy
--------
  L1-Data Cache:
    Size(KB):          64
    Block Size(B):     32
    Associativity:      8

  L2-Data Cache:
    Size(KB):        1024
    Block Size(B):    128
    Associativity:      8

Latencies:    1   10  250
L1-Sets:  256 - LRU - assoc:   8
L2-Sets: 1024 - LRU - assoc:   8
Store_allocation: Yes
L2_inclusive: Yes
L2_prefetching: No

L1 Cache Stats:
L1-Load-Hits:        8045865101   99.97%
L1-Load-Misses:         2687468    0.03%
L1-Load-Accesses:    8048552569  100.00%

L1-Store-Hits:        2324496203   99.95%
L1-Store-Misses:         1209247    0.05%
L1-Store-Accesses:    2325705450  100.00%

L1-Total-Hits:       10370361304   99.96%
L1-Total-Misses:         3896715    0.04%
L1-Total-Accesses:   10374258019  100.00%

L2 Cache Stats:
L2-Load-Hits:           2684898   99.90%
L2-Load-Misses:            2570    0.10%
L2-Load-Accesses:       2687468  100.00%

L2-Store-Hits:           1200276   99.26%
L2-Store-Misses:            8971    0.74%
L2-Store-Accesses:       1209247  100.00%

L2-Total-Hits:           3885174   99.70%
L2-Total-Misses:           11541    0.30%
L2-Total-Accesses:       3896715  100.00%

