--------
Total Statistics
--------
Total Instructions: 29579686373
Total Cycles: 41195019632
IPC: 0.71804

--------
Single level Tlb hierarchy
--------
  Data Tlb:
    Entries:          64
    Page Size(B):   4096
    Associativity:      4

Latencies:    0  150
Tlb-Sets:   16 - LRU - assoc:   4

Tlb Stats:
Tlb-Load-Hits:        8048128602   99.99%
Tlb-Load-Misses:          423967    0.01%
Tlb-Load-Accesses:    8048552569  100.00%

Tlb-Store-Hits:        2325632600  100.00%
Tlb-Store-Misses:           72850    0.00%
Tlb-Store-Accesses:    2325705450  100.00%

Tlb-Total-Hits:       10373761202  100.00%
Tlb-Total-Misses:          496817    0.00%
Tlb-Total-Accesses:   10374258019  100.00%



--------
Two level Cache hierarchy
--------
  L1-Data Cache:
    Size(KB):          32
    Block Size(B):     64
    Associativity:      4

  L2-Data Cache:
    Size(KB):        1024
    Block Size(B):    128
    Associativity:      8

Latencies:    1   10  250
L1-Sets:  128 - LRU - assoc:   4
L2-Sets: 1024 - LRU - assoc:   8
Store_allocation: Yes
L2_inclusive: Yes
L2_prefetching: No

L1 Cache Stats:
L1-Load-Hits:        7983408434   99.19%
L1-Load-Misses:        65144135    0.81%
L1-Load-Accesses:    8048552569  100.00%

L1-Store-Hits:        2274482691   97.80%
L1-Store-Misses:        51222759    2.20%
L1-Store-Accesses:    2325705450  100.00%

L1-Total-Hits:       10257891125   98.88%
L1-Total-Misses:       116366894    1.12%
L1-Total-Accesses:   10374258019  100.00%

L2 Cache Stats:
L2-Load-Hits:          65141568  100.00%
L2-Load-Misses:            2567    0.00%
L2-Load-Accesses:      65144135  100.00%

L2-Store-Hits:          51213791   99.98%
L2-Store-Misses:            8968    0.02%
L2-Store-Accesses:      51222759  100.00%

L2-Total-Hits:         116355359   99.99%
L2-Total-Misses:           11535    0.01%
L2-Total-Accesses:     116366894  100.00%

