--------
Total Statistics
--------
Total Instructions: 29579686392
Total Cycles: 41921985160
IPC: 0.705589

--------
Single level Tlb hierarchy
--------
  Data Tlb:
    Entries:          64
    Page Size(B):   4096
    Associativity:      4

Latencies:    0  150
Tlb-Sets:   16 - LRU - assoc:   4

Tlb Stats:
Tlb-Load-Hits:        8048544974  100.00%
Tlb-Load-Misses:            7602    0.00%
Tlb-Load-Accesses:    8048552576  100.00%

Tlb-Store-Hits:        2325702600  100.00%
Tlb-Store-Misses:            2852    0.00%
Tlb-Store-Accesses:    2325705452  100.00%

Tlb-Total-Hits:       10374247574  100.00%
Tlb-Total-Misses:           10454    0.00%
Tlb-Total-Accesses:   10374258028  100.00%



--------
Two level Cache hierarchy
--------
  L1-Data Cache:
    Size(KB):          32
    Block Size(B):     32
    Associativity:      8

  L2-Data Cache:
    Size(KB):        1024
    Block Size(B):    128
    Associativity:      8

Latencies:    1   10  250
L1-Sets:  128 - LRU - assoc:   8
L2-Sets: 1024 - LRU - assoc:   8
Store_allocation: Yes
L2_inclusive: Yes
L2_prefetching: No

L1 Cache Stats:
L1-Load-Hits:        7951686351   98.80%
L1-Load-Misses:        96866225    1.20%
L1-Load-Accesses:    8048552576  100.00%

L1-Store-Hits:        2226212813   95.72%
L1-Store-Misses:        99492639    4.28%
L1-Store-Accesses:    2325705452  100.00%

L1-Total-Hits:       10177899164   98.11%
L1-Total-Misses:       196358864    1.89%
L1-Total-Accesses:   10374258028  100.00%

L2 Cache Stats:
L2-Load-Hits:          96863658  100.00%
L2-Load-Misses:            2567    0.00%
L2-Load-Accesses:      96866225  100.00%

L2-Store-Hits:          99483670   99.99%
L2-Store-Misses:            8969    0.01%
L2-Store-Accesses:      99492639  100.00%

L2-Total-Hits:         196347328   99.99%
L2-Total-Misses:           11536    0.01%
L2-Total-Accesses:     196358864  100.00%

