--------
Total Statistics
--------
Total Instructions: 29579686373
Total Cycles: 40029403002
IPC: 0.738949

--------
Single level Tlb hierarchy
--------
  Data Tlb:
    Entries:          64
    Page Size(B):   4096
    Associativity:      4

Latencies:    0  150
Tlb-Sets:   16 - LRU - assoc:   4

Tlb Stats:
Tlb-Load-Hits:        8048106279   99.99%
Tlb-Load-Misses:          446290    0.01%
Tlb-Load-Accesses:    8048552569  100.00%

Tlb-Store-Hits:        2325670107  100.00%
Tlb-Store-Misses:           35343    0.00%
Tlb-Store-Accesses:    2325705450  100.00%

Tlb-Total-Hits:       10373776386  100.00%
Tlb-Total-Misses:          481633    0.00%
Tlb-Total-Accesses:   10374258019  100.00%



--------
Two level Cache hierarchy
--------
  L1-Data Cache:
    Size(KB):         128
    Block Size(B):     64
    Associativity:      8

  L2-Data Cache:
    Size(KB):        1024
    Block Size(B):    128
    Associativity:      8

Latencies:    1   10  250
L1-Sets:  256 - LRU - assoc:   8
L2-Sets: 1024 - LRU - assoc:   8
Store_allocation: Yes
L2_inclusive: Yes
L2_prefetching: No

L1 Cache Stats:
L1-Load-Hits:        8048547401  100.00%
L1-Load-Misses:            5168    0.00%
L1-Load-Accesses:    8048552569  100.00%

L1-Store-Hits:        2325683427  100.00%
L1-Store-Misses:           22023    0.00%
L1-Store-Accesses:    2325705450  100.00%

L1-Total-Hits:       10374230828  100.00%
L1-Total-Misses:           27191    0.00%
L1-Total-Accesses:   10374258019  100.00%

L2 Cache Stats:
L2-Load-Hits:              2390   46.25%
L2-Load-Misses:            2778   53.75%
L2-Load-Accesses:          5168  100.00%

L2-Store-Hits:             13034   59.18%
L2-Store-Misses:            8989   40.82%
L2-Store-Accesses:         22023  100.00%

L2-Total-Hits:             15424   56.72%
L2-Total-Misses:           11767   43.28%
L2-Total-Accesses:         27191  100.00%

