--------
Total Statistics
--------
Total Instructions: 29579686373
Total Cycles: 40662286502
IPC: 0.727448

--------
Single level Tlb hierarchy
--------
  Data Tlb:
    Entries:          64
    Page Size(B):   4096
    Associativity:      4

Latencies:    0  150
Tlb-Sets:   16 - LRU - assoc:   4

Tlb Stats:
Tlb-Load-Hits:        8048390805  100.00%
Tlb-Load-Misses:          161764    0.00%
Tlb-Load-Accesses:    8048552569  100.00%

Tlb-Store-Hits:        2325589375  100.00%
Tlb-Store-Misses:          116075    0.00%
Tlb-Store-Accesses:    2325705450  100.00%

Tlb-Total-Hits:       10373980180  100.00%
Tlb-Total-Misses:          277839    0.00%
Tlb-Total-Accesses:   10374258019  100.00%



--------
Two level Cache hierarchy
--------
  L1-Data Cache:
    Size(KB):          32
    Block Size(B):    128
    Associativity:      8

  L2-Data Cache:
    Size(KB):        1024
    Block Size(B):    128
    Associativity:      8

Latencies:    1   10  250
L1-Sets:   32 - LRU - assoc:   8
L2-Sets: 1024 - LRU - assoc:   8
Store_allocation: Yes
L2_inclusive: Yes
L2_prefetching: No

L1 Cache Stats:
L1-Load-Hits:        8009709214   99.52%
L1-Load-Misses:        38843355    0.48%
L1-Load-Accesses:    8048552569  100.00%

L1-Store-Hits:        2298170629   98.82%
L1-Store-Misses:        27534821    1.18%
L1-Store-Accesses:    2325705450  100.00%

L1-Total-Hits:       10307879843   99.36%
L1-Total-Misses:        66378176    0.64%
L1-Total-Accesses:   10374258019  100.00%

L2 Cache Stats:
L2-Load-Hits:          38840786   99.99%
L2-Load-Misses:            2569    0.01%
L2-Load-Accesses:      38843355  100.00%

L2-Store-Hits:          27525852   99.97%
L2-Store-Misses:            8969    0.03%
L2-Store-Accesses:      27534821  100.00%

L2-Total-Hits:          66366638   99.98%
L2-Total-Misses:           11538    0.02%
L2-Total-Accesses:      66378176  100.00%

