--------
Total Statistics
--------
Total Instructions: 29579686373
Total Cycles: 40012373802
IPC: 0.739263

--------
Single level Tlb hierarchy
--------
  Data Tlb:
    Entries:          64
    Page Size(B):   4096
    Associativity:      4

Latencies:    0  150
Tlb-Sets:   16 - LRU - assoc:   4

Tlb Stats:
Tlb-Load-Hits:        8048507405  100.00%
Tlb-Load-Misses:           45164    0.00%
Tlb-Load-Accesses:    8048552569  100.00%

Tlb-Store-Hits:        2325705102  100.00%
Tlb-Store-Misses:             348    0.00%
Tlb-Store-Accesses:    2325705450  100.00%

Tlb-Total-Hits:       10374212507  100.00%
Tlb-Total-Misses:           45512    0.00%
Tlb-Total-Accesses:   10374258019  100.00%



--------
Two level Cache hierarchy
--------
  L1-Data Cache:
    Size(KB):          64
    Block Size(B):     64
    Associativity:      8

  L2-Data Cache:
    Size(KB):        1024
    Block Size(B):    128
    Associativity:      8

Latencies:    1   10  250
L1-Sets:  128 - LRU - assoc:   8
L2-Sets: 1024 - LRU - assoc:   8
Store_allocation: Yes
L2_inclusive: Yes
L2_prefetching: No

L1 Cache Stats:
L1-Load-Hits:        8045241823   99.96%
L1-Load-Misses:         3310746    0.04%
L1-Load-Accesses:    8048552569  100.00%

L1-Store-Hits:        2324144660   99.93%
L1-Store-Misses:         1560790    0.07%
L1-Store-Accesses:    2325705450  100.00%

L1-Total-Hits:       10369386483   99.95%
L1-Total-Misses:         4871536    0.05%
L1-Total-Accesses:   10374258019  100.00%

L2 Cache Stats:
L2-Load-Hits:           3308165   99.92%
L2-Load-Misses:            2581    0.08%
L2-Load-Accesses:       3310746  100.00%

L2-Store-Hits:           1551822   99.43%
L2-Store-Misses:            8968    0.57%
L2-Store-Accesses:       1560790  100.00%

L2-Total-Hits:           4859987   99.76%
L2-Total-Misses:           11549    0.24%
L2-Total-Accesses:       4871536  100.00%

