--------
Total Statistics
--------
Total Instructions: 4355791831
Total Cycles: 11207422726
IPC: 0.388652

--------
Single level Tlb hierarchy
--------
  Data Tlb:
    Entries:         256
    Page Size(B):   4096
    Associativity:      4

Latencies:    0  150
Tlb-Sets:   64 - LRU - assoc:   4

Tlb Stats:
Tlb-Load-Hits:         925959151   96.44%
Tlb-Load-Misses:        34131643    3.56%
Tlb-Load-Accesses:     960090794  100.00%

Tlb-Store-Hits:         320665239   99.93%
Tlb-Store-Misses:          211302    0.07%
Tlb-Store-Accesses:     320876541  100.00%

Tlb-Total-Hits:        1246624390   97.32%
Tlb-Total-Misses:        34342945    2.68%
Tlb-Total-Accesses:    1280967335  100.00%



--------
Two level Cache hierarchy
--------
  L1-Data Cache:
    Size(KB):          32
    Block Size(B):     64
    Associativity:      8

  L2-Data Cache:
    Size(KB):        1024
    Block Size(B):    128
    Associativity:      8

Latencies:    1   10  250
L1-Sets:   64 - LRU - assoc:   8
L2-Sets: 1024 - LRU - assoc:   8
Store_allocation: Yes
L2_inclusive: Yes
L2_prefetching: No

L1 Cache Stats:
L1-Load-Hits:         954642526   99.43%
L1-Load-Misses:         5448268    0.57%
L1-Load-Accesses:     960090794  100.00%

L1-Store-Hits:         320250178   99.80%
L1-Store-Misses:          626363    0.20%
L1-Store-Accesses:     320876541  100.00%

L1-Total-Hits:        1274892704   99.53%
L1-Total-Misses:         6074631    0.47%
L1-Total-Accesses:    1280967335  100.00%

L2 Cache Stats:
L2-Load-Hits:           4219274   77.44%
L2-Load-Misses:         1228994   22.56%
L2-Load-Accesses:       5448268  100.00%

L2-Store-Hits:            421455   67.29%
L2-Store-Misses:          204908   32.71%
L2-Store-Accesses:        626363  100.00%

L2-Total-Hits:           4640729   76.40%
L2-Total-Misses:         1433902   23.60%
L2-Total-Accesses:       6074631  100.00%

