--------
Total Statistics
--------
Total Instructions: 4355791831
Total Cycles: 11911094246
IPC: 0.365692

--------
Single level Tlb hierarchy
--------
  Data Tlb:
    Entries:          64
    Page Size(B):   4096
    Associativity:      4

Latencies:    0  150
Tlb-Sets:   16 - LRU - assoc:   4

Tlb Stats:
Tlb-Load-Hits:         921886051   96.02%
Tlb-Load-Misses:        38204743    3.98%
Tlb-Load-Accesses:     960090794  100.00%

Tlb-Store-Hits:         320050838   99.74%
Tlb-Store-Misses:          825703    0.26%
Tlb-Store-Accesses:     320876541  100.00%

Tlb-Total-Hits:        1241936889   96.95%
Tlb-Total-Misses:        39030446    3.05%
Tlb-Total-Accesses:    1280967335  100.00%



--------
Two level Cache hierarchy
--------
  L1-Data Cache:
    Size(KB):          32
    Block Size(B):     64
    Associativity:      8

  L2-Data Cache:
    Size(KB):        1024
    Block Size(B):    128
    Associativity:      8

Latencies:    1   10  250
L1-Sets:   64 - LRU - assoc:   8
L2-Sets: 1024 - LRU - assoc:   8
Store_allocation: Yes
L2_inclusive: Yes
L2_prefetching: No

L1 Cache Stats:
L1-Load-Hits:         954611290   99.43%
L1-Load-Misses:         5479504    0.57%
L1-Load-Accesses:     960090794  100.00%

L1-Store-Hits:         320229277   99.80%
L1-Store-Misses:          647264    0.20%
L1-Store-Accesses:     320876541  100.00%

L1-Total-Hits:        1274840567   99.52%
L1-Total-Misses:         6126768    0.48%
L1-Total-Accesses:    1280967335  100.00%

L2 Cache Stats:
L2-Load-Hits:           4250413   77.57%
L2-Load-Misses:         1229091   22.43%
L2-Load-Accesses:       5479504  100.00%

L2-Store-Hits:            442353   68.34%
L2-Store-Misses:          204911   31.66%
L2-Store-Accesses:        647264  100.00%

L2-Total-Hits:           4692766   76.59%
L2-Total-Misses:         1434002   23.41%
L2-Total-Accesses:       6126768  100.00%

