--------
Total Statistics
--------
Total Instructions: 4355791850
Total Cycles: 6062948704
IPC: 0.718428

--------
Single level Tlb hierarchy
--------
  Data Tlb:
    Entries:          64
    Page Size(B):   4096
    Associativity:     64

Latencies:    0  150
Tlb-Sets:    1 - LRU - assoc:  64

Tlb Stats:
Tlb-Load-Hits:         960052158  100.00%
Tlb-Load-Misses:           38643    0.00%
Tlb-Load-Accesses:     960090801  100.00%

Tlb-Store-Hits:         320870041  100.00%
Tlb-Store-Misses:            6502    0.00%
Tlb-Store-Accesses:     320876543  100.00%

Tlb-Total-Hits:        1280922199  100.00%
Tlb-Total-Misses:           45145    0.00%
Tlb-Total-Accesses:    1280967344  100.00%



--------
Two level Cache hierarchy
--------
  L1-Data Cache:
    Size(KB):          32
    Block Size(B):     64
    Associativity:      8

  L2-Data Cache:
    Size(KB):        1024
    Block Size(B):    128
    Associativity:      8

Latencies:    1   10  250
L1-Sets:   64 - LRU - assoc:   8
L2-Sets: 1024 - LRU - assoc:   8
Store_allocation: Yes
L2_inclusive: Yes
L2_prefetching: No

L1 Cache Stats:
L1-Load-Hits:         954623637   99.43%
L1-Load-Misses:         5467164    0.57%
L1-Load-Accesses:     960090801  100.00%

L1-Store-Hits:         320249481   99.80%
L1-Store-Misses:          627062    0.20%
L1-Store-Accesses:     320876543  100.00%

L1-Total-Hits:        1274873118   99.52%
L1-Total-Misses:         6094226    0.48%
L1-Total-Accesses:    1280967344  100.00%

L2 Cache Stats:
L2-Load-Hits:           4238170   77.52%
L2-Load-Misses:         1228994   22.48%
L2-Load-Accesses:       5467164  100.00%

L2-Store-Hits:            422154   67.32%
L2-Store-Misses:          204908   32.68%
L2-Store-Accesses:        627062  100.00%

L2-Total-Hits:           4660324   76.47%
L2-Total-Misses:         1433902   23.53%
L2-Total-Accesses:       6094226  100.00%

