--------
Total Statistics
--------
Total Instructions: 4355791831
Total Cycles: 11412910326
IPC: 0.381655

--------
Single level Tlb hierarchy
--------
  Data Tlb:
    Entries:         128
    Page Size(B):   4096
    Associativity:      4

Latencies:    0  150
Tlb-Sets:   32 - LRU - assoc:   4

Tlb Stats:
Tlb-Load-Hits:         924600352   96.30%
Tlb-Load-Misses:        35490442    3.70%
Tlb-Load-Accesses:     960090794  100.00%

Tlb-Store-Hits:         320665239   99.93%
Tlb-Store-Misses:          211302    0.07%
Tlb-Store-Accesses:     320876541  100.00%

Tlb-Total-Hits:        1245265591   97.21%
Tlb-Total-Misses:        35701744    2.79%
Tlb-Total-Accesses:    1280967335  100.00%



--------
Two level Cache hierarchy
--------
  L1-Data Cache:
    Size(KB):          32
    Block Size(B):     64
    Associativity:      8

  L2-Data Cache:
    Size(KB):        1024
    Block Size(B):    128
    Associativity:      8

Latencies:    1   10  250
L1-Sets:   64 - LRU - assoc:   8
L2-Sets: 1024 - LRU - assoc:   8
Store_allocation: Yes
L2_inclusive: Yes
L2_prefetching: No

L1 Cache Stats:
L1-Load-Hits:         954502342   99.42%
L1-Load-Misses:         5588452    0.58%
L1-Load-Accesses:     960090794  100.00%

L1-Store-Hits:         320231062   99.80%
L1-Store-Misses:          645479    0.20%
L1-Store-Accesses:     320876541  100.00%

L1-Total-Hits:        1274733404   99.51%
L1-Total-Misses:         6233931    0.49%
L1-Total-Accesses:    1280967335  100.00%

L2 Cache Stats:
L2-Load-Hits:           4359361   78.01%
L2-Load-Misses:         1229091   21.99%
L2-Load-Accesses:       5588452  100.00%

L2-Store-Hits:            440369   68.22%
L2-Store-Misses:          205110   31.78%
L2-Store-Accesses:        645479  100.00%

L2-Total-Hits:           4799730   76.99%
L2-Total-Misses:         1434201   23.01%
L2-Total-Accesses:       6233931  100.00%

