--------
Total Statistics
--------
Total Instructions: 4355791831
Total Cycles: 6065434686
IPC: 0.718133

--------
Single level Tlb hierarchy
--------
  Data Tlb:
    Entries:          64
    Page Size(B):   4096
    Associativity:     16

Latencies:    0  150
Tlb-Sets:    4 - LRU - assoc:  16

Tlb Stats:
Tlb-Load-Hits:         960052151  100.00%
Tlb-Load-Misses:           38643    0.00%
Tlb-Load-Accesses:     960090794  100.00%

Tlb-Store-Hits:         320870039  100.00%
Tlb-Store-Misses:            6502    0.00%
Tlb-Store-Accesses:     320876541  100.00%

Tlb-Total-Hits:        1280922190  100.00%
Tlb-Total-Misses:           45145    0.00%
Tlb-Total-Accesses:    1280967335  100.00%



--------
Two level Cache hierarchy
--------
  L1-Data Cache:
    Size(KB):          32
    Block Size(B):     64
    Associativity:      8

  L2-Data Cache:
    Size(KB):        1024
    Block Size(B):    128
    Associativity:      8

Latencies:    1   10  250
L1-Sets:   64 - LRU - assoc:   8
L2-Sets: 1024 - LRU - assoc:   8
Store_allocation: Yes
L2_inclusive: Yes
L2_prefetching: No

L1 Cache Stats:
L1-Load-Hits:         954388008   99.41%
L1-Load-Misses:         5702786    0.59%
L1-Load-Accesses:     960090794  100.00%

L1-Store-Hits:         320236500   99.80%
L1-Store-Misses:          640041    0.20%
L1-Store-Accesses:     320876541  100.00%

L1-Total-Hits:        1274624508   99.50%
L1-Total-Misses:         6342827    0.50%
L1-Total-Accesses:    1280967335  100.00%

L2 Cache Stats:
L2-Load-Hits:           4473792   78.45%
L2-Load-Misses:         1228994   21.55%
L2-Load-Accesses:       5702786  100.00%

L2-Store-Hits:            435133   67.99%
L2-Store-Misses:          204908   32.01%
L2-Store-Accesses:        640041  100.00%

L2-Total-Hits:           4908925   77.39%
L2-Total-Misses:         1433902   22.61%
L2-Total-Accesses:       6342827  100.00%

