--------
Total Statistics
--------
Total Instructions: 4355791831
Total Cycles: 17860875246
IPC: 0.243873

--------
Single level Tlb hierarchy
--------
  Data Tlb:
    Entries:          64
    Page Size(B):   4096
    Associativity:      1

Latencies:    0  150
Tlb-Sets:   64 - LRU - assoc:   1

Tlb Stats:
Tlb-Load-Hits:         883178747   91.99%
Tlb-Load-Misses:        76912047    8.01%
Tlb-Load-Accesses:     960090794  100.00%

Tlb-Store-Hits:         319103839   99.45%
Tlb-Store-Misses:         1772702    0.55%
Tlb-Store-Accesses:     320876541  100.00%

Tlb-Total-Hits:        1202282586   93.86%
Tlb-Total-Misses:        78684749    6.14%
Tlb-Total-Accesses:    1280967335  100.00%



--------
Two level Cache hierarchy
--------
  L1-Data Cache:
    Size(KB):          32
    Block Size(B):     64
    Associativity:      8

  L2-Data Cache:
    Size(KB):        1024
    Block Size(B):    128
    Associativity:      8

Latencies:    1   10  250
L1-Sets:   64 - LRU - assoc:   8
L2-Sets: 1024 - LRU - assoc:   8
Store_allocation: Yes
L2_inclusive: Yes
L2_prefetching: No

L1 Cache Stats:
L1-Load-Hits:         954439411   99.41%
L1-Load-Misses:         5651383    0.59%
L1-Load-Accesses:     960090794  100.00%

L1-Store-Hits:         320237601   99.80%
L1-Store-Misses:          638940    0.20%
L1-Store-Accesses:     320876541  100.00%

L1-Total-Hits:        1274677012   99.51%
L1-Total-Misses:         6290323    0.49%
L1-Total-Accesses:    1280967335  100.00%

L2 Cache Stats:
L2-Load-Hits:           4422290   78.25%
L2-Load-Misses:         1229093   21.75%
L2-Load-Accesses:       5651383  100.00%

L2-Store-Hits:            434031   67.93%
L2-Store-Misses:          204909   32.07%
L2-Store-Accesses:        638940  100.00%

L2-Total-Hits:           4856321   77.20%
L2-Total-Misses:         1434002   22.80%
L2-Total-Accesses:       6290323  100.00%

