--------
Total Statistics
--------
Total Instructions: 4355791831
Total Cycles: 6072964836
IPC: 0.717243

--------
Single level Tlb hierarchy
--------
  Data Tlb:
    Entries:          64
    Page Size(B):   4096
    Associativity:     32

Latencies:    0  150
Tlb-Sets:    2 - LRU - assoc:  32

Tlb Stats:
Tlb-Load-Hits:         960052151  100.00%
Tlb-Load-Misses:           38643    0.00%
Tlb-Load-Accesses:     960090794  100.00%

Tlb-Store-Hits:         320870038  100.00%
Tlb-Store-Misses:            6503    0.00%
Tlb-Store-Accesses:     320876541  100.00%

Tlb-Total-Hits:        1280922189  100.00%
Tlb-Total-Misses:           45146    0.00%
Tlb-Total-Accesses:    1280967335  100.00%



--------
Two level Cache hierarchy
--------
  L1-Data Cache:
    Size(KB):          32
    Block Size(B):     64
    Associativity:      8

  L2-Data Cache:
    Size(KB):        1024
    Block Size(B):    128
    Associativity:      8

Latencies:    1   10  250
L1-Sets:   64 - LRU - assoc:   8
L2-Sets: 1024 - LRU - assoc:   8
Store_allocation: Yes
L2_inclusive: Yes
L2_prefetching: No

L1 Cache Stats:
L1-Load-Hits:         953734314   99.34%
L1-Load-Misses:         6356480    0.66%
L1-Load-Accesses:     960090794  100.00%

L1-Store-Hits:         320137194   99.77%
L1-Store-Misses:          739347    0.23%
L1-Store-Accesses:     320876541  100.00%

L1-Total-Hits:        1273871508   99.45%
L1-Total-Misses:         7095827    0.55%
L1-Total-Accesses:    1280967335  100.00%

L2 Cache Stats:
L2-Load-Hits:           5127487   80.67%
L2-Load-Misses:         1228993   19.33%
L2-Load-Accesses:       6356480  100.00%

L2-Store-Hits:            534438   72.29%
L2-Store-Misses:          204909   27.71%
L2-Store-Accesses:        739347  100.00%

L2-Total-Hits:           5661925   79.79%
L2-Total-Misses:         1433902   20.21%
L2-Total-Accesses:       7095827  100.00%

