--------
Total Statistics
--------
Total Instructions: 12275683896
Total Cycles: 18955411531
IPC: 0.647608

--------
Single level Tlb hierarchy
--------
  Data Tlb:
    Entries:          64
    Page Size(B):   4096
    Associativity:      4

Latencies:    0  150
Tlb-Sets:   16 - LRU - assoc:   4

Tlb Stats:
Tlb-Load-Hits:        2362943750   99.41%
Tlb-Load-Misses:        14024795    0.59%
Tlb-Load-Accesses:    2376968545  100.00%

Tlb-Store-Hits:         652830808   99.93%
Tlb-Store-Misses:          426612    0.07%
Tlb-Store-Accesses:     653257420  100.00%

Tlb-Total-Hits:        3015774558   99.52%
Tlb-Total-Misses:        14451407    0.48%
Tlb-Total-Accesses:    3030225965  100.00%



--------
Two level Cache hierarchy
--------
  L1-Data Cache:
    Size(KB):          32
    Block Size(B):     64
    Associativity:      8

  L2-Data Cache:
    Size(KB):        1024
    Block Size(B):    128
    Associativity:      8

Latencies:    1   10  250
L1-Sets:   64 - LRU - assoc:   8
L2-Sets: 1024 - LRU - assoc:   8
Store_allocation: Yes
L2_inclusive: Yes
L2_prefetching: No

L1 Cache Stats:
L1-Load-Hits:        2262782386   95.20%
L1-Load-Misses:       114186159    4.80%
L1-Load-Accesses:    2376968545  100.00%

L1-Store-Hits:         646411142   98.95%
L1-Store-Misses:         6846278    1.05%
L1-Store-Accesses:     653257420  100.00%

L1-Total-Hits:        2909193528   96.01%
L1-Total-Misses:       121032437    3.99%
L1-Total-Accesses:    3030225965  100.00%

L2 Cache Stats:
L2-Load-Hits:         113568228   99.46%
L2-Load-Misses:          617931    0.54%
L2-Load-Accesses:     114186159  100.00%

L2-Store-Hits:           6378344   93.17%
L2-Store-Misses:          467934    6.83%
L2-Store-Accesses:       6846278  100.00%

L2-Total-Hits:         119946572   99.10%
L2-Total-Misses:         1085865    0.90%
L2-Total-Accesses:     121032437  100.00%

