--------
Total Statistics
--------
Total Instructions: 12275683896
Total Cycles: 23411037721
IPC: 0.524355

--------
Single level Tlb hierarchy
--------
  Data Tlb:
    Entries:          64
    Page Size(B):   4096
    Associativity:      1

Latencies:    0  150
Tlb-Sets:   64 - LRU - assoc:   1

Tlb Stats:
Tlb-Load-Hits:        2335510921   98.26%
Tlb-Load-Misses:        41457624    1.74%
Tlb-Load-Accesses:    2376968545  100.00%

Tlb-Store-Hits:         650548586   99.59%
Tlb-Store-Misses:         2708834    0.41%
Tlb-Store-Accesses:     653257420  100.00%

Tlb-Total-Hits:        2986059507   98.54%
Tlb-Total-Misses:        44166458    1.46%
Tlb-Total-Accesses:    3030225965  100.00%



--------
Two level Cache hierarchy
--------
  L1-Data Cache:
    Size(KB):          32
    Block Size(B):     64
    Associativity:      8

  L2-Data Cache:
    Size(KB):        1024
    Block Size(B):    128
    Associativity:      8

Latencies:    1   10  250
L1-Sets:   64 - LRU - assoc:   8
L2-Sets: 1024 - LRU - assoc:   8
Store_allocation: Yes
L2_inclusive: Yes
L2_prefetching: No

L1 Cache Stats:
L1-Load-Hits:        2262892120   95.20%
L1-Load-Misses:       114076425    4.80%
L1-Load-Accesses:    2376968545  100.00%

L1-Store-Hits:         646410729   98.95%
L1-Store-Misses:         6846691    1.05%
L1-Store-Accesses:     653257420  100.00%

L1-Total-Hits:        2909302849   96.01%
L1-Total-Misses:       120923116    3.99%
L1-Total-Accesses:    3030225965  100.00%

L2 Cache Stats:
L2-Load-Hits:         113459707   99.46%
L2-Load-Misses:          616718    0.54%
L2-Load-Accesses:     114076425  100.00%

L2-Store-Hits:           6379697   93.18%
L2-Store-Misses:          466994    6.82%
L2-Store-Accesses:       6846691  100.00%

L2-Total-Hits:         119839404   99.10%
L2-Total-Misses:         1083712    0.90%
L2-Total-Accesses:     120923116  100.00%

