--------
Total Statistics
--------
Total Instructions: 12275683896
Total Cycles: 18733467771
IPC: 0.655281

--------
Single level Tlb hierarchy
--------
  Data Tlb:
    Entries:         128
    Page Size(B):   4096
    Associativity:      4

Latencies:    0  150
Tlb-Sets:   32 - LRU - assoc:   4

Tlb Stats:
Tlb-Load-Hits:        2364431303   99.47%
Tlb-Load-Misses:        12537242    0.53%
Tlb-Load-Accesses:    2376968545  100.00%

Tlb-Store-Hits:         652837755   99.94%
Tlb-Store-Misses:          419665    0.06%
Tlb-Store-Accesses:     653257420  100.00%

Tlb-Total-Hits:        3017269058   99.57%
Tlb-Total-Misses:        12956907    0.43%
Tlb-Total-Accesses:    3030225965  100.00%



--------
Two level Cache hierarchy
--------
  L1-Data Cache:
    Size(KB):          32
    Block Size(B):     64
    Associativity:      8

  L2-Data Cache:
    Size(KB):        1024
    Block Size(B):    128
    Associativity:      8

Latencies:    1   10  250
L1-Sets:   64 - LRU - assoc:   8
L2-Sets: 1024 - LRU - assoc:   8
Store_allocation: Yes
L2_inclusive: Yes
L2_prefetching: No

L1 Cache Stats:
L1-Load-Hits:        2262626291   95.19%
L1-Load-Misses:       114342254    4.81%
L1-Load-Accesses:    2376968545  100.00%

L1-Store-Hits:         646260388   98.93%
L1-Store-Misses:         6997032    1.07%
L1-Store-Accesses:     653257420  100.00%

L1-Total-Hits:        2908886679   96.00%
L1-Total-Misses:       121339286    4.00%
L1-Total-Accesses:    3030225965  100.00%

L2 Cache Stats:
L2-Load-Hits:         113726558   99.46%
L2-Load-Misses:          615696    0.54%
L2-Load-Accesses:     114342254  100.00%

L2-Store-Hits:           6530212   93.33%
L2-Store-Misses:          466820    6.67%
L2-Store-Accesses:       6997032  100.00%

L2-Total-Hits:         120256770   99.11%
L2-Total-Misses:         1082516    0.89%
L2-Total-Accesses:     121339286  100.00%

