--------
Total Statistics
--------
Total Instructions: 12275683896
Total Cycles: 18948121591
IPC: 0.647858

--------
Single level Tlb hierarchy
--------
  Data Tlb:
    Entries:          64
    Page Size(B):   4096
    Associativity:     32

Latencies:    0  150
Tlb-Sets:    2 - LRU - assoc:  32

Tlb Stats:
Tlb-Load-Hits:        2362965813   99.41%
Tlb-Load-Misses:        14002732    0.59%
Tlb-Load-Accesses:    2376968545  100.00%

Tlb-Store-Hits:         652866851   99.94%
Tlb-Store-Misses:          390569    0.06%
Tlb-Store-Accesses:     653257420  100.00%

Tlb-Total-Hits:        3015832664   99.53%
Tlb-Total-Misses:        14393301    0.47%
Tlb-Total-Accesses:    3030225965  100.00%



--------
Two level Cache hierarchy
--------
  L1-Data Cache:
    Size(KB):          32
    Block Size(B):     64
    Associativity:      8

  L2-Data Cache:
    Size(KB):        1024
    Block Size(B):    128
    Associativity:      8

Latencies:    1   10  250
L1-Sets:   64 - LRU - assoc:   8
L2-Sets: 1024 - LRU - assoc:   8
Store_allocation: Yes
L2_inclusive: Yes
L2_prefetching: No

L1 Cache Stats:
L1-Load-Hits:        2262776290   95.20%
L1-Load-Misses:       114192255    4.80%
L1-Load-Accesses:    2376968545  100.00%

L1-Store-Hits:         646276692   98.93%
L1-Store-Misses:         6980728    1.07%
L1-Store-Accesses:     653257420  100.00%

L1-Total-Hits:        2909052982   96.00%
L1-Total-Misses:       121172983    4.00%
L1-Total-Accesses:    3030225965  100.00%

L2 Cache Stats:
L2-Load-Hits:         113574191   99.46%
L2-Load-Misses:          618064    0.54%
L2-Load-Accesses:     114192255  100.00%

L2-Store-Hits:           6512845   93.30%
L2-Store-Misses:          467883    6.70%
L2-Store-Accesses:       6980728  100.00%

L2-Total-Hits:         120087036   99.10%
L2-Total-Misses:         1085947    0.90%
L2-Total-Accesses:     121172983  100.00%

