--------
Total Statistics
--------
Total Instructions: 12275683896
Total Cycles: 16825720021
IPC: 0.729579

--------
Single level Tlb hierarchy
--------
  Data Tlb:
    Entries:         256
    Page Size(B):   4096
    Associativity:      4

Latencies:    0  150
Tlb-Sets:   64 - LRU - assoc:   4

Tlb Stats:
Tlb-Load-Hits:        2376753936   99.99%
Tlb-Load-Misses:          214609    0.01%
Tlb-Load-Accesses:    2376968545  100.00%

Tlb-Store-Hits:         653216305   99.99%
Tlb-Store-Misses:           41115    0.01%
Tlb-Store-Accesses:     653257420  100.00%

Tlb-Total-Hits:        3029970241   99.99%
Tlb-Total-Misses:          255724    0.01%
Tlb-Total-Accesses:    3030225965  100.00%



--------
Two level Cache hierarchy
--------
  L1-Data Cache:
    Size(KB):          32
    Block Size(B):     64
    Associativity:      8

  L2-Data Cache:
    Size(KB):        1024
    Block Size(B):    128
    Associativity:      8

Latencies:    1   10  250
L1-Sets:   64 - LRU - assoc:   8
L2-Sets: 1024 - LRU - assoc:   8
Store_allocation: Yes
L2_inclusive: Yes
L2_prefetching: No

L1 Cache Stats:
L1-Load-Hits:        2262766314   95.20%
L1-Load-Misses:       114202231    4.80%
L1-Load-Accesses:    2376968545  100.00%

L1-Store-Hits:         646402620   98.95%
L1-Store-Misses:         6854800    1.05%
L1-Store-Accesses:     653257420  100.00%

L1-Total-Hits:        2909168934   96.01%
L1-Total-Misses:       121057031    3.99%
L1-Total-Accesses:    3030225965  100.00%

L2 Cache Stats:
L2-Load-Hits:         113585711   99.46%
L2-Load-Misses:          616520    0.54%
L2-Load-Accesses:     114202231  100.00%

L2-Store-Hits:           6387795   93.19%
L2-Store-Misses:          467005    6.81%
L2-Store-Accesses:       6854800  100.00%

L2-Total-Hits:         119973506   99.10%
L2-Total-Misses:         1083525    0.90%
L2-Total-Accesses:     121057031  100.00%

