--------
Total Statistics
--------
Total Instructions: 1671551979
Total Cycles: 18398775389
IPC: 0.0908513

--------
Single level Tlb hierarchy
--------
  Data Tlb:
    Entries:          64
    Page Size(B):   4096
    Associativity:      2

Latencies:    0  150
Tlb-Sets:   32 - LRU - assoc:   2

Tlb Stats:
Tlb-Load-Hits:         256871898   83.79%
Tlb-Load-Misses:        49688539   16.21%
Tlb-Load-Accesses:     306560437  100.00%

Tlb-Store-Hits:         119897571   99.23%
Tlb-Store-Misses:          925902    0.77%
Tlb-Store-Accesses:     120823473  100.00%

Tlb-Total-Hits:         376769469   88.16%
Tlb-Total-Misses:        50614441   11.84%
Tlb-Total-Accesses:     427383910  100.00%



--------
Two level Cache hierarchy
--------
  L1-Data Cache:
    Size(KB):          32
    Block Size(B):     64
    Associativity:      8

  L2-Data Cache:
    Size(KB):        1024
    Block Size(B):    128
    Associativity:      8

Latencies:    1   10  250
L1-Sets:   64 - LRU - assoc:   8
L2-Sets: 1024 - LRU - assoc:   8
Store_allocation: Yes
L2_inclusive: Yes
L2_prefetching: No

L1 Cache Stats:
L1-Load-Hits:         234172958   76.39%
L1-Load-Misses:        72387479   23.61%
L1-Load-Accesses:     306560437  100.00%

L1-Store-Hits:         120805767   99.99%
L1-Store-Misses:           17706    0.01%
L1-Store-Accesses:     120823473  100.00%

L1-Total-Hits:         354978725   83.06%
L1-Total-Misses:        72405185   16.94%
L1-Total-Accesses:     427383910  100.00%

L2 Cache Stats:
L2-Load-Hits:          40457515   55.89%
L2-Load-Misses:        31929964   44.11%
L2-Load-Accesses:      72387479  100.00%

L2-Store-Hits:             13184   74.46%
L2-Store-Misses:            4522   25.54%
L2-Store-Accesses:         17706  100.00%

L2-Total-Hits:          40470699   55.89%
L2-Total-Misses:        31934486   44.11%
L2-Total-Accesses:      72405185  100.00%

