--------
Total Statistics
--------
Total Instructions: 1671551960
Total Cycles: 15683497651
IPC: 0.10658

--------
Single level Tlb hierarchy
--------
  Data Tlb:
    Entries:          64
    Page Size(B):   4096
    Associativity:     64

Latencies:    0  150
Tlb-Sets:    1 - LRU - assoc:  64

Tlb Stats:
Tlb-Load-Hits:         274199267   89.44%
Tlb-Load-Misses:        32361163   10.56%
Tlb-Load-Accesses:     306560430  100.00%

Tlb-Store-Hits:         120668771   99.87%
Tlb-Store-Misses:          154700    0.13%
Tlb-Store-Accesses:     120823471  100.00%

Tlb-Total-Hits:         394868038   92.39%
Tlb-Total-Misses:        32515863    7.61%
Tlb-Total-Accesses:     427383901  100.00%



--------
Two level Cache hierarchy
--------
  L1-Data Cache:
    Size(KB):          32
    Block Size(B):     64
    Associativity:      8

  L2-Data Cache:
    Size(KB):        1024
    Block Size(B):    128
    Associativity:      8

Latencies:    1   10  250
L1-Sets:   64 - LRU - assoc:   8
L2-Sets: 1024 - LRU - assoc:   8
Store_allocation: Yes
L2_inclusive: Yes
L2_prefetching: No

L1 Cache Stats:
L1-Load-Hits:         234195085   76.39%
L1-Load-Misses:        72365345   23.61%
L1-Load-Accesses:     306560430  100.00%

L1-Store-Hits:         120814032   99.99%
L1-Store-Misses:            9439    0.01%
L1-Store-Accesses:     120823471  100.00%

L1-Total-Hits:         355009117   83.07%
L1-Total-Misses:        72374784   16.93%
L1-Total-Accesses:     427383901  100.00%

L2 Cache Stats:
L2-Load-Hits:          40433905   55.87%
L2-Load-Misses:        31931440   44.13%
L2-Load-Accesses:      72365345  100.00%

L2-Store-Hits:              7141   75.65%
L2-Store-Misses:            2298   24.35%
L2-Store-Accesses:          9439  100.00%

L2-Total-Hits:          40441046   55.88%
L2-Total-Misses:        31933738   44.12%
L2-Total-Accesses:      72374784  100.00%

