--------
Total Statistics
--------
Total Instructions: 1671551960
Total Cycles: 15984718441
IPC: 0.104572

--------
Single level Tlb hierarchy
--------
  Data Tlb:
    Entries:          64
    Page Size(B):   4096
    Associativity:     16

Latencies:    0  150
Tlb-Sets:    4 - LRU - assoc:  16

Tlb Stats:
Tlb-Load-Hits:         272436759   88.87%
Tlb-Load-Misses:        34123671   11.13%
Tlb-Load-Accesses:     306560430  100.00%

Tlb-Store-Hits:         120424669   99.67%
Tlb-Store-Misses:          398802    0.33%
Tlb-Store-Accesses:     120823471  100.00%

Tlb-Total-Hits:         392861428   91.92%
Tlb-Total-Misses:        34522473    8.08%
Tlb-Total-Accesses:     427383901  100.00%



--------
Two level Cache hierarchy
--------
  L1-Data Cache:
    Size(KB):          32
    Block Size(B):     64
    Associativity:      8

  L2-Data Cache:
    Size(KB):        1024
    Block Size(B):    128
    Associativity:      8

Latencies:    1   10  250
L1-Sets:   64 - LRU - assoc:   8
L2-Sets: 1024 - LRU - assoc:   8
Store_allocation: Yes
L2_inclusive: Yes
L2_prefetching: No

L1 Cache Stats:
L1-Load-Hits:         234186726   76.39%
L1-Load-Misses:        72373704   23.61%
L1-Load-Accesses:     306560430  100.00%

L1-Store-Hits:         120806787   99.99%
L1-Store-Misses:           16684    0.01%
L1-Store-Accesses:     120823471  100.00%

L1-Total-Hits:         354993513   83.06%
L1-Total-Misses:        72390388   16.94%
L1-Total-Accesses:     427383901  100.00%

L2 Cache Stats:
L2-Load-Hits:          40444091   55.88%
L2-Load-Misses:        31929613   44.12%
L2-Load-Accesses:      72373704  100.00%

L2-Store-Hits:             12266   73.52%
L2-Store-Misses:            4418   26.48%
L2-Store-Accesses:         16684  100.00%

L2-Total-Hits:          40456357   55.89%
L2-Total-Misses:        31934031   44.11%
L2-Total-Accesses:      72390388  100.00%

