--------
Total Statistics
--------
Total Instructions: 1671551960
Total Cycles: 17163139811
IPC: 0.097392

--------
Single level Tlb hierarchy
--------
  Data Tlb:
    Entries:          64
    Page Size(B):   4096
    Associativity:      4

Latencies:    0  150
Tlb-Sets:   16 - LRU - assoc:   4

Tlb Stats:
Tlb-Load-Hits:         264733084   86.36%
Tlb-Load-Misses:        41827346   13.64%
Tlb-Load-Accesses:     306560430  100.00%

Tlb-Store-Hits:         120268786   99.54%
Tlb-Store-Misses:          554685    0.46%
Tlb-Store-Accesses:     120823471  100.00%

Tlb-Total-Hits:         385001870   90.08%
Tlb-Total-Misses:        42382031    9.92%
Tlb-Total-Accesses:     427383901  100.00%



--------
Two level Cache hierarchy
--------
  L1-Data Cache:
    Size(KB):          32
    Block Size(B):     64
    Associativity:      8

  L2-Data Cache:
    Size(KB):        1024
    Block Size(B):    128
    Associativity:      8

Latencies:    1   10  250
L1-Sets:   64 - LRU - assoc:   8
L2-Sets: 1024 - LRU - assoc:   8
Store_allocation: Yes
L2_inclusive: Yes
L2_prefetching: No

L1 Cache Stats:
L1-Load-Hits:         234193905   76.39%
L1-Load-Misses:        72366525   23.61%
L1-Load-Accesses:     306560430  100.00%

L1-Store-Hits:         120813966   99.99%
L1-Store-Misses:            9505    0.01%
L1-Store-Accesses:     120823471  100.00%

L1-Total-Hits:         355007871   83.07%
L1-Total-Misses:        72376030   16.93%
L1-Total-Accesses:     427383901  100.00%

L2 Cache Stats:
L2-Load-Hits:          40436229   55.88%
L2-Load-Misses:        31930296   44.12%
L2-Load-Accesses:      72366525  100.00%

L2-Store-Hits:              7245   76.22%
L2-Store-Misses:            2260   23.78%
L2-Store-Accesses:          9505  100.00%

L2-Total-Hits:          40443474   55.88%
L2-Total-Misses:        31932556   44.12%
L2-Total-Accesses:      72376030  100.00%

