--------
Total Statistics
--------
Total Instructions: 1671551960
Total Cycles: 15808822721
IPC: 0.105735

--------
Single level Tlb hierarchy
--------
  Data Tlb:
    Entries:         128
    Page Size(B):   4096
    Associativity:      4

Latencies:    0  150
Tlb-Sets:   32 - LRU - assoc:   4

Tlb Stats:
Tlb-Load-Hits:         273386555   89.18%
Tlb-Load-Misses:        33173875   10.82%
Tlb-Load-Accesses:     306560430  100.00%

Tlb-Store-Hits:         120647749   99.85%
Tlb-Store-Misses:          175722    0.15%
Tlb-Store-Accesses:     120823471  100.00%

Tlb-Total-Hits:         394034304   92.20%
Tlb-Total-Misses:        33349597    7.80%
Tlb-Total-Accesses:     427383901  100.00%



--------
Two level Cache hierarchy
--------
  L1-Data Cache:
    Size(KB):          32
    Block Size(B):     64
    Associativity:      8

  L2-Data Cache:
    Size(KB):        1024
    Block Size(B):    128
    Associativity:      8

Latencies:    1   10  250
L1-Sets:   64 - LRU - assoc:   8
L2-Sets: 1024 - LRU - assoc:   8
Store_allocation: Yes
L2_inclusive: Yes
L2_prefetching: No

L1 Cache Stats:
L1-Load-Hits:         234199740   76.40%
L1-Load-Misses:        72360690   23.60%
L1-Load-Accesses:     306560430  100.00%

L1-Store-Hits:         120806505   99.99%
L1-Store-Misses:           16966    0.01%
L1-Store-Accesses:     120823471  100.00%

L1-Total-Hits:         355006245   83.06%
L1-Total-Misses:        72377656   16.94%
L1-Total-Accesses:     427383901  100.00%

L2 Cache Stats:
L2-Load-Hits:          40430413   55.87%
L2-Load-Misses:        31930277   44.13%
L2-Load-Accesses:      72360690  100.00%

L2-Store-Hits:             12560   74.03%
L2-Store-Misses:            4406   25.97%
L2-Store-Accesses:         16966  100.00%

L2-Total-Hits:          40442973   55.88%
L2-Total-Misses:        31934683   44.12%
L2-Total-Accesses:      72377656  100.00%

