--------
Total Statistics
--------
Total Instructions: 1671551960
Total Cycles: 15274083151
IPC: 0.109437

--------
Single level Tlb hierarchy
--------
  Data Tlb:
    Entries:         256
    Page Size(B):   4096
    Associativity:      4

Latencies:    0  150
Tlb-Sets:   64 - LRU - assoc:   4

Tlb Stats:
Tlb-Load-Hits:         276783561   90.29%
Tlb-Load-Misses:        29776869    9.71%
Tlb-Load-Accesses:     306560430  100.00%

Tlb-Store-Hits:         120815530   99.99%
Tlb-Store-Misses:            7941    0.01%
Tlb-Store-Accesses:     120823471  100.00%

Tlb-Total-Hits:         397599091   93.03%
Tlb-Total-Misses:        29784810    6.97%
Tlb-Total-Accesses:     427383901  100.00%



--------
Two level Cache hierarchy
--------
  L1-Data Cache:
    Size(KB):          32
    Block Size(B):     64
    Associativity:      8

  L2-Data Cache:
    Size(KB):        1024
    Block Size(B):    128
    Associativity:      8

Latencies:    1   10  250
L1-Sets:   64 - LRU - assoc:   8
L2-Sets: 1024 - LRU - assoc:   8
Store_allocation: Yes
L2_inclusive: Yes
L2_prefetching: No

L1 Cache Stats:
L1-Load-Hits:         234187462   76.39%
L1-Load-Misses:        72372968   23.61%
L1-Load-Accesses:     306560430  100.00%

L1-Store-Hits:         120807010   99.99%
L1-Store-Misses:           16461    0.01%
L1-Store-Accesses:     120823471  100.00%

L1-Total-Hits:         354994472   83.06%
L1-Total-Misses:        72389429   16.94%
L1-Total-Accesses:     427383901  100.00%

L2 Cache Stats:
L2-Load-Hits:          40443233   55.88%
L2-Load-Misses:        31929735   44.12%
L2-Load-Accesses:      72372968  100.00%

L2-Store-Hits:             12070   73.32%
L2-Store-Misses:            4391   26.68%
L2-Store-Accesses:         16461  100.00%

L2-Total-Hits:          40455303   55.89%
L2-Total-Misses:        31934126   44.11%
L2-Total-Accesses:      72389429  100.00%

