--------
Total Statistics
--------
Total Instructions: 8542774597
Total Cycles: 13167938829
IPC: 0.648756

--------
Single level Tlb hierarchy
--------
  Data Tlb:
    Entries:          64
    Page Size(B):   4096
    Associativity:     32

Latencies:    0  150
Tlb-Sets:    2 - LRU - assoc:  32

Tlb Stats:
Tlb-Load-Hits:        1862112666   99.97%
Tlb-Load-Misses:          612729    0.03%
Tlb-Load-Accesses:    1862725395  100.00%

Tlb-Store-Hits:         191921698   99.89%
Tlb-Store-Misses:          215969    0.11%
Tlb-Store-Accesses:     192137667  100.00%

Tlb-Total-Hits:        2054034364   99.96%
Tlb-Total-Misses:          828698    0.04%
Tlb-Total-Accesses:    2054863062  100.00%



--------
Two level Cache hierarchy
--------
  L1-Data Cache:
    Size(KB):          32
    Block Size(B):     64
    Associativity:      8

  L2-Data Cache:
    Size(KB):        1024
    Block Size(B):    128
    Associativity:      8

Latencies:    1   10  250
L1-Sets:   64 - LRU - assoc:   8
L2-Sets: 1024 - LRU - assoc:   8
Store_allocation: Yes
L2_inclusive: Yes
L2_prefetching: No

L1 Cache Stats:
L1-Load-Hits:        1840645519   98.81%
L1-Load-Misses:        22079876    1.19%
L1-Load-Accesses:    1862725395  100.00%

L1-Store-Hits:         186755271   97.20%
L1-Store-Misses:         5382396    2.80%
L1-Store-Accesses:     192137667  100.00%

L1-Total-Hits:        2027400790   98.66%
L1-Total-Misses:        27462272    1.34%
L1-Total-Accesses:    2054863062  100.00%

L2 Cache Stats:
L2-Load-Hits:          15858770   71.82%
L2-Load-Misses:         6221106   28.18%
L2-Load-Accesses:      22079876  100.00%

L2-Store-Hits:           2918007   54.21%
L2-Store-Misses:         2464389   45.79%
L2-Store-Accesses:       5382396  100.00%

L2-Total-Hits:          18776777   68.37%
L2-Total-Misses:         8685495   31.63%
L2-Total-Accesses:      27462272  100.00%

