--------
Total Statistics
--------
Total Instructions: 8542774597
Total Cycles: 15712791819
IPC: 0.543683

--------
Single level Tlb hierarchy
--------
  Data Tlb:
    Entries:          64
    Page Size(B):   4096
    Associativity:      1

Latencies:    0  150
Tlb-Sets:   64 - LRU - assoc:   1

Tlb Stats:
Tlb-Load-Hits:        1845445675   99.07%
Tlb-Load-Misses:        17279720    0.93%
Tlb-Load-Accesses:    1862725395  100.00%

Tlb-Store-Hits:         191623277   99.73%
Tlb-Store-Misses:          514390    0.27%
Tlb-Store-Accesses:     192137667  100.00%

Tlb-Total-Hits:        2037068952   99.13%
Tlb-Total-Misses:        17794110    0.87%
Tlb-Total-Accesses:    2054863062  100.00%



--------
Two level Cache hierarchy
--------
  L1-Data Cache:
    Size(KB):          32
    Block Size(B):     64
    Associativity:      8

  L2-Data Cache:
    Size(KB):        1024
    Block Size(B):    128
    Associativity:      8

Latencies:    1   10  250
L1-Sets:   64 - LRU - assoc:   8
L2-Sets: 1024 - LRU - assoc:   8
Store_allocation: Yes
L2_inclusive: Yes
L2_prefetching: No

L1 Cache Stats:
L1-Load-Hits:        1840644699   98.81%
L1-Load-Misses:        22080696    1.19%
L1-Load-Accesses:    1862725395  100.00%

L1-Store-Hits:         186755297   97.20%
L1-Store-Misses:         5382370    2.80%
L1-Store-Accesses:     192137667  100.00%

L1-Total-Hits:        2027399996   98.66%
L1-Total-Misses:        27463066    1.34%
L1-Total-Accesses:    2054863062  100.00%

L2 Cache Stats:
L2-Load-Hits:          15859420   71.82%
L2-Load-Misses:         6221276   28.18%
L2-Load-Accesses:      22080696  100.00%

L2-Store-Hits:           2918018   54.21%
L2-Store-Misses:         2464352   45.79%
L2-Store-Accesses:       5382370  100.00%

L2-Total-Hits:          18777438   68.37%
L2-Total-Misses:         8685628   31.63%
L2-Total-Accesses:      27463066  100.00%

