--------
Total Statistics
--------
Total Instructions: 8542774597
Total Cycles: 13170225769
IPC: 0.648643

--------
Single level Tlb hierarchy
--------
  Data Tlb:
    Entries:          64
    Page Size(B):   4096
    Associativity:      4

Latencies:    0  150
Tlb-Sets:   16 - LRU - assoc:   4

Tlb Stats:
Tlb-Load-Hits:        1862095585   99.97%
Tlb-Load-Misses:          629810    0.03%
Tlb-Load-Accesses:    1862725395  100.00%

Tlb-Store-Hits:         191921696   99.89%
Tlb-Store-Misses:          215971    0.11%
Tlb-Store-Accesses:     192137667  100.00%

Tlb-Total-Hits:        2054017281   99.96%
Tlb-Total-Misses:          845781    0.04%
Tlb-Total-Accesses:    2054863062  100.00%



--------
Two level Cache hierarchy
--------
  L1-Data Cache:
    Size(KB):          32
    Block Size(B):     64
    Associativity:      8

  L2-Data Cache:
    Size(KB):        1024
    Block Size(B):    128
    Associativity:      8

Latencies:    1   10  250
L1-Sets:   64 - LRU - assoc:   8
L2-Sets: 1024 - LRU - assoc:   8
Store_allocation: Yes
L2_inclusive: Yes
L2_prefetching: No

L1 Cache Stats:
L1-Load-Hits:        1840682967   98.82%
L1-Load-Misses:        22042428    1.18%
L1-Load-Accesses:    1862725395  100.00%

L1-Store-Hits:         186756424   97.20%
L1-Store-Misses:         5381243    2.80%
L1-Store-Accesses:     192137667  100.00%

L1-Total-Hits:        2027439391   98.67%
L1-Total-Misses:        27423671    1.33%
L1-Total-Accesses:    2054863062  100.00%

L2 Cache Stats:
L2-Load-Hits:          15820777   71.77%
L2-Load-Misses:         6221651   28.23%
L2-Load-Accesses:      22042428  100.00%

L2-Store-Hits:           2916957   54.21%
L2-Store-Misses:         2464286   45.79%
L2-Store-Accesses:       5381243  100.00%

L2-Total-Hits:          18737734   68.33%
L2-Total-Misses:         8685937   31.67%
L2-Total-Accesses:      27423671  100.00%

