--------
Total Statistics
--------
Total Instructions: 8542774597
Total Cycles: 13255775089
IPC: 0.644457

--------
Single level Tlb hierarchy
--------
  Data Tlb:
    Entries:          64
    Page Size(B):   4096
    Associativity:      2

Latencies:    0  150
Tlb-Sets:   32 - LRU - assoc:   2

Tlb Stats:
Tlb-Load-Hits:        1861545236   99.94%
Tlb-Load-Misses:         1180159    0.06%
Tlb-Load-Accesses:    1862725395  100.00%

Tlb-Store-Hits:         191903921   99.88%
Tlb-Store-Misses:          233746    0.12%
Tlb-Store-Accesses:     192137667  100.00%

Tlb-Total-Hits:        2053449157   99.93%
Tlb-Total-Misses:         1413905    0.07%
Tlb-Total-Accesses:    2054863062  100.00%



--------
Two level Cache hierarchy
--------
  L1-Data Cache:
    Size(KB):          32
    Block Size(B):     64
    Associativity:      8

  L2-Data Cache:
    Size(KB):        1024
    Block Size(B):    128
    Associativity:      8

Latencies:    1   10  250
L1-Sets:   64 - LRU - assoc:   8
L2-Sets: 1024 - LRU - assoc:   8
Store_allocation: Yes
L2_inclusive: Yes
L2_prefetching: No

L1 Cache Stats:
L1-Load-Hits:        1840644408   98.81%
L1-Load-Misses:        22080987    1.19%
L1-Load-Accesses:    1862725395  100.00%

L1-Store-Hits:         186755386   97.20%
L1-Store-Misses:         5382281    2.80%
L1-Store-Accesses:     192137667  100.00%

L1-Total-Hits:        2027399794   98.66%
L1-Total-Misses:        27463268    1.34%
L1-Total-Accesses:    2054863062  100.00%

L2 Cache Stats:
L2-Load-Hits:          15859674   71.83%
L2-Load-Misses:         6221313   28.17%
L2-Load-Accesses:      22080987  100.00%

L2-Store-Hits:           2917918   54.21%
L2-Store-Misses:         2464363   45.79%
L2-Store-Accesses:       5382281  100.00%

L2-Total-Hits:          18777592   68.37%
L2-Total-Misses:         8685676   31.63%
L2-Total-Accesses:      27463268  100.00%

