--------
Total Statistics
--------
Total Instructions: 8542774597
Total Cycles: 13166631749
IPC: 0.64882

--------
Single level Tlb hierarchy
--------
  Data Tlb:
    Entries:          64
    Page Size(B):   4096
    Associativity:     16

Latencies:    0  150
Tlb-Sets:    4 - LRU - assoc:  16

Tlb Stats:
Tlb-Load-Hits:        1862120489   99.97%
Tlb-Load-Misses:          604906    0.03%
Tlb-Load-Accesses:    1862725395  100.00%

Tlb-Store-Hits:         191921693   99.89%
Tlb-Store-Misses:          215974    0.11%
Tlb-Store-Accesses:     192137667  100.00%

Tlb-Total-Hits:        2054042182   99.96%
Tlb-Total-Misses:          820880    0.04%
Tlb-Total-Accesses:    2054863062  100.00%



--------
Two level Cache hierarchy
--------
  L1-Data Cache:
    Size(KB):          32
    Block Size(B):     64
    Associativity:      8

  L2-Data Cache:
    Size(KB):        1024
    Block Size(B):    128
    Associativity:      8

Latencies:    1   10  250
L1-Sets:   64 - LRU - assoc:   8
L2-Sets: 1024 - LRU - assoc:   8
Store_allocation: Yes
L2_inclusive: Yes
L2_prefetching: No

L1 Cache Stats:
L1-Load-Hits:        1840653826   98.82%
L1-Load-Misses:        22071569    1.18%
L1-Load-Accesses:    1862725395  100.00%

L1-Store-Hits:         186754552   97.20%
L1-Store-Misses:         5383115    2.80%
L1-Store-Accesses:     192137667  100.00%

L1-Total-Hits:        2027408378   98.66%
L1-Total-Misses:        27454684    1.34%
L1-Total-Accesses:    2054863062  100.00%

L2 Cache Stats:
L2-Load-Hits:          15850722   71.82%
L2-Load-Misses:         6220847   28.18%
L2-Load-Accesses:      22071569  100.00%

L2-Store-Hits:           2918701   54.22%
L2-Store-Misses:         2464414   45.78%
L2-Store-Accesses:       5383115  100.00%

L2-Total-Hits:          18769423   68.37%
L2-Total-Misses:         8685261   31.63%
L2-Total-Accesses:      27454684  100.00%

