--------
Total Statistics
--------
Total Instructions: 8542774597
Total Cycles: 13170908009
IPC: 0.648609

--------
Single level Tlb hierarchy
--------
  Data Tlb:
    Entries:          64
    Page Size(B):   4096
    Associativity:     64

Latencies:    0  150
Tlb-Sets:    1 - LRU - assoc:  64

Tlb Stats:
Tlb-Load-Hits:        1862091519   99.97%
Tlb-Load-Misses:          633876    0.03%
Tlb-Load-Accesses:    1862725395  100.00%

Tlb-Store-Hits:         191921698   99.89%
Tlb-Store-Misses:          215969    0.11%
Tlb-Store-Accesses:     192137667  100.00%

Tlb-Total-Hits:        2054013217   99.96%
Tlb-Total-Misses:          849845    0.04%
Tlb-Total-Accesses:    2054863062  100.00%



--------
Two level Cache hierarchy
--------
  L1-Data Cache:
    Size(KB):          32
    Block Size(B):     64
    Associativity:      8

  L2-Data Cache:
    Size(KB):        1024
    Block Size(B):    128
    Associativity:      8

Latencies:    1   10  250
L1-Sets:   64 - LRU - assoc:   8
L2-Sets: 1024 - LRU - assoc:   8
Store_allocation: Yes
L2_inclusive: Yes
L2_prefetching: No

L1 Cache Stats:
L1-Load-Hits:        1840662509   98.82%
L1-Load-Misses:        22062886    1.18%
L1-Load-Accesses:    1862725395  100.00%

L1-Store-Hits:         186755543   97.20%
L1-Store-Misses:         5382124    2.80%
L1-Store-Accesses:     192137667  100.00%

L1-Total-Hits:        2027418052   98.66%
L1-Total-Misses:        27445010    1.34%
L1-Total-Accesses:    2054863062  100.00%

L2 Cache Stats:
L2-Load-Hits:          15841882   71.80%
L2-Load-Misses:         6221004   28.20%
L2-Load-Accesses:      22062886  100.00%

L2-Store-Hits:           2917754   54.21%
L2-Store-Misses:         2464370   45.79%
L2-Store-Accesses:       5382124  100.00%

L2-Total-Hits:          18759636   68.35%
L2-Total-Misses:         8685374   31.65%
L2-Total-Accesses:      27445010  100.00%

