--------
Total Statistics
--------
Total Instructions: 8542774597
Total Cycles: 13170312919
IPC: 0.648639

--------
Single level Tlb hierarchy
--------
  Data Tlb:
    Entries:          64
    Page Size(B):   4096
    Associativity:      8

Latencies:    0  150
Tlb-Sets:    8 - LRU - assoc:   8

Tlb Stats:
Tlb-Load-Hits:        1862095274   99.97%
Tlb-Load-Misses:          630121    0.03%
Tlb-Load-Accesses:    1862725395  100.00%

Tlb-Store-Hits:         191921696   99.89%
Tlb-Store-Misses:          215971    0.11%
Tlb-Store-Accesses:     192137667  100.00%

Tlb-Total-Hits:        2054016970   99.96%
Tlb-Total-Misses:          846092    0.04%
Tlb-Total-Accesses:    2054863062  100.00%



--------
Two level Cache hierarchy
--------
  L1-Data Cache:
    Size(KB):          32
    Block Size(B):     64
    Associativity:      8

  L2-Data Cache:
    Size(KB):        1024
    Block Size(B):    128
    Associativity:      8

Latencies:    1   10  250
L1-Sets:   64 - LRU - assoc:   8
L2-Sets: 1024 - LRU - assoc:   8
Store_allocation: Yes
L2_inclusive: Yes
L2_prefetching: No

L1 Cache Stats:
L1-Load-Hits:        1840683245   98.82%
L1-Load-Misses:        22042150    1.18%
L1-Load-Accesses:    1862725395  100.00%

L1-Store-Hits:         186755646   97.20%
L1-Store-Misses:         5382021    2.80%
L1-Store-Accesses:     192137667  100.00%

L1-Total-Hits:        2027438891   98.67%
L1-Total-Misses:        27424171    1.33%
L1-Total-Accesses:    2054863062  100.00%

L2 Cache Stats:
L2-Load-Hits:          15820396   71.77%
L2-Load-Misses:         6221754   28.23%
L2-Load-Accesses:      22042150  100.00%

L2-Store-Hits:           2917696   54.21%
L2-Store-Misses:         2464325   45.79%
L2-Store-Accesses:       5382021  100.00%

L2-Total-Hits:          18738092   68.33%
L2-Total-Misses:         8686079   31.67%
L2-Total-Accesses:      27424171  100.00%

