--------
Total Statistics
--------
Total Instructions: 32396750860
Total Cycles: 108379989781
IPC: 0.298918

--------
Single level Tlb hierarchy
--------
  Data Tlb:
    Entries:          64
    Page Size(B):   4096
    Associativity:      2

Latencies:    0  150
Tlb-Sets:   32 - LRU - assoc:   2

Tlb Stats:
Tlb-Load-Hits:        9760318378   96.93%
Tlb-Load-Misses:       308889659    3.07%
Tlb-Load-Accesses:   10069208037  100.00%

Tlb-Store-Hits:        5000487504   98.45%
Tlb-Store-Misses:        78675070    1.55%
Tlb-Store-Accesses:    5079162574  100.00%

Tlb-Total-Hits:       14760805882   97.44%
Tlb-Total-Misses:       387564729    2.56%
Tlb-Total-Accesses:   15148370611  100.00%



--------
Two level Cache hierarchy
--------
  L1-Data Cache:
    Size(KB):          32
    Block Size(B):     64
    Associativity:      8

  L2-Data Cache:
    Size(KB):        1024
    Block Size(B):    128
    Associativity:      8

Latencies:    1   10  250
L1-Sets:   64 - LRU - assoc:   8
L2-Sets: 1024 - LRU - assoc:   8
Store_allocation: Yes
L2_inclusive: Yes
L2_prefetching: No

L1 Cache Stats:
L1-Load-Hits:       10019184296   99.50%
L1-Load-Misses:        50023741    0.50%
L1-Load-Accesses:   10069208037  100.00%

L1-Store-Hits:        5068903419   99.80%
L1-Store-Misses:        10259155    0.20%
L1-Store-Accesses:    5079162574  100.00%

L1-Total-Hits:       15088087715   99.60%
L1-Total-Misses:        60282896    0.40%
L1-Total-Accesses:   15148370611  100.00%

L2 Cache Stats:
L2-Load-Hits:          43912373   87.78%
L2-Load-Misses:         6111368   12.22%
L2-Load-Accesses:      50023741  100.00%

L2-Store-Hits:           7981203   77.80%
L2-Store-Misses:         2277952   22.20%
L2-Store-Accesses:      10259155  100.00%

L2-Total-Hits:          51893576   86.08%
L2-Total-Misses:         8389320   13.92%
L2-Total-Accesses:      60282896  100.00%

