--------
Total Statistics
--------
Total Instructions: 32396750860
Total Cycles: 51790889991
IPC: 0.62553

--------
Single level Tlb hierarchy
--------
  Data Tlb:
    Entries:         128
    Page Size(B):   4096
    Associativity:      4

Latencies:    0  150
Tlb-Sets:   32 - LRU - assoc:   4

Tlb Stats:
Tlb-Load-Hits:       10061873374   99.93%
Tlb-Load-Misses:         7334663    0.07%
Tlb-Load-Accesses:   10069208037  100.00%

Tlb-Store-Hits:        5076185193   99.94%
Tlb-Store-Misses:         2977381    0.06%
Tlb-Store-Accesses:    5079162574  100.00%

Tlb-Total-Hits:       15138058567   99.93%
Tlb-Total-Misses:        10312044    0.07%
Tlb-Total-Accesses:   15148370611  100.00%



--------
Two level Cache hierarchy
--------
  L1-Data Cache:
    Size(KB):          32
    Block Size(B):     64
    Associativity:      8

  L2-Data Cache:
    Size(KB):        1024
    Block Size(B):    128
    Associativity:      8

Latencies:    1   10  250
L1-Sets:   64 - LRU - assoc:   8
L2-Sets: 1024 - LRU - assoc:   8
Store_allocation: Yes
L2_inclusive: Yes
L2_prefetching: No

L1 Cache Stats:
L1-Load-Hits:       10019184170   99.50%
L1-Load-Misses:        50023867    0.50%
L1-Load-Accesses:   10069208037  100.00%

L1-Store-Hits:        5068915699   99.80%
L1-Store-Misses:        10246875    0.20%
L1-Store-Accesses:    5079162574  100.00%

L1-Total-Hits:       15088099869   99.60%
L1-Total-Misses:        60270742    0.40%
L1-Total-Accesses:   15148370611  100.00%

L2 Cache Stats:
L2-Load-Hits:          43915252   87.79%
L2-Load-Misses:         6108615   12.21%
L2-Load-Accesses:      50023867  100.00%

L2-Store-Hits:           7970472   77.78%
L2-Store-Misses:         2276403   22.22%
L2-Store-Accesses:      10246875  100.00%

L2-Total-Hits:          51885724   86.09%
L2-Total-Misses:         8385018   13.91%
L2-Total-Accesses:      60270742  100.00%

