--------
Total Statistics
--------
Total Instructions: 32396750860
Total Cycles: 52491731731
IPC: 0.617178

--------
Single level Tlb hierarchy
--------
  Data Tlb:
    Entries:          64
    Page Size(B):   4096
    Associativity:     16

Latencies:    0  150
Tlb-Sets:    4 - LRU - assoc:  16

Tlb Stats:
Tlb-Load-Hits:       10057618370   99.88%
Tlb-Load-Misses:        11589667    0.12%
Tlb-Load-Accesses:   10069208037  100.00%

Tlb-Store-Hits:        5075769600   99.93%
Tlb-Store-Misses:         3392974    0.07%
Tlb-Store-Accesses:    5079162574  100.00%

Tlb-Total-Hits:       15133387970   99.90%
Tlb-Total-Misses:        14982641    0.10%
Tlb-Total-Accesses:   15148370611  100.00%



--------
Two level Cache hierarchy
--------
  L1-Data Cache:
    Size(KB):          32
    Block Size(B):     64
    Associativity:      8

  L2-Data Cache:
    Size(KB):        1024
    Block Size(B):    128
    Associativity:      8

Latencies:    1   10  250
L1-Sets:   64 - LRU - assoc:   8
L2-Sets: 1024 - LRU - assoc:   8
Store_allocation: Yes
L2_inclusive: Yes
L2_prefetching: No

L1 Cache Stats:
L1-Load-Hits:       10019255081   99.50%
L1-Load-Misses:        49952956    0.50%
L1-Load-Accesses:   10069208037  100.00%

L1-Store-Hits:        5068919169   99.80%
L1-Store-Misses:        10243405    0.20%
L1-Store-Accesses:    5079162574  100.00%

L1-Total-Hits:       15088174250   99.60%
L1-Total-Misses:        60196361    0.40%
L1-Total-Accesses:   15148370611  100.00%

L2 Cache Stats:
L2-Load-Hits:          43841738   87.77%
L2-Load-Misses:         6111218   12.23%
L2-Load-Accesses:      49952956  100.00%

L2-Store-Hits:           7965621   77.76%
L2-Store-Misses:         2277784   22.24%
L2-Store-Accesses:      10243405  100.00%

L2-Total-Hits:          51807359   86.06%
L2-Total-Misses:         8389002   13.94%
L2-Total-Accesses:      60196361  100.00%

