--------
Total Statistics
--------
Total Instructions: 32396750860
Total Cycles: 53411468301
IPC: 0.60655

--------
Single level Tlb hierarchy
--------
  Data Tlb:
    Entries:          64
    Page Size(B):   4096
    Associativity:      4

Latencies:    0  150
Tlb-Sets:   16 - LRU - assoc:   4

Tlb Stats:
Tlb-Load-Hits:       10053660621   99.85%
Tlb-Load-Misses:        15547416    0.15%
Tlb-Load-Accesses:   10069208037  100.00%

Tlb-Store-Hits:        5073594708   99.89%
Tlb-Store-Misses:         5567866    0.11%
Tlb-Store-Accesses:    5079162574  100.00%

Tlb-Total-Hits:       15127255329   99.86%
Tlb-Total-Misses:        21115282    0.14%
Tlb-Total-Accesses:   15148370611  100.00%



--------
Two level Cache hierarchy
--------
  L1-Data Cache:
    Size(KB):          32
    Block Size(B):     64
    Associativity:      8

  L2-Data Cache:
    Size(KB):        1024
    Block Size(B):    128
    Associativity:      8

Latencies:    1   10  250
L1-Sets:   64 - LRU - assoc:   8
L2-Sets: 1024 - LRU - assoc:   8
Store_allocation: Yes
L2_inclusive: Yes
L2_prefetching: No

L1 Cache Stats:
L1-Load-Hits:       10019207885   99.50%
L1-Load-Misses:        50000152    0.50%
L1-Load-Accesses:   10069208037  100.00%

L1-Store-Hits:        5068903748   99.80%
L1-Store-Misses:        10258826    0.20%
L1-Store-Accesses:    5079162574  100.00%

L1-Total-Hits:       15088111633   99.60%
L1-Total-Misses:        60258978    0.40%
L1-Total-Accesses:   15148370611  100.00%

L2 Cache Stats:
L2-Load-Hits:          43891514   87.78%
L2-Load-Misses:         6108638   12.22%
L2-Load-Accesses:      50000152  100.00%

L2-Store-Hits:           7981605   77.80%
L2-Store-Misses:         2277221   22.20%
L2-Store-Accesses:      10258826  100.00%

L2-Total-Hits:          51873119   86.08%
L2-Total-Misses:         8385859   13.92%
L2-Total-Accesses:      60258978  100.00%

