--------
Total Statistics
--------
Total Instructions: 32396750879
Total Cycles: 52485324159
IPC: 0.617254

--------
Single level Tlb hierarchy
--------
  Data Tlb:
    Entries:          64
    Page Size(B):   4096
    Associativity:     32

Latencies:    0  150
Tlb-Sets:    2 - LRU - assoc:  32

Tlb Stats:
Tlb-Load-Hits:       10057649561   99.89%
Tlb-Load-Misses:        11558483    0.11%
Tlb-Load-Accesses:   10069208044  100.00%

Tlb-Store-Hits:        5075780499   99.93%
Tlb-Store-Misses:         3382077    0.07%
Tlb-Store-Accesses:    5079162576  100.00%

Tlb-Total-Hits:       15133430060   99.90%
Tlb-Total-Misses:        14940560    0.10%
Tlb-Total-Accesses:   15148370620  100.00%



--------
Two level Cache hierarchy
--------
  L1-Data Cache:
    Size(KB):          32
    Block Size(B):     64
    Associativity:      8

  L2-Data Cache:
    Size(KB):        1024
    Block Size(B):    128
    Associativity:      8

Latencies:    1   10  250
L1-Sets:   64 - LRU - assoc:   8
L2-Sets: 1024 - LRU - assoc:   8
Store_allocation: Yes
L2_inclusive: Yes
L2_prefetching: No

L1 Cache Stats:
L1-Load-Hits:       10019237277   99.50%
L1-Load-Misses:        49970767    0.50%
L1-Load-Accesses:   10069208044  100.00%

L1-Store-Hits:        5068918277   99.80%
L1-Store-Misses:        10244299    0.20%
L1-Store-Accesses:    5079162576  100.00%

L1-Total-Hits:       15088155554   99.60%
L1-Total-Misses:        60215066    0.40%
L1-Total-Accesses:   15148370620  100.00%

L2 Cache Stats:
L2-Load-Hits:          43860119   87.77%
L2-Load-Misses:         6110648   12.23%
L2-Load-Accesses:      49970767  100.00%

L2-Store-Hits:           7967075   77.77%
L2-Store-Misses:         2277224   22.23%
L2-Store-Accesses:      10244299  100.00%

L2-Total-Hits:          51827194   86.07%
L2-Total-Misses:         8387872   13.93%
L2-Total-Accesses:      60215066  100.00%

