--------
Total Statistics
--------
Total Instructions: 32396750860
Total Cycles: 52481815271
IPC: 0.617295

--------
Single level Tlb hierarchy
--------
  Data Tlb:
    Entries:          64
    Page Size(B):   4096
    Associativity:     64

Latencies:    0  150
Tlb-Sets:    1 - LRU - assoc:  64

Tlb Stats:
Tlb-Load-Hits:       10057648835   99.89%
Tlb-Load-Misses:        11559202    0.11%
Tlb-Load-Accesses:   10069208037  100.00%

Tlb-Store-Hits:        5075812931   99.93%
Tlb-Store-Misses:         3349643    0.07%
Tlb-Store-Accesses:    5079162574  100.00%

Tlb-Total-Hits:       15133461766   99.90%
Tlb-Total-Misses:        14908845    0.10%
Tlb-Total-Accesses:   15148370611  100.00%



--------
Two level Cache hierarchy
--------
  L1-Data Cache:
    Size(KB):          32
    Block Size(B):     64
    Associativity:      8

  L2-Data Cache:
    Size(KB):        1024
    Block Size(B):    128
    Associativity:      8

Latencies:    1   10  250
L1-Sets:   64 - LRU - assoc:   8
L2-Sets: 1024 - LRU - assoc:   8
Store_allocation: Yes
L2_inclusive: Yes
L2_prefetching: No

L1 Cache Stats:
L1-Load-Hits:       10019217663   99.50%
L1-Load-Misses:        49990374    0.50%
L1-Load-Accesses:   10069208037  100.00%

L1-Store-Hits:        5068912493   99.80%
L1-Store-Misses:        10250081    0.20%
L1-Store-Accesses:    5079162574  100.00%

L1-Total-Hits:       15088130156   99.60%
L1-Total-Misses:        60240455    0.40%
L1-Total-Accesses:   15148370611  100.00%

L2 Cache Stats:
L2-Load-Hits:          43877098   87.77%
L2-Load-Misses:         6113276   12.23%
L2-Load-Accesses:      49990374  100.00%

L2-Store-Hits:           7971507   77.77%
L2-Store-Misses:         2278574   22.23%
L2-Store-Accesses:      10250081  100.00%

L2-Total-Hits:          51848605   86.07%
L2-Total-Misses:         8391850   13.93%
L2-Total-Accesses:      60240455  100.00%

