--------
Total Statistics
--------
Total Instructions: 7601190132
Total Cycles: 11035059287
IPC: 0.688822

--------
Single level Tlb hierarchy
--------
  Data Tlb:
    Entries:          64
    Page Size(B):   4096
    Associativity:      4

Latencies:    0  150
Tlb-Sets:   16 - LRU - assoc:   4

Tlb Stats:
Tlb-Load-Hits:        2027565705   99.97%
Tlb-Load-Misses:          581594    0.03%
Tlb-Load-Accesses:    2028147299  100.00%

Tlb-Store-Hits:        1026536158   99.99%
Tlb-Store-Misses:           54958    0.01%
Tlb-Store-Accesses:    1026591116  100.00%

Tlb-Total-Hits:        3054101863   99.98%
Tlb-Total-Misses:          636552    0.02%
Tlb-Total-Accesses:    3054738415  100.00%



--------
Two level Cache hierarchy
--------
  L1-Data Cache:
    Size(KB):          32
    Block Size(B):     64
    Associativity:      8

  L2-Data Cache:
    Size(KB):        1024
    Block Size(B):    128
    Associativity:      8

Latencies:    1   10  250
L1-Sets:   64 - LRU - assoc:   8
L2-Sets: 1024 - LRU - assoc:   8
Store_allocation: Yes
L2_inclusive: Yes
L2_prefetching: No

L1 Cache Stats:
L1-Load-Hits:        2024607916   99.83%
L1-Load-Misses:         3539383    0.17%
L1-Load-Accesses:    2028147299  100.00%

L1-Store-Hits:        1025958305   99.94%
L1-Store-Misses:          632811    0.06%
L1-Store-Accesses:    1026591116  100.00%

L1-Total-Hits:        3050566221   99.86%
L1-Total-Misses:         4172194    0.14%
L1-Total-Accesses:    3054738415  100.00%

L2 Cache Stats:
L2-Load-Hits:           2767014   78.18%
L2-Load-Misses:          772369   21.82%
L2-Load-Accesses:       3539383  100.00%

L2-Store-Hits:            437476   69.13%
L2-Store-Misses:          195335   30.87%
L2-Store-Accesses:        632811  100.00%

L2-Total-Hits:           3204490   76.81%
L2-Total-Misses:          967704   23.19%
L2-Total-Accesses:       4172194  100.00%

