--------
Total Statistics
--------
Total Instructions: 7601190113
Total Cycles: 11017292349
IPC: 0.689933

--------
Single level Tlb hierarchy
--------
  Data Tlb:
    Entries:          64
    Page Size(B):   4096
    Associativity:     64

Latencies:    0  150
Tlb-Sets:    1 - LRU - assoc:  64

Tlb Stats:
Tlb-Load-Hits:        2027679462   99.98%
Tlb-Load-Misses:          467830    0.02%
Tlb-Load-Accesses:    2028147292  100.00%

Tlb-Store-Hits:        1026539471   99.99%
Tlb-Store-Misses:           51643    0.01%
Tlb-Store-Accesses:    1026591114  100.00%

Tlb-Total-Hits:        3054218933   99.98%
Tlb-Total-Misses:          519473    0.02%
Tlb-Total-Accesses:    3054738406  100.00%



--------
Two level Cache hierarchy
--------
  L1-Data Cache:
    Size(KB):          32
    Block Size(B):     64
    Associativity:      8

  L2-Data Cache:
    Size(KB):        1024
    Block Size(B):    128
    Associativity:      8

Latencies:    1   10  250
L1-Sets:   64 - LRU - assoc:   8
L2-Sets: 1024 - LRU - assoc:   8
Store_allocation: Yes
L2_inclusive: Yes
L2_prefetching: No

L1 Cache Stats:
L1-Load-Hits:        2024604957   99.83%
L1-Load-Misses:         3542335    0.17%
L1-Load-Accesses:    2028147292  100.00%

L1-Store-Hits:        1025952686   99.94%
L1-Store-Misses:          638428    0.06%
L1-Store-Accesses:    1026591114  100.00%

L1-Total-Hits:        3050557643   99.86%
L1-Total-Misses:         4180763    0.14%
L1-Total-Accesses:    3054738406  100.00%

L2 Cache Stats:
L2-Load-Hits:           2771128   78.23%
L2-Load-Misses:          771207   21.77%
L2-Load-Accesses:       3542335  100.00%

L2-Store-Hits:            443094   69.40%
L2-Store-Misses:          195334   30.60%
L2-Store-Accesses:        638428  100.00%

L2-Total-Hits:           3214222   76.88%
L2-Total-Misses:          966541   23.12%
L2-Total-Accesses:       4180763  100.00%

