--------
Total Statistics
--------
Total Instructions: 7601190113
Total Cycles: 11022860479
IPC: 0.689584

--------
Single level Tlb hierarchy
--------
  Data Tlb:
    Entries:          64
    Page Size(B):   4096
    Associativity:     16

Latencies:    0  150
Tlb-Sets:    4 - LRU - assoc:  16

Tlb Stats:
Tlb-Load-Hits:        2027653119   99.98%
Tlb-Load-Misses:          494173    0.02%
Tlb-Load-Accesses:    2028147292  100.00%

Tlb-Store-Hits:        1026529590   99.99%
Tlb-Store-Misses:           61524    0.01%
Tlb-Store-Accesses:    1026591114  100.00%

Tlb-Total-Hits:        3054182709   99.98%
Tlb-Total-Misses:          555697    0.02%
Tlb-Total-Accesses:    3054738406  100.00%



--------
Two level Cache hierarchy
--------
  L1-Data Cache:
    Size(KB):          32
    Block Size(B):     64
    Associativity:      8

  L2-Data Cache:
    Size(KB):        1024
    Block Size(B):    128
    Associativity:      8

Latencies:    1   10  250
L1-Sets:   64 - LRU - assoc:   8
L2-Sets: 1024 - LRU - assoc:   8
Store_allocation: Yes
L2_inclusive: Yes
L2_prefetching: No

L1 Cache Stats:
L1-Load-Hits:        2024608406   99.83%
L1-Load-Misses:         3538886    0.17%
L1-Load-Accesses:    2028147292  100.00%

L1-Store-Hits:        1025957434   99.94%
L1-Store-Misses:          633680    0.06%
L1-Store-Accesses:    1026591114  100.00%

L1-Total-Hits:        3050565840   99.86%
L1-Total-Misses:         4172566    0.14%
L1-Total-Accesses:    3054738406  100.00%

L2 Cache Stats:
L2-Load-Hits:           2766918   78.19%
L2-Load-Misses:          771968   21.81%
L2-Load-Accesses:       3538886  100.00%

L2-Store-Hits:            438241   69.16%
L2-Store-Misses:          195439   30.84%
L2-Store-Accesses:        633680  100.00%

L2-Total-Hits:           3205159   76.82%
L2-Total-Misses:          967407   23.18%
L2-Total-Accesses:       4172566  100.00%

