--------
Total Statistics
--------
Total Instructions: 7601190113
Total Cycles: 12307877229
IPC: 0.617587

--------
Single level Tlb hierarchy
--------
  Data Tlb:
    Entries:          64
    Page Size(B):   4096
    Associativity:      1

Latencies:    0  150
Tlb-Sets:   64 - LRU - assoc:   1

Tlb Stats:
Tlb-Load-Hits:        2019353643   99.57%
Tlb-Load-Misses:         8793649    0.43%
Tlb-Load-Accesses:    2028147292  100.00%

Tlb-Store-Hits:        1026261490   99.97%
Tlb-Store-Misses:          329624    0.03%
Tlb-Store-Accesses:    1026591114  100.00%

Tlb-Total-Hits:        3045615133   99.70%
Tlb-Total-Misses:         9123273    0.30%
Tlb-Total-Accesses:    3054738406  100.00%



--------
Two level Cache hierarchy
--------
  L1-Data Cache:
    Size(KB):          32
    Block Size(B):     64
    Associativity:      8

  L2-Data Cache:
    Size(KB):        1024
    Block Size(B):    128
    Associativity:      8

Latencies:    1   10  250
L1-Sets:   64 - LRU - assoc:   8
L2-Sets: 1024 - LRU - assoc:   8
Store_allocation: Yes
L2_inclusive: Yes
L2_prefetching: No

L1 Cache Stats:
L1-Load-Hits:        2024611387   99.83%
L1-Load-Misses:         3535905    0.17%
L1-Load-Accesses:    2028147292  100.00%

L1-Store-Hits:        1025960593   99.94%
L1-Store-Misses:          630521    0.06%
L1-Store-Accesses:    1026591114  100.00%

L1-Total-Hits:        3050571980   99.86%
L1-Total-Misses:         4166426    0.14%
L1-Total-Accesses:    3054738406  100.00%

L2 Cache Stats:
L2-Load-Hits:           2764083   78.17%
L2-Load-Misses:          771822   21.83%
L2-Load-Accesses:       3535905  100.00%

L2-Store-Hits:            435169   69.02%
L2-Store-Misses:          195352   30.98%
L2-Store-Accesses:        630521  100.00%

L2-Total-Hits:           3199252   76.79%
L2-Total-Misses:          967174   23.21%
L2-Total-Accesses:       4166426  100.00%

