--------
Total Statistics
--------
Total Instructions: 7601190113
Total Cycles: 11027506869
IPC: 0.689294

--------
Single level Tlb hierarchy
--------
  Data Tlb:
    Entries:          64
    Page Size(B):   4096
    Associativity:      8

Latencies:    0  150
Tlb-Sets:    8 - LRU - assoc:   8

Tlb Stats:
Tlb-Load-Hits:        2027622756   99.97%
Tlb-Load-Misses:          524536    0.03%
Tlb-Load-Accesses:    2028147292  100.00%

Tlb-Store-Hits:        1026530135   99.99%
Tlb-Store-Misses:           60979    0.01%
Tlb-Store-Accesses:    1026591114  100.00%

Tlb-Total-Hits:        3054152891   99.98%
Tlb-Total-Misses:          585515    0.02%
Tlb-Total-Accesses:    3054738406  100.00%



--------
Two level Cache hierarchy
--------
  L1-Data Cache:
    Size(KB):          32
    Block Size(B):     64
    Associativity:      8

  L2-Data Cache:
    Size(KB):        1024
    Block Size(B):    128
    Associativity:      8

Latencies:    1   10  250
L1-Sets:   64 - LRU - assoc:   8
L2-Sets: 1024 - LRU - assoc:   8
Store_allocation: Yes
L2_inclusive: Yes
L2_prefetching: No

L1 Cache Stats:
L1-Load-Hits:        2024606274   99.83%
L1-Load-Misses:         3541018    0.17%
L1-Load-Accesses:    2028147292  100.00%

L1-Store-Hits:        1025960597   99.94%
L1-Store-Misses:          630517    0.06%
L1-Store-Accesses:    1026591114  100.00%

L1-Total-Hits:        3050566871   99.86%
L1-Total-Misses:         4171535    0.14%
L1-Total-Accesses:    3054738406  100.00%

L2 Cache Stats:
L2-Load-Hits:           2768293   78.18%
L2-Load-Misses:          772725   21.82%
L2-Load-Accesses:       3541018  100.00%

L2-Store-Hits:            435099   69.01%
L2-Store-Misses:          195418   30.99%
L2-Store-Accesses:        630517  100.00%

L2-Total-Hits:           3203392   76.79%
L2-Total-Misses:          968143   23.21%
L2-Total-Accesses:       4171535  100.00%

