--------
Total Statistics
--------
Total Instructions: 7601190113
Total Cycles: 11020806269
IPC: 0.689713

--------
Single level Tlb hierarchy
--------
  Data Tlb:
    Entries:          64
    Page Size(B):   4096
    Associativity:     32

Latencies:    0  150
Tlb-Sets:    2 - LRU - assoc:  32

Tlb Stats:
Tlb-Load-Hits:        2027669628   99.98%
Tlb-Load-Misses:          477664    0.02%
Tlb-Load-Accesses:    2028147292  100.00%

Tlb-Store-Hits:        1026526711   99.99%
Tlb-Store-Misses:           64403    0.01%
Tlb-Store-Accesses:    1026591114  100.00%

Tlb-Total-Hits:        3054196339   99.98%
Tlb-Total-Misses:          542067    0.02%
Tlb-Total-Accesses:    3054738406  100.00%



--------
Two level Cache hierarchy
--------
  L1-Data Cache:
    Size(KB):          32
    Block Size(B):     64
    Associativity:      8

  L2-Data Cache:
    Size(KB):        1024
    Block Size(B):    128
    Associativity:      8

Latencies:    1   10  250
L1-Sets:   64 - LRU - assoc:   8
L2-Sets: 1024 - LRU - assoc:   8
Store_allocation: Yes
L2_inclusive: Yes
L2_prefetching: No

L1 Cache Stats:
L1-Load-Hits:        2024604614   99.83%
L1-Load-Misses:         3542678    0.17%
L1-Load-Accesses:    2028147292  100.00%

L1-Store-Hits:        1025956497   99.94%
L1-Store-Misses:          634617    0.06%
L1-Store-Accesses:    1026591114  100.00%

L1-Total-Hits:        3050561111   99.86%
L1-Total-Misses:         4177295    0.14%
L1-Total-Accesses:    3054738406  100.00%

L2 Cache Stats:
L2-Load-Hits:           2770878   78.21%
L2-Load-Misses:          771800   21.79%
L2-Load-Accesses:       3542678  100.00%

L2-Store-Hits:            439238   69.21%
L2-Store-Misses:          195379   30.79%
L2-Store-Accesses:        634617  100.00%

L2-Total-Hits:           3210116   76.85%
L2-Total-Misses:          967179   23.15%
L2-Total-Accesses:       4177295  100.00%

