--------
Total Statistics
--------
Total Instructions: 7601190113
Total Cycles: 11137518819
IPC: 0.682485

--------
Single level Tlb hierarchy
--------
  Data Tlb:
    Entries:          64
    Page Size(B):   4096
    Associativity:      2

Latencies:    0  150
Tlb-Sets:   32 - LRU - assoc:   2

Tlb Stats:
Tlb-Load-Hits:        2027030194   99.94%
Tlb-Load-Misses:         1117098    0.06%
Tlb-Load-Accesses:    2028147292  100.00%

Tlb-Store-Hits:        1026386588   99.98%
Tlb-Store-Misses:          204526    0.02%
Tlb-Store-Accesses:    1026591114  100.00%

Tlb-Total-Hits:        3053416782   99.96%
Tlb-Total-Misses:         1321624    0.04%
Tlb-Total-Accesses:    3054738406  100.00%



--------
Two level Cache hierarchy
--------
  L1-Data Cache:
    Size(KB):          32
    Block Size(B):     64
    Associativity:      8

  L2-Data Cache:
    Size(KB):        1024
    Block Size(B):    128
    Associativity:      8

Latencies:    1   10  250
L1-Sets:   64 - LRU - assoc:   8
L2-Sets: 1024 - LRU - assoc:   8
Store_allocation: Yes
L2_inclusive: Yes
L2_prefetching: No

L1 Cache Stats:
L1-Load-Hits:        2024616827   99.83%
L1-Load-Misses:         3530465    0.17%
L1-Load-Accesses:    2028147292  100.00%

L1-Store-Hits:        1025953634   99.94%
L1-Store-Misses:          637480    0.06%
L1-Store-Accesses:    1026591114  100.00%

L1-Total-Hits:        3050570461   99.86%
L1-Total-Misses:         4167945    0.14%
L1-Total-Accesses:    3054738406  100.00%

L2 Cache Stats:
L2-Load-Hits:           2759224   78.15%
L2-Load-Misses:          771241   21.85%
L2-Load-Accesses:       3530465  100.00%

L2-Store-Hits:            442052   69.34%
L2-Store-Misses:          195428   30.66%
L2-Store-Accesses:        637480  100.00%

L2-Total-Hits:           3201276   76.81%
L2-Total-Misses:          966669   23.19%
L2-Total-Accesses:       4167945  100.00%

