--------
Total Statistics
--------
Total Instructions: 19459131640
Total Cycles: 75652645207
IPC: 0.257217

--------
Single level Tlb hierarchy
--------
  Data Tlb:
    Entries:         128
    Page Size(B):   4096
    Associativity:      4

Latencies:    0  150
Tlb-Sets:   32 - LRU - assoc:   4

Tlb Stats:
Tlb-Load-Hits:        8361411037   99.62%
Tlb-Load-Misses:        32083254    0.38%
Tlb-Load-Accesses:    8393494291  100.00%

Tlb-Store-Hits:          83519582   99.94%
Tlb-Store-Misses:           51314    0.06%
Tlb-Store-Accesses:      83570896  100.00%

Tlb-Total-Hits:        8444930619   99.62%
Tlb-Total-Misses:        32134568    0.38%
Tlb-Total-Accesses:    8477065187  100.00%



--------
Two level Cache hierarchy
--------
  L1-Data Cache:
    Size(KB):          32
    Block Size(B):     64
    Associativity:      8

  L2-Data Cache:
    Size(KB):        1024
    Block Size(B):    128
    Associativity:      8

Latencies:    1   10  250
L1-Sets:   64 - LRU - assoc:   8
L2-Sets: 1024 - LRU - assoc:   8
Store_allocation: Yes
L2_inclusive: Yes
L2_prefetching: No

L1 Cache Stats:
L1-Load-Hits:        7942292086   94.62%
L1-Load-Misses:       451202205    5.38%
L1-Load-Accesses:    8393494291  100.00%

L1-Store-Hits:          81623608   97.67%
L1-Store-Misses:         1947288    2.33%
L1-Store-Accesses:      83570896  100.00%

L1-Total-Hits:        8023915694   94.65%
L1-Total-Misses:       453149493    5.35%
L1-Total-Accesses:    8477065187  100.00%

L2 Cache Stats:
L2-Load-Hits:         298201277   66.09%
L2-Load-Misses:       153000928   33.91%
L2-Load-Accesses:     451202205  100.00%

L2-Store-Hits:           1489143   76.47%
L2-Store-Misses:          458145   23.53%
L2-Store-Accesses:       1947288  100.00%

L2-Total-Hits:         299690420   66.14%
L2-Total-Misses:       153459073   33.86%
L2-Total-Accesses:     453149493  100.00%

