--------
Total Statistics
--------
Total Instructions: 19459131640
Total Cycles: 75826707757
IPC: 0.256626

--------
Single level Tlb hierarchy
--------
  Data Tlb:
    Entries:          64
    Page Size(B):   4096
    Associativity:     16

Latencies:    0  150
Tlb-Sets:    4 - LRU - assoc:  16

Tlb Stats:
Tlb-Load-Hits:        8360314242   99.60%
Tlb-Load-Misses:        33180049    0.40%
Tlb-Load-Accesses:    8393494291  100.00%

Tlb-Store-Hits:          83464195   99.87%
Tlb-Store-Misses:          106701    0.13%
Tlb-Store-Accesses:      83570896  100.00%

Tlb-Total-Hits:        8443778437   99.61%
Tlb-Total-Misses:        33286750    0.39%
Tlb-Total-Accesses:    8477065187  100.00%



--------
Two level Cache hierarchy
--------
  L1-Data Cache:
    Size(KB):          32
    Block Size(B):     64
    Associativity:      8

  L2-Data Cache:
    Size(KB):        1024
    Block Size(B):    128
    Associativity:      8

Latencies:    1   10  250
L1-Sets:   64 - LRU - assoc:   8
L2-Sets: 1024 - LRU - assoc:   8
Store_allocation: Yes
L2_inclusive: Yes
L2_prefetching: No

L1 Cache Stats:
L1-Load-Hits:        7942287295   94.62%
L1-Load-Misses:       451206996    5.38%
L1-Load-Accesses:    8393494291  100.00%

L1-Store-Hits:          81619674   97.67%
L1-Store-Misses:         1951222    2.33%
L1-Store-Accesses:      83570896  100.00%

L1-Total-Hits:        8023906969   94.65%
L1-Total-Misses:       453158218    5.35%
L1-Total-Accesses:    8477065187  100.00%

L2 Cache Stats:
L2-Load-Hits:         298201556   66.09%
L2-Load-Misses:       153005440   33.91%
L2-Load-Accesses:     451206996  100.00%

L2-Store-Hits:           1492997   76.52%
L2-Store-Misses:          458225   23.48%
L2-Store-Accesses:       1951222  100.00%

L2-Total-Hits:         299694553   66.13%
L2-Total-Misses:       153463665   33.87%
L2-Total-Accesses:     453158218  100.00%

