--------
Total Statistics
--------
Total Instructions: 19459131640
Total Cycles: 75814538007
IPC: 0.256668

--------
Single level Tlb hierarchy
--------
  Data Tlb:
    Entries:          64
    Page Size(B):   4096
    Associativity:     64

Latencies:    0  150
Tlb-Sets:    1 - LRU - assoc:  64

Tlb Stats:
Tlb-Load-Hits:        8360384032   99.61%
Tlb-Load-Misses:        33110259    0.39%
Tlb-Load-Accesses:    8393494291  100.00%

Tlb-Store-Hits:          83472427   99.88%
Tlb-Store-Misses:           98469    0.12%
Tlb-Store-Accesses:      83570896  100.00%

Tlb-Total-Hits:        8443856459   99.61%
Tlb-Total-Misses:        33208728    0.39%
Tlb-Total-Accesses:    8477065187  100.00%



--------
Two level Cache hierarchy
--------
  L1-Data Cache:
    Size(KB):          32
    Block Size(B):     64
    Associativity:      8

  L2-Data Cache:
    Size(KB):        1024
    Block Size(B):    128
    Associativity:      8

Latencies:    1   10  250
L1-Sets:   64 - LRU - assoc:   8
L2-Sets: 1024 - LRU - assoc:   8
Store_allocation: Yes
L2_inclusive: Yes
L2_prefetching: No

L1 Cache Stats:
L1-Load-Hits:        7942295406   94.62%
L1-Load-Misses:       451198885    5.38%
L1-Load-Accesses:    8393494291  100.00%

L1-Store-Hits:          81619458   97.66%
L1-Store-Misses:         1951438    2.34%
L1-Store-Accesses:      83570896  100.00%

L1-Total-Hits:        8023914864   94.65%
L1-Total-Misses:       453150323    5.35%
L1-Total-Accesses:    8477065187  100.00%

L2 Cache Stats:
L2-Load-Hits:         298198177   66.09%
L2-Load-Misses:       153000708   33.91%
L2-Load-Accesses:     451198885  100.00%

L2-Store-Hits:           1490031   76.36%
L2-Store-Misses:          461407   23.64%
L2-Store-Accesses:       1951438  100.00%

L2-Total-Hits:         299688208   66.13%
L2-Total-Misses:       153462115   33.87%
L2-Total-Accesses:     453150323  100.00%

