--------
Total Statistics
--------
Total Instructions: 19459131640
Total Cycles: 75342540087
IPC: 0.258275

--------
Single level Tlb hierarchy
--------
  Data Tlb:
    Entries:         256
    Page Size(B):   4096
    Associativity:      4

Latencies:    0  150
Tlb-Sets:   64 - LRU - assoc:   4

Tlb Stats:
Tlb-Load-Hits:        8363454632   99.64%
Tlb-Load-Misses:        30039659    0.36%
Tlb-Load-Accesses:    8393494291  100.00%

Tlb-Store-Hits:          83543507   99.97%
Tlb-Store-Misses:           27389    0.03%
Tlb-Store-Accesses:      83570896  100.00%

Tlb-Total-Hits:        8446998139   99.65%
Tlb-Total-Misses:        30067048    0.35%
Tlb-Total-Accesses:    8477065187  100.00%



--------
Two level Cache hierarchy
--------
  L1-Data Cache:
    Size(KB):          32
    Block Size(B):     64
    Associativity:      8

  L2-Data Cache:
    Size(KB):        1024
    Block Size(B):    128
    Associativity:      8

Latencies:    1   10  250
L1-Sets:   64 - LRU - assoc:   8
L2-Sets: 1024 - LRU - assoc:   8
Store_allocation: Yes
L2_inclusive: Yes
L2_prefetching: No

L1 Cache Stats:
L1-Load-Hits:        7942293842   94.62%
L1-Load-Misses:       451200449    5.38%
L1-Load-Accesses:    8393494291  100.00%

L1-Store-Hits:          81621989   97.67%
L1-Store-Misses:         1948907    2.33%
L1-Store-Accesses:      83570896  100.00%

L1-Total-Hits:        8023915831   94.65%
L1-Total-Misses:       453149356    5.35%
L1-Total-Accesses:    8477065187  100.00%

L2 Cache Stats:
L2-Load-Hits:         298199425   66.09%
L2-Load-Misses:       153001024   33.91%
L2-Load-Accesses:     451200449  100.00%

L2-Store-Hits:           1490761   76.49%
L2-Store-Misses:          458146   23.51%
L2-Store-Accesses:       1948907  100.00%

L2-Total-Hits:         299690186   66.13%
L2-Total-Misses:       153459170   33.87%
L2-Total-Accesses:     453149356  100.00%

