--------
Total Statistics
--------
Total Instructions: 19459131640
Total Cycles: 93137712527
IPC: 0.208929

--------
Single level Tlb hierarchy
--------
  Data Tlb:
    Entries:          64
    Page Size(B):   4096
    Associativity:      1

Latencies:    0  150
Tlb-Sets:   64 - LRU - assoc:   1

Tlb Stats:
Tlb-Load-Hits:        8245423769   98.24%
Tlb-Load-Misses:       148070522    1.76%
Tlb-Load-Accesses:    8393494291  100.00%

Tlb-Store-Hits:          82949755   99.26%
Tlb-Store-Misses:          621141    0.74%
Tlb-Store-Accesses:      83570896  100.00%

Tlb-Total-Hits:        8328373524   98.25%
Tlb-Total-Misses:       148691663    1.75%
Tlb-Total-Accesses:    8477065187  100.00%



--------
Two level Cache hierarchy
--------
  L1-Data Cache:
    Size(KB):          32
    Block Size(B):     64
    Associativity:      8

  L2-Data Cache:
    Size(KB):        1024
    Block Size(B):    128
    Associativity:      8

Latencies:    1   10  250
L1-Sets:   64 - LRU - assoc:   8
L2-Sets: 1024 - LRU - assoc:   8
Store_allocation: Yes
L2_inclusive: Yes
L2_prefetching: No

L1 Cache Stats:
L1-Load-Hits:        7942280610   94.62%
L1-Load-Misses:       451213681    5.38%
L1-Load-Accesses:    8393494291  100.00%

L1-Store-Hits:          81615477   97.66%
L1-Store-Misses:         1955419    2.34%
L1-Store-Accesses:      83570896  100.00%

L1-Total-Hits:        8023896087   94.65%
L1-Total-Misses:       453169100    5.35%
L1-Total-Accesses:    8477065187  100.00%

L2 Cache Stats:
L2-Load-Hits:         298212053   66.09%
L2-Load-Misses:       153001628   33.91%
L2-Load-Accesses:     451213681  100.00%

L2-Store-Hits:           1492746   76.34%
L2-Store-Misses:          462673   23.66%
L2-Store-Accesses:       1955419  100.00%

L2-Total-Hits:         299704799   66.14%
L2-Total-Misses:       153464301   33.86%
L2-Total-Accesses:     453169100  100.00%

