--------
Total Statistics
--------
Total Instructions: 19459131640
Total Cycles: 76030805587
IPC: 0.255937

--------
Single level Tlb hierarchy
--------
  Data Tlb:
    Entries:          64
    Page Size(B):   4096
    Associativity:      2

Latencies:    0  150
Tlb-Sets:   32 - LRU - assoc:   2

Tlb Stats:
Tlb-Load-Hits:        8359052773   99.59%
Tlb-Load-Misses:        34441518    0.41%
Tlb-Load-Accesses:    8393494291  100.00%

Tlb-Store-Hits:          83363243   99.75%
Tlb-Store-Misses:          207653    0.25%
Tlb-Store-Accesses:      83570896  100.00%

Tlb-Total-Hits:        8442416016   99.59%
Tlb-Total-Misses:        34649171    0.41%
Tlb-Total-Accesses:    8477065187  100.00%



--------
Two level Cache hierarchy
--------
  L1-Data Cache:
    Size(KB):          32
    Block Size(B):     64
    Associativity:      8

  L2-Data Cache:
    Size(KB):        1024
    Block Size(B):    128
    Associativity:      8

Latencies:    1   10  250
L1-Sets:   64 - LRU - assoc:   8
L2-Sets: 1024 - LRU - assoc:   8
Store_allocation: Yes
L2_inclusive: Yes
L2_prefetching: No

L1 Cache Stats:
L1-Load-Hits:        7942293037   94.62%
L1-Load-Misses:       451201254    5.38%
L1-Load-Accesses:    8393494291  100.00%

L1-Store-Hits:          81616939   97.66%
L1-Store-Misses:         1953957    2.34%
L1-Store-Accesses:      83570896  100.00%

L1-Total-Hits:        8023909976   94.65%
L1-Total-Misses:       453155211    5.35%
L1-Total-Accesses:    8477065187  100.00%

L2 Cache Stats:
L2-Load-Hits:         298198355   66.09%
L2-Load-Misses:       153002899   33.91%
L2-Load-Accesses:     451201254  100.00%

L2-Store-Hits:           1494132   76.47%
L2-Store-Misses:          459825   23.53%
L2-Store-Accesses:       1953957  100.00%

L2-Total-Hits:         299692487   66.13%
L2-Total-Misses:       153462724   33.87%
L2-Total-Accesses:     453155211  100.00%

