--------
Total Statistics
--------
Total Instructions: 19459131640
Total Cycles: 75834189157
IPC: 0.256601

--------
Single level Tlb hierarchy
--------
  Data Tlb:
    Entries:          64
    Page Size(B):   4096
    Associativity:      8

Latencies:    0  150
Tlb-Sets:    8 - LRU - assoc:   8

Tlb Stats:
Tlb-Load-Hits:        8360284666   99.60%
Tlb-Load-Misses:        33209625    0.40%
Tlb-Load-Accesses:    8393494291  100.00%

Tlb-Store-Hits:          83447360   99.85%
Tlb-Store-Misses:          123536    0.15%
Tlb-Store-Accesses:      83570896  100.00%

Tlb-Total-Hits:        8443732026   99.61%
Tlb-Total-Misses:        33333161    0.39%
Tlb-Total-Accesses:    8477065187  100.00%



--------
Two level Cache hierarchy
--------
  L1-Data Cache:
    Size(KB):          32
    Block Size(B):     64
    Associativity:      8

  L2-Data Cache:
    Size(KB):        1024
    Block Size(B):    128
    Associativity:      8

Latencies:    1   10  250
L1-Sets:   64 - LRU - assoc:   8
L2-Sets: 1024 - LRU - assoc:   8
Store_allocation: Yes
L2_inclusive: Yes
L2_prefetching: No

L1 Cache Stats:
L1-Load-Hits:        7942278402   94.62%
L1-Load-Misses:       451215889    5.38%
L1-Load-Accesses:    8393494291  100.00%

L1-Store-Hits:          81619242   97.66%
L1-Store-Misses:         1951654    2.34%
L1-Store-Accesses:      83570896  100.00%

L1-Total-Hits:        8023897644   94.65%
L1-Total-Misses:       453167543    5.35%
L1-Total-Accesses:    8477065187  100.00%

L2 Cache Stats:
L2-Load-Hits:         298209764   66.09%
L2-Load-Misses:       153006125   33.91%
L2-Load-Accesses:     451215889  100.00%

L2-Store-Hits:           1492408   76.47%
L2-Store-Misses:          459246   23.53%
L2-Store-Accesses:       1951654  100.00%

L2-Total-Hits:         299702172   66.13%
L2-Total-Misses:       153465371   33.87%
L2-Total-Accesses:     453167543  100.00%

