--------
Total Statistics
--------
Total Instructions: 19459131659
Total Cycles: 75874412025
IPC: 0.256465

--------
Single level Tlb hierarchy
--------
  Data Tlb:
    Entries:          64
    Page Size(B):   4096
    Associativity:      4

Latencies:    0  150
Tlb-Sets:   16 - LRU - assoc:   4

Tlb Stats:
Tlb-Load-Hits:        8360140147   99.60%
Tlb-Load-Misses:        33354151    0.40%
Tlb-Load-Accesses:    8393494298  100.00%

Tlb-Store-Hits:          83433038   99.84%
Tlb-Store-Misses:          137860    0.16%
Tlb-Store-Accesses:      83570898  100.00%

Tlb-Total-Hits:        8443573185   99.60%
Tlb-Total-Misses:        33492011    0.40%
Tlb-Total-Accesses:    8477065196  100.00%



--------
Two level Cache hierarchy
--------
  L1-Data Cache:
    Size(KB):          32
    Block Size(B):     64
    Associativity:      8

  L2-Data Cache:
    Size(KB):        1024
    Block Size(B):    128
    Associativity:      8

Latencies:    1   10  250
L1-Sets:   64 - LRU - assoc:   8
L2-Sets: 1024 - LRU - assoc:   8
Store_allocation: Yes
L2_inclusive: Yes
L2_prefetching: No

L1 Cache Stats:
L1-Load-Hits:        7942215027   94.62%
L1-Load-Misses:       451279271    5.38%
L1-Load-Accesses:    8393494298  100.00%

L1-Store-Hits:          81620842   97.67%
L1-Store-Misses:         1950056    2.33%
L1-Store-Accesses:      83570898  100.00%

L1-Total-Hits:        8023835869   94.65%
L1-Total-Misses:       453229327    5.35%
L1-Total-Accesses:    8477065196  100.00%

L2 Cache Stats:
L2-Load-Hits:         298208027   66.08%
L2-Load-Misses:       153071244   33.92%
L2-Load-Accesses:     451279271  100.00%

L2-Store-Hits:           1492819   76.55%
L2-Store-Misses:          457237   23.45%
L2-Store-Accesses:       1950056  100.00%

L2-Total-Hits:         299700846   66.13%
L2-Total-Misses:       153528481   33.87%
L2-Total-Accesses:     453229327  100.00%

