--------
Total Statistics
--------
Total Instructions: 19459131640
Total Cycles: 75817339177
IPC: 0.256658

--------
Single level Tlb hierarchy
--------
  Data Tlb:
    Entries:          64
    Page Size(B):   4096
    Associativity:     32

Latencies:    0  150
Tlb-Sets:    2 - LRU - assoc:  32

Tlb Stats:
Tlb-Load-Hits:        8360367369   99.61%
Tlb-Load-Misses:        33126922    0.39%
Tlb-Load-Accesses:    8393494291  100.00%

Tlb-Store-Hits:          83469987   99.88%
Tlb-Store-Misses:          100909    0.12%
Tlb-Store-Accesses:      83570896  100.00%

Tlb-Total-Hits:        8443837356   99.61%
Tlb-Total-Misses:        33227831    0.39%
Tlb-Total-Accesses:    8477065187  100.00%



--------
Two level Cache hierarchy
--------
  L1-Data Cache:
    Size(KB):          32
    Block Size(B):     64
    Associativity:      8

  L2-Data Cache:
    Size(KB):        1024
    Block Size(B):    128
    Associativity:      8

Latencies:    1   10  250
L1-Sets:   64 - LRU - assoc:   8
L2-Sets: 1024 - LRU - assoc:   8
Store_allocation: Yes
L2_inclusive: Yes
L2_prefetching: No

L1 Cache Stats:
L1-Load-Hits:        7942274950   94.62%
L1-Load-Misses:       451219341    5.38%
L1-Load-Accesses:    8393494291  100.00%

L1-Store-Hits:          81615592   97.66%
L1-Store-Misses:         1955304    2.34%
L1-Store-Accesses:      83570896  100.00%

L1-Total-Hits:        8023890542   94.65%
L1-Total-Misses:       453174645    5.35%
L1-Total-Accesses:    8477065187  100.00%

L2 Cache Stats:
L2-Load-Hits:         298217524   66.09%
L2-Load-Misses:       153001817   33.91%
L2-Load-Accesses:     451219341  100.00%

L2-Store-Hits:           1496236   76.52%
L2-Store-Misses:          459068   23.48%
L2-Store-Accesses:       1955304  100.00%

L2-Total-Hits:         299713760   66.14%
L2-Total-Misses:       153460885   33.86%
L2-Total-Accesses:     453174645  100.00%

