--------
Total Statistics
--------
Total Instructions: 29579686373
Total Cycles: 41140932382
IPC: 0.718984

--------
Single level Tlb hierarchy
--------
  Data Tlb:
    Entries:         128
    Page Size(B):   4096
    Associativity:      4

Latencies:    0  150
Tlb-Sets:   32 - LRU - assoc:   4

Tlb Stats:
Tlb-Load-Hits:        8048552500  100.00%
Tlb-Load-Misses:              69    0.00%
Tlb-Load-Accesses:    8048552569  100.00%

Tlb-Store-Hits:        2325705108  100.00%
Tlb-Store-Misses:             342    0.00%
Tlb-Store-Accesses:    2325705450  100.00%

Tlb-Total-Hits:       10374257608  100.00%
Tlb-Total-Misses:             411    0.00%
Tlb-Total-Accesses:   10374258019  100.00%



--------
Two level Cache hierarchy
--------
  L1-Data Cache:
    Size(KB):          32
    Block Size(B):     64
    Associativity:      8

  L2-Data Cache:
    Size(KB):        1024
    Block Size(B):    128
    Associativity:      8

Latencies:    1   10  250
L1-Sets:   64 - LRU - assoc:   8
L2-Sets: 1024 - LRU - assoc:   8
Store_allocation: Yes
L2_inclusive: Yes
L2_prefetching: No

L1 Cache Stats:
L1-Load-Hits:        7982661862   99.18%
L1-Load-Misses:        65890707    0.82%
L1-Load-Accesses:    8048552569  100.00%

L1-Store-Hits:        2273191898   97.74%
L1-Store-Misses:        52513552    2.26%
L1-Store-Accesses:    2325705450  100.00%

L1-Total-Hits:       10255853760   98.86%
L1-Total-Misses:       118404259    1.14%
L1-Total-Accesses:   10374258019  100.00%

L2 Cache Stats:
L2-Load-Hits:          65888141  100.00%
L2-Load-Misses:            2566    0.00%
L2-Load-Accesses:      65890707  100.00%

L2-Store-Hits:          52504583   99.98%
L2-Store-Misses:            8969    0.02%
L2-Store-Accesses:      52513552  100.00%

L2-Total-Hits:         118392724   99.99%
L2-Total-Misses:           11535    0.01%
L2-Total-Accesses:     118404259  100.00%

