--------
Total Statistics
--------
Total Instructions: 29579686373
Total Cycles: 42761766732
IPC: 0.691732

--------
Single level Tlb hierarchy
--------
  Data Tlb:
    Entries:          64
    Page Size(B):   4096
    Associativity:      2

Latencies:    0  150
Tlb-Sets:   32 - LRU - assoc:   2

Tlb Stats:
Tlb-Load-Hits:        8040311796   99.90%
Tlb-Load-Misses:         8240773    0.10%
Tlb-Load-Accesses:    8048552569  100.00%

Tlb-Store-Hits:        2323105398   99.89%
Tlb-Store-Misses:         2600052    0.11%
Tlb-Store-Accesses:    2325705450  100.00%

Tlb-Total-Hits:       10363417194   99.90%
Tlb-Total-Misses:        10840825    0.10%
Tlb-Total-Accesses:   10374258019  100.00%



--------
Two level Cache hierarchy
--------
  L1-Data Cache:
    Size(KB):          32
    Block Size(B):     64
    Associativity:      8

  L2-Data Cache:
    Size(KB):        1024
    Block Size(B):    128
    Associativity:      8

Latencies:    1   10  250
L1-Sets:   64 - LRU - assoc:   8
L2-Sets: 1024 - LRU - assoc:   8
Store_allocation: Yes
L2_inclusive: Yes
L2_prefetching: No

L1 Cache Stats:
L1-Load-Hits:        7982830295   99.18%
L1-Load-Misses:        65722274    0.82%
L1-Load-Accesses:    8048552569  100.00%

L1-Store-Hits:        2273546265   97.76%
L1-Store-Misses:        52159185    2.24%
L1-Store-Accesses:    2325705450  100.00%

L1-Total-Hits:       10256376560   98.86%
L1-Total-Misses:       117881459    1.14%
L1-Total-Accesses:   10374258019  100.00%

L2 Cache Stats:
L2-Load-Hits:          65719708  100.00%
L2-Load-Misses:            2566    0.00%
L2-Load-Accesses:      65722274  100.00%

L2-Store-Hits:          52150215   99.98%
L2-Store-Misses:            8970    0.02%
L2-Store-Accesses:      52159185  100.00%

L2-Total-Hits:         117869923   99.99%
L2-Total-Misses:           11536    0.01%
L2-Total-Accesses:     117881459  100.00%

