--------
Total Statistics
--------
Total Instructions: 29579686392
Total Cycles: 41136956800
IPC: 0.719054

--------
Single level Tlb hierarchy
--------
  Data Tlb:
    Entries:          64
    Page Size(B):   4096
    Associativity:     64

Latencies:    0  150
Tlb-Sets:    1 - LRU - assoc:  64

Tlb Stats:
Tlb-Load-Hits:        8048552497  100.00%
Tlb-Load-Misses:              79    0.00%
Tlb-Load-Accesses:    8048552576  100.00%

Tlb-Store-Hits:        2325705110  100.00%
Tlb-Store-Misses:             342    0.00%
Tlb-Store-Accesses:    2325705452  100.00%

Tlb-Total-Hits:       10374257607  100.00%
Tlb-Total-Misses:             421    0.00%
Tlb-Total-Accesses:   10374258028  100.00%



--------
Two level Cache hierarchy
--------
  L1-Data Cache:
    Size(KB):          32
    Block Size(B):     64
    Associativity:      8

  L2-Data Cache:
    Size(KB):        1024
    Block Size(B):    128
    Associativity:      8

Latencies:    1   10  250
L1-Sets:   64 - LRU - assoc:   8
L2-Sets: 1024 - LRU - assoc:   8
Store_allocation: Yes
L2_inclusive: Yes
L2_prefetching: No

L1 Cache Stats:
L1-Load-Hits:        7982929305   99.18%
L1-Load-Misses:        65623271    0.82%
L1-Load-Accesses:    8048552576  100.00%

L1-Store-Hits:        2273322225   97.75%
L1-Store-Misses:        52383227    2.25%
L1-Store-Accesses:    2325705452  100.00%

L1-Total-Hits:       10256251530   98.86%
L1-Total-Misses:       118006498    1.14%
L1-Total-Accesses:   10374258028  100.00%

L2 Cache Stats:
L2-Load-Hits:          65620703  100.00%
L2-Load-Misses:            2568    0.00%
L2-Load-Accesses:      65623271  100.00%

L2-Store-Hits:          52374258   99.98%
L2-Store-Misses:            8969    0.02%
L2-Store-Accesses:      52383227  100.00%

L2-Total-Hits:         117994961   99.99%
L2-Total-Misses:           11537    0.01%
L2-Total-Accesses:     118006498  100.00%

