--------
Total Statistics
--------
Total Instructions: 29579686373
Total Cycles: 41134414312
IPC: 0.719098

--------
Single level Tlb hierarchy
--------
  Data Tlb:
    Entries:         256
    Page Size(B):   4096
    Associativity:      4

Latencies:    0  150
Tlb-Sets:   64 - LRU - assoc:   4

Tlb Stats:
Tlb-Load-Hits:        8048552501  100.00%
Tlb-Load-Misses:              68    0.00%
Tlb-Load-Accesses:    8048552569  100.00%

Tlb-Store-Hits:        2325705108  100.00%
Tlb-Store-Misses:             342    0.00%
Tlb-Store-Accesses:    2325705450  100.00%

Tlb-Total-Hits:       10374257609  100.00%
Tlb-Total-Misses:             410    0.00%
Tlb-Total-Accesses:   10374258019  100.00%



--------
Two level Cache hierarchy
--------
  L1-Data Cache:
    Size(KB):          32
    Block Size(B):     64
    Associativity:      8

  L2-Data Cache:
    Size(KB):        1024
    Block Size(B):    128
    Associativity:      8

Latencies:    1   10  250
L1-Sets:   64 - LRU - assoc:   8
L2-Sets: 1024 - LRU - assoc:   8
Store_allocation: Yes
L2_inclusive: Yes
L2_prefetching: No

L1 Cache Stats:
L1-Load-Hits:        7982821791   99.18%
L1-Load-Misses:        65730778    0.82%
L1-Load-Accesses:    8048552569  100.00%

L1-Store-Hits:        2273683736   97.76%
L1-Store-Misses:        52021714    2.24%
L1-Store-Accesses:    2325705450  100.00%

L1-Total-Hits:       10256505527   98.86%
L1-Total-Misses:       117752492    1.14%
L1-Total-Accesses:   10374258019  100.00%

L2 Cache Stats:
L2-Load-Hits:          65728211  100.00%
L2-Load-Misses:            2567    0.00%
L2-Load-Accesses:      65730778  100.00%

L2-Store-Hits:          52012747   99.98%
L2-Store-Misses:            8967    0.02%
L2-Store-Accesses:      52021714  100.00%

L2-Total-Hits:         117740958   99.99%
L2-Total-Misses:           11534    0.01%
L2-Total-Accesses:     117752492  100.00%

