--------
Total Statistics
--------
Total Instructions: 29579686373
Total Cycles: 41155831202
IPC: 0.718724

--------
Single level Tlb hierarchy
--------
  Data Tlb:
    Entries:          64
    Page Size(B):   4096
    Associativity:      4

Latencies:    0  150
Tlb-Sets:   16 - LRU - assoc:   4

Tlb Stats:
Tlb-Load-Hits:        8048457331  100.00%
Tlb-Load-Misses:           95238    0.00%
Tlb-Load-Accesses:    8048552569  100.00%

Tlb-Store-Hits:        2325697601  100.00%
Tlb-Store-Misses:            7849    0.00%
Tlb-Store-Accesses:    2325705450  100.00%

Tlb-Total-Hits:       10374154932  100.00%
Tlb-Total-Misses:          103087    0.00%
Tlb-Total-Accesses:   10374258019  100.00%



--------
Two level Cache hierarchy
--------
  L1-Data Cache:
    Size(KB):          32
    Block Size(B):     64
    Associativity:      8

  L2-Data Cache:
    Size(KB):        1024
    Block Size(B):    128
    Associativity:      8

Latencies:    1   10  250
L1-Sets:   64 - LRU - assoc:   8
L2-Sets: 1024 - LRU - assoc:   8
Store_allocation: Yes
L2_inclusive: Yes
L2_prefetching: No

L1 Cache Stats:
L1-Load-Hits:        7982791525   99.18%
L1-Load-Misses:        65761044    0.82%
L1-Load-Accesses:    8048552569  100.00%

L1-Store-Hits:        2273112518   97.74%
L1-Store-Misses:        52592932    2.26%
L1-Store-Accesses:    2325705450  100.00%

L1-Total-Hits:       10255904043   98.86%
L1-Total-Misses:       118353976    1.14%
L1-Total-Accesses:   10374258019  100.00%

L2 Cache Stats:
L2-Load-Hits:          65758481  100.00%
L2-Load-Misses:            2563    0.00%
L2-Load-Accesses:      65761044  100.00%

L2-Store-Hits:          52583959   99.98%
L2-Store-Misses:            8973    0.02%
L2-Store-Accesses:      52592932  100.00%

L2-Total-Hits:         118342440   99.99%
L2-Total-Misses:           11536    0.01%
L2-Total-Accesses:     118353976  100.00%

