--------
Total Statistics
--------
Total Instructions: 29579686373
Total Cycles: 73726963612
IPC: 0.401206

--------
Single level Tlb hierarchy
--------
  Data Tlb:
    Entries:          64
    Page Size(B):   4096
    Associativity:      1

Latencies:    0  150
Tlb-Sets:   64 - LRU - assoc:   1

Tlb Stats:
Tlb-Load-Hits:        7852176934   97.56%
Tlb-Load-Misses:       196375635    2.44%
Tlb-Load-Accesses:    8048552569  100.00%

Tlb-Store-Hits:        2304837992   99.10%
Tlb-Store-Misses:        20867458    0.90%
Tlb-Store-Accesses:    2325705450  100.00%

Tlb-Total-Hits:       10157014926   97.91%
Tlb-Total-Misses:       217243093    2.09%
Tlb-Total-Accesses:   10374258019  100.00%



--------
Two level Cache hierarchy
--------
  L1-Data Cache:
    Size(KB):          32
    Block Size(B):     64
    Associativity:      8

  L2-Data Cache:
    Size(KB):        1024
    Block Size(B):    128
    Associativity:      8

Latencies:    1   10  250
L1-Sets:   64 - LRU - assoc:   8
L2-Sets: 1024 - LRU - assoc:   8
Store_allocation: Yes
L2_inclusive: Yes
L2_prefetching: No

L1 Cache Stats:
L1-Load-Hits:        7982800109   99.18%
L1-Load-Misses:        65752460    0.82%
L1-Load-Accesses:    8048552569  100.00%

L1-Store-Hits:        2273090783   97.74%
L1-Store-Misses:        52614667    2.26%
L1-Store-Accesses:    2325705450  100.00%

L1-Total-Hits:       10255890892   98.86%
L1-Total-Misses:       118367127    1.14%
L1-Total-Accesses:   10374258019  100.00%

L2 Cache Stats:
L2-Load-Hits:          65749893  100.00%
L2-Load-Misses:            2567    0.00%
L2-Load-Accesses:      65752460  100.00%

L2-Store-Hits:          52605698   99.98%
L2-Store-Misses:            8969    0.02%
L2-Store-Accesses:      52614667  100.00%

L2-Total-Hits:         118355591   99.99%
L2-Total-Misses:           11536    0.01%
L2-Total-Accesses:     118367127  100.00%

